Microsoft (R) Help Compiler
HCRTF 4.03.0002
Copyright (c) Microsoft Corp 1990 - 1995. All rights reserved.
ap210viewer.hpj
    HC3037: Warning: C:\keenan\AP210Viewer\AP210Viewer\hlp\..\..\..\AP210Viewer\AP210Viewer\hlp\AP210Viewer.hm : 
	The map value for "HID_COMPONENT_DEFINITION" is the same as the map value for "HID_STEP_HEADER_NAME_NAME".
    HC3037: Warning: C:\keenan\AP210Viewer\AP210Viewer\hlp\..\..\..\AP210Viewer\AP210Viewer\hlp\AP210Viewer.hm : 
	The map value for "HID_PHYSICAL_UNIT" is the same as the map value for "HID_STEP_SCHEMA_NAME".
    HC3037: Warning: C:\keenan\AP210Viewer\AP210Viewer\hlp\..\..\..\AP210Viewer\AP210Viewer\hlp\AP210Viewer.hm : 
	The map value for "HIDD_PROPERTIESBOX" is the same as the map value for "HIDR_AP210ARM".
    HC3037: Warning: C:\keenan\AP210Viewer\AP210Viewer\hlp\..\..\..\AP210Viewer\AP210Viewer\hlp\AP210Viewer.hm : 
	The map value for "HIDD_GENERAL_PACKAGE" is the same as the map value for "HIDR_VIEWPOPUP".
    HC3025: Warning: topic #1 of C:\keenan\AP210Viewer\AP210Viewer\hlp\.\afxcore.rtf : 
	Jump to undefined Topic ID: "menu_record".
    HC3025: Warning: topic #3 of C:\keenan\AP210Viewer\AP210Viewer\hlp\.\afxcore.rtf : 
	Jump to undefined Topic ID: "HID_OLE_EDIT_LINKS".
    HC3025: Warning: topic #3 of C:\keenan\AP210Viewer\AP210Viewer\hlp\.\afxcore.rtf : 
	Jump to undefined Topic ID: "HID_EDIT_PASTE_LINK".
    HC3025: Warning: topic #3 of C:\keenan\AP210Viewer\AP210Viewer\hlp\.\afxcore.rtf : 
	Jump to undefined Topic ID: "HID_OLE_INSERT_NEW".
    HC1010: Note: 
	The following mapped Topic IDs were not used in any topic:
	AFX_HIDP_UNREG_DONE
	HID_COMPONENT_RESTRICTION_AREA
	HIDR_VIEWPOPUP
	HID_STEP_HEADER_NAME_AUTHORISATION
	AFX_HIDP_GET_NOT_SUPPORTED
	HID_HT_OBJECT
	HID_STEP_HEADER_NAME_AUTHOR
	AFX_HIDP_SQL_BOOKMARKS_NOT_ENABLED
	HID_STEP_HEADER_DESCRIPTION_IMPLEMENTATION_LEVEL
	HID_RECORD_FIRST
	HID_EDIT_SELECT_ALL
	HID_FILE_UPDATE
	AFX_HIDW_RESIZE_BAR
	AFX_HIDP_SQL_NO_DATA_FOUND
	AFX_HIDP_SQL_EMPTY_COLUMN_LIST
	AFX_HIDP_SQL_ODBC_LOAD_FAILED
	AFX_HIDP_FAILED_TO_CREATE
	HIDD_NON_PLATED_THRU_HOLE
	AFX_HIDD_BUSY
	AFX_HIDP_ARCH_NONE
	HID_RECORD_LAST
	HID_RECORD_NEXT
	HID_RECORD_PREV
	AFX_HIDD_OBJECTPROPERTIES
	HID_STEP_HEADER_NAME_TIME_STAMP
	AFX_HIDP_UNREG_FAILURE
	AFX_HIDP_SQL_BOOKMARKS_NOT_SUPPORTED
	AFX_HIDP_FILE_TOO_MANY_OPEN
	AFX_HIDP_SQL_FIELD_NOT_FOUND
	AFX_HIDP_FILE_ACCESS_DENIED
	HID_FILE_SAVE_COPY_AS
	AFX_HIDD_CONVERT
	HIDD_GENERAL_PACKAGED_PART
	AFX_HIDP_ASK_TO_DISCARD
	AFX_HIDP_SQL_FIELD_SCHEMA_MISMATCH
	AFX_HIDP_SQL_LOCK_MODE_NOT_SUPPORTED
	HID_STEP_HEADER_NAME_ORGANIZATION
	HID_FORMAT_FONT
	AFX_HIDP_FILE_HARD_IO
	HID_STEP_HEADER_DESCRIPTION_DESCRIPTION
	AFX_HIDD_CHANGESOURCE
	AFX_HIDP_FILE_NOT_FOUND
	AFX_HIDW_DOCKBAR_TOP
	AFX_HIDP_DAO_DFX_BIND
	HID_INDICATOR_REFDES
	HIDR_IDFSTP
	AFX_HIDP_SQL_ODBC_V2_REQUIRED
	AFX_HIDP_SQL_NO_ROWS_AFFECTED
	HID_OLE_EDIT_CONVERT
	AFX_HIDP_SQL_SQL_CONFORMANCE
	AFX_HIDD_INSERTOBJECT
	AFX_HIDP_SQL_RECORDSET_READONLY
	HIDR_IDF
	AFX_HIDP_PARSE_RADIO_BUTTON
	HID_VIEWPROPERTIES
	HID_EDIT_PASTE_SPECIAL
	HID_FILE_PREFERENCES
	AFX_HIDP_DAO_ROWTOOSHORT
	AFX_HIDP_SQL_INCORRECT_ODBC
	AFX_HIDP_NO_ERROR_AVAILABLE
	AFX_HIDW_DOCKBAR_BOTTOM
	AFX_HIDP_FILE_DIR_FULL
	AFX_HIDP_DAO_BADBINDINFO
	AFX_HIDP_SQL_UPDATE_DELETE_FAILED
	AFX_HIDP_PARSE_DATETIME
	HID_OLE_EDIT_CHANGE_ICON
	AFX_HIDP_ARCH_ENDOFFILE
	AFX_HIDP_SQL_SQL_NO_TOTAL
	AFX_HIDP_SQL_CONNECT_FAIL
	HID_PRIMARY_SURFACE
	HIDD_GENERAL_INTERCONNECT_MODULE
	AFX_HIDP_SQL_API_CONFORMANCE
	HID_OLE_EDIT_PROPERTIES
	AFX_HIDP_FILE_DISKFULL
	AFX_HIDW_DOCKBAR_LEFT
	AFX_HIDP_FILE_REMOVE_CURRENT
	AFX_HIDP_ARCH_BADCLASS
	AFX_HIDP_SQL_NO_POSITIONED_UPDATES
	HID_OLE_VERB_1
	HID_OLE_VERB_1
	HID_OLE_VERB_1
	HID_OLE_VERB_1
	HID_OLE_VERB_1
	HID_OLE_VERB_1
	HID_OLE_VERB_1
	HID_OLE_VERB_1
	HID_OLE_VERB_1
	HID_OLE_VERB_1
	HID_OLE_VERB_1
	HID_OLE_VERB_1
	HID_OLE_VERB_1
	HID_OLE_VERB_1
	HID_OLE_VERB_1
	HID_OLE_VERB_1
	AFX_HIDP_ARCH_BADINDEX
	HIDD_ASSEMBLY_PRODUCT_SELECT
	HID_WIZBACK
	HID_WIZNEXT
	HID_STEP_SCHEMA_NAME
	AFX_HIDP_PARSE_CURRENCY
	AFX_HIDP_FILE_NONE
	AFX_HIDP_FAILED_TO_CONVERT
	HID_HELP_FINDER
	AFX_HIDP_FILE_EOF
	HID_FILE_PROPERTIES
	AFX_HIDP_FILE_LOCKING
	AFX_HIDP_SQL_ILLEGAL_MODE
	AFX_HIDD_PREVIEW_TOOLBAR
	AFX_HIDP_SQL_NO_CURRENT_RECORD
	AFX_HIDP_FILE_BAD_PATH
	AFX_HIDP_FILE_BAD_SEEK
	AFX_HIDP_SQL_ROW_UPDATE_NOT_SUPPORTED
	HIDR_AP210AIM
	HIDR_AP210ARM
	HID_INDICATOR_PARTNUMBER
	AFX_HIDP_FAILED_MAPI_LOAD
	AFX_HIDP_FAILED_MAPI_SEND
	AFX_HIDP_FILE_SHARING
	HID_READMEFILE
	HID_IMPORT_IDF
	HID_FILE_PRINT_DIRECT
	AFX_HIDP_DLL_LOAD_FAILED
	AFX_HIDP_SQL_DYNASET_NOT_SUPPORTED
	AFX_HIDP_SQL_ROW_FETCH
	HID_STEP_HEADER_NAME_NAME
	AFX_HIDP_SET_NOT_SUPPORTED
	HID_FILE_OPEN_READONLY
	AFX_HIDD_CHANGEICON
	HIDD_COMPONENT_PLACEMENT_RESTRICTION_PAGE
	AFX_HIDP_DLL_BAD_VERSION
	AFX_HIDP_ARCH_BADSCHEMA
	AFX_HIDD_FILEBROWSE
	HIDD_GENERAL_ASSEMBLY
	HID_STEP_HEADER_NAME_ORIGINATING_SYSTEM
	HIDD_GENERAL_PACKAGED_COMPONENT
	AFX_HIDD_EDITLINKS
	AFX_HIDP_SQL_DATA_TRUNCATED
	HID_HT_HELP
	HID_WIZFINISH
	AFX_HIDP_INVALID_MAPI_DLL
	AFX_HIDD_PREVIEW_SHORTTOOLBAR
	AFX_HIDP_DAO_OBJECT_NOT_OPEN
	AFX_HIDP_ARCH_WRITEONLY
	HID_OLE_EDIT_LINKS
	HIDD_PROPERTIES
	AFX_HIDP_SQL_MULTIPLE_ROWS_AFFECTED
	HID_EDIT_PASTE_LINK
	AFX_HIDP_DAO_ENGINE_INITIALIZATION
	AFX_HIDW_DOCKBAR_FLOAT
	AFX_HIDW_DOCKBAR_RIGHT
	AFX_HIDP_PARSE_BYTE
	AFX_HIDP_PARSE_UINT
	AFX_HIDP_ARCH_GENERIC
	HIDD_INTERCONNECT_MODULE_USAGE_VIEW
	AFX_HIDP_SQL_SNAPSHOT_NOT_SUPPORTED
	AFX_HIDD_PASTESPECIAL
	AFX_HIDP_FILE_GENERIC
	AFX_HIDP_FILE_INVALID_FILE
	HID_HT_CLOSE
	HIDD_COMPONENT_PLACEMENT_RESTRICTION
	HID_STEP_HEADER_NAME_PREPROCESSOR_VERSION
	AFX_HIDP_ARCH_READONLY
	AFX_HIDP_SQL_RECORDSET_FORWARD_ONLY
	HID_OLE_INSERT_NEW
	AFX_HIDP_SQL_DYNAMIC_CURSOR_NOT_SUPPORTED
	HIDD_SINGLE_COMPONENT_PLACEMENT_RESTRICTION
	HID_SECONDARY_SURFACE
	AFX_HIDP_DAO_COLUMNUNAVAILABLE
72	Topics
48	Jumps
16	Keywords
21	Bitmaps


Created C:\keenan\AP210Viewer\AP210Viewer\hlp\AP210Viewer.HLP, 37,296 bytes
Bitmaps: 5,348 bytes
Hall+Zeck compression decreased help file by 16,789 bytes.
Compile time: 0 minutes, 0 seconds
1 note, 8 warnings
