

/******************************************************************************************
* ReadStepFile diagnostics.
* Date:                           Sun Jul 21 00:40:15 2013
* Produced by:                    The EXPRESS Data Manager Version 5.01.0100.103 : 1 Nov 2012
* Module:                         EDMstepFileFactory/EDMstandAlone
* Host:                           tom8dd8
* Database:                       C:\Temp\edm_2012\2012_08
* Database version:               5207
* Database creation date:         Fri Aug 10 08:09:20 2012
* Model to populate:              DataRepository.DO-214_with_gdt_reva
* Header model to populate:       
* Step file name:                 Z:\Documents\2011\NIST AP210 GD&T Deliverables 9-30-11 - models and report\AP210 Package Models and JEDEC Documents_2013_june_update\DO-214_AB_with_gdt_a.p21
* EDMuser:                        sdai-user
* EDMgroup:                       sdai-group
* License ID and type:            4858 : Education license. Expiry date: 14 Mar 2016
* EDMstepFileFactory options:     0201000100
******************************************************************************************/
/*      1 */ ISO-10303-21;
/*      2 */ HEADER;
/*      3 */ FILE_DESCRIPTION((''),
/*      4 */                   '2;1');
/*      5 */ FILE_NAME('DO-214_AB_with_gdt_a.p21',
/*      6 */           '2013-07-20T10:59:38',
/*      7 */           (''),
/*      8 */           (''),
/*      9 */           'ECCO RUNTIME SYSTEM BUILT-IN PREPROCESSOR V3.1.5',
/*     10 */           'ECCO RUNTIME SYSTEM V3.1.5',
/*     11 */           '');
/*     12 */ FILE_SCHEMA(('AP210_ELECTRONIC_ASSEMBLY_INTERCONNECT_AND_PACKAGING_DESIGN_MIM_LF'));
/*     13 */ ENDSEC;
/*     14 */ 
/*     15 */ /* ISO 10303-21 file generated by ECCO Toolkit, PDTec GmbH, Germany */
/*     16 */ 
/*     17 */ DATA;
/*     18 */ #1=DIMENSIONAL_EXPONENTS(1., 0., 0., 0., 0., 0., 0.);
/*     19 */ #2=(LENGTH_UNIT()
/*     20 */     NAMED_UNIT(*)
/*     21 */     SI_UNIT(.MILLI., .METRE.)
/*     22 */    );
/*     23 */ #3=PACKAGE('', $, #1001, #998, 'DO-214_AB', $, *);
/*     24 */ #4=DIRECTION('', (1.,0.));
/*     25 */ #5=CARTESIAN_POINT('', (0.,0.));
/*     26 */ #6=AXIS2_PLACEMENT_2D('csys2d', #5, #4);
/*     27 */ #7=SHAPE_REPRESENTATION('global 2d representation', (#6), #13);
/*     28 */ #8=(NAMED_UNIT(*)
/*     29 */     SI_UNIT($, .STERADIAN.)
/*     30 */     SOLID_ANGLE_UNIT()
/*     31 */    );
/*     32 */ #9=(NAMED_UNIT(*)
/*     33 */     PLANE_ANGLE_UNIT()
/*     34 */     SI_UNIT($, .RADIAN.)
/*     35 */    );
/*     36 */ #10=UNCERTAINTY_MEASURE_WITH_UNIT(LENGTH_MEASURE(0.01), #2, 'umwu10', $);
/*     37 */ #11=UNCERTAINTY_MEASURE_WITH_UNIT(SOLID_ANGLE_MEASURE(0.001), #8, 'umwu11', $);
/*     38 */ #12=UNCERTAINTY_MEASURE_WITH_UNIT(PLANE_ANGLE_MEASURE(0.001), #9, 'umwu12', $);
/*     39 */ #13=(GEOMETRIC_REPRESENTATION_CONTEXT(2)
/*     40 */      GLOBAL_UNCERTAINTY_ASSIGNED_CONTEXT((#11,#10,#12))
/*     41 */      GLOBAL_UNIT_ASSIGNED_CONTEXT((#9,#2,#8))
/*     42 */      REPRESENTATION_CONTEXT('unit_context2D', 'unit_context2D')
/*     43 */     );
/*     44 */ #14=CARTESIAN_POINT('', (-3.435,-2.8230866,-0.00999999999999979));
/*     45 */ #15=DIRECTION('', (0.,-0.994521892293079,-0.104528492526168));
/*     46 */ #16=DIRECTION('', (0.,-0.104528492526168,0.994521892293079));
/*     47 */ #17=AXIS2_PLACEMENT_3D('', #14, #15, #16);
/*     48 */ #18=PLANE('', #17);
/*     49 */ #19=CARTESIAN_POINT('', (2.275,-2.84253088902692,0.175));
/*     50 */ #20=VERTEX_POINT('', #19);
/*     51 */ #21=CARTESIAN_POINT('', (3.31753088902692,-2.84253088902692,0.175));
/*     52 */ #22=VERTEX_POINT('', #21);
/*     53 */ #23=CARTESIAN_POINT('', (-1.7175,-2.84253088902692,0.175));
/*     54 */ #24=DIRECTION('', (1.,0.,0.));
/*     55 */ #25=VECTOR('', #24, 1.);
/*     56 */ #26=LINE('', #23, #25);
/*     57 */ #27=EDGE_CURVE('', #20, #22, #26, .T.);
/*     58 */ #28=ORIENTED_EDGE('', *, *, #27, .T.);
/*     59 */ #29=CARTESIAN_POINT('', (3.425,-2.95,1.1975));
/*     60 */ #30=VERTEX_POINT('', #29);
/*     61 */ #31=CARTESIAN_POINT('', (3.29321933890454,-2.81821933890454,-0.0563088828505469));
/*     62 */ #32=DIRECTION('', (0.103962079969953,-0.103962079969953,0.989132838326907));
/*     63 */ #33=VECTOR('', #32, 1.);
/*     64 */ #34=LINE('', #31, #33);
/*     65 */ #35=EDGE_CURVE('', #22, #30, #34, .T.);
/*     66 */ #36=ORIENTED_EDGE('', *, *, #35, .T.);
/*     67 */ #37=CARTESIAN_POINT('', (-3.425,-2.95,1.1975));
/*     68 */ #38=VERTEX_POINT('', #37);
/*     69 */ #39=CARTESIAN_POINT('', (-3.435,-2.95,1.1975));
/*     70 */ #40=DIRECTION('', (1.,0.,0.));
/*     71 */ #41=VECTOR('', #40, 1.);
/*     72 */ #42=LINE('', #39, #41);
/*     73 */ #43=EDGE_CURVE('', #38, #30, #42, .T.);
/*     74 */ #44=ORIENTED_EDGE('', *, *, #43, .F.);
/*     75 */ #45=CARTESIAN_POINT('', (-3.31753088902692,-2.84253088902692,0.175));
/*     76 */ #46=VERTEX_POINT('', #45);
/*     77 */ #47=CARTESIAN_POINT('', (-3.26757435799297,-2.79257435799297,-0.30030450861364));
/*     78 */ #48=DIRECTION('', (-0.103962079969953,-0.103962079969953,0.989132838326907));
/*     79 */ #49=VECTOR('', #48, 1.);
/*     80 */ #50=LINE('', #47, #49);
/*     81 */ #51=EDGE_CURVE('', #46, #38, #50, .T.);
/*     82 */ #52=ORIENTED_EDGE('', *, *, #51, .F.);
/*     83 */ #53=CARTESIAN_POINT('', (-2.275,-2.84253088902692,0.175));
/*     84 */ #54=VERTEX_POINT('', #53);
/*     85 */ #55=CARTESIAN_POINT('', (-1.7175,-2.84253088902692,0.175));
/*     86 */ #56=DIRECTION('', (1.,0.,0.));
/*     87 */ #57=VECTOR('', #56, 1.);
/*     88 */ #58=LINE('', #55, #57);
/*     89 */ #59=EDGE_CURVE('', #46, #54, #58, .T.);
/*     90 */ #60=ORIENTED_EDGE('', *, *, #59, .T.);
/*     91 */ #61=CARTESIAN_POINT('', (-2.275,-2.8241376426501,0.));
/*     92 */ #62=VERTEX_POINT('', #61);
/*     93 */ #63=CARTESIAN_POINT('', (-2.275,-2.79206741336944,-0.305127763155032));
/*     94 */ #64=DIRECTION('', (0.,0.104528492526168,-0.994521892293079));
/*     95 */ #65=VECTOR('', #64, 1.);
/*     96 */ #66=LINE('', #63, #65);
/*     97 */ #67=EDGE_CURVE('', #54, #62, #66, .T.);
/*     98 */ #68=ORIENTED_EDGE('', *, *, #67, .T.);
/*     99 */ #69=CARTESIAN_POINT('', (2.275,-2.8241376426501,0.));
/*    100 */ #70=VERTEX_POINT('', #69);
/*    101 */ #71=CARTESIAN_POINT('', (-1.7175,-2.8241376426501,0.));
/*    102 */ #72=DIRECTION('', (1.,0.,0.));
/*    103 */ #73=VECTOR('', #72, 1.);
/*    104 */ #74=LINE('', #71, #73);
/*    105 */ #75=EDGE_CURVE('', #62, #70, #74, .T.);
/*    106 */ #76=ORIENTED_EDGE('', *, *, #75, .T.);
/*    107 */ #77=CARTESIAN_POINT('', (2.275,-2.82429972033133,0.00154206569268879));
/*    108 */ #78=DIRECTION('', (0.,-0.104528492526168,0.994521892293079));
/*    109 */ #79=VECTOR('', #78, 1.);
/*    110 */ #80=LINE('', #77, #79);
/*    111 */ #81=EDGE_CURVE('', #70, #20, #80, .T.);
/*    112 */ #82=ORIENTED_EDGE('', *, *, #81, .T.);
/*    113 */ #83=EDGE_LOOP('', (#28,#36,#44,#52,#60
/*    114 */      ,#68,#76,#82));
/*    115 */ #84=FACE_BOUND('', #83, .T.);
/*    116 */ #85=ADVANCED_FACE('', (#84), #18, .T.);
/*    117 */ #86=CARTESIAN_POINT('', (0.,0.,0.175));
/*    118 */ #87=DIRECTION('', (0.,0.,1.));
/*    119 */ #88=DIRECTION('', (1.,0.,0.));
/*    120 */ #89=AXIS2_PLACEMENT_3D('', #86, #87, #88);
/*    121 */ #90=PLANE('', #89);
/*    122 */ #91=CARTESIAN_POINT('', (3.31753088902692,2.84253088902692,0.175));
/*    123 */ #92=VERTEX_POINT('', #91);
/*    124 */ #93=CARTESIAN_POINT('', (3.31753088902692,1.48,0.175));
/*    125 */ #94=DIRECTION('', (0.,1.,0.));
/*    126 */ #95=VECTOR('', #94, 1.);
/*    127 */ #96=LINE('', #93, #95);
/*    128 */ #97=EDGE_CURVE('', #22, #92, #96, .T.);
/*    129 */ #98=ORIENTED_EDGE('', *, *, #97, .T.);
/*    130 */ #99=CARTESIAN_POINT('', (2.275,2.84253088902692,0.175));
/*    131 */ #100=VERTEX_POINT('', #99);
/*    132 */ #101=CARTESIAN_POINT('', (-1.7175,2.84253088902692,0.175));
/*    133 */ #102=DIRECTION('', (-1.,0.,0.));
/*    134 */ #103=VECTOR('', #102, 1.);
/*    135 */ #104=LINE('', #101, #103);
/*    136 */ #105=EDGE_CURVE('', #92, #100, #104, .T.);
/*    137 */ #106=ORIENTED_EDGE('', *, *, #105, .T.);
/*    138 */ #107=CARTESIAN_POINT('', (2.275,-2.95,0.175));
/*    139 */ #108=DIRECTION('', (0.,1.,0.));
/*    140 */ #109=VECTOR('', #108, 1.);
/*    141 */ #110=LINE('', #107, #109);
/*    142 */ #111=EDGE_CURVE('', #20, #100, #110, .T.);
/*    143 */ #112=ORIENTED_EDGE('', *, *, #111, .F.);
/*    144 */ #113=ORIENTED_EDGE('', *, *, #27, .T.);
/*    145 */ #114=EDGE_LOOP('', (#98,#106,#112,#113));
/*    146 */ #115=FACE_BOUND('', #114, .F.);
/*    147 */ #116=ADVANCED_FACE('', (#115), #90, .F.);
/*    148 */ #117=CARTESIAN_POINT('', (2.275,-2.95,0.));
/*    149 */ #118=DIRECTION('', (-1.,0.,0.));
/*    150 */ #119=DIRECTION('', (0.,1.,0.));
/*    151 */ #120=AXIS2_PLACEMENT_3D('', #117, #118, #119);
/*    152 */ #121=PLANE('', #120);
/*    153 */ #122=ORIENTED_EDGE('', *, *, #111, .T.);
/*    154 */ #123=CARTESIAN_POINT('', (2.275,2.8241376426501,0.));
/*    155 */ #124=VERTEX_POINT('', #123);
/*    156 */ #125=CARTESIAN_POINT('', (2.275,2.85552411336944,0.298622236844968));
/*    157 */ #126=DIRECTION('', (0.,-0.104528492526168,-0.994521892293079));
/*    158 */ #127=VECTOR('', #126, 1.);
/*    159 */ #128=LINE('', #125, #127);
/*    160 */ #129=EDGE_CURVE('', #100, #124, #128, .T.);
/*    161 */ #130=ORIENTED_EDGE('', *, *, #129, .T.);
/*    162 */ #131=CARTESIAN_POINT('', (2.275,-2.95,0.));
/*    163 */ #132=DIRECTION('', (0.,1.,0.));
/*    164 */ #133=VECTOR('', #132, 1.);
/*    165 */ #134=LINE('', #131, #133);
/*    166 */ #135=EDGE_CURVE('', #70, #124, #134, .T.);
/*    167 */ #136=ORIENTED_EDGE('', *, *, #135, .F.);
/*    168 */ #137=ORIENTED_EDGE('', *, *, #81, .T.);
/*    169 */ #138=EDGE_LOOP('', (#122,#130,#136,#137));
/*    170 */ #139=FACE_BOUND('', #138, .F.);
/*    171 */ #140=ADVANCED_FACE('', (#139), #121, .F.);
/*    172 */ #141=CARTESIAN_POINT('', (0.,0.,0.));
/*    173 */ #142=DIRECTION('', (0.,0.,1.));
/*    174 */ #143=DIRECTION('', (1.,0.,0.));
/*    175 */ #144=AXIS2_PLACEMENT_3D('', #141, #142, #143);
/*    176 */ #145=PLANE('', #144);
/*    177 */ #146=ORIENTED_EDGE('', *, *, #135, .T.);
/*    178 */ #147=CARTESIAN_POINT('', (-2.275,2.8241376426501,0.));
/*    179 */ #148=VERTEX_POINT('', #147);
/*    180 */ #149=CARTESIAN_POINT('', (-1.7175,2.8241376426501,0.));
/*    181 */ #150=DIRECTION('', (-1.,0.,0.));
/*    182 */ #151=VECTOR('', #150, 1.);
/*    183 */ #152=LINE('', #149, #151);
/*    184 */ #153=EDGE_CURVE('', #124, #148, #152, .T.);
/*    185 */ #154=ORIENTED_EDGE('', *, *, #153, .T.);
/*    186 */ #155=CARTESIAN_POINT('', (-2.275,2.95,0.));
/*    187 */ #156=DIRECTION('', (0.,-1.,0.));
/*    188 */ #157=VECTOR('', #156, 1.);
/*    189 */ #158=LINE('', #155, #157);
/*    190 */ #159=EDGE_CURVE('', #148, #62, #158, .T.);
/*    191 */ #160=ORIENTED_EDGE('', *, *, #159, .T.);
/*    192 */ #161=ORIENTED_EDGE('', *, *, #75, .T.);
/*    193 */ #162=EDGE_LOOP('', (#146,#154,#160,#161));
/*    194 */ #163=FACE_BOUND('', #162, .F.);
/*    195 */ #164=ADVANCED_FACE('', (#163), #145, .F.);
/*    196 */ #165=CARTESIAN_POINT('', (-2.275,2.95,0.));
/*    197 */ #166=DIRECTION('', (1.,0.,0.));
/*    198 */ #167=DIRECTION('', (0.,-1.,0.));
/*    199 */ #168=AXIS2_PLACEMENT_3D('', #165, #166, #167);
/*    200 */ #169=PLANE('', #168);
/*    201 */ #170=ORIENTED_EDGE('', *, *, #159, .F.);
/*    202 */ #171=CARTESIAN_POINT('', (-2.275,2.84253088902692,0.175));
/*    203 */ #172=VERTEX_POINT('', #171);
/*    204 */ #173=CARTESIAN_POINT('', (-2.275,2.88775642033133,0.605292065692689));
/*    205 */ #174=DIRECTION('', (0.,0.104528492526168,0.994521892293079));
/*    206 */ #175=VECTOR('', #174, 1.);
/*    207 */ #176=LINE('', #173, #175);
/*    208 */ #177=EDGE_CURVE('', #148, #172, #176, .T.);
/*    209 */ #178=ORIENTED_EDGE('', *, *, #177, .T.);
/*    210 */ #179=CARTESIAN_POINT('', (-2.275,2.95,0.175));
/*    211 */ #180=DIRECTION('', (0.,-1.,0.));
/*    212 */ #181=VECTOR('', #180, 1.);
/*    213 */ #182=LINE('', #179, #181);
/*    214 */ #183=EDGE_CURVE('', #172, #54, #182, .T.);
/*    215 */ #184=ORIENTED_EDGE('', *, *, #183, .T.);
/*    216 */ #185=ORIENTED_EDGE('', *, *, #67, .T.);
/*    217 */ #186=EDGE_LOOP('', (#170,#178,#184,#185));
/*    218 */ #187=FACE_BOUND('', #186, .F.);
/*    219 */ #188=ADVANCED_FACE('', (#187), #169, .F.);
/*    220 */ #189=CARTESIAN_POINT('', (0.,0.,0.175));
/*    221 */ #190=DIRECTION('', (0.,0.,1.));
/*    222 */ #191=DIRECTION('', (1.,0.,0.));
/*    223 */ #192=AXIS2_PLACEMENT_3D('', #189, #190, #191);
/*    224 */ #193=PLANE('', #192);
/*    225 */ #194=ORIENTED_EDGE('', *, *, #183, .F.);
/*    226 */ #195=CARTESIAN_POINT('', (-3.31753088902692,2.84253088902692,0.175));
/*    227 */ #196=VERTEX_POINT('', #195);
/*    228 */ #197=CARTESIAN_POINT('', (-1.7175,2.84253088902692,0.175));
/*    229 */ #198=DIRECTION('', (-1.,0.,0.));
/*    230 */ #199=VECTOR('', #198, 1.);
/*    231 */ #200=LINE('', #197, #199);
/*    232 */ #201=EDGE_CURVE('', #172, #196, #200, .T.);
/*    233 */ #202=ORIENTED_EDGE('', *, *, #201, .T.);
/*    234 */ #203=CARTESIAN_POINT('', (-3.31753088902692,1.48,0.175));
/*    235 */ #204=DIRECTION('', (0.,-1.,0.));
/*    236 */ #205=VECTOR('', #204, 1.);
/*    237 */ #206=LINE('', #203, #205);
/*    238 */ #207=EDGE_CURVE('', #196, #46, #206, .T.);
/*    239 */ #208=ORIENTED_EDGE('', *, *, #207, .T.);
/*    240 */ #209=ORIENTED_EDGE('', *, *, #59, .T.);
/*    241 */ #210=EDGE_LOOP('', (#194,#202,#208,#209));
/*    242 */ #211=FACE_BOUND('', #210, .F.);
/*    243 */ #212=ADVANCED_FACE('', (#211), #193, .F.);
/*    244 */ #213=CARTESIAN_POINT('', (-3.2980866,2.96,-0.00999999999999979));
/*    245 */ #214=DIRECTION('', (-0.994521892293079,0.,-0.104528492526168));
/*    246 */ #215=DIRECTION('', (-0.104528492526168,0.,0.994521892293079));
/*    247 */ #216=AXIS2_PLACEMENT_3D('', #213, #214, #215);
/*    248 */ #217=PLANE('', #216);
/*    249 */ #218=CARTESIAN_POINT('', (-3.425,2.95,1.1975));
/*    250 */ #219=VERTEX_POINT('', #218);
/*    251 */ #220=CARTESIAN_POINT('', (-3.425,2.96,1.1975));
/*    252 */ #221=DIRECTION('', (0.,-1.,0.));
/*    253 */ #222=VECTOR('', #221, 1.);
/*    254 */ #223=LINE('', #220, #222);
/*    255 */ #224=EDGE_CURVE('', #219, #38, #223, .T.);
/*    256 */ #225=ORIENTED_EDGE('', *, *, #224, .F.);
/*    257 */ #226=CARTESIAN_POINT('', (-3.36233722839293,2.88733722839293,0.601303721943167));
/*    258 */ #227=DIRECTION('', (0.103962079969953,-0.103962079969953,-0.989132838326907));
/*    259 */ #228=VECTOR('', #227, 1.);
/*    260 */ #229=LINE('', #226, #228);
/*    261 */ #230=EDGE_CURVE('', #219, #196, #229, .T.);
/*    262 */ #231=ORIENTED_EDGE('', *, *, #230, .T.);
/*    263 */ #232=ORIENTED_EDGE('', *, *, #207, .T.);
/*    264 */ #233=ORIENTED_EDGE('', *, *, #51, .T.);
/*    265 */ #234=EDGE_LOOP('', (#225,#231,#232,#233));
/*    266 */ #235=FACE_BOUND('', #234, .T.);
/*    267 */ #236=ADVANCED_FACE('', (#235), #217, .T.);
/*    268 */ #237=CARTESIAN_POINT('', (-3.425,-2.95,0.175));
/*    269 */ #238=DIRECTION('', (0.,1.,0.));
/*    270 */ #239=DIRECTION('', (1.,0.,0.));
/*    271 */ #240=AXIS2_PLACEMENT_3D('', #237, #238, #239);
/*    272 */ #241=PLANE('', #240);
/*    273 */ #242=ORIENTED_EDGE('', *, *, #43, .F.);
/*    274 */ #243=CARTESIAN_POINT('', (-3.425,-2.95,1.4775));
/*    275 */ #244=VERTEX_POINT('', #243);
/*    276 */ #245=CARTESIAN_POINT('', (-3.425,-2.95,0.175));
/*    277 */ #246=DIRECTION('', (0.,0.,1.));
/*    278 */ #247=VECTOR('', #246, 1.);
/*    279 */ #248=LINE('', #245, #247);
/*    280 */ #249=EDGE_CURVE('', #38, #244, #248, .T.);
/*    281 */ #250=ORIENTED_EDGE('', *, *, #249, .T.);
/*    282 */ #251=CARTESIAN_POINT('', (3.425,-2.95,1.4775));
/*    283 */ #252=VERTEX_POINT('', #251);
/*    284 */ #253=CARTESIAN_POINT('', (-3.435,-2.95,1.4775));
/*    285 */ #254=DIRECTION('', (1.,0.,0.));
/*    286 */ #255=VECTOR('', #254, 1.);
/*    287 */ #256=LINE('', #253, #255);
/*    288 */ #257=EDGE_CURVE('', #244, #252, #256, .T.);
/*    289 */ #258=ORIENTED_EDGE('', *, *, #257, .T.);
/*    290 */ #259=CARTESIAN_POINT('', (3.425,-2.95,0.175));
/*    291 */ #260=DIRECTION('', (0.,0.,1.));
/*    292 */ #261=VECTOR('', #260, 1.);
/*    293 */ #262=LINE('', #259, #261);
/*    294 */ #263=EDGE_CURVE('', #30, #252, #262, .T.);
/*    295 */ #264=ORIENTED_EDGE('', *, *, #263, .F.);
/*    296 */ #265=EDGE_LOOP('', (#242,#250,#258,#264));
/*    297 */ #266=FACE_BOUND('', #265, .F.);
/*    298 */ #267=ADVANCED_FACE('', (#266), #241, .F.);
/*    299 */ #268=CARTESIAN_POINT('', (3.425,2.96,1.1975));
/*    300 */ #269=DIRECTION('', (0.994521892293079,0.,-0.104528492526168));
/*    301 */ #270=DIRECTION('', (-0.104528492526168,0.,-0.994521892293079));
/*    302 */ #271=AXIS2_PLACEMENT_3D('', #268, #269, #270);
/*    303 */ #272=PLANE('', #271);
/*    304 */ #273=ORIENTED_EDGE('', *, *, #97, .T.);
/*    305 */ #274=CARTESIAN_POINT('', (3.425,2.95,1.1975));
/*    306 */ #275=VERTEX_POINT('', #274);
/*    307 */ #276=CARTESIAN_POINT('', (3.3879822093045,2.9129822093045,0.84529934770626));
/*    308 */ #277=DIRECTION('', (0.103962079969953,0.103962079969953,0.989132838326907));
/*    309 */ #278=VECTOR('', #277, 1.);
/*    310 */ #279=LINE('', #276, #278);
/*    311 */ #280=EDGE_CURVE('', #92, #275, #279, .T.);
/*    312 */ #281=ORIENTED_EDGE('', *, *, #280, .T.);
/*    313 */ #282=CARTESIAN_POINT('', (3.425,2.96,1.1975));
/*    314 */ #283=DIRECTION('', (0.,-1.,0.));
/*    315 */ #284=VECTOR('', #283, 1.);
/*    316 */ #285=LINE('', #282, #284);
/*    317 */ #286=EDGE_CURVE('', #275, #30, #285, .T.);
/*    318 */ #287=ORIENTED_EDGE('', *, *, #286, .T.);
/*    319 */ #288=ORIENTED_EDGE('', *, *, #35, .F.);
/*    320 */ #289=EDGE_LOOP('', (#273,#281,#287,#288));
/*    321 */ #290=FACE_BOUND('', #289, .T.);
/*    322 */ #291=ADVANCED_FACE('', (#290), #272, .T.);
/*    323 */ #292=CARTESIAN_POINT('', (-3.435,2.95,1.1975));
/*    324 */ #293=DIRECTION('', (0.,0.994521892293079,-0.104528492526168));
/*    325 */ #294=DIRECTION('', (0.,-0.104528492526168,-0.994521892293079));
/*    326 */ #295=AXIS2_PLACEMENT_3D('', #292, #293, #294);
/*    327 */ #296=PLANE('', #295);
/*    328 */ #297=ORIENTED_EDGE('', *, *, #105, .T.);
/*    329 */ #298=ORIENTED_EDGE('', *, *, #129, .T.);
/*    330 */ #299=ORIENTED_EDGE('', *, *, #153, .T.);
/*    331 */ #300=ORIENTED_EDGE('', *, *, #177, .T.);
/*    332 */ #301=ORIENTED_EDGE('', *, *, #201, .T.);
/*    333 */ #302=ORIENTED_EDGE('', *, *, #230, .F.);
/*    334 */ #303=CARTESIAN_POINT('', (-3.435,2.95,1.1975));
/*    335 */ #304=DIRECTION('', (1.,0.,0.));
/*    336 */ #305=VECTOR('', #304, 1.);
/*    337 */ #306=LINE('', #303, #305);
/*    338 */ #307=EDGE_CURVE('', #219, #275, #306, .T.);
/*    339 */ #308=ORIENTED_EDGE('', *, *, #307, .T.);
/*    340 */ #309=ORIENTED_EDGE('', *, *, #280, .F.);
/*    341 */ #310=EDGE_LOOP('', (#297,#298,#299,#300,#301
/*    342 */      ,#302,#308,#309));
/*    343 */ #311=FACE_BOUND('', #310, .T.);
/*    344 */ #312=ADVANCED_FACE('', (#311), #296, .T.);
/*    345 */ #313=CARTESIAN_POINT('', (-3.425,2.95,0.175));
/*    346 */ #314=DIRECTION('', (1.,0.,0.));
/*    347 */ #315=DIRECTION('', (0.,-1.,0.));
/*    348 */ #316=AXIS2_PLACEMENT_3D('', #313, #314, #315);
/*    349 */ #317=PLANE('', #316);
/*    350 */ #318=ORIENTED_EDGE('', *, *, #224, .F.);
/*    351 */ #319=CARTESIAN_POINT('', (-3.425,2.95,1.4775));
/*    352 */ #320=VERTEX_POINT('', #319);
/*    353 */ #321=CARTESIAN_POINT('', (-3.425,2.95,0.175));
/*    354 */ #322=DIRECTION('', (0.,0.,1.));
/*    355 */ #323=VECTOR('', #322, 1.);
/*    356 */ #324=LINE('', #321, #323);
/*    357 */ #325=EDGE_CURVE('', #219, #320, #324, .T.);
/*    358 */ #326=ORIENTED_EDGE('', *, *, #325, .T.);
/*    359 */ #327=CARTESIAN_POINT('', (-3.425,2.96,1.4775));
/*    360 */ #328=DIRECTION('', (0.,-1.,0.));
/*    361 */ #329=VECTOR('', #328, 1.);
/*    362 */ #330=LINE('', #327, #329);
/*    363 */ #331=EDGE_CURVE('', #320, #244, #330, .T.);
/*    364 */ #332=ORIENTED_EDGE('', *, *, #331, .T.);
/*    365 */ #333=ORIENTED_EDGE('', *, *, #249, .F.);
/*    366 */ #334=EDGE_LOOP('', (#318,#326,#332,#333));
/*    367 */ #335=FACE_BOUND('', #334, .F.);
/*    368 */ #336=ADVANCED_FACE('', (#335), #317, .F.);
/*    369 */ #337=CARTESIAN_POINT('', (3.425,-2.95,0.175));
/*    370 */ #338=DIRECTION('', (-1.,0.,0.));
/*    371 */ #339=DIRECTION('', (0.,1.,0.));
/*    372 */ #340=AXIS2_PLACEMENT_3D('', #337, #338, #339);
/*    373 */ #341=PLANE('', #340);
/*    374 */ #342=ORIENTED_EDGE('', *, *, #286, .T.);
/*    375 */ #343=ORIENTED_EDGE('', *, *, #263, .T.);
/*    376 */ #344=CARTESIAN_POINT('', (3.425,2.95,1.4775));
/*    377 */ #345=VERTEX_POINT('', #344);
/*    378 */ #346=CARTESIAN_POINT('', (3.425,2.96,1.4775));
/*    379 */ #347=DIRECTION('', (0.,-1.,0.));
/*    380 */ #348=VECTOR('', #347, 1.);
/*    381 */ #349=LINE('', #346, #348);
/*    382 */ #350=EDGE_CURVE('', #345, #252, #349, .T.);
/*    383 */ #351=ORIENTED_EDGE('', *, *, #350, .F.);
/*    384 */ #352=CARTESIAN_POINT('', (3.425,2.95,0.175));
/*    385 */ #353=DIRECTION('', (0.,0.,1.));
/*    386 */ #354=VECTOR('', #353, 1.);
/*    387 */ #355=LINE('', #352, #354);
/*    388 */ #356=EDGE_CURVE('', #275, #345, #355, .T.);
/*    389 */ #357=ORIENTED_EDGE('', *, *, #356, .F.);
/*    390 */ #358=EDGE_LOOP('', (#342,#343,#351,#357));
/*    391 */ #359=FACE_BOUND('', #358, .F.);
/*    392 */ #360=ADVANCED_FACE('', (#359), #341, .F.);
/*    393 */ #361=CARTESIAN_POINT('', (-3.435,-2.95,1.4775));
/*    394 */ #362=DIRECTION('', (0.,-0.99452189766248,0.104528441439731));
/*    395 */ #363=DIRECTION('', (0.,0.104528441439731,0.99452189766248));
/*    396 */ #364=AXIS2_PLACEMENT_3D('', #361, #362, #363);
/*    397 */ #365=PLANE('', #364);
/*    398 */ #366=ORIENTED_EDGE('', *, *, #257, .T.);
/*    399 */ #367=CARTESIAN_POINT('', (3.31753094213075,-2.84253094213075,2.5));
/*    400 */ #368=VERTEX_POINT('', #367);
/*    401 */ #369=CARTESIAN_POINT('', (3.30231665662078,-2.82731665662078,2.64475428781434));
/*    402 */ #370=DIRECTION('', (-0.103962029709495,0.103962029709495,0.989132848892081));
/*    403 */ #371=VECTOR('', #370, 1.);
/*    404 */ #372=LINE('', #369, #371);
/*    405 */ #373=EDGE_CURVE('', #252, #368, #372, .T.);
/*    406 */ #374=ORIENTED_EDGE('', *, *, #373, .T.);
/*    407 */ #375=CARTESIAN_POINT('', (-3.31753094213075,-2.84253094213075,2.5));
/*    408 */ #376=VERTEX_POINT('', #375);
/*    409 */ #377=CARTESIAN_POINT('', (-1.7175,-2.84253094213075,2.5));
/*    410 */ #378=DIRECTION('', (1.,0.,0.));
/*    411 */ #379=VECTOR('', #378, 1.);
/*    412 */ #380=LINE('', #377, #379);
/*    413 */ #381=EDGE_CURVE('', #376, #368, #380, .T.);
/*    414 */ #382=ORIENTED_EDGE('', *, *, #381, .F.);
/*    415 */ #383=CARTESIAN_POINT('', (-3.39311609431711,-2.91811609431711,1.78085516293831));
/*    416 */ #384=DIRECTION('', (0.103962029709495,0.103962029709495,0.989132848892081));
/*    417 */ #385=VECTOR('', #384, 1.);
/*    418 */ #386=LINE('', #383, #385);
/*    419 */ #387=EDGE_CURVE('', #244, #376, #386, .T.);
/*    420 */ #388=ORIENTED_EDGE('', *, *, #387, .F.);
/*    421 */ #389=EDGE_LOOP('', (#366,#374,#382,#388));
/*    422 */ #390=FACE_BOUND('', #389, .T.);
/*    423 */ #391=ADVANCED_FACE('', (#390), #365, .T.);
/*    424 */ #392=CARTESIAN_POINT('', (3.425,2.95,0.175));
/*    425 */ #393=DIRECTION('', (0.,-1.,0.));
/*    426 */ #394=DIRECTION('', (-1.,0.,0.));
/*    427 */ #395=AXIS2_PLACEMENT_3D('', #392, #393, #394);
/*    428 */ #396=PLANE('', #395);
/*    429 */ #397=ORIENTED_EDGE('', *, *, #307, .T.);
/*    430 */ #398=ORIENTED_EDGE('', *, *, #356, .T.);
/*    431 */ #399=CARTESIAN_POINT('', (-3.435,2.95,1.4775));
/*    432 */ #400=DIRECTION('', (1.,0.,0.));
/*    433 */ #401=VECTOR('', #400, 1.);
/*    434 */ #402=LINE('', #399, #401);
/*    435 */ #403=EDGE_CURVE('', #320, #345, #402, .T.);
/*    436 */ #404=ORIENTED_EDGE('', *, *, #403, .F.);
/*    437 */ #405=ORIENTED_EDGE('', *, *, #325, .F.);
/*    438 */ #406=EDGE_LOOP('', (#397,#398,#404,#405));
/*    439 */ #407=FACE_BOUND('', #406, .F.);
/*    440 */ #408=ADVANCED_FACE('', (#407), #396, .F.);
/*    441 */ #409=CARTESIAN_POINT('', (-3.425,2.96,1.4775));
/*    442 */ #410=DIRECTION('', (-0.99452189766248,0.,0.104528441439731));
/*    443 */ #411=DIRECTION('', (0.104528441439731,0.,0.99452189766248));
/*    444 */ #412=AXIS2_PLACEMENT_3D('', #409, #410, #411);
/*    445 */ #413=PLANE('', #412);
/*    446 */ #414=CARTESIAN_POINT('', (-3.31753094213075,2.84253094213075,2.5));
/*    447 */ #415=VERTEX_POINT('', #414);
/*    448 */ #416=CARTESIAN_POINT('', (-3.31753094213075,1.48,2.5));
/*    449 */ #417=DIRECTION('', (0.,-1.,0.));
/*    450 */ #418=VECTOR('', #417, 1.);
/*    451 */ #419=LINE('', #416, #418);
/*    452 */ #420=EDGE_CURVE('', #415, #376, #419, .T.);
/*    453 */ #421=ORIENTED_EDGE('', *, *, #420, .F.);
/*    454 */ #422=CARTESIAN_POINT('', (-3.37143447927911,2.89643447927911,1.98714199391926));
/*    455 */ #423=DIRECTION('', (-0.103962029709495,0.103962029709495,-0.989132848892081));
/*    456 */ #424=VECTOR('', #423, 1.);
/*    457 */ #425=LINE('', #422, #424);
/*    458 */ #426=EDGE_CURVE('', #415, #320, #425, .T.);
/*    459 */ #427=ORIENTED_EDGE('', *, *, #426, .T.);
/*    460 */ #428=ORIENTED_EDGE('', *, *, #331, .T.);
/*    461 */ #429=ORIENTED_EDGE('', *, *, #387, .T.);
/*    462 */ #430=EDGE_LOOP('', (#421,#427,#428,#429));
/*    463 */ #431=FACE_BOUND('', #430, .T.);
/*    464 */ #432=ADVANCED_FACE('', (#431), #413, .T.);
/*    465 */ #433=CARTESIAN_POINT('', (3.3164799,2.96,2.51));
/*    466 */ #434=DIRECTION('', (0.99452189766248,0.,0.104528441439731));
/*    467 */ #435=DIRECTION('', (0.104528441439731,0.,-0.99452189766248));
/*    468 */ #436=AXIS2_PLACEMENT_3D('', #433, #434, #435);
/*    469 */ #437=PLANE('', #436);
/*    470 */ #438=ORIENTED_EDGE('', *, *, #350, .F.);
/*    471 */ #439=CARTESIAN_POINT('', (3.31753094213075,2.84253094213075,2.5));
/*    472 */ #440=VERTEX_POINT('', #439);
/*    473 */ #441=CARTESIAN_POINT('', (3.28063504158278,2.80563504158278,2.8510411187953));
/*    474 */ #442=DIRECTION('', (-0.103962029709495,-0.103962029709495,0.989132848892081));
/*    475 */ #443=VECTOR('', #442, 1.);
/*    476 */ #444=LINE('', #441, #443);
/*    477 */ #445=EDGE_CURVE('', #345, #440, #444, .T.);
/*    478 */ #446=ORIENTED_EDGE('', *, *, #445, .T.);
/*    479 */ #447=CARTESIAN_POINT('', (3.31753094213075,1.48,2.5));
/*    480 */ #448=DIRECTION('', (0.,1.,0.));
/*    481 */ #449=VECTOR('', #448, 1.);
/*    482 */ #450=LINE('', #447, #449);
/*    483 */ #451=EDGE_CURVE('', #368, #440, #450, .T.);
/*    484 */ #452=ORIENTED_EDGE('', *, *, #451, .F.);
/*    485 */ #453=ORIENTED_EDGE('', *, *, #373, .F.);
/*    486 */ #454=EDGE_LOOP('', (#438,#446,#452,#453));
/*    487 */ #455=FACE_BOUND('', #454, .T.);
/*    488 */ #456=ADVANCED_FACE('', (#455), #437, .T.);
/*    489 */ #457=CARTESIAN_POINT('', (0.,0.,2.5));
/*    490 */ #458=DIRECTION('', (0.,0.,1.));
/*    491 */ #459=DIRECTION('', (1.,0.,0.));
/*    492 */ #460=AXIS2_PLACEMENT_3D('', #457, #458, #459);
/*    493 */ #461=PLANE('', #460);
/*    494 */ #462=CARTESIAN_POINT('', (-2.4325309,2.2525309,2.5));
/*    495 */ #463=VERTEX_POINT('', #462);
/*    496 */ #464=CARTESIAN_POINT('', (-3.0225309,2.2525309,2.5));
/*    497 */ #465=VERTEX_POINT('', #464);
/*    498 */ #466=CARTESIAN_POINT('', (-2.7275309,2.2525309,2.5));
/*    499 */ #467=DIRECTION('', (0.,0.,-1.));
/*    500 */ #468=DIRECTION('', (0.,1.,0.));
/*    501 */ #469=AXIS2_PLACEMENT_3D('', #466, #467, #468);
/*    502 */ #470=CIRCLE('', #469, 0.295);
/*    503 */ #471=EDGE_CURVE('', #463, #465, #470, .T.);
/*    504 */ #472=ORIENTED_EDGE('', *, *, #471, .T.);
/*    505 */ #473=CARTESIAN_POINT('', (-2.7275309,2.2525309,2.5));
/*    506 */ #474=DIRECTION('', (0.,0.,-1.));
/*    507 */ #475=DIRECTION('', (0.,1.,0.));
/*    508 */ #476=AXIS2_PLACEMENT_3D('', #473, #474, #475);
/*    509 */ #477=CIRCLE('', #476, 0.295);
/*    510 */ #478=EDGE_CURVE('', #465, #463, #477, .T.);
/*    511 */ #479=ORIENTED_EDGE('', *, *, #478, .T.);
/*    512 */ #480=EDGE_LOOP('', (#472,#479));
/*    513 */ #481=FACE_BOUND('', #480, .T.);
/*    514 */ #482=ORIENTED_EDGE('', *, *, #451, .T.);
/*    515 */ #483=CARTESIAN_POINT('', (-1.7175,2.84253094213075,2.5));
/*    516 */ #484=DIRECTION('', (-1.,0.,0.));
/*    517 */ #485=VECTOR('', #484, 1.);
/*    518 */ #486=LINE('', #483, #485);
/*    519 */ #487=EDGE_CURVE('', #440, #415, #486, .T.);
/*    520 */ #488=ORIENTED_EDGE('', *, *, #487, .T.);
/*    521 */ #489=ORIENTED_EDGE('', *, *, #420, .T.);
/*    522 */ #490=ORIENTED_EDGE('', *, *, #381, .T.);
/*    523 */ #491=EDGE_LOOP('', (#482,#488,#489,#490));
/*    524 */ #492=FACE_BOUND('', #491, .T.);
/*    525 */ #493=ADVANCED_FACE('', (#481,#492), #461, .T.);
/*    526 */ #494=CARTESIAN_POINT('', (-3.435,2.8414799,2.51));
/*    527 */ #495=DIRECTION('', (0.,0.99452189766248,0.104528441439731));
/*    528 */ #496=DIRECTION('', (0.,0.104528441439731,-0.99452189766248));
/*    529 */ #497=AXIS2_PLACEMENT_3D('', #494, #495, #496);
/*    530 */ #498=PLANE('', #497);
/*    531 */ #499=ORIENTED_EDGE('', *, *, #426, .F.);
/*    532 */ #500=ORIENTED_EDGE('', *, *, #487, .F.);
/*    533 */ #501=ORIENTED_EDGE('', *, *, #445, .F.);
/*    534 */ #502=ORIENTED_EDGE('', *, *, #403, .F.);
/*    535 */ #503=EDGE_LOOP('', (#499,#500,#501,#502));
/*    536 */ #504=FACE_BOUND('', #503, .T.);
/*    537 */ #505=ADVANCED_FACE('', (#504), #498, .T.);
/*    538 */ #506=CARTESIAN_POINT('', (-2.7275309,2.2525309,2.375));
/*    539 */ #507=DIRECTION('', (0.,0.,-1.));
/*    540 */ #508=DIRECTION('', (1.,0.,0.));
/*    541 */ #509=AXIS2_PLACEMENT_3D('', #506, #507, #508);
/*    542 */ #510=CYLINDRICAL_SURFACE('', #509, 0.295);
/*    543 */ #511=CARTESIAN_POINT('', (-3.0225309,2.2525309,2.375));
/*    544 */ #512=VERTEX_POINT('', #511);
/*    545 */ #513=CARTESIAN_POINT('', (-3.0225309,2.2525309,2.375));
/*    546 */ #514=DIRECTION('', (0.,0.,1.));
/*    547 */ #515=VECTOR('', #514, 1.);
/*    548 */ #516=LINE('', #513, #515);
/*    549 */ #517=EDGE_CURVE('', #512, #465, #516, .T.);
/*    550 */ #518=ORIENTED_EDGE('', *, *, #517, .F.);
/*    551 */ #519=CARTESIAN_POINT('', (-2.4325309,2.2525309,2.375));
/*    552 */ #520=VERTEX_POINT('', #519);
/*    553 */ #521=CARTESIAN_POINT('', (-2.7275309,2.2525309,2.375));
/*    554 */ #522=DIRECTION('', (0.,0.,1.));
/*    555 */ #523=DIRECTION('', (1.,0.,0.));
/*    556 */ #524=AXIS2_PLACEMENT_3D('', #521, #522, #523);
/*    557 */ #525=CIRCLE('', #524, 0.295);
/*    558 */ #526=EDGE_CURVE('', #512, #520, #525, .T.);
/*    559 */ #527=ORIENTED_EDGE('', *, *, #526, .T.);
/*    560 */ #528=CARTESIAN_POINT('', (-2.4325309,2.2525309,2.375));
/*    561 */ #529=DIRECTION('', (0.,0.,1.));
/*    562 */ #530=VECTOR('', #529, 1.);
/*    563 */ #531=LINE('', #528, #530);
/*    564 */ #532=EDGE_CURVE('', #520, #463, #531, .T.);
/*    565 */ #533=ORIENTED_EDGE('', *, *, #532, .T.);
/*    566 */ #534=ORIENTED_EDGE('', *, *, #471, .T.);
/*    567 */ #535=EDGE_LOOP('', (#518,#527,#533,#534));
/*    568 */ #536=FACE_BOUND('', #535, .F.);
/*    569 */ #537=ADVANCED_FACE('', (#536), #510, .F.);
/*    570 */ #538=CARTESIAN_POINT('', (-2.7275309,2.2525309,2.375));
/*    571 */ #539=DIRECTION('', (0.,0.,-1.));
/*    572 */ #540=DIRECTION('', (1.,0.,0.));
/*    573 */ #541=AXIS2_PLACEMENT_3D('', #538, #539, #540);
/*    574 */ #542=CYLINDRICAL_SURFACE('', #541, 0.295);
/*    575 */ #543=ORIENTED_EDGE('', *, *, #532, .F.);
/*    576 */ #544=CARTESIAN_POINT('', (-2.7275309,2.2525309,2.375));
/*    577 */ #545=DIRECTION('', (0.,0.,1.));
/*    578 */ #546=DIRECTION('', (1.,0.,0.));
/*    579 */ #547=AXIS2_PLACEMENT_3D('', #544, #545, #546);
/*    580 */ #548=CIRCLE('', #547, 0.295);
/*    581 */ #549=EDGE_CURVE('', #520, #512, #548, .T.);
/*    582 */ #550=ORIENTED_EDGE('', *, *, #549, .T.);
/*    583 */ #551=ORIENTED_EDGE('', *, *, #517, .T.);
/*    584 */ #552=ORIENTED_EDGE('', *, *, #478, .T.);
/*    585 */ #553=EDGE_LOOP('', (#543,#550,#551,#552));
/*    586 */ #554=FACE_BOUND('', #553, .F.);
/*    587 */ #555=ADVANCED_FACE('', (#554), #542, .F.);
/*    588 */ #556=CARTESIAN_POINT('', (0.,0.,2.375));
/*    589 */ #557=DIRECTION('', (0.,0.,1.));
/*    590 */ #558=DIRECTION('', (1.,0.,0.));
/*    591 */ #559=AXIS2_PLACEMENT_3D('', #556, #557, #558);
/*    592 */ #560=PLANE('', #559);
/*    593 */ #561=ORIENTED_EDGE('', *, *, #549, .T.);
/*    594 */ #562=ORIENTED_EDGE('', *, *, #526, .T.);
/*    595 */ #563=EDGE_LOOP('', (#561,#562));
/*    596 */ #564=FACE_BOUND('', #563, .T.);
/*    597 */ #565=ADVANCED_FACE('', (#564), #560, .T.);
/*    598 */ #566=CLOSED_SHELL('', (#116,#85,#291,#312,#336,
/*    599 */      #140,#236,#267,#537,#555,#565,#360,#391,#408,#432,
/*    600 */      #456,#493,#505,#188,#212,#164));
/*    601 */ #567=MANIFOLD_SOLID_BREP('', #566);
/*    602 */ #568=ADVANCED_BREP_SHAPE_REPRESENTATION('3d bound volume shape', (#567,#569), #573);
/*    603 */ #569=AXIS2_PLACEMENT_3D('origin', #570, #571, #572);
/*    604 */ #570=CARTESIAN_POINT('', (0.,0.,0.));
/*    605 */ #571=DIRECTION('', (0.,0.,1.));
/*    606 */ #572=DIRECTION('', (1.,0.,0.));
/*    607 */ #573=(GEOMETRIC_REPRESENTATION_CONTEXT(3)
/*    608 */       GLOBAL_UNCERTAINTY_ASSIGNED_CONTEXT((#11,#10,#12))
/*    609 */       GLOBAL_UNIT_ASSIGNED_CONTEXT((#9,#2,#8))
/*    610 */       REPRESENTATION_CONTEXT('unit_context3D', 'unit_context3D')
/*    611 */      );
/*    612 */ #574=CARTESIAN_POINT('', (0.,0.,0.));
/*    613 */ #575=DIRECTION('', (0.,-1.,0.));
/*    614 */ #576=DIRECTION('', (-1.,0.,0.));
/*    615 */ #577=AXIS2_PLACEMENT_3D('', #574, #575, #576);
/*    616 */ #578=PLANE('', #577);
/*    617 */ #579=CARTESIAN_POINT('', (0.,0.,0.));
/*    618 */ #580=VERTEX_POINT('', #579);
/*    619 */ #581=CARTESIAN_POINT('', (0.,0.,3.075));
/*    620 */ #582=VERTEX_POINT('', #581);
/*    621 */ #583=CARTESIAN_POINT('', (0.,0.,0.));
/*    622 */ #584=DIRECTION('', (0.,0.,1.));
/*    623 */ #585=VECTOR('', #584, 1.);
/*    624 */ #586=LINE('', #583, #585);
/*    625 */ #587=EDGE_CURVE('', #580, #582, #586, .T.);
/*    626 */ #588=ORIENTED_EDGE('', *, *, #587, .T.);
/*    627 */ #589=CARTESIAN_POINT('', (-0.12,-2.77555781675272E-17,3.075));
/*    628 */ #590=VERTEX_POINT('', #589);
/*    629 */ #591=CARTESIAN_POINT('', (0.,0.,3.075));
/*    630 */ #592=DIRECTION('', (-1.,0.,0.));
/*    631 */ #593=VECTOR('', #592, 1.);
/*    632 */ #594=LINE('', #591, #593);
/*    633 */ #595=EDGE_CURVE('', #582, #590, #594, .T.);
/*    634 */ #596=ORIENTED_EDGE('', *, *, #595, .T.);
/*    635 */ #597=CARTESIAN_POINT('', (-0.12,-2.77555781675272E-17,0.));
/*    636 */ #598=VERTEX_POINT('', #597);
/*    637 */ #599=CARTESIAN_POINT('', (-0.12,-2.77555781675272E-17,0.));
/*    638 */ #600=DIRECTION('', (0.,0.,1.));
/*    639 */ #601=VECTOR('', #600, 1.);
/*    640 */ #602=LINE('', #599, #601);
/*    641 */ #603=EDGE_CURVE('', #598, #590, #602, .T.);
/*    642 */ #604=ORIENTED_EDGE('', *, *, #603, .F.);
/*    643 */ #605=CARTESIAN_POINT('', (0.,0.,0.));
/*    644 */ #606=DIRECTION('', (-1.,0.,0.));
/*    645 */ #607=VECTOR('', #606, 1.);
/*    646 */ #608=LINE('', #605, #607);
/*    647 */ #609=EDGE_CURVE('', #580, #598, #608, .T.);
/*    648 */ #610=ORIENTED_EDGE('', *, *, #609, .F.);
/*    649 */ #611=EDGE_LOOP('', (#588,#596,#604,#610));
/*    650 */ #612=FACE_BOUND('', #611, .F.);
/*    651 */ #613=ADVANCED_FACE('', (#612), #578, .F.);
/*    652 */ #614=CARTESIAN_POINT('', (-0.12,-0.43,0.));
/*    653 */ #615=DIRECTION('', (0.,0.,-1.));
/*    654 */ #616=DIRECTION('', (1.,0.,0.));
/*    655 */ #617=AXIS2_PLACEMENT_3D('', #614, #615, #616);
/*    656 */ #618=CYLINDRICAL_SURFACE('', #617, 0.43);
/*    657 */ #619=CARTESIAN_POINT('', (-0.55,-0.43,0.));
/*    658 */ #620=VERTEX_POINT('', #619);
/*    659 */ #621=CARTESIAN_POINT('', (-0.12,-0.43,0.));
/*    660 */ #622=DIRECTION('', (0.,0.,1.));
/*    661 */ #623=DIRECTION('', (1.,0.,0.));
/*    662 */ #624=AXIS2_PLACEMENT_3D('', #621, #622, #623);
/*    663 */ #625=CIRCLE('', #624, 0.43);
/*    664 */ #626=EDGE_CURVE('', #598, #620, #625, .T.);
/*    665 */ #627=ORIENTED_EDGE('', *, *, #626, .T.);
/*    666 */ #628=CARTESIAN_POINT('', (-0.55,-0.43,3.075));
/*    667 */ #629=VERTEX_POINT('', #628);
/*    668 */ #630=CARTESIAN_POINT('', (-0.55,-0.43,0.));
/*    669 */ #631=DIRECTION('', (0.,0.,1.));
/*    670 */ #632=VECTOR('', #631, 1.);
/*    671 */ #633=LINE('', #630, #632);
/*    672 */ #634=EDGE_CURVE('', #620, #629, #633, .T.);
/*    673 */ #635=ORIENTED_EDGE('', *, *, #634, .T.);
/*    674 */ #636=CARTESIAN_POINT('', (-0.12,-0.43,3.075));
/*    675 */ #637=DIRECTION('', (0.,0.,1.));
/*    676 */ #638=DIRECTION('', (1.,0.,0.));
/*    677 */ #639=AXIS2_PLACEMENT_3D('', #636, #637, #638);
/*    678 */ #640=CIRCLE('', #639, 0.43);
/*    679 */ #641=EDGE_CURVE('', #590, #629, #640, .T.);
/*    680 */ #642=ORIENTED_EDGE('', *, *, #641, .F.);
/*    681 */ #643=ORIENTED_EDGE('', *, *, #603, .F.);
/*    682 */ #644=EDGE_LOOP('', (#627,#635,#642,#643));
/*    683 */ #645=FACE_BOUND('', #644, .T.);
/*    684 */ #646=ADVANCED_FACE('', (#645), #618, .T.);
/*    685 */ #647=CARTESIAN_POINT('', (-0.55,-0.43,0.));
/*    686 */ #648=DIRECTION('', (1.,0.,0.));
/*    687 */ #649=DIRECTION('', (0.,-1.,0.));
/*    688 */ #650=AXIS2_PLACEMENT_3D('', #647, #648, #649);
/*    689 */ #651=PLANE('', #650);
/*    690 */ #652=ORIENTED_EDGE('', *, *, #634, .T.);
/*    691 */ #653=CARTESIAN_POINT('', (-0.549999989906494,-1.1461027,3.075));
/*    692 */ #654=VERTEX_POINT('', #653);
/*    693 */ #655=CARTESIAN_POINT('', (-0.55,-0.43,3.075));
/*    694 */ #656=DIRECTION('', (0.,-1.,0.));
/*    695 */ #657=VECTOR('', #656, 1.);
/*    696 */ #658=LINE('', #655, #657);
/*    697 */ #659=EDGE_CURVE('', #629, #654, #658, .T.);
/*    698 */ #660=ORIENTED_EDGE('', *, *, #659, .T.);
/*    699 */ #661=CARTESIAN_POINT('', (-0.549999989906494,-1.1461027,0.));
/*    700 */ #662=VERTEX_POINT('', #661);
/*    701 */ #663=CARTESIAN_POINT('', (-0.549999989906494,-1.1461027,0.));
/*    702 */ #664=DIRECTION('', (0.,0.,1.));
/*    703 */ #665=VECTOR('', #664, 1.);
/*    704 */ #666=LINE('', #663, #665);
/*    705 */ #667=EDGE_CURVE('', #662, #654, #666, .T.);
/*    706 */ #668=ORIENTED_EDGE('', *, *, #667, .F.);
/*    707 */ #669=CARTESIAN_POINT('', (-0.55,-0.43,0.));
/*    708 */ #670=DIRECTION('', (0.,-1.,0.));
/*    709 */ #671=VECTOR('', #670, 1.);
/*    710 */ #672=LINE('', #669, #671);
/*    711 */ #673=EDGE_CURVE('', #620, #662, #672, .T.);
/*    712 */ #674=ORIENTED_EDGE('', *, *, #673, .F.);
/*    713 */ #675=EDGE_LOOP('', (#652,#660,#668,#674));
/*    714 */ #676=FACE_BOUND('', #675, .F.);
/*    715 */ #677=ADVANCED_FACE('', (#676), #651, .F.);
/*    716 */ #678=CARTESIAN_POINT('', (-0.12,-1.1461027,0.));
/*    717 */ #679=DIRECTION('', (0.,0.,-1.));
/*    718 */ #680=DIRECTION('', (1.,0.,0.));
/*    719 */ #681=AXIS2_PLACEMENT_3D('', #678, #679, #680);
/*    720 */ #682=CYLINDRICAL_SURFACE('', #681, 0.429999979812987);
/*    721 */ #683=CARTESIAN_POINT('', (-0.149995300704088,-1.57505521006892,0.));
/*    722 */ #684=VERTEX_POINT('', #683);
/*    723 */ #685=CARTESIAN_POINT('', (-0.12,-1.1461027,0.));
/*    724 */ #686=DIRECTION('', (0.,0.,1.));
/*    725 */ #687=DIRECTION('', (1.,0.,0.));
/*    726 */ #688=AXIS2_PLACEMENT_3D('', #685, #686, #687);
/*    727 */ #689=CIRCLE('', #688, 0.429999979812987);
/*    728 */ #690=EDGE_CURVE('', #662, #684, #689, .T.);
/*    729 */ #691=ORIENTED_EDGE('', *, *, #690, .T.);
/*    730 */ #692=CARTESIAN_POINT('', (-0.149995300704088,-1.57505521006892,3.075));
/*    731 */ #693=VERTEX_POINT('', #692);
/*    732 */ #694=CARTESIAN_POINT('', (-0.149995300704088,-1.57505521006892,0.));
/*    733 */ #695=DIRECTION('', (0.,0.,1.));
/*    734 */ #696=VECTOR('', #695, 1.);
/*    735 */ #697=LINE('', #694, #696);
/*    736 */ #698=EDGE_CURVE('', #684, #693, #697, .T.);
/*    737 */ #699=ORIENTED_EDGE('', *, *, #698, .T.);
/*    738 */ #700=CARTESIAN_POINT('', (-0.12,-1.1461027,3.075));
/*    739 */ #701=DIRECTION('', (0.,0.,1.));
/*    740 */ #702=DIRECTION('', (1.,0.,0.));
/*    741 */ #703=AXIS2_PLACEMENT_3D('', #700, #701, #702);
/*    742 */ #704=CIRCLE('', #703, 0.429999979812987);
/*    743 */ #705=EDGE_CURVE('', #654, #693, #704, .T.);
/*    744 */ #706=ORIENTED_EDGE('', *, *, #705, .F.);
/*    745 */ #707=ORIENTED_EDGE('', *, *, #667, .F.);
/*    746 */ #708=EDGE_LOOP('', (#691,#699,#706,#707));
/*    747 */ #709=FACE_BOUND('', #708, .T.);
/*    748 */ #710=ADVANCED_FACE('', (#709), #682, .T.);
/*    749 */ #711=CARTESIAN_POINT('', (-0.1499953,-1.5750552,0.));
/*    750 */ #712=DIRECTION('', (0.0697564998173298,0.997564048436608,0.));
/*    751 */ #713=DIRECTION('', (0.997564048436608,-0.0697564998173298,0.));
/*    752 */ #714=AXIS2_PLACEMENT_3D('', #711, #712, #713);
/*    753 */ #715=PLANE('', #714);
/*    754 */ #716=ORIENTED_EDGE('', *, *, #698, .T.);
/*    755 */ #717=CARTESIAN_POINT('', (0.6,-1.6275,3.075));
/*    756 */ #718=VERTEX_POINT('', #717);
/*    757 */ #719=CARTESIAN_POINT('', (-0.1499953,-1.5750552,3.075));
/*    758 */ #720=DIRECTION('', (0.997564048436608,-0.0697564998173298,0.));
/*    759 */ #721=VECTOR('', #720, 1.);
/*    760 */ #722=LINE('', #719, #721);
/*    761 */ #723=EDGE_CURVE('', #693, #718, #722, .T.);
/*    762 */ #724=ORIENTED_EDGE('', *, *, #723, .T.);
/*    763 */ #725=CARTESIAN_POINT('', (0.6,-1.6275,0.));
/*    764 */ #726=VERTEX_POINT('', #725);
/*    765 */ #727=CARTESIAN_POINT('', (0.6,-1.6275,0.));
/*    766 */ #728=DIRECTION('', (0.,0.,1.));
/*    767 */ #729=VECTOR('', #728, 1.);
/*    768 */ #730=LINE('', #727, #729);
/*    769 */ #731=EDGE_CURVE('', #726, #718, #730, .T.);
/*    770 */ #732=ORIENTED_EDGE('', *, *, #731, .F.);
/*    771 */ #733=CARTESIAN_POINT('', (-0.1499953,-1.5750552,0.));
/*    772 */ #734=DIRECTION('', (0.997564048436608,-0.0697564998173298,0.));
/*    773 */ #735=VECTOR('', #734, 1.);
/*    774 */ #736=LINE('', #733, #735);
/*    775 */ #737=EDGE_CURVE('', #684, #726, #736, .T.);
/*    776 */ #738=ORIENTED_EDGE('', *, *, #737, .F.);
/*    777 */ #739=EDGE_LOOP('', (#716,#724,#732,#738));
/*    778 */ #740=FACE_BOUND('', #739, .F.);
/*    779 */ #741=ADVANCED_FACE('', (#740), #715, .F.);
/*    780 */ #742=CARTESIAN_POINT('', (0.6,-1.6275,0.));
/*    781 */ #743=DIRECTION('', (-0.997564052811105,0.0697564372591084,0.));
/*    782 */ #744=DIRECTION('', (0.0697564372591084,0.997564052811105,0.));
/*    783 */ #745=AXIS2_PLACEMENT_3D('', #742, #743, #744);
/*    784 */ #746=PLANE('', #745);
/*    785 */ #747=ORIENTED_EDGE('', *, *, #731, .T.);
/*    786 */ #748=CARTESIAN_POINT('', (0.6195318,-1.3481821,3.075));
/*    787 */ #749=VERTEX_POINT('', #748);
/*    788 */ #750=CARTESIAN_POINT('', (0.6,-1.6275,3.075));
/*    789 */ #751=DIRECTION('', (0.0697564372591084,0.997564052811105,0.));
/*    790 */ #752=VECTOR('', #751, 1.);
/*    791 */ #753=LINE('', #750, #752);
/*    792 */ #754=EDGE_CURVE('', #718, #749, #753, .T.);
/*    793 */ #755=ORIENTED_EDGE('', *, *, #754, .T.);
/*    794 */ #756=CARTESIAN_POINT('', (0.6195318,-1.3481821,0.));
/*    795 */ #757=VERTEX_POINT('', #756);
/*    796 */ #758=CARTESIAN_POINT('', (0.6195318,-1.3481821,0.));
/*    797 */ #759=DIRECTION('', (0.,0.,1.));
/*    798 */ #760=VECTOR('', #759, 1.);
/*    799 */ #761=LINE('', #758, #760);
/*    800 */ #762=EDGE_CURVE('', #757, #749, #761, .T.);
/*    801 */ #763=ORIENTED_EDGE('', *, *, #762, .F.);
/*    802 */ #764=CARTESIAN_POINT('', (0.6,-1.6275,0.));
/*    803 */ #765=DIRECTION('', (0.0697564372591084,0.997564052811105,0.));
/*    804 */ #766=VECTOR('', #765, 1.);
/*    805 */ #767=LINE('', #764, #766);
/*    806 */ #768=EDGE_CURVE('', #726, #757, #767, .T.);
/*    807 */ #769=ORIENTED_EDGE('', *, *, #768, .F.);
/*    808 */ #770=EDGE_LOOP('', (#747,#755,#763,#769));
/*    809 */ #771=FACE_BOUND('', #770, .F.);
/*    810 */ #772=ADVANCED_FACE('', (#771), #746, .F.);
/*    811 */ #773=CARTESIAN_POINT('', (0.6195318,-1.3481821,0.));
/*    812 */ #774=DIRECTION('', (-0.0898177004002205,-0.995958222364179,0.));
/*    813 */ #775=DIRECTION('', (-0.995958222364179,0.0898177004002205,0.));
/*    814 */ #776=AXIS2_PLACEMENT_3D('', #773, #774, #775);
/*    815 */ #777=PLANE('', #776);
/*    816 */ #778=ORIENTED_EDGE('', *, *, #762, .T.);
/*    817 */ #779=CARTESIAN_POINT('', (-0.133472698418925,-1.28027448246804,3.075));
/*    818 */ #780=VERTEX_POINT('', #779);
/*    819 */ #781=CARTESIAN_POINT('', (0.6195318,-1.3481821,3.075));
/*    820 */ #782=DIRECTION('', (-0.995958222364179,0.0898177004002205,0.));
/*    821 */ #783=VECTOR('', #782, 1.);
/*    822 */ #784=LINE('', #781, #783);
/*    823 */ #785=EDGE_CURVE('', #749, #780, #784, .T.);
/*    824 */ #786=ORIENTED_EDGE('', *, *, #785, .T.);
/*    825 */ #787=CARTESIAN_POINT('', (-0.133472698418925,-1.28027448246804,0.));
/*    826 */ #788=VERTEX_POINT('', #787);
/*    827 */ #789=CARTESIAN_POINT('', (-0.133472698418925,-1.28027448246804,0.));
/*    828 */ #790=DIRECTION('', (0.,0.,1.));
/*    829 */ #791=VECTOR('', #790, 1.);
/*    830 */ #792=LINE('', #789, #791);
/*    831 */ #793=EDGE_CURVE('', #788, #780, #792, .T.);
/*    832 */ #794=ORIENTED_EDGE('', *, *, #793, .F.);
/*    833 */ #795=CARTESIAN_POINT('', (0.6195318,-1.3481821,0.));
/*    834 */ #796=DIRECTION('', (-0.995958222364179,0.0898177004002205,0.));
/*    835 */ #797=VECTOR('', #796, 1.);
/*    836 */ #798=LINE('', #795, #797);
/*    837 */ #799=EDGE_CURVE('', #757, #788, #798, .T.);
/*    838 */ #800=ORIENTED_EDGE('', *, *, #799, .F.);
/*    839 */ #801=EDGE_LOOP('', (#778,#786,#794,#800));
/*    840 */ #802=FACE_BOUND('', #801, .F.);
/*    841 */ #803=ADVANCED_FACE('', (#802), #777, .F.);
/*    842 */ #804=CARTESIAN_POINT('', (-0.12,-1.1308807,0.));
/*    843 */ #805=DIRECTION('', (0.,0.,-1.));
/*    844 */ #806=DIRECTION('', (1.,0.,0.));
/*    845 */ #807=AXIS2_PLACEMENT_3D('', #804, #805, #806);
/*    846 */ #808=CYLINDRICAL_SURFACE('', #807, 0.150000035206208);
/*    847 */ #809=CARTESIAN_POINT('', (-0.270000017603104,-1.1308807,0.));
/*    848 */ #810=VERTEX_POINT('', #809);
/*    849 */ #811=CARTESIAN_POINT('', (-0.12,-1.1308807,0.));
/*    850 */ #812=DIRECTION('', (0.,0.,1.));
/*    851 */ #813=DIRECTION('', (1.,0.,0.));
/*    852 */ #814=AXIS2_PLACEMENT_3D('', #811, #812, #813);
/*    853 */ #815=CIRCLE('', #814, 0.150000035206208);
/*    854 */ #816=EDGE_CURVE('', #810, #788, #815, .T.);
/*    855 */ #817=ORIENTED_EDGE('', *, *, #816, .T.);
/*    856 */ #818=ORIENTED_EDGE('', *, *, #793, .T.);
/*    857 */ #819=CARTESIAN_POINT('', (-0.270000017603104,-1.1308807,3.075));
/*    858 */ #820=VERTEX_POINT('', #819);
/*    859 */ #821=CARTESIAN_POINT('', (-0.12,-1.1308807,3.075));
/*    860 */ #822=DIRECTION('', (0.,0.,1.));
/*    861 */ #823=DIRECTION('', (1.,0.,0.));
/*    862 */ #824=AXIS2_PLACEMENT_3D('', #821, #822, #823);
/*    863 */ #825=CIRCLE('', #824, 0.150000035206208);
/*    864 */ #826=EDGE_CURVE('', #820, #780, #825, .T.);
/*    865 */ #827=ORIENTED_EDGE('', *, *, #826, .F.);
/*    866 */ #828=CARTESIAN_POINT('', (-0.270000017603104,-1.1308807,0.));
/*    867 */ #829=DIRECTION('', (0.,0.,1.));
/*    868 */ #830=VECTOR('', #829, 1.);
/*    869 */ #831=LINE('', #828, #830);
/*    870 */ #832=EDGE_CURVE('', #810, #820, #831, .T.);
/*    871 */ #833=ORIENTED_EDGE('', *, *, #832, .F.);
/*    872 */ #834=EDGE_LOOP('', (#817,#818,#827,#833));
/*    873 */ #835=FACE_BOUND('', #834, .F.);
/*    874 */ #836=ADVANCED_FACE('', (#835), #808, .F.);
/*    875 */ #837=CARTESIAN_POINT('', (-0.27,-1.1308807,0.));
/*    876 */ #838=DIRECTION('', (-1.,0.,0.));
/*    877 */ #839=DIRECTION('', (0.,1.,0.));
/*    878 */ #840=AXIS2_PLACEMENT_3D('', #837, #838, #839);
/*    879 */ #841=PLANE('', #840);
/*    880 */ #842=ORIENTED_EDGE('', *, *, #832, .T.);
/*    881 */ #843=CARTESIAN_POINT('', (-0.27,-0.43,3.075));
/*    882 */ #844=VERTEX_POINT('', #843);
/*    883 */ #845=CARTESIAN_POINT('', (-0.27,-1.1308807,3.075));
/*    884 */ #846=DIRECTION('', (0.,1.,0.));
/*    885 */ #847=VECTOR('', #846, 1.);
/*    886 */ #848=LINE('', #845, #847);
/*    887 */ #849=EDGE_CURVE('', #820, #844, #848, .T.);
/*    888 */ #850=ORIENTED_EDGE('', *, *, #849, .T.);
/*    889 */ #851=CARTESIAN_POINT('', (-0.27,-0.43,0.));
/*    890 */ #852=VERTEX_POINT('', #851);
/*    891 */ #853=CARTESIAN_POINT('', (-0.27,-0.43,0.));
/*    892 */ #854=DIRECTION('', (0.,0.,1.));
/*    893 */ #855=VECTOR('', #854, 1.);
/*    894 */ #856=LINE('', #853, #855);
/*    895 */ #857=EDGE_CURVE('', #852, #844, #856, .T.);
/*    896 */ #858=ORIENTED_EDGE('', *, *, #857, .F.);
/*    897 */ #859=CARTESIAN_POINT('', (-0.27,-1.1308807,0.));
/*    898 */ #860=DIRECTION('', (0.,1.,0.));
/*    899 */ #861=VECTOR('', #860, 1.);
/*    900 */ #862=LINE('', #859, #861);
/*    901 */ #863=EDGE_CURVE('', #810, #852, #862, .T.);
/*    902 */ #864=ORIENTED_EDGE('', *, *, #863, .F.);
/*    903 */ #865=EDGE_LOOP('', (#842,#850,#858,#864));
/*    904 */ #866=FACE_BOUND('', #865, .F.);
/*    905 */ #867=ADVANCED_FACE('', (#866), #841, .F.);
/*    906 */ #868=CARTESIAN_POINT('', (-0.12,-0.43,0.));
/*    907 */ #869=DIRECTION('', (0.,0.,-1.));
/*    908 */ #870=DIRECTION('', (1.,0.,0.));
/*    909 */ #871=AXIS2_PLACEMENT_3D('', #868, #869, #870);
/*    910 */ #872=CYLINDRICAL_SURFACE('', #871, 0.15);
/*    911 */ #873=CARTESIAN_POINT('', (-0.12,-0.28,0.));
/*    912 */ #874=VERTEX_POINT('', #873);
/*    913 */ #875=CARTESIAN_POINT('', (-0.12,-0.43,0.));
/*    914 */ #876=DIRECTION('', (0.,0.,1.));
/*    915 */ #877=DIRECTION('', (1.,0.,0.));
/*    916 */ #878=AXIS2_PLACEMENT_3D('', #875, #876, #877);
/*    917 */ #879=CIRCLE('', #878, 0.15);
/*    918 */ #880=EDGE_CURVE('', #874, #852, #879, .T.);
/*    919 */ #881=ORIENTED_EDGE('', *, *, #880, .T.);
/*    920 */ #882=ORIENTED_EDGE('', *, *, #857, .T.);
/*    921 */ #883=CARTESIAN_POINT('', (-0.12,-0.28,3.075));
/*    922 */ #884=VERTEX_POINT('', #883);
/*    923 */ #885=CARTESIAN_POINT('', (-0.12,-0.43,3.075));
/*    924 */ #886=DIRECTION('', (0.,0.,1.));
/*    925 */ #887=DIRECTION('', (1.,0.,0.));
/*    926 */ #888=AXIS2_PLACEMENT_3D('', #885, #886, #887);
/*    927 */ #889=CIRCLE('', #888, 0.15);
/*    928 */ #890=EDGE_CURVE('', #884, #844, #889, .T.);
/*    929 */ #891=ORIENTED_EDGE('', *, *, #890, .F.);
/*    930 */ #892=CARTESIAN_POINT('', (-0.12,-0.28,0.));
/*    931 */ #893=DIRECTION('', (0.,0.,1.));
/*    932 */ #894=VECTOR('', #893, 1.);
/*    933 */ #895=LINE('', #892, #894);
/*    934 */ #896=EDGE_CURVE('', #874, #884, #895, .T.);
/*    935 */ #897=ORIENTED_EDGE('', *, *, #896, .F.);
/*    936 */ #898=EDGE_LOOP('', (#881,#882,#891,#897));
/*    937 */ #899=FACE_BOUND('', #898, .F.);
/*    938 */ #900=ADVANCED_FACE('', (#899), #872, .F.);
/*    939 */ #901=CARTESIAN_POINT('', (-0.12,-0.28,0.));
/*    940 */ #902=DIRECTION('', (0.,1.,0.));
/*    941 */ #903=DIRECTION('', (1.,0.,0.));
/*    942 */ #904=AXIS2_PLACEMENT_3D('', #901, #902, #903);
/*    943 */ #905=PLANE('', #904);
/*    944 */ #906=ORIENTED_EDGE('', *, *, #896, .T.);
/*    945 */ #907=CARTESIAN_POINT('', (0.,-0.28,3.075));
/*    946 */ #908=VERTEX_POINT('', #907);
/*    947 */ #909=CARTESIAN_POINT('', (-0.12,-0.28,3.075));
/*    948 */ #910=DIRECTION('', (1.,0.,0.));
/*    949 */ #911=VECTOR('', #910, 1.);
/*    950 */ #912=LINE('', #909, #911);
/*    951 */ #913=EDGE_CURVE('', #884, #908, #912, .T.);
/*    952 */ #914=ORIENTED_EDGE('', *, *, #913, .T.);
/*    953 */ #915=CARTESIAN_POINT('', (0.,-0.28,0.));
/*    954 */ #916=VERTEX_POINT('', #915);
/*    955 */ #917=CARTESIAN_POINT('', (0.,-0.28,0.));
/*    956 */ #918=DIRECTION('', (0.,0.,1.));
/*    957 */ #919=VECTOR('', #918, 1.);
/*    958 */ #920=LINE('', #917, #919);
/*    959 */ #921=EDGE_CURVE('', #916, #908, #920, .T.);
/*    960 */ #922=ORIENTED_EDGE('', *, *, #921, .F.);
/*    961 */ #923=CARTESIAN_POINT('', (-0.12,-0.28,0.));
/*    962 */ #924=DIRECTION('', (1.,0.,0.));
/*    963 */ #925=VECTOR('', #924, 1.);
/*    964 */ #926=LINE('', #923, #925);
/*    965 */ #927=EDGE_CURVE('', #874, #916, #926, .T.);
/*    966 */ #928=ORIENTED_EDGE('', *, *, #927, .F.);
/*    967 */ #929=EDGE_LOOP('', (#906,#914,#922,#928));
/*    968 */ #930=FACE_BOUND('', #929, .F.);
/*    969 */ #931=ADVANCED_FACE('', (#930), #905, .F.);
/*    970 */ #932=CARTESIAN_POINT('', (0.,-0.28,0.));
/*    971 */ #933=DIRECTION('', (-1.,0.,0.));
/*    972 */ #934=DIRECTION('', (0.,1.,0.));
/*    973 */ #935=AXIS2_PLACEMENT_3D('', #932, #933, #934);
/*    974 */ #936=PLANE('', #935);
/*    975 */ #937=ORIENTED_EDGE('', *, *, #921, .T.);
/*    976 */ #938=CARTESIAN_POINT('', (0.,-0.28,3.075));
/*    977 */ #939=DIRECTION('', (0.,1.,0.));
/*    978 */ #940=VECTOR('', #939, 1.);
/*    979 */ #941=LINE('', #938, #940);
/*    980 */ #942=EDGE_CURVE('', #908, #582, #941, .T.);
/*    981 */ #943=ORIENTED_EDGE('', *, *, #942, .T.);
/*    982 */ #944=ORIENTED_EDGE('', *, *, #587, .F.);
/*    983 */ #945=CARTESIAN_POINT('', (0.,-0.28,0.));
/*    984 */ #946=DIRECTION('', (0.,1.,0.));
/*    985 */ #947=VECTOR('', #946, 1.);
/*    986 */ #948=LINE('', #945, #947);
/*    987 */ #949=EDGE_CURVE('', #916, #580, #948, .T.);
/*    988 */ #950=ORIENTED_EDGE('', *, *, #949, .F.);
/*    989 */ #951=EDGE_LOOP('', (#937,#943,#944,#950));
/*    990 */ #952=FACE_BOUND('', #951, .F.);
/*    991 */ #953=ADVANCED_FACE('', (#952), #936, .F.);
/*    992 */ #954=CARTESIAN_POINT('', (0.,0.,0.));
/*    993 */ #955=DIRECTION('', (0.,0.,1.));
/*    994 */ #956=DIRECTION('', (1.,0.,0.));
/*    995 */ #957=AXIS2_PLACEMENT_3D('', #954, #955, #956);
/*    996 */ #958=PLANE('', #957);
/*    997 */ #959=ORIENTED_EDGE('', *, *, #609, .T.);
/*    998 */ #960=ORIENTED_EDGE('', *, *, #626, .T.);
/*    999 */ #961=ORIENTED_EDGE('', *, *, #673, .T.);
/*   1000 */ #962=ORIENTED_EDGE('', *, *, #690, .T.);
/*   1001 */ #963=ORIENTED_EDGE('', *, *, #737, .T.);
/*   1002 */ #964=ORIENTED_EDGE('', *, *, #768, .T.);
/*   1003 */ #965=ORIENTED_EDGE('', *, *, #799, .T.);
/*   1004 */ #966=ORIENTED_EDGE('', *, *, #816, .F.);
/*   1005 */ #967=ORIENTED_EDGE('', *, *, #863, .T.);
/*   1006 */ #968=ORIENTED_EDGE('', *, *, #880, .F.);
/*   1007 */ #969=ORIENTED_EDGE('', *, *, #927, .T.);
/*   1008 */ #970=ORIENTED_EDGE('', *, *, #949, .T.);
/*   1009 */ #971=EDGE_LOOP('', (#959,#960,#961,#962,#963
/*   1010 */      ,#964,#965,#966,#967,#968
/*   1011 */      ,#969,#970));
/*   1012 */ #972=FACE_BOUND('', #971, .F.);
/*   1013 */ #973=ADVANCED_FACE('', (#972), #958, .F.);
/*   1014 */ #974=CARTESIAN_POINT('', (0.,0.,3.075));
/*   1015 */ #975=DIRECTION('', (0.,0.,1.));
/*   1016 */ #976=DIRECTION('', (1.,0.,0.));
/*   1017 */ #977=AXIS2_PLACEMENT_3D('', #974, #975, #976);
/*   1018 */ #978=PLANE('', #977);
/*   1019 */ #979=ORIENTED_EDGE('', *, *, #595, .T.);
/*   1020 */ #980=ORIENTED_EDGE('', *, *, #641, .T.);
/*   1021 */ #981=ORIENTED_EDGE('', *, *, #659, .T.);
/*   1022 */ #982=ORIENTED_EDGE('', *, *, #705, .T.);
/*   1023 */ #983=ORIENTED_EDGE('', *, *, #723, .T.);
/*   1024 */ #984=ORIENTED_EDGE('', *, *, #754, .T.);
/*   1025 */ #985=ORIENTED_EDGE('', *, *, #785, .T.);
/*   1026 */ #986=ORIENTED_EDGE('', *, *, #826, .F.);
/*   1027 */ #987=ORIENTED_EDGE('', *, *, #849, .T.);
/*   1028 */ #988=ORIENTED_EDGE('', *, *, #890, .F.);
/*   1029 */ #989=ORIENTED_EDGE('', *, *, #913, .T.);
/*   1030 */ #990=ORIENTED_EDGE('', *, *, #942, .T.);
/*   1031 */ #991=EDGE_LOOP('', (#979,#980,#981,#982,#983
/*   1032 */      ,#984,#985,#986,#987,#988
/*   1033 */      ,#989,#990));
/*   1034 */ #992=FACE_BOUND('', #991, .T.);
/*   1035 */ #993=ADVANCED_FACE('', (#992), #978, .T.);
/*   1036 */ #994=CLOSED_SHELL('', (#613,#646,#677,#710,#741,
/*   1037 */      #772,#803,#836,#867,#900,#931,#953,#973,#993));
/*   1038 */ #995=MANIFOLD_SOLID_BREP('', #994);
/*   1039 */ #996=ADVANCED_BREP_SHAPE_REPRESENTATION('3d bound volume shape', (#569,#995), #1023);
/*   1040 */ #998=PRODUCT_DEFINITION_CONTEXT('part definition', #999, 'design');
/*   1041 */ #999=APPLICATION_CONTEXT('package model');
/*   1042 */ #1000=APPLICATION_PROTOCOL_DEFINITION('', 'ap210_electronic_assembly_interconnect_and_packaging_design', 2013, #999);
/*   1043 */ #1001=PRODUCT_DEFINITION_FORMATION('DO-214_AB product definition', $, #1002);
/*   1044 */ #1002=PRODUCT('DO-214_AB', 'DO-214_AB', $, (#1005));
/*   1045 */ #1004=PRODUCT_RELATED_PRODUCT_CATEGORY('part', $, (#1002));
/*   1046 */ #1005=PRODUCT_CONTEXT('', #999, '');
/*   1047 */ #1006=REPRESENTATION_CONTEXT('parameter values', 'parameter');
/*   1048 */ #1007=PRODUCT_SPECIFIC_PARAMETER_VALUE_ASSIGNMENT('Category', $, '', $, (#1002));
/*   1049 */ #1008=PROPERTY_DEFINITION('Category', 'assigned parameter', #1007);
/*   1050 */ #1009=PARAMETER_ASSIGNMENT(#1010, #1009, 'Category', (#1012), #1006);
/*   1051 */ #1010=MODEL_PARAMETER('', 'Category', $);
/*   1052 */ #1011=PROPERTY_DEFINITION_REPRESENTATION(#1008, #1009);
/*   1053 */ #1012=DESCRIPTIVE_REPRESENTATION_ITEM('text', 'DO-214');
/*   1054 */ #1013=PRODUCT_SPECIFIC_PARAMETER_VALUE_ASSIGNMENT('Gage Plane Offset', $, '', $, (#1002));
/*   1055 */ #1014=PROPERTY_DEFINITION('Gage Plane Offset', 'assigned parameter', #1013);
/*   1056 */ #1015=PARAMETER_ASSIGNMENT(#1016, #1015, 'Gage Plane Offset', (#1018), #1006);
/*   1057 */ #1016=MODEL_PARAMETER('', 'Gage Plane Offset', $);
/*   1058 */ #1017=PROPERTY_DEFINITION_REPRESENTATION(#1014, #1015);
/*   1059 */ #1018=MEASURE_REPRESENTATION_ITEM('', LENGTH_MEASURE(0.45), #2);
/*   1060 */ #1021=REPRESENTATION_CONTEXT('description context', 'description');
/*   1061 */ #1022=SHAPE_REPRESENTATION('3d bound volume shape', (#1053,#1079,#1089,#1129), #1023);
/*   1062 */ #1023=(GEOMETRIC_REPRESENTATION_CONTEXT(3)
/*   1063 */        GLOBAL_UNCERTAINTY_ASSIGNED_CONTEXT((#11,#10,#12))
/*   1064 */        GLOBAL_UNIT_ASSIGNED_CONTEXT((#9,#2,#8))
/*   1065 */        REPRESENTATION_CONTEXT('unit_context3D', 'unit_context3D')
/*   1066 */       );
/*   1067 */ #1024=DESCRIPTION_ATTRIBUTE('pu3dsm', #1022);
/*   1068 */ #1025=REPRESENTATION_RELATIONSHIP('', $, #1022, #1026);
/*   1069 */ #1026=REPRESENTATION('', (#1027), #1021);
/*   1070 */ #1027=DESCRIPTIVE_REPRESENTATION_ITEM('design', '');
/*   1071 */ #1028=REPRESENTATION_RELATIONSHIP('shape environment', $, #1022, #1029);
/*   1072 */ #1029=REPRESENTATION('shape environment', (#1030), #1021);
/*   1073 */ #1030=DESCRIPTIVE_REPRESENTATION_ITEM('manufacturing', '');
/*   1074 */ #1031=REPRESENTATION_RELATIONSHIP('shape extent', $, #1022, #1032);
/*   1075 */ #1032=REPRESENTATION('shape extent', (#1033), #1021);
/*   1076 */ #1033=DESCRIPTIVE_REPRESENTATION_ITEM('envelope', '');
/*   1077 */ #1034=REPRESENTATION_RELATIONSHIP('shape material condition', $, #1022, #1035);
/*   1078 */ #1035=REPRESENTATION('shape material condition', (#1036), #1021);
/*   1079 */ #1036=DESCRIPTIVE_REPRESENTATION_ITEM('nominal_material_condition', '');
/*   1080 */ #1037=REPRESENTATION_RELATIONSHIP('shape approximation level', $, #1022, #1038);
/*   1081 */ #1038=REPRESENTATION('shape approximation level', (#1039), #1021);
/*   1082 */ #1039=DESCRIPTIVE_REPRESENTATION_ITEM('is unknown', '');
/*   1083 */ #1040=SHAPE_DEFINITION_REPRESENTATION(#3, #1022);
/*   1084 */ #1041=PACKAGE_BODY('Body', 'part generic feature', #3, .F.);
/*   1085 */ #1042=MATERIAL_DESIGNATION_WITH_CONDUCTIVITY_CLASSIFICATION('unknown non conductive material', (#1041));
/*   1086 */ #1043=APPLIED_CLASSIFICATION_ASSIGNMENT(#1045, #1044, (#1042));
/*   1087 */ #1044=CLASSIFICATION_ROLE('conductive', $);
/*   1088 */ #1045=CLASS('electrical conductivity', 'non conductive');
/*   1089 */ #1046=ID_ATTRIBUTE('electrical conductivity', #1045);
/*   1090 */ #1047=CARTESIAN_POINT('', (0.,0.,0.15));
/*   1091 */ #1048=DIRECTION('', (0.,0.,1.));
/*   1092 */ #1049=DIRECTION('', (1.,0.,0.));
/*   1093 */ #1050=AXIS2_PLACEMENT_3D('', #1047, #1048, #1049);
/*   1094 */ #1051=PROPERTY_DEFINITION('shape for package body', $, #1041);
/*   1095 */ #1052=SHAPE_DEFINITION_REPRESENTATION(#1051, #568);
/*   1096 */ #1053=USAGE_CONCEPT_USAGE_RELATIONSHIP('', #1054, #1050, '', $, #1041, #1022, *);
/*   1097 */ #1054=REPRESENTATION_MAP(#569, #568);
/*   1098 */ #1055=PACKAGE_TERMINAL_TEMPLATE_DEFINITION('Ribbon L - Inward - Rounded', $, 'Ribbon L - Inward - Rounded', $);
/*   1099 */ #1056=PROPERTY_DEFINITION('custom lead form', 'Ribbon L - Inward', #1055);
/*   1100 */ #1057=PROPERTY_DEFINITION('seating plane intersection', 'surface intersection', #1055);
/*   1101 */ #1058=MATERIAL_DESIGNATION_WITH_CONDUCTIVITY_CLASSIFICATION('unknown conductive material', (#1055));
/*   1102 */ #1059=APPLIED_CLASSIFICATION_ASSIGNMENT(#1061, #1060, (#1058));
/*   1103 */ #1060=CLASSIFICATION_ROLE('terminal core material', 'terminal core material');
/*   1104 */ #1061=CLASS('conductive', 'terminal core material');
/*   1105 */ #1062=ID_ATTRIBUTE('conductive', #1061);
/*   1106 */ #1063=MATERIAL_DESIGNATION_WITH_CONDUCTIVITY_CLASSIFICATION('unknown conductive material', (#1055));
/*   1107 */ #1064=APPLIED_CLASSIFICATION_ASSIGNMENT(#1066, #1065, (#1063));
/*   1108 */ #1065=CLASSIFICATION_ROLE('terminal surface material', 'terminal surface material');
/*   1109 */ #1066=CLASS('conductive', 'terminal surface material');
/*   1110 */ #1067=ID_ATTRIBUTE('conductive', #1066);
/*   1111 */ #1068=PACKAGE_TERMINAL('2', 'part generic feature', #3, .F.);
/*   1112 */ #1069=PROPERTY_DEFINITION('terminal definition', $, #1068);
/*   1113 */ #1070=PROPERTY_DEFINITION('terminal definition', $, #1055);
/*   1114 */ #1071=PROPERTY_DEFINITION_RELATIONSHIP('definition', '', #1070, #1069);
/*   1115 */ #1072=CARTESIAN_POINT('', (3.425,-1.5375,1.6275));
/*   1116 */ #1073=DIRECTION('', (1.22464679914735E-16,1.,0.));
/*   1117 */ #1074=DIRECTION('', (-1.,1.22464679914735E-16,0.));
/*   1118 */ #1075=AXIS2_PLACEMENT_3D('', #1072, #1073, #1074);
/*   1119 */ #1076=PRODUCT_DEFINITION_SHAPE('shape for package_terminal', $, #1055);
/*   1120 */ #1077=SHAPE_DEFINITION_REPRESENTATION(#1076, #996);
/*   1121 */ #1078=DESCRIPTION_ATTRIBUTE('part feature template shape model', #996);
/*   1122 */ #1079=USAGE_CONCEPT_USAGE_RELATIONSHIP('', #1080, #1075, '', $, #1068, #1022, *);
/*   1123 */ #1080=REPRESENTATION_MAP(#569, #996);
/*   1124 */ #1081=PRIMARY_REFERENCE_TERMINAL('1', 'part generic feature', #3, .F.);
/*   1125 */ #1082=PROPERTY_DEFINITION('terminal definition', $, #1081);
/*   1126 */ #1083=PROPERTY_DEFINITION('terminal definition', $, #1055);
/*   1127 */ #1084=PROPERTY_DEFINITION_RELATIONSHIP('definition', '', #1083, #1082);
/*   1128 */ #1085=CARTESIAN_POINT('', (-3.425,1.5375,1.6275));
/*   1129 */ #1086=DIRECTION('', (0.,-1.,0.));
/*   1130 */ #1087=DIRECTION('', (1.,0.,0.));
/*   1131 */ #1088=AXIS2_PLACEMENT_3D('', #1085, #1086, #1087);
/*   1132 */ #1089=USAGE_CONCEPT_USAGE_RELATIONSHIP('', #1090, #1088, '', $, #1081, #1022, *);
/*   1133 */ #1090=REPRESENTATION_MAP(#569, #996);
/*   1134 */ #1116=SEATING_PLANE('seating plane', 'seating plane feature', #3, .F.);
/*   1135 */ #1117=SHAPE_REPRESENTATION('', (#1122,#1126), #1023);
/*   1136 */ #1118=CARTESIAN_POINT('', (0.,0.,0.));
/*   1137 */ #1119=DIRECTION('', (0.,0.,1.));
/*   1138 */ #1120=DIRECTION('', (1.,0.,0.));
/*   1139 */ #1121=AXIS2_PLACEMENT_3D('', #1118, #1119, #1120);
/*   1140 */ #1122=PLANE('', #1121);
/*   1141 */ #1123=CARTESIAN_POINT('', (0.,0.,0.));
/*   1142 */ #1124=DIRECTION('', (0.,0.,1.));
/*   1143 */ #1125=DIRECTION('', (1.,0.,0.));
/*   1144 */ #1126=AXIS2_PLACEMENT_3D('', #1123, #1124, #1125);
/*   1145 */ #1127=PROPERTY_DEFINITION('shape for seating plane', $, #1116);
/*   1146 */ #1128=SHAPE_DEFINITION_REPRESENTATION(#1127, #1117);
/*   1147 */ #1129=USAGE_CONCEPT_USAGE_RELATIONSHIP('', #1130, #569, '', $, #1116, #1022, *);
/*   1148 */ #1130=REPRESENTATION_MAP(#1126, #1117);
/*   1149 */ #1131=FOOTPRINT_DEFINITION('Footprint', $, #1136, #1132, '', $, *);
/*   1150 */ #1132=PRODUCT_DEFINITION_CONTEXT('part definition', #999, 'design');
/*   1151 */ #1133=PRODUCT_DEFINITION_CONTEXT_ASSOCIATION(#1131, #1135, #1134);
/*   1152 */ #1134=PRODUCT_DEFINITION_CONTEXT_ROLE('part definition type', $);
/*   1153 */ #1135=PRODUCT_DEFINITION_CONTEXT('template definition', #999, 'design');
/*   1154 */ #1136=PRODUCT_DEFINITION_FORMATION('1', $, #1137);
/*   1155 */ #1137=PRODUCT('Footprint', 'template', $, (#1139));
/*   1156 */ #1138=PRODUCT_RELATED_PRODUCT_CATEGORY('template model', $, (#1137));
/*   1157 */ #1139=PRODUCT_CONTEXT('template model', #999, '');
/*   1158 */ #1140=PROPERTY_DEFINITION('location', 'top', #1131);
/*   1159 */ #1141=SHAPE_REPRESENTATION('ppsm', (#1143), #13);
/*   1160 */ #1142=DESCRIPTION_ATTRIBUTE('footprint definition shape model', #1141);
/*   1161 */ #1143=AXIS2_PLACEMENT_2D('origin', #1144, #1145);
/*   1162 */ #1144=CARTESIAN_POINT('', (0.,0.));
/*   1163 */ #1145=DIRECTION('', (1.,0.));
/*   1164 */ #1146=SHAPE_DEFINITION_REPRESENTATION(#1131, #1141);
/*   1165 */ #1147=PROPERTY_DEFINITION_RELATIONSHIP('reference package', '', #3, #1131);
/*   1166 */ #1148=SHAPE_REPRESENTATION('ppsm', (#1149,#1175,#1187), #13);
/*   1167 */ #1149=AXIS2_PLACEMENT_2D('origin', #1150, #1151);
/*   1168 */ #1150=CARTESIAN_POINT('', (0.,0.));
/*   1169 */ #1151=DIRECTION('', (1.,0.));
/*   1170 */ #1165=(GEOMETRIC_REPRESENTATION_CONTEXT(2)
/*   1171 */        GLOBAL_UNCERTAINTY_ASSIGNED_CONTEXT((#11,#10,#12))
/*   1172 */        GLOBAL_UNIT_ASSIGNED_CONTEXT((#9,#2,#8))
/*   1173 */        REPRESENTATION_CONTEXT('unit_context2D', 'unit_context2D')
/*   1174 */       );
/*   1175 */ #1166=CSG_PRIMITIVE_SOLID_2D('', #1167);
/*   1176 */ #1167=RECTANGULAR_AREA('', #1170, 1.14885, 3.075);
/*   1177 */ #1168=CARTESIAN_POINT('', (3.399425,0.));
/*   1178 */ #1169=DIRECTION('', (1.,0.));
/*   1179 */ #1170=AXIS2_PLACEMENT_2D('', #1168, #1169);
/*   1180 */ #1171=SINGLE_BOUNDARY_CSG_2D_SHAPE_REPRESENTATION('ppsm', (#1166,#1174), #1165);
/*   1181 */ #1172=CARTESIAN_POINT('', (0.,0.));
/*   1182 */ #1173=DIRECTION('', (1.,0.));
/*   1183 */ #1174=AXIS2_PLACEMENT_2D('', #1172, #1173);
/*   1184 */ #1175=USAGE_CONCEPT_USAGE_RELATIONSHIP('', #1176, #1149, '', $, #1068, #1148, *);
/*   1185 */ #1176=REPRESENTATION_MAP(#1174, #1171);
/*   1186 */ #1177=(GEOMETRIC_REPRESENTATION_CONTEXT(2)
/*   1187 */        GLOBAL_UNCERTAINTY_ASSIGNED_CONTEXT((#11,#10,#12))
/*   1188 */        GLOBAL_UNIT_ASSIGNED_CONTEXT((#9,#2,#8))
/*   1189 */        REPRESENTATION_CONTEXT('unit_context2D', 'unit_context2D')
/*   1190 */       );
/*   1191 */ #1178=CSG_PRIMITIVE_SOLID_2D('', #1179);
/*   1192 */ #1179=RECTANGULAR_AREA('', #1182, 1.14885, 3.075);
/*   1193 */ #1180=CARTESIAN_POINT('', (-3.399425,0.));
/*   1194 */ #1181=DIRECTION('', (1.,0.));
/*   1195 */ #1182=AXIS2_PLACEMENT_2D('', #1180, #1181);
/*   1196 */ #1183=SINGLE_BOUNDARY_CSG_2D_SHAPE_REPRESENTATION('ppsm', (#1178,#1186), #1177);
/*   1197 */ #1184=CARTESIAN_POINT('', (0.,0.));
/*   1198 */ #1185=DIRECTION('', (1.,0.));
/*   1199 */ #1186=AXIS2_PLACEMENT_2D('', #1184, #1185);
/*   1200 */ #1187=USAGE_CONCEPT_USAGE_RELATIONSHIP('', #1188, #1149, '', $, #1081, #1148, *);
/*   1201 */ #1188=REPRESENTATION_MAP(#1186, #1183);
/*   1202 */ #1189=DESCRIPTION_ATTRIBUTE('pupsm', #1148);
/*   1203 */ #1190=ID_ATTRIBUTE('contacts_representation', #1148);
/*   1204 */ #1191=SHAPE_DEFINITION_REPRESENTATION(#3, #1148);
/*   1205 */ #1192=REPRESENTATION_RELATIONSHIP('predefined shape purpose', $, #1148, #1193);
/*   1206 */ #1193=REPRESENTATION('predefined shape purpose', (#1194), #1021);
/*   1207 */ #1194=DESCRIPTIVE_REPRESENTATION_ITEM('physical extent', 'contacts');
/*   1208 */ #1195=REPRESENTATION_RELATIONSHIP('shape environment', $, #1148, #1196);
/*   1209 */ #1196=REPRESENTATION('shape environment', (#1197), #1021);
/*   1210 */ #1197=DESCRIPTIVE_REPRESENTATION_ITEM('manufacturing', '');
/*   1211 */ #1198=REPRESENTATION_RELATIONSHIP('shape extent', $, #1148, #1199);
/*   1212 */ #1199=REPRESENTATION('shape extent', (#1200), #1021);
/*   1213 */ #1200=DESCRIPTIVE_REPRESENTATION_ITEM('envelope', '');
/*   1214 */ #1201=REPRESENTATION_RELATIONSHIP('shape material condition', $, #1148, #1202);
/*   1215 */ #1202=REPRESENTATION('shape material condition', (#1203), #1021);
/*   1216 */ #1203=DESCRIPTIVE_REPRESENTATION_ITEM('nominal_material_condition', '');
/*   1217 */ #1204=REPRESENTATION_RELATIONSHIP('shape approximation level', $, #1148, #1205);
/*   1218 */ #1205=REPRESENTATION('shape approximation level', (#1206), #1021);
/*   1219 */ #1206=DESCRIPTIVE_REPRESENTATION_ITEM('is unknown', '');
/*   1220 */ #1207=COORDINATED_GEOMETRIC_RELATIONSHIP_WITH_2D_3D_PLACEMENT_TRANSFORMATION('', $, #7, #1022, #1208);
/*   1221 */ #1208=AXIS_PLACEMENT_2D_3D_MAPPING('', $, #6, #1126);
/*   1222 */ #1209=PRODUCT_DEFINITION_CONTEXT('physical design usage', #999, 'design');
/*   1223 */ #1210=PRODUCT_DEFINITION_CONTEXT_ASSOCIATION(#3, #1209, #1211);
/*   1224 */ #1211=PRODUCT_DEFINITION_CONTEXT_ROLE('part definition type', $);
/*   1225 */ #1212=SHAPE_ASPECT('', $, #3, .T.);
/*   1226 */ #1213=ID_ATTRIBUTE('terminal thickness pin 1', #1212);
/*   1227 */ #1215=SHAPE_ASPECT('', $, #3, .T.);
/*   1228 */ #1216=ID_ATTRIBUTE('terminal thickness pin 2', #1215);
/*   1229 */ #1218=SHAPE_ASPECT('', $, #3, .T.);
/*   1230 */ #1219=ID_ATTRIBUTE('terminal bottom pin 1', #1218);
/*   1231 */ #1221=SHAPE_ASPECT('', $, #3, .T.);
/*   1232 */ #1222=ID_ATTRIBUTE('terminal bottom pin 2', #1221);
/*   1233 */ #1224=SHAPE_ASPECT('', $, #3, .T.);
/*   1234 */ #1225=ID_ATTRIBUTE('body width f2', #1224);
/*   1235 */ #1227=SHAPE_ASPECT('', $, #3, .T.);
/*   1236 */ #1228=ID_ATTRIBUTE('terminal outside pin 1', #1227);
/*   1237 */ #1230=SHAPE_ASPECT('', $, #3, .T.);
/*   1238 */ #1231=ID_ATTRIBUTE('terminal outside pin 2', #1230);
/*   1239 */ #1233=SHAPE_ASPECT('', $, #3, .T.);
/*   1240 */ #1234=ID_ATTRIBUTE('body top', #1233);
/*   1241 */ #1236=SHAPE_ASPECT('', $, #3, .T.);
/*   1242 */ #1237=ID_ATTRIBUTE('body bottom', #1236);
/*   1243 */ #1239=SHAPE_ASPECT('', $, #3, .T.);
/*   1244 */ #1240=ID_ATTRIBUTE('body length f1', #1239);
/*   1245 */ #1242=SHAPE_ASPECT('', $, #3, .T.);
/*   1246 */ #1243=ID_ATTRIBUTE('body width f1', #1242);
/*   1247 */ #1245=SHAPE_ASPECT('', $, #3, .T.);
/*   1248 */ #1246=ID_ATTRIBUTE('body length f2', #1245);
/*   1249 */ #1248=SHAPE_ASPECT('', 'unified geometric item', #3, .T.);
/*   1250 */ #1249=ID_ATTRIBUTE('body step', #1248);
/*   1251 */ #1252=SHAPE_ASPECT('', $, #3, .T.);
/*   1252 */ #1253=ID_ATTRIBUTE('terminal width f1 pin 1', #1252);
/*   1253 */ #1255=SHAPE_ASPECT('', $, #3, .T.);
/*   1254 */ #1256=ID_ATTRIBUTE('terminal width f1 pin 2', #1255);
/*   1255 */ #1258=SHAPE_ASPECT('', $, #3, .T.);
/*   1256 */ #1259=ID_ATTRIBUTE('terminal width f2 pin 1', #1258);
/*   1257 */ #1261=SHAPE_ASPECT('', $, #3, .T.);
/*   1258 */ #1262=ID_ATTRIBUTE('terminal width f2 pin 2', #1261);
/*   1259 */ #1264=(COMPOSITE_SHAPE_ASPECT()
/*   1260 */        COMPOSITE_UNIT_SHAPE_ASPECT()
/*   1261 */        DATUM_FEATURE()
/*   1262 */        DIMENSIONAL_SIZE(#1264, 'length')
/*   1263 */        DIMENSIONAL_SIZE_WITH_DATUM_FEATURE()
/*   1264 */        SHAPE_ASPECT('shape_aspect_1264', 'feature of size', #3, .T.)
/*   1265 */        SYMMETRIC_SHAPE_ASPECT()
/*   1266 */       );
/*   1267 */ #1265=ID_ATTRIBUTE('dimension D and datum feature A', #1264);
/*   1268 */ #1266=SHAPE_ASPECT_RELATIONSHIP('', $, #1264, #1242);
/*   1269 */ #1267=SHAPE_ASPECT_RELATIONSHIP('', $, #1264, #1224);
/*   1270 */ #1268=DIMENSIONAL_CHARACTERISTIC_REPRESENTATION(#1264, #1269);
/*   1271 */ #1269=SHAPE_DIMENSION_REPRESENTATION('', (#1272,#1275,#1277), #1270);
/*   1272 */ #1270=REPRESENTATION_CONTEXT('dimension context', 'dimension');
/*   1273 */ #1271=ID_ATTRIBUTE('D', #1269);
/*   1274 */ #1272=(LENGTH_MEASURE_WITH_UNIT()
/*   1275 */        MEASURE_REPRESENTATION_ITEM()
/*   1276 */        MEASURE_WITH_UNIT(LENGTH_MEASURE(5.9), #1273)
/*   1277 */        QUALIFIED_REPRESENTATION_ITEM((#1274))
/*   1278 */        REPRESENTATION_ITEM('')
/*   1279 */       );
/*   1280 */ #1273=(LENGTH_UNIT()
/*   1281 */        NAMED_UNIT(*)
/*   1282 */        SI_UNIT(.MILLI., .METRE.)
/*   1283 */       );
/*   1284 */ #1274=TYPE_QUALIFIER('average');
/*   1285 */ #1275=(LENGTH_MEASURE_WITH_UNIT()
/*   1286 */        MEASURE_REPRESENTATION_ITEM()
/*   1287 */        MEASURE_WITH_UNIT(LENGTH_MEASURE(6.25), #1273)
/*   1288 */        QUALIFIED_REPRESENTATION_ITEM((#1276))
/*   1289 */        REPRESENTATION_ITEM('')
/*   1290 */       );
/*   1291 */ #1276=TYPE_QUALIFIER('maximum');
/*   1292 */ #1277=(LENGTH_MEASURE_WITH_UNIT()
/*   1293 */        MEASURE_REPRESENTATION_ITEM()
/*   1294 */        MEASURE_WITH_UNIT(LENGTH_MEASURE(5.55), #1273)
/*   1295 */        QUALIFIED_REPRESENTATION_ITEM((#1278))
/*   1296 */        REPRESENTATION_ITEM('')
/*   1297 */       );
/*   1298 */ #1278=TYPE_QUALIFIER('minimum');
/*   1299 */ #1279=DATUM('', 'plane', #3, .F., 'A');
/*   1300 */ #1280=SHAPE_ASPECT_RELATIONSHIP('', $, #1264, #1279);
/*   1301 */ #1281=(COMPOSITE_SHAPE_ASPECT()
/*   1302 */        COMPOSITE_UNIT_SHAPE_ASPECT()
/*   1303 */        DATUM_FEATURE()
/*   1304 */        DIMENSIONAL_SIZE(#1281, 'length')
/*   1305 */        DIMENSIONAL_SIZE_WITH_DATUM_FEATURE()
/*   1306 */        SHAPE_ASPECT('shape_aspect_1281', 'feature of size', #3, .T.)
/*   1307 */        SYMMETRIC_SHAPE_ASPECT()
/*   1308 */       );
/*   1309 */ #1282=ID_ATTRIBUTE('dimension E1 and datum feature B', #1281);
/*   1310 */ #1283=SHAPE_ASPECT_RELATIONSHIP('', $, #1281, #1239);
/*   1311 */ #1284=SHAPE_ASPECT_RELATIONSHIP('', $, #1281, #1245);
/*   1312 */ #1285=DIMENSIONAL_CHARACTERISTIC_REPRESENTATION(#1281, #1286);
/*   1313 */ #1286=SHAPE_DIMENSION_REPRESENTATION('', (#1288,#1290,#1292), #1270);
/*   1314 */ #1287=ID_ATTRIBUTE('E1', #1286);
/*   1315 */ #1288=(LENGTH_MEASURE_WITH_UNIT()
/*   1316 */        MEASURE_REPRESENTATION_ITEM()
/*   1317 */        MEASURE_WITH_UNIT(LENGTH_MEASURE(6.6), #1273)
/*   1318 */        QUALIFIED_REPRESENTATION_ITEM((#1289))
/*   1319 */        REPRESENTATION_ITEM('')
/*   1320 */       );
/*   1321 */ #1289=TYPE_QUALIFIER('minimum');
/*   1322 */ #1290=(LENGTH_MEASURE_WITH_UNIT()
/*   1323 */        MEASURE_REPRESENTATION_ITEM()
/*   1324 */        MEASURE_WITH_UNIT(LENGTH_MEASURE(6.85), #1273)
/*   1325 */        QUALIFIED_REPRESENTATION_ITEM((#1291))
/*   1326 */        REPRESENTATION_ITEM('')
/*   1327 */       );
/*   1328 */ #1291=TYPE_QUALIFIER('average');
/*   1329 */ #1292=(LENGTH_MEASURE_WITH_UNIT()
/*   1330 */        MEASURE_REPRESENTATION_ITEM()
/*   1331 */        MEASURE_WITH_UNIT(LENGTH_MEASURE(7.15), #1273)
/*   1332 */        QUALIFIED_REPRESENTATION_ITEM((#1293))
/*   1333 */        REPRESENTATION_ITEM('')
/*   1334 */       );
/*   1335 */ #1293=TYPE_QUALIFIER('maximum');
/*   1336 */ #1294=DATUM('', 'plane', #3, .F., 'B');
/*   1337 */ #1295=SHAPE_ASPECT_RELATIONSHIP('', $, #1281, #1294);
/*   1338 */ #1296=(COMPOSITE_SHAPE_ASPECT()
/*   1339 */        COMPOSITE_UNIT_SHAPE_ASPECT()
/*   1340 */        DATUM_FEATURE()
/*   1341 */        SHAPE_ASPECT('shape_aspect_1296', $, #3, .T.)
/*   1342 */       );
/*   1343 */ #1297=ID_ATTRIBUTE('bottom all pins', #1296);
/*   1344 */ #1298=SHAPE_ASPECT_RELATIONSHIP('', $, #1296, #1221);
/*   1345 */ #1299=SHAPE_ASPECT_RELATIONSHIP('', $, #1296, #1218);
/*   1346 */ #1300=(DERIVED_SHAPE_ASPECT()
/*   1347 */        SEATING_PLANE()
/*   1348 */        SHAPE_ASPECT('tangent plane', $, #3, .T.)
/*   1349 */        TANGENT()
/*   1350 */       );
/*   1351 */ #1301=ID_ATTRIBUTE('tangent to datum feature C', #1300);
/*   1352 */ #1302=PLANE('', #1303);
/*   1353 */ #1303=AXIS2_PLACEMENT_3D('', #1304, #1305, #1306);
/*   1354 */ #1304=CARTESIAN_POINT('', (0.,0.,0.));
/*   1355 */ #1305=DIRECTION('', (0.,0.,1.));
/*   1356 */ #1306=DIRECTION('', (1.,0.,0.));
/*   1357 */ #1307=CONSTRUCTIVE_GEOMETRY_REPRESENTATION('', (#1302,#1329,#1348,#1361), #1023);
/*   1358 */ #1308=CONSTRUCTIVE_GEOMETRY_REPRESENTATION_RELATIONSHIP('', $, #1022, #1307);
/*   1359 */ #1309=GEOMETRIC_ITEM_SPECIFIC_USAGE('', $, #1300, #1307, #1302);
/*   1360 */ #1310=SHAPE_ASPECT_DERIVING_RELATIONSHIP('', $, #1300, #1296);
/*   1361 */ #1311=DATUM('', 'plane', #3, .F., 'C');
/*   1362 */ #1312=SHAPE_ASPECT_RELATIONSHIP('', $, #1296, #1311);
/*   1363 */ #1313=DIMENSIONAL_SIZE(#1314, 'length');
/*   1364 */ #1314=(COMPOSITE_SHAPE_ASPECT()
/*   1365 */        COMPOSITE_UNIT_SHAPE_ASPECT()
/*   1366 */        SHAPE_ASPECT('shape_aspect_1314', 'feature of size', #3, .T.)
/*   1367 */        SYMMETRIC_SHAPE_ASPECT()
/*   1368 */       );
/*   1369 */ #1315=ID_ATTRIBUTE('dim E feature of size', #1314);
/*   1370 */ #1316=SHAPE_ASPECT_RELATIONSHIP('', $, #1314, #1230);
/*   1371 */ #1317=SHAPE_ASPECT_RELATIONSHIP('', $, #1314, #1227);
/*   1372 */ #1318=DIMENSIONAL_CHARACTERISTIC_REPRESENTATION(#1313, #1319);
/*   1373 */ #1319=SHAPE_DIMENSION_REPRESENTATION('', (#1321,#1323,#1325), #1270);
/*   1374 */ #1320=ID_ATTRIBUTE('E', #1319);
/*   1375 */ #1321=(LENGTH_MEASURE_WITH_UNIT()
/*   1376 */        MEASURE_REPRESENTATION_ITEM()
/*   1377 */        MEASURE_WITH_UNIT(LENGTH_MEASURE(7.95), #1273)
/*   1378 */        QUALIFIED_REPRESENTATION_ITEM((#1322))
/*   1379 */        REPRESENTATION_ITEM('')
/*   1380 */       );
/*   1381 */ #1322=TYPE_QUALIFIER('average');
/*   1382 */ #1323=(LENGTH_MEASURE_WITH_UNIT()
/*   1383 */        MEASURE_REPRESENTATION_ITEM()
/*   1384 */        MEASURE_WITH_UNIT(LENGTH_MEASURE(8.15), #1273)
/*   1385 */        QUALIFIED_REPRESENTATION_ITEM((#1324))
/*   1386 */        REPRESENTATION_ITEM('')
/*   1387 */       );
/*   1388 */ #1324=TYPE_QUALIFIER('maximum');
/*   1389 */ #1325=(LENGTH_MEASURE_WITH_UNIT()
/*   1390 */        MEASURE_REPRESENTATION_ITEM()
/*   1391 */        MEASURE_WITH_UNIT(LENGTH_MEASURE(7.75), #1273)
/*   1392 */        QUALIFIED_REPRESENTATION_ITEM((#1326))
/*   1393 */        REPRESENTATION_ITEM('')
/*   1394 */       );
/*   1395 */ #1326=TYPE_QUALIFIER('minimum');
/*   1396 */ #1327=CENTRE_OF_SYMMETRY('centre plane', $, #3, .F.);
/*   1397 */ #1328=ID_ATTRIBUTE('dim E centre_of_symmetry', #1327);
/*   1398 */ #1329=PLANE('', #1330);
/*   1399 */ #1330=AXIS2_PLACEMENT_3D('', #1331, #1332, #1333);
/*   1400 */ #1331=CARTESIAN_POINT('', (0.,0.,0.));
/*   1401 */ #1332=DIRECTION('', (0.,1.,0.));
/*   1402 */ #1333=DIRECTION('', (1.,0.,0.));
/*   1403 */ #1334=GEOMETRIC_ITEM_SPECIFIC_USAGE('', $, #1327, #1307, #1329);
/*   1404 */ #1335=SHAPE_ASPECT_DERIVING_RELATIONSHIP('', $, #1327, #1314);
/*   1405 */ #1336=(GEOMETRIC_TOLERANCE('dim E center position', $, #1341, #1327)
/*   1406 */        GEOMETRIC_TOLERANCE_WITH_DATUM_REFERENCE((#1337))
/*   1407 */        MODIFIED_GEOMETRIC_TOLERANCE(.LEAST_MATERIAL_CONDITION.)
/*   1408 */        POSITION_TOLERANCE()
/*   1409 */       );
/*   1410 */ #1337=DATUM_SYSTEM('datum system of dim E center position',$,#3,.F.,(#1338,#1339,
/*   1411 */      #1340));
/*   1412 */ #1338=DATUM_REFERENCE_COMPARTMENT('',$,#3,.F.,#1311,(SIMPLE_DATUM_REFERENCE_MODIFIER(
/*   1413 */      .MAXIMUM_MATERIAL_REQUIREMENT.)));
/*   1414 */ #1339=DATUM_REFERENCE_COMPARTMENT('',$,#3,.F.,#1294,$);
/*   1415 */ #1340=DATUM_REFERENCE_COMPARTMENT('',$,#3,.F.,#1279,$);
/*   1416 */ #1341=LENGTH_MEASURE_WITH_UNIT(LENGTH_MEASURE(0.13), #1273);
/*   1417 */ #1342=(COMPOSITE_SHAPE_ASPECT()
/*   1418 */        COMPOSITE_UNIT_SHAPE_ASPECT()
/*   1419 */        SHAPE_ASPECT('shape_aspect_1342', 'feature of size', #3, .T.)
/*   1420 */        SYMMETRIC_SHAPE_ASPECT()
/*   1421 */       );
/*   1422 */ #1343=ID_ATTRIBUTE('pin 1 width feature of size', #1342);
/*   1423 */ #1344=SHAPE_ASPECT_RELATIONSHIP('', $, #1342, #1252);
/*   1424 */ #1345=SHAPE_ASPECT_RELATIONSHIP('', $, #1342, #1258);
/*   1425 */ #1346=CENTRE_OF_SYMMETRY('centre plane', $, #3, .F.);
/*   1426 */ #1347=ID_ATTRIBUTE('pin 1 centre_of_symmetry', #1346);
/*   1427 */ #1348=PLANE('', #1349);
/*   1428 */ #1349=AXIS2_PLACEMENT_3D('', #1350, #1351, #1352);
/*   1429 */ #1350=CARTESIAN_POINT('', (0.,0.95,0.));
/*   1430 */ #1351=DIRECTION('', (0.,1.,0.));
/*   1431 */ #1352=DIRECTION('', (1.,0.,0.));
/*   1432 */ #1353=GEOMETRIC_ITEM_SPECIFIC_USAGE('', $, #1346, #1307, #1348);
/*   1433 */ #1354=SHAPE_ASPECT_DERIVING_RELATIONSHIP('', $, #1346, #1342);
/*   1434 */ #1355=(COMPOSITE_SHAPE_ASPECT()
/*   1435 */        COMPOSITE_UNIT_SHAPE_ASPECT()
/*   1436 */        SHAPE_ASPECT('shape_aspect_1355', 'feature of size', #3, .T.)
/*   1437 */        SYMMETRIC_SHAPE_ASPECT()
/*   1438 */       );
/*   1439 */ #1356=ID_ATTRIBUTE('pin 2 width feature of size', #1355);
/*   1440 */ #1357=SHAPE_ASPECT_RELATIONSHIP('', $, #1355, #1261);
/*   1441 */ #1358=SHAPE_ASPECT_RELATIONSHIP('', $, #1355, #1255);
/*   1442 */ #1359=CENTRE_OF_SYMMETRY('centre plane', $, #3, .F.);
/*   1443 */ #1360=ID_ATTRIBUTE('pin 2 centre_of_symmetry', #1359);
/*   1444 */ #1361=PLANE('', #1362);
/*   1445 */ #1362=AXIS2_PLACEMENT_3D('', #1363, #1364, #1365);
/*   1446 */ #1363=CARTESIAN_POINT('', (0.,-0.95,0.));
/*   1447 */ #1364=DIRECTION('', (0.,1.,0.));
/*   1448 */ #1365=DIRECTION('', (1.,0.,0.));
/*   1449 */ #1366=GEOMETRIC_ITEM_SPECIFIC_USAGE('', $, #1359, #1307, #1361);
/*   1450 */ #1367=SHAPE_ASPECT_DERIVING_RELATIONSHIP('', $, #1359, #1355);
/*   1451 */ #1368=COMPOSITE_GROUP_SHAPE_ASPECT('', 'multiple elements', #3, .T.);
/*   1452 */ #1369=ID_ATTRIBUTE('all pins centres', #1368);
/*   1453 */ #1370=SHAPE_ASPECT_RELATIONSHIP('', $, #1368, #1346);
/*   1454 */ #1371=SHAPE_ASPECT_RELATIONSHIP('', $, #1368, #1359);
/*   1455 */ #1372=(GEOMETRIC_TOLERANCE('terminal centre plane position', $, #1377, #1368)
/*   1456 */        GEOMETRIC_TOLERANCE_WITH_DATUM_REFERENCE((#1373))
/*   1457 */        MODIFIED_GEOMETRIC_TOLERANCE(.LEAST_MATERIAL_CONDITION.)
/*   1458 */        POSITION_TOLERANCE()
/*   1459 */       );
/*   1460 */ #1373=DATUM_SYSTEM('datum system of terminal centre plane position',$,#3,.F.,(#1374,
/*   1461 */      #1375,#1376));
/*   1462 */ #1374=DATUM_REFERENCE_COMPARTMENT('',$,#3,.F.,#1311,
/*   1463 */      $);
/*   1464 */ #1375=DATUM_REFERENCE_COMPARTMENT('',$,#3,.F.,#1279,
/*   1465 */      $);
/*   1466 */ #1376=DATUM_REFERENCE_COMPARTMENT('',$,#3,.F.,#1294,
/*   1467 */      $);
/*   1468 */ #1377=LENGTH_MEASURE_WITH_UNIT(LENGTH_MEASURE(0.13), #1273);
/*   1469 */ #1378=COMPOSITE_GROUP_SHAPE_ASPECT('', 'multiple elements', #3, .T.);
/*   1470 */ #1379=ID_ATTRIBUTE('all pins width feature of size', #1378);
/*   1471 */ #1380=SHAPE_ASPECT_RELATIONSHIP('', $, #1378, #1355);
/*   1472 */ #1381=SHAPE_ASPECT_RELATIONSHIP('', $, #1378, #1342);
/*   1473 */ #1382=DIMENSIONAL_SIZE(#1378, 'length');
/*   1474 */ #1383=DIMENSIONAL_CHARACTERISTIC_REPRESENTATION(#1382, #1384);
/*   1475 */ #1384=SHAPE_DIMENSION_REPRESENTATION('', (#1386,#1388), #1270);
/*   1476 */ #1385=ID_ATTRIBUTE('b', #1384);
/*   1477 */ #1386=(LENGTH_MEASURE_WITH_UNIT()
/*   1478 */        MEASURE_REPRESENTATION_ITEM()
/*   1479 */        MEASURE_WITH_UNIT(LENGTH_MEASURE(2.9), #1273)
/*   1480 */        QUALIFIED_REPRESENTATION_ITEM((#1387))
/*   1481 */        REPRESENTATION_ITEM('')
/*   1482 */       );
/*   1483 */ #1387=TYPE_QUALIFIER('minimum');
/*   1484 */ #1388=(LENGTH_MEASURE_WITH_UNIT()
/*   1485 */        MEASURE_REPRESENTATION_ITEM()
/*   1486 */        MEASURE_WITH_UNIT(LENGTH_MEASURE(3.2), #1273)
/*   1487 */        QUALIFIED_REPRESENTATION_ITEM((#1389))
/*   1488 */        REPRESENTATION_ITEM('')
/*   1489 */       );
/*   1490 */ #1389=TYPE_QUALIFIER('maximum');
/*   1491 */ #1390=(COMPOSITE_SHAPE_ASPECT()
/*   1492 */        COMPOSITE_UNIT_SHAPE_ASPECT()
/*   1493 */        SHAPE_ASPECT('shape_aspect_1390', 'feature of size', #3, .T.)
/*   1494 */        SYMMETRIC_SHAPE_ASPECT()
/*   1495 */       );
/*   1496 */ #1391=ID_ATTRIBUTE('pin 2 thickness feature of size', #1390);
/*   1497 */ #1392=SHAPE_ASPECT_RELATIONSHIP('', $, #1390, #1215);
/*   1498 */ #1393=SHAPE_ASPECT_RELATIONSHIP('', $, #1390, #1221);
/*   1499 */ #1394=(COMPOSITE_SHAPE_ASPECT()
/*   1500 */        COMPOSITE_UNIT_SHAPE_ASPECT()
/*   1501 */        SHAPE_ASPECT('shape_aspect_1394', 'feature of size', #3, .T.)
/*   1502 */        SYMMETRIC_SHAPE_ASPECT()
/*   1503 */       );
/*   1504 */ #1395=ID_ATTRIBUTE('pin 1 thickness feature of size', #1394);
/*   1505 */ #1396=SHAPE_ASPECT_RELATIONSHIP('', $, #1394, #1212);
/*   1506 */ #1397=SHAPE_ASPECT_RELATIONSHIP('', $, #1394, #1218);
/*   1507 */ #1398=COMPOSITE_GROUP_SHAPE_ASPECT('', 'multiple elements', #3, .T.);
/*   1508 */ #1399=ID_ATTRIBUTE('all pins thickness feature of size', #1398);
/*   1509 */ #1400=SHAPE_ASPECT_RELATIONSHIP('', $, #1398, #1394);
/*   1510 */ #1401=SHAPE_ASPECT_RELATIONSHIP('', $, #1398, #1390);
/*   1511 */ #1402=DIMENSIONAL_SIZE(#1398, 'length');
/*   1512 */ #1403=DIMENSIONAL_CHARACTERISTIC_REPRESENTATION(#1402, #1404);
/*   1513 */ #1404=SHAPE_DIMENSION_REPRESENTATION('', (#1406,#1408), #1270);
/*   1514 */ #1405=ID_ATTRIBUTE('c', #1404);
/*   1515 */ #1406=(LENGTH_MEASURE_WITH_UNIT()
/*   1516 */        MEASURE_REPRESENTATION_ITEM()
/*   1517 */        MEASURE_WITH_UNIT(LENGTH_MEASURE(0.41), #1273)
/*   1518 */        QUALIFIED_REPRESENTATION_ITEM((#1407))
/*   1519 */        REPRESENTATION_ITEM('')
/*   1520 */       );
/*   1521 */ #1407=TYPE_QUALIFIER('maximum');
/*   1522 */ #1408=(LENGTH_MEASURE_WITH_UNIT()
/*   1523 */        MEASURE_REPRESENTATION_ITEM()
/*   1524 */        MEASURE_WITH_UNIT(LENGTH_MEASURE(0.15), #1273)
/*   1525 */        QUALIFIED_REPRESENTATION_ITEM((#1409))
/*   1526 */        REPRESENTATION_ITEM('')
/*   1527 */       );
/*   1528 */ #1409=TYPE_QUALIFIER('minimum');
/*   1529 */ #1410=DIMENSIONAL_SIZE(#1411, 'length');
/*   1530 */ #1411=(COMPOSITE_SHAPE_ASPECT()
/*   1531 */        COMPOSITE_UNIT_SHAPE_ASPECT()
/*   1532 */        SHAPE_ASPECT('shape_aspect_1411', 'feature of size', #3, .T.)
/*   1533 */        SYMMETRIC_SHAPE_ASPECT()
/*   1534 */       );
/*   1535 */ #1412=ID_ATTRIBUTE('dim A1 feature of size', #1411);
/*   1536 */ #1413=SHAPE_ASPECT_RELATIONSHIP('', $, #1411, #1233);
/*   1537 */ #1414=SHAPE_ASPECT_RELATIONSHIP('', $, #1411, #1236);
/*   1538 */ #1415=DIMENSIONAL_CHARACTERISTIC_REPRESENTATION(#1410, #1416);
/*   1539 */ #1416=SHAPE_DIMENSION_REPRESENTATION('', (#1418,#1420,#1422), #1270);
/*   1540 */ #1417=ID_ATTRIBUTE('A1', #1416);
/*   1541 */ #1418=(LENGTH_MEASURE_WITH_UNIT()
/*   1542 */        MEASURE_REPRESENTATION_ITEM()
/*   1543 */        MEASURE_WITH_UNIT(LENGTH_MEASURE(1.9), #1273)
/*   1544 */        QUALIFIED_REPRESENTATION_ITEM((#1419))
/*   1545 */        REPRESENTATION_ITEM('')
/*   1546 */       );
/*   1547 */ #1419=TYPE_QUALIFIER('minimum');
/*   1548 */ #1420=(LENGTH_MEASURE_WITH_UNIT()
/*   1549 */        MEASURE_REPRESENTATION_ITEM()
/*   1550 */        MEASURE_WITH_UNIT(LENGTH_MEASURE(2.45), #1273)
/*   1551 */        QUALIFIED_REPRESENTATION_ITEM((#1421))
/*   1552 */        REPRESENTATION_ITEM('')
/*   1553 */       );
/*   1554 */ #1421=TYPE_QUALIFIER('maximum');
/*   1555 */ #1422=(LENGTH_MEASURE_WITH_UNIT()
/*   1556 */        MEASURE_REPRESENTATION_ITEM()
/*   1557 */        MEASURE_WITH_UNIT(LENGTH_MEASURE(2.15), #1273)
/*   1558 */        QUALIFIED_REPRESENTATION_ITEM((#1423))
/*   1559 */        REPRESENTATION_ITEM('')
/*   1560 */       );
/*   1561 */ #1423=TYPE_QUALIFIER('average');
/*   1562 */ #1424=DIMENSIONAL_LOCATION('linear distance', $, #1233, #1296);
/*   1563 */ #1425=DIMENSIONAL_CHARACTERISTIC_REPRESENTATION(#1424, #1426);
/*   1564 */ #1426=SHAPE_DIMENSION_REPRESENTATION('', (#1428,#1430,#1432), #1270);
/*   1565 */ #1427=ID_ATTRIBUTE('A', #1426);
/*   1566 */ #1428=(LENGTH_MEASURE_WITH_UNIT()
/*   1567 */        MEASURE_REPRESENTATION_ITEM()
/*   1568 */        MEASURE_WITH_UNIT(LENGTH_MEASURE(2.65), #1273)
/*   1569 */        QUALIFIED_REPRESENTATION_ITEM((#1429))
/*   1570 */        REPRESENTATION_ITEM('')
/*   1571 */       );
/*   1572 */ #1429=TYPE_QUALIFIER('maximum');
/*   1573 */ #1430=(LENGTH_MEASURE_WITH_UNIT()
/*   1574 */        MEASURE_REPRESENTATION_ITEM()
/*   1575 */        MEASURE_WITH_UNIT(LENGTH_MEASURE(1.95), #1273)
/*   1576 */        QUALIFIED_REPRESENTATION_ITEM((#1431))
/*   1577 */        REPRESENTATION_ITEM('')
/*   1578 */       );
/*   1579 */ #1431=TYPE_QUALIFIER('minimum');
/*   1580 */ #1432=(LENGTH_MEASURE_WITH_UNIT()
/*   1581 */        MEASURE_REPRESENTATION_ITEM()
/*   1582 */        MEASURE_WITH_UNIT(LENGTH_MEASURE(2.3), #1273)
/*   1583 */        QUALIFIED_REPRESENTATION_ITEM((#1433))
/*   1584 */        REPRESENTATION_ITEM('')
/*   1585 */       );
/*   1586 */ #1433=TYPE_QUALIFIER('average');
/*   1587 */ #1434=DIMENSIONAL_LOCATION('linear distance', $, #1236, #1296);
/*   1588 */ #1435=DIMENSIONAL_CHARACTERISTIC_REPRESENTATION(#1434, #1436);
/*   1589 */ #1436=SHAPE_DIMENSION_REPRESENTATION('', (#1438,#1440,#1442), #1270);
/*   1590 */ #1437=ID_ATTRIBUTE('A2', #1436);
/*   1591 */ #1438=(LENGTH_MEASURE_WITH_UNIT()
/*   1592 */        MEASURE_REPRESENTATION_ITEM()
/*   1593 */        MEASURE_WITH_UNIT(LENGTH_MEASURE(0.2), #1273)
/*   1594 */        QUALIFIED_REPRESENTATION_ITEM((#1439))
/*   1595 */        REPRESENTATION_ITEM('')
/*   1596 */       );
/*   1597 */ #1439=TYPE_QUALIFIER('maximum');
/*   1598 */ #1440=(LENGTH_MEASURE_WITH_UNIT()
/*   1599 */        MEASURE_REPRESENTATION_ITEM()
/*   1600 */        MEASURE_WITH_UNIT(LENGTH_MEASURE(0.15), #1273)
/*   1601 */        QUALIFIED_REPRESENTATION_ITEM((#1441))
/*   1602 */        REPRESENTATION_ITEM('')
/*   1603 */       );
/*   1604 */ #1441=TYPE_QUALIFIER('average');
/*   1605 */ #1442=(LENGTH_MEASURE_WITH_UNIT()
/*   1606 */        MEASURE_REPRESENTATION_ITEM()
/*   1607 */        MEASURE_WITH_UNIT(LENGTH_MEASURE(0.05), #1273)
/*   1608 */        QUALIFIED_REPRESENTATION_ITEM((#1443))
/*   1609 */        REPRESENTATION_ITEM('')
/*   1610 */       );
/*   1611 */ #1443=TYPE_QUALIFIER('minimum');
/*   1612 */ #1444=DIMENSIONAL_LOCATION('linear distance', $, #1248, #1296);
/*   1613 */ #1445=DIMENSIONAL_CHARACTERISTIC_REPRESENTATION(#1444, #1446);
/*   1614 */ #1446=SHAPE_DIMENSION_REPRESENTATION('', (#1448,#1450), #1270);
/*   1615 */ #1447=ID_ATTRIBUTE('A3', #1446);
/*   1616 */ #1448=(LENGTH_MEASURE_WITH_UNIT()
/*   1617 */        MEASURE_REPRESENTATION_ITEM()
/*   1618 */        MEASURE_WITH_UNIT(LENGTH_MEASURE(0.3), #1273)
/*   1619 */        QUALIFIED_REPRESENTATION_ITEM((#1449))
/*   1620 */        REPRESENTATION_ITEM('')
/*   1621 */       );
/*   1622 */ #1449=TYPE_QUALIFIER('maximum');
/*   1623 */ #1450=(LENGTH_MEASURE_WITH_UNIT()
/*   1624 */        MEASURE_REPRESENTATION_ITEM()
/*   1625 */        MEASURE_WITH_UNIT(LENGTH_MEASURE(0.05), #1273)
/*   1626 */        QUALIFIED_REPRESENTATION_ITEM((#1451))
/*   1627 */        REPRESENTATION_ITEM('')
/*   1628 */       );
/*   1629 */ #1451=TYPE_QUALIFIER('minimum');
/*   1630 */ #1452=(GEOMETRIC_TOLERANCE('terminal bottom position', $, #1457, #1296)
/*   1631 */        GEOMETRIC_TOLERANCE_WITH_DATUM_REFERENCE((#1453))
/*   1632 */        MODIFIED_GEOMETRIC_TOLERANCE(.LEAST_MATERIAL_CONDITION.)
/*   1633 */        POSITION_TOLERANCE()
/*   1634 */       );
/*   1635 */ #1453=DATUM_SYSTEM('datum system of terminal bottom position',$,#3,.F.,(#1454,#1455,
/*   1636 */      #1456));
/*   1637 */ #1454=DATUM_REFERENCE_COMPARTMENT('',$,#3,.F.,#1311,$);
/*   1638 */ #1455=DATUM_REFERENCE_COMPARTMENT('',$,#3,.F.,#1294,$);
/*   1639 */ #1456=DATUM_REFERENCE_COMPARTMENT('',$,#3,.F.,#1279,$);
/*   1640 */ #1457=LENGTH_MEASURE_WITH_UNIT(LENGTH_MEASURE(0.13), 

------------------------------------------------------------------------------------------------
 Operation terminated successfully.
------------------------------------------------------------------------------------------------

