

/******************************************************************************************
* ReadStepFile diagnostics.
* Date:                           Thu Jul 18 16:46:54 2013
* Produced by:                    The EXPRESS Data Manager Version 5.01.0100.103 : 1 Nov 2012
* Module:                         EDMstepFileFactory/EDMstandAlone
* Host:                           tom8dd8
* Database:                       C:\Temp\edm_2012\2012_08
* Database version:               5207
* Database creation date:         Fri Aug 10 08:09:20 2012
* Model to populate:              DataRepository.MO-211_AA_with_gdt
* Header model to populate:       
* Step file name:                 Z:\Documents\2011\NIST AP210 GD&T Deliverables 9-30-11 - models and report\AP210 Package Models and JEDEC Documents_2013_june_update\MO-211_AA_with_gdt.stp
* EDMuser:                        sdai-user
* EDMgroup:                       sdai-group
* License ID and type:            4858 : Education license. Expiry date: 14 Mar 2016
* EDMstepFileFactory options:     0201000100
******************************************************************************************/
/*      1 */ ISO-10303-21;
/*      2 */ HEADER;
/*      3 */ /* Generated by software containing
/*      4 */  * JSDAI (TM) from LKSoft (www.lksoft.com, www.jsdai.net)
/*      5 */  * JSDAI Runtime Version 4.0.0 (Build 270, 2010-02-16T15:19:10)
/*      6 */  */
/*      7 */ FILE_DESCRIPTION(
/*      8 */ /* description */ ('AP210 Package Model'),
/*      9 */ /* implementation_level */ '2;1');
/*     10 */ FILE_NAME(
/*     11 */ /* name */ 'MO-211_AA_annotation.stp',
/*     12 */ /* time_stamp */ '2011-09-05T17:07:39',
/*     13 */ /* author */ (''),
/*     14 */ /* organization */ (''),
/*     15 */ /* preprocessor_version */ '',
/*     16 */ /* originating_system */ '',
/*     17 */ /* authorization */ '');
/*     18 */ FILE_SCHEMA(('AP210_ELECTRONIC_ASSEMBLY_INTERCONNECT_AND_PACKAGING_DESIGN_MIM_LF'));
/*     19 */ ENDSEC;
/*     20 */ DATA;
/*     21 */ #1=DIMENSIONAL_EXPONENTS(1.0,0.0,0.0,0.0,0.0,0.0,0.0);
/*     22 */ #2=(LENGTH_UNIT()NAMED_UNIT(*)SI_UNIT(.MILLI.,.METRE.));
/*     23 */ #3=PACKAGE('',$,#246,#243,'MO-211_AA',$,*);
/*     24 */ #4=DIRECTION('',(1.0,0.0));
/*     25 */ #5=CARTESIAN_POINT('',(0.0,0.0));
/*     26 */ #6=AXIS2_PLACEMENT_2D('csys2d',#5,#4);
/*     27 */ #7=SHAPE_REPRESENTATION('global 2d representation',(#6),#13);
/*     28 */ #8=(NAMED_UNIT(*)SI_UNIT($,.STERADIAN.)SOLID_ANGLE_UNIT());
/*     29 */ #9=(NAMED_UNIT(*)PLANE_ANGLE_UNIT()SI_UNIT($,.RADIAN.));
/*     30 */ #10=UNCERTAINTY_MEASURE_WITH_UNIT(LENGTH_MEASURE(0.01),#2,'',$);
/*     31 */ #11=UNCERTAINTY_MEASURE_WITH_UNIT(SOLID_ANGLE_MEASURE(0.0010),#8,'',$);
/*     32 */ #12=UNCERTAINTY_MEASURE_WITH_UNIT(PLANE_ANGLE_MEASURE(0.0010),#9,'',$);
/*     33 */ #13=(GEOMETRIC_REPRESENTATION_CONTEXT(2)GLOBAL_UNCERTAINTY_ASSIGNED_CONTEXT((#10,
/*     34 */      #11,#12))GLOBAL_UNIT_ASSIGNED_CONTEXT((#2,#8,#9))REPRESENTATION_CONTEXT('unit_context2D',
/*     35 */      'unit_context2D'));
/*     36 */ #14=CARTESIAN_POINT('',(0.0,0.0,0.0));
/*     37 */ #15=DIRECTION('',(1.0,0.0,0.0));
/*     38 */ #16=DIRECTION('',(0.0,0.0,1.0));
/*     39 */ #17=AXIS2_PLACEMENT_3D('',#14,#15,#16);
/*     40 */ #18=SPHERICAL_SURFACE('',#17,0.085);
/*     41 */ #19=CARTESIAN_POINT('',(0.08500000000001,0.0,0.0));
/*     42 */ #20=VERTEX_POINT('',#19);
/*     43 */ #21=CARTESIAN_POINT('',(-0.08499999999999,0.0,0.0));
/*     44 */ #22=VERTEX_POINT('',#21);
/*     45 */ #23=CARTESIAN_POINT('',(0.0,0.0,0.0));
/*     46 */ #24=DIRECTION('',(-0.0,1.0,0.0));
/*     47 */ #25=DIRECTION('',(1.0,0.0,0.0));
/*     48 */ #26=AXIS2_PLACEMENT_3D('',#23,#24,#25);
/*     49 */ #27=CIRCLE('',#26,0.085);
/*     50 */ #28=EDGE_CURVE('',#20,#22,#27,.T.);
/*     51 */ #29=ORIENTED_EDGE('',*,*,#28,.T.);
/*     52 */ #30=CARTESIAN_POINT('',(0.0,0.0,0.0));
/*     53 */ #31=DIRECTION('',(0.0,-1.0,0.0));
/*     54 */ #32=DIRECTION('',(1.0,0.0,0.0));
/*     55 */ #33=AXIS2_PLACEMENT_3D('',#30,#31,#32);
/*     56 */ #34=CIRCLE('',#33,0.085);
/*     57 */ #35=EDGE_CURVE('',#20,#22,#34,.T.);
/*     58 */ #36=ORIENTED_EDGE('',*,*,#35,.F.);
/*     59 */ #37=EDGE_LOOP('',(#29,#36));
/*     60 */ #38=FACE_BOUND('',#37,.T.);
/*     61 */ #39=ADVANCED_FACE('',(#38),#18,.T.);
/*     62 */ #40=CARTESIAN_POINT('',(0.0,0.0,0.0));
/*     63 */ #41=DIRECTION('',(1.0,0.0,0.0));
/*     64 */ #42=DIRECTION('',(0.0,0.0,1.0));
/*     65 */ #43=AXIS2_PLACEMENT_3D('',#40,#41,#42);
/*     66 */ #44=SPHERICAL_SURFACE('',#43,0.085);
/*     67 */ #45=ORIENTED_EDGE('',*,*,#28,.F.);
/*     68 */ #46=ORIENTED_EDGE('',*,*,#35,.T.);
/*     69 */ #47=EDGE_LOOP('',(#45,#46));
/*     70 */ #48=FACE_BOUND('',#47,.T.);
/*     71 */ #49=ADVANCED_FACE('',(#48),#44,.T.);
/*     72 */ #50=CLOSED_SHELL('',(#39,#49));
/*     73 */ #51=MANIFOLD_SOLID_BREP('',#50);
/*     74 */ #52=ADVANCED_BREP_SHAPE_REPRESENTATION('3d bound volume shape',(#51,#53),#262);
/*     75 */ #53=AXIS2_PLACEMENT_3D('origin',#54,#55,#56);
/*     76 */ #54=CARTESIAN_POINT('',(0.0,0.0,0.0));
/*     77 */ #55=DIRECTION('',(0.0,0.0,1.0));
/*     78 */ #56=DIRECTION('',(1.0,0.0,0.0));
/*     79 */ #58=CARTESIAN_POINT('',(0.0,0.0,0.0));
/*     80 */ #59=DIRECTION('',(0.0,1.0,0.0));
/*     81 */ #60=DIRECTION('',(1.0,0.0,0.0));
/*     82 */ #61=AXIS2_PLACEMENT_3D('',#58,#59,#60);
/*     83 */ #62=PLANE('',#61);
/*     84 */ #63=CARTESIAN_POINT('',(-0.45125,0.0,0.475));
/*     85 */ #64=VERTEX_POINT('',#63);
/*     86 */ #65=CARTESIAN_POINT('',(-0.475,0.0,0.45125));
/*     87 */ #66=VERTEX_POINT('',#65);
/*     88 */ #67=CARTESIAN_POINT('',(-0.45125,0.0,0.475));
/*     89 */ #68=DIRECTION('',(-0.707106781186548,0.0,-0.707106781186548));
/*     90 */ #69=VECTOR('',#68,1.0);
/*     91 */ #70=LINE('',#67,#69);
/*     92 */ #71=EDGE_CURVE('',#64,#66,#70,.T.);
/*     93 */ #72=ORIENTED_EDGE('',*,*,#71,.F.);
/*     94 */ #73=CARTESIAN_POINT('',(0.475,0.0,0.475));
/*     95 */ #74=VERTEX_POINT('',#73);
/*     96 */ #75=CARTESIAN_POINT('',(-0.45125,0.0,0.475));
/*     97 */ #76=DIRECTION('',(1.0,0.0,0.0));
/*     98 */ #77=VECTOR('',#76,1.0);
/*     99 */ #78=LINE('',#75,#77);
/*    100 */ #79=EDGE_CURVE('',#64,#74,#78,.T.);
/*    101 */ #80=ORIENTED_EDGE('',*,*,#79,.T.);
/*    102 */ #81=CARTESIAN_POINT('',(0.475,0.0,-0.475));
/*    103 */ #82=VERTEX_POINT('',#81);
/*    104 */ #83=CARTESIAN_POINT('',(0.475,0.0,0.475));
/*    105 */ #84=DIRECTION('',(0.0,0.0,-1.0));
/*    106 */ #85=VECTOR('',#84,1.0);
/*    107 */ #86=LINE('',#83,#85);
/*    108 */ #87=EDGE_CURVE('',#74,#82,#86,.T.);
/*    109 */ #88=ORIENTED_EDGE('',*,*,#87,.T.);
/*    110 */ #89=CARTESIAN_POINT('',(-0.475,0.0,-0.475));
/*    111 */ #90=VERTEX_POINT('',#89);
/*    112 */ #91=CARTESIAN_POINT('',(0.475,0.0,-0.475));
/*    113 */ #92=DIRECTION('',(-1.0,0.0,0.0));
/*    114 */ #93=VECTOR('',#92,1.0);
/*    115 */ #94=LINE('',#91,#93);
/*    116 */ #95=EDGE_CURVE('',#82,#90,#94,.T.);
/*    117 */ #96=ORIENTED_EDGE('',*,*,#95,.T.);
/*    118 */ #97=CARTESIAN_POINT('',(-0.475,0.0,-0.475));
/*    119 */ #98=DIRECTION('',(0.0,0.0,1.0));
/*    120 */ #99=VECTOR('',#98,1.0);
/*    121 */ #100=LINE('',#97,#99);
/*    122 */ #101=EDGE_CURVE('',#90,#66,#100,.T.);
/*    123 */ #102=ORIENTED_EDGE('',*,*,#101,.T.);
/*    124 */ #103=EDGE_LOOP('',(#72,#80,#88,#96,#102));
/*    125 */ #104=FACE_BOUND('',#103,.F.);
/*    126 */ #105=ADVANCED_FACE('',(#104),#62,.F.);
/*    127 */ #106=CARTESIAN_POINT('',(-0.463125,0.5375,0.463125));
/*    128 */ #107=DIRECTION('',(-0.707106781186548,0.0,0.707106781186548));
/*    129 */ #108=DIRECTION('',(-0.707106781186548,0.0,-0.707106781186548));
/*    130 */ #109=AXIS2_PLACEMENT_3D('',#106,#107,#108);
/*    131 */ #110=PLANE('',#109);
/*    132 */ #111=ORIENTED_EDGE('',*,*,#71,.T.);
/*    133 */ #112=CARTESIAN_POINT('',(-0.475,1.075,0.45125));
/*    134 */ #113=VERTEX_POINT('',#112);
/*    135 */ #114=CARTESIAN_POINT('',(-0.475,1.075,0.45125));
/*    136 */ #115=DIRECTION('',(0.0,-1.0,0.0));
/*    137 */ #116=VECTOR('',#115,1.0);
/*    138 */ #117=LINE('',#114,#116);
/*    139 */ #118=EDGE_CURVE('',#113,#66,#117,.T.);
/*    140 */ #119=ORIENTED_EDGE('',*,*,#118,.F.);
/*    141 */ #120=CARTESIAN_POINT('',(-0.45125,1.075,0.475));
/*    142 */ #121=VERTEX_POINT('',#120);
/*    143 */ #122=CARTESIAN_POINT('',(-0.475,1.075,0.45125));
/*    144 */ #123=DIRECTION('',(0.707106781186548,0.0,0.707106781186548));
/*    145 */ #124=VECTOR('',#123,1.0);
/*    146 */ #125=LINE('',#122,#124);
/*    147 */ #126=EDGE_CURVE('',#113,#121,#125,.T.);
/*    148 */ #127=ORIENTED_EDGE('',*,*,#126,.T.);
/*    149 */ #128=CARTESIAN_POINT('',(-0.45125,1.075,0.475));
/*    150 */ #129=DIRECTION('',(0.0,-1.0,0.0));
/*    151 */ #130=VECTOR('',#129,1.0);
/*    152 */ #131=LINE('',#128,#130);
/*    153 */ #132=EDGE_CURVE('',#121,#64,#131,.T.);
/*    154 */ #133=ORIENTED_EDGE('',*,*,#132,.T.);
/*    155 */ #134=EDGE_LOOP('',(#111,#119,#127,#133));
/*    156 */ #135=FACE_BOUND('',#134,.F.);
/*    157 */ #136=ADVANCED_FACE('',(#135),#110,.T.);
/*    158 */ #137=CARTESIAN_POINT('',(-0.475,0.0,-0.475));
/*    159 */ #138=DIRECTION('',(-1.0,0.0,0.0));
/*    160 */ #139=DIRECTION('',(0.0,0.0,1.0));
/*    161 */ #140=AXIS2_PLACEMENT_3D('',#137,#138,#139);
/*    162 */ #141=PLANE('',#140);
/*    163 */ #142=ORIENTED_EDGE('',*,*,#118,.T.);
/*    164 */ #143=ORIENTED_EDGE('',*,*,#101,.F.);
/*    165 */ #144=CARTESIAN_POINT('',(-0.475,1.075,-0.475));
/*    166 */ #145=VERTEX_POINT('',#144);
/*    167 */ #146=CARTESIAN_POINT('',(-0.475,0.0,-0.475));
/*    168 */ #147=DIRECTION('',(0.0,1.0,0.0));
/*    169 */ #148=VECTOR('',#147,1.0);
/*    170 */ #149=LINE('',#146,#148);
/*    171 */ #150=EDGE_CURVE('',#90,#145,#149,.T.);
/*    172 */ #151=ORIENTED_EDGE('',*,*,#150,.T.);
/*    173 */ #152=CARTESIAN_POINT('',(-0.475,1.075,-0.475));
/*    174 */ #153=DIRECTION('',(0.0,0.0,1.0));
/*    175 */ #154=VECTOR('',#153,1.0);
/*    176 */ #155=LINE('',#152,#154);
/*    177 */ #156=EDGE_CURVE('',#145,#113,#155,.T.);
/*    178 */ #157=ORIENTED_EDGE('',*,*,#156,.T.);
/*    179 */ #158=EDGE_LOOP('',(#142,#143,#151,#157));
/*    180 */ #159=FACE_BOUND('',#158,.F.);
/*    181 */ #160=ADVANCED_FACE('',(#159),#141,.T.);
/*    182 */ #161=CARTESIAN_POINT('',(0.475,0.0,-0.475));
/*    183 */ #162=DIRECTION('',(0.0,0.0,-1.0));
/*    184 */ #163=DIRECTION('',(-1.0,0.0,0.0));
/*    185 */ #164=AXIS2_PLACEMENT_3D('',#161,#162,#163);
/*    186 */ #165=PLANE('',#164);
/*    187 */ #166=ORIENTED_EDGE('',*,*,#95,.F.);
/*    188 */ #167=CARTESIAN_POINT('',(0.475,1.075,-0.475));
/*    189 */ #168=VERTEX_POINT('',#167);
/*    190 */ #169=CARTESIAN_POINT('',(0.475,0.0,-0.475));
/*    191 */ #170=DIRECTION('',(0.0,1.0,0.0));
/*    192 */ #171=VECTOR('',#170,1.0);
/*    193 */ #172=LINE('',#169,#171);
/*    194 */ #173=EDGE_CURVE('',#82,#168,#172,.T.);
/*    195 */ #174=ORIENTED_EDGE('',*,*,#173,.T.);
/*    196 */ #175=CARTESIAN_POINT('',(0.475,1.075,-0.475));
/*    197 */ #176=DIRECTION('',(-1.0,0.0,0.0));
/*    198 */ #177=VECTOR('',#176,1.0);
/*    199 */ #178=LINE('',#175,#177);
/*    200 */ #179=EDGE_CURVE('',#168,#145,#178,.T.);
/*    201 */ #180=ORIENTED_EDGE('',*,*,#179,.T.);
/*    202 */ #181=ORIENTED_EDGE('',*,*,#150,.F.);
/*    203 */ #182=EDGE_LOOP('',(#166,#174,#180,#181));
/*    204 */ #183=FACE_BOUND('',#182,.F.);
/*    205 */ #184=ADVANCED_FACE('',(#183),#165,.T.);
/*    206 */ #185=CARTESIAN_POINT('',(0.475,0.0,0.475));
/*    207 */ #186=DIRECTION('',(1.0,0.0,0.0));
/*    208 */ #187=DIRECTION('',(0.0,0.0,-1.0));
/*    209 */ #188=AXIS2_PLACEMENT_3D('',#185,#186,#187);
/*    210 */ #189=PLANE('',#188);
/*    211 */ #190=ORIENTED_EDGE('',*,*,#87,.F.);
/*    212 */ #191=CARTESIAN_POINT('',(0.475,1.075,0.475));
/*    213 */ #192=VERTEX_POINT('',#191);
/*    214 */ #193=CARTESIAN_POINT('',(0.475,0.0,0.475));
/*    215 */ #194=DIRECTION('',(0.0,1.0,0.0));
/*    216 */ #195=VECTOR('',#194,1.0);
/*    217 */ #196=LINE('',#193,#195);
/*    218 */ #197=EDGE_CURVE('',#74,#192,#196,.T.);
/*    219 */ #198=ORIENTED_EDGE('',*,*,#197,.T.);
/*    220 */ #199=CARTESIAN_POINT('',(0.475,1.075,0.475));
/*    221 */ #200=DIRECTION('',(0.0,0.0,-1.0));
/*    222 */ #201=VECTOR('',#200,1.0);
/*    223 */ #202=LINE('',#199,#201);
/*    224 */ #203=EDGE_CURVE('',#192,#168,#202,.T.);
/*    225 */ #204=ORIENTED_EDGE('',*,*,#203,.T.);
/*    226 */ #205=ORIENTED_EDGE('',*,*,#173,.F.);
/*    227 */ #206=EDGE_LOOP('',(#190,#198,#204,#205));
/*    228 */ #207=FACE_BOUND('',#206,.F.);
/*    229 */ #208=ADVANCED_FACE('',(#207),#189,.T.);
/*    230 */ #209=CARTESIAN_POINT('',(-0.475,0.0,0.475));
/*    231 */ #210=DIRECTION('',(0.0,0.0,1.0));
/*    232 */ #211=DIRECTION('',(1.0,0.0,-0.0));
/*    233 */ #212=AXIS2_PLACEMENT_3D('',#209,#210,#211);
/*    234 */ #213=PLANE('',#212);
/*    235 */ #214=ORIENTED_EDGE('',*,*,#132,.F.);
/*    236 */ #215=CARTESIAN_POINT('',(-0.45125,1.075,0.475));
/*    237 */ #216=DIRECTION('',(1.0,0.0,0.0));
/*    238 */ #217=VECTOR('',#216,1.0);
/*    239 */ #218=LINE('',#215,#217);
/*    240 */ #219=EDGE_CURVE('',#121,#192,#218,.T.);
/*    241 */ #220=ORIENTED_EDGE('',*,*,#219,.T.);
/*    242 */ #221=ORIENTED_EDGE('',*,*,#197,.F.);
/*    243 */ #222=ORIENTED_EDGE('',*,*,#79,.F.);
/*    244 */ #223=EDGE_LOOP('',(#214,#220,#221,#222));
/*    245 */ #224=FACE_BOUND('',#223,.F.);
/*    246 */ #225=ADVANCED_FACE('',(#224),#213,.T.);
/*    247 */ #226=CARTESIAN_POINT('',(0.0,1.075,0.0));
/*    248 */ #227=DIRECTION('',(0.0,1.0,0.0));
/*    249 */ #228=DIRECTION('',(1.0,0.0,0.0));
/*    250 */ #229=AXIS2_PLACEMENT_3D('',#226,#227,#228);
/*    251 */ #230=PLANE('',#229);
/*    252 */ #231=ORIENTED_EDGE('',*,*,#126,.F.);
/*    253 */ #232=ORIENTED_EDGE('',*,*,#156,.F.);
/*    254 */ #233=ORIENTED_EDGE('',*,*,#179,.F.);
/*    255 */ #234=ORIENTED_EDGE('',*,*,#203,.F.);
/*    256 */ #235=ORIENTED_EDGE('',*,*,#219,.F.);
/*    257 */ #236=EDGE_LOOP('',(#231,#232,#233,#234,#235));
/*    258 */ #237=FACE_BOUND('',#236,.F.);
/*    259 */ #238=ADVANCED_FACE('',(#237),#230,.T.);
/*    260 */ #239=CLOSED_SHELL('',(#105,#136,#160,#184,#208,#225,#238));
/*    261 */ #240=MANIFOLD_SOLID_BREP('',#239);
/*    262 */ #241=ADVANCED_BREP_SHAPE_REPRESENTATION('3d bound volume shape',(#240,#53),#242);
/*    263 */ #242=(GEOMETRIC_REPRESENTATION_CONTEXT(3)GLOBAL_UNCERTAINTY_ASSIGNED_CONTEXT((#10,
/*    264 */      #11,#12))GLOBAL_UNIT_ASSIGNED_CONTEXT((#2,#8,#9))REPRESENTATION_CONTEXT('unit_context3D',
/*    265 */      'unit_context3D'));
/*    266 */ #243=PRODUCT_DEFINITION_CONTEXT('part definition',#244,'');
/*    267 */ #244=APPLICATION_CONTEXT('package model');
/*    268 */ #245=APPLICATION_PROTOCOL_DEFINITION('','electronic_assembly_interconnect_and_packaging_design',
/*    269 */      2009,#244);
/*    270 */ #246=PRODUCT_DEFINITION_FORMATION('MO-211_AA product definition',$,#247);
/*    271 */ #247=PRODUCT('MO-211_AA','MO-211_AA',$,(#250));
/*    272 */ #249=PRODUCT_RELATED_PRODUCT_CATEGORY('part',$,(#247));
/*    273 */ #250=PRODUCT_CONTEXT('',#244,'');
/*    274 */ #251=REPRESENTATION_CONTEXT('parameter values','parameter');
/*    275 */ #252=PRODUCT_SPECIFIC_PARAMETER_VALUE_ASSIGNMENT('Category',$,'',$,(#247));
/*    276 */ #253=PROPERTY_DEFINITION('Category','assigned parameter',#252);
/*    277 */ #254=PARAMETER_ASSIGNMENT(#255,#254,'Category',(#257),#251);
/*    278 */ #255=MODEL_PARAMETER('','Category',$);
/*    279 */ #256=PROPERTY_DEFINITION_REPRESENTATION(#253,#254);
/*    280 */ #257=DESCRIPTIVE_REPRESENTATION_ITEM('text','BGA');
/*    281 */ #260=REPRESENTATION_CONTEXT('description context','description');
/*    282 */ #261=SHAPE_REPRESENTATION('3d bound volume shape',(#270,#301,#327,#337,#347,#357,
/*    283 */      #388),#262);
/*    284 */ #262=(GEOMETRIC_REPRESENTATION_CONTEXT(3)GLOBAL_UNCERTAINTY_ASSIGNED_CONTEXT((#10,
/*    285 */      #11,#12))GLOBAL_UNIT_ASSIGNED_CONTEXT((#2,#8,#9))REPRESENTATION_CONTEXT('unit_context3D',
/*    286 */      'unit_context3D'));
/*    287 */ #263=PLACED_FEATURE('',$,#3,$);
/*    288 */ #264=PROPERTY_DEFINITION('un-assigned shape',$,#263);
/*    289 */ #265=SHAPE_DEFINITION_REPRESENTATION(#264,#52);
/*    290 */ #266=CARTESIAN_POINT('',(-0.2,-0.2,0.085));
/*    291 */ #267=DIRECTION('',(0.0,-1.0,0.0));
/*    292 */ #268=DIRECTION('',(1.0,0.0,0.0));
/*    293 */ #269=AXIS2_PLACEMENT_3D('',#266,#267,#268);
/*    294 */ #270=USAGE_CONCEPT_USAGE_RELATIONSHIP('',#271,#269,'',$,#263,#261,*);
/*    295 */ #271=REPRESENTATION_MAP(#53,#52);
/*    296 */ #272=DESCRIPTION_ATTRIBUTE('pu3dsm',#261);
/*    297 */ #273=REPRESENTATION_RELATIONSHIP('',$,#261,#274);
/*    298 */ #274=REPRESENTATION('',(#275),#260);
/*    299 */ #275=DESCRIPTIVE_REPRESENTATION_ITEM('design','');
/*    300 */ #276=REPRESENTATION_RELATIONSHIP('shape environment',$,#261,#277);
/*    301 */ #277=REPRESENTATION('shape environment',(#278),#260);
/*    302 */ #278=DESCRIPTIVE_REPRESENTATION_ITEM('manufacturing','');
/*    303 */ #279=REPRESENTATION_RELATIONSHIP('shape extent',$,#261,#280);
/*    304 */ #280=REPRESENTATION('shape extent',(#281),#260);
/*    305 */ #281=DESCRIPTIVE_REPRESENTATION_ITEM('envelope','');
/*    306 */ #282=REPRESENTATION_RELATIONSHIP('shape material condition',$,#261,#283);
/*    307 */ #283=REPRESENTATION('shape material condition',(#284),#260);
/*    308 */ #284=DESCRIPTIVE_REPRESENTATION_ITEM('nominal_material_condition','');
/*    309 */ #285=REPRESENTATION_RELATIONSHIP('shape approximation level',$,#261,#286);
/*    310 */ #286=REPRESENTATION('shape approximation level',(#287),#260);
/*    311 */ #287=DESCRIPTIVE_REPRESENTATION_ITEM('is unknown','');
/*    312 */ #288=SHAPE_DEFINITION_REPRESENTATION(#3,#261);
/*    313 */ #289=PACKAGE_BODY('Body','part generic feature',#3,.F.);
/*    314 */ #290=MATERIAL_DESIGNATION_WITH_CONDUCTIVITY_CLASSIFICATION('unknown non conductive material',
/*    315 */      (#289));
/*    316 */ #291=APPLIED_CLASSIFICATION_ASSIGNMENT(#293,#292,(#290));
/*    317 */ #292=CLASSIFICATION_ROLE('conductive',$);
/*    318 */ #293=CLASS('electrical conductivity','non conductive');
/*    319 */ #294=ID_ATTRIBUTE('electrical conductivity',#293);
/*    320 */ #295=CARTESIAN_POINT('',(0.0,0.0,0.125));
/*    321 */ #296=DIRECTION('',(-1.0,0.0,0.0));
/*    322 */ #297=DIRECTION('',(0.0,-1.0,0.0));
/*    323 */ #298=AXIS2_PLACEMENT_3D('',#295,#296,#297);
/*    324 */ #299=PROPERTY_DEFINITION('shape for package body',$,#289);
/*    325 */ #300=SHAPE_DEFINITION_REPRESENTATION(#299,#241);
/*    326 */ #301=USAGE_CONCEPT_USAGE_RELATIONSHIP('',#302,#298,'',$,#289,#261,*);
/*    327 */ #302=REPRESENTATION_MAP(#53,#241);
/*    328 */ #303=PACKAGE_TERMINAL_TEMPLATE_DEFINITION('MO_205_275_TERMINAL',$,'MO_205_275_TERMINAL',
/*    329 */      $);
/*    330 */ #304=PROPERTY_DEFINITION('custom lead form','Ball',#303);
/*    331 */ #305=PROPERTY_DEFINITION('seating plane intersection','surface intersection',#303);
/*    332 */ #306=MATERIAL_DESIGNATION_WITH_CONDUCTIVITY_CLASSIFICATION('unknown conductive material',
/*    333 */      (#303));
/*    334 */ #307=APPLIED_CLASSIFICATION_ASSIGNMENT(#309,#308,(#306));
/*    335 */ #308=CLASSIFICATION_ROLE('terminal core material','terminal core material');
/*    336 */ #309=CLASS('conductive','terminal core material');
/*    337 */ #310=ID_ATTRIBUTE('conductive',#309);
/*    338 */ #311=MATERIAL_DESIGNATION_WITH_CONDUCTIVITY_CLASSIFICATION('unknown conductive material',
/*    339 */      (#303));
/*    340 */ #312=APPLIED_CLASSIFICATION_ASSIGNMENT(#314,#313,(#311));
/*    341 */ #313=CLASSIFICATION_ROLE('terminal surface material','terminal surface material');
/*    342 */ #314=CLASS('conductive','terminal surface material');
/*    343 */ #315=ID_ATTRIBUTE('conductive',#314);
/*    344 */ #316=PACKAGE_TERMINAL('B2','part generic feature',#3,.F.);
/*    345 */ #317=PROPERTY_DEFINITION('terminal definition',$,#316);
/*    346 */ #318=PROPERTY_DEFINITION('terminal definition',$,#303);
/*    347 */ #319=PROPERTY_DEFINITION_RELATIONSHIP('definition','',#318,#317);
/*    348 */ #320=CARTESIAN_POINT('',(0.2,-0.2,0.085));
/*    349 */ #321=DIRECTION('',(0.0,-1.0,0.0));
/*    350 */ #322=DIRECTION('',(1.0,0.0,0.0));
/*    351 */ #323=AXIS2_PLACEMENT_3D('',#320,#321,#322);
/*    352 */ #324=PRODUCT_DEFINITION_SHAPE('shape for package_terminal',$,#303);
/*    353 */ #325=SHAPE_DEFINITION_REPRESENTATION(#324,#52);
/*    354 */ #326=DESCRIPTION_ATTRIBUTE('part feature template shape model',#52);
/*    355 */ #327=USAGE_CONCEPT_USAGE_RELATIONSHIP('',#328,#323,'',$,#316,#261,*);
/*    356 */ #328=REPRESENTATION_MAP(#53,#52);
/*    357 */ #329=PACKAGE_TERMINAL('B1','part generic feature',#3,.F.);
/*    358 */ #330=PROPERTY_DEFINITION('terminal definition',$,#329);
/*    359 */ #331=PROPERTY_DEFINITION('terminal definition',$,#303);
/*    360 */ #332=PROPERTY_DEFINITION_RELATIONSHIP('definition','',#331,#330);
/*    361 */ #333=CARTESIAN_POINT('',(-0.2,-0.2,0.085));
/*    362 */ #334=DIRECTION('',(0.0,-1.0,0.0));
/*    363 */ #335=DIRECTION('',(1.0,0.0,0.0));
/*    364 */ #336=AXIS2_PLACEMENT_3D('',#333,#334,#335);
/*    365 */ #337=USAGE_CONCEPT_USAGE_RELATIONSHIP('',#338,#336,'',$,#329,#261,*);
/*    366 */ #338=REPRESENTATION_MAP(#53,#52);
/*    367 */ #339=PRIMARY_REFERENCE_TERMINAL('A1','part generic feature',#3,.F.);
/*    368 */ #340=PROPERTY_DEFINITION('terminal definition',$,#339);
/*    369 */ #341=PROPERTY_DEFINITION('terminal definition',$,#303);
/*    370 */ #342=PROPERTY_DEFINITION_RELATIONSHIP('definition','',#341,#340);
/*    371 */ #343=CARTESIAN_POINT('',(-0.2,0.2,0.085));
/*    372 */ #344=DIRECTION('',(0.0,-1.0,0.0));
/*    373 */ #345=DIRECTION('',(1.0,0.0,0.0));
/*    374 */ #346=AXIS2_PLACEMENT_3D('',#343,#344,#345);
/*    375 */ #347=USAGE_CONCEPT_USAGE_RELATIONSHIP('',#348,#346,'',$,#339,#261,*);
/*    376 */ #348=REPRESENTATION_MAP(#53,#52);
/*    377 */ #349=PACKAGE_TERMINAL('A2','part generic feature',#3,.F.);
/*    378 */ #350=PROPERTY_DEFINITION('terminal definition',$,#349);
/*    379 */ #351=PROPERTY_DEFINITION('terminal definition',$,#303);
/*    380 */ #352=PROPERTY_DEFINITION_RELATIONSHIP('definition','',#351,#350);
/*    381 */ #353=CARTESIAN_POINT('',(0.2,0.2,0.085));
/*    382 */ #354=DIRECTION('',(0.0,-1.0,0.0));
/*    383 */ #355=DIRECTION('',(1.0,0.0,0.0));
/*    384 */ #356=AXIS2_PLACEMENT_3D('',#353,#354,#355);
/*    385 */ #357=USAGE_CONCEPT_USAGE_RELATIONSHIP('',#358,#356,'',$,#349,#261,*);
/*    386 */ #358=REPRESENTATION_MAP(#53,#52);
/*    387 */ #375=SEATING_PLANE('seating plane','seating plane feature',#3,.F.);
/*    388 */ #376=SHAPE_REPRESENTATION('',(#381,#385),#262);
/*    389 */ #377=CARTESIAN_POINT('',(0.0,0.0,0.0));
/*    390 */ #378=DIRECTION('',(0.0,0.0,1.0));
/*    391 */ #379=DIRECTION('',(1.0,0.0,-0.0));
/*    392 */ #380=AXIS2_PLACEMENT_3D('',#377,#378,#379);
/*    393 */ #381=PLANE('',#380);
/*    394 */ #382=CARTESIAN_POINT('',(0.0,0.0,0.0));
/*    395 */ #383=DIRECTION('',(0.0,0.0,1.0));
/*    396 */ #384=DIRECTION('',(1.0,0.0,-0.0));
/*    397 */ #385=AXIS2_PLACEMENT_3D('',#382,#383,#384);
/*    398 */ #386=PROPERTY_DEFINITION('shape for seating plane',$,#375);
/*    399 */ #387=SHAPE_DEFINITION_REPRESENTATION(#386,#376);
/*    400 */ #388=USAGE_CONCEPT_USAGE_RELATIONSHIP('',#389,#53,'',$,#375,#261,*);
/*    401 */ #389=REPRESENTATION_MAP(#385,#376);
/*    402 */ #390=FOOTPRINT_DEFINITION('Footprint',$,#395,#391,'',$,*);
/*    403 */ #391=PRODUCT_DEFINITION_CONTEXT('part definition',#244,'');
/*    404 */ #392=PRODUCT_DEFINITION_CONTEXT_ASSOCIATION(#390,#394,#393);
/*    405 */ #393=PRODUCT_DEFINITION_CONTEXT_ROLE('part definition type',$);
/*    406 */ #394=PRODUCT_DEFINITION_CONTEXT('template definition',#244,'');
/*    407 */ #395=PRODUCT_DEFINITION_FORMATION('1',$,#396);
/*    408 */ #396=PRODUCT('Footprint','template',$,(#398));
/*    409 */ #397=PRODUCT_RELATED_PRODUCT_CATEGORY('template model',$,(#396));
/*    410 */ #398=PRODUCT_CONTEXT('template model',#244,'');
/*    411 */ #399=PROPERTY_DEFINITION('location','top',#390);
/*    412 */ #400=SHAPE_REPRESENTATION('ppsm',(#402),#13);
/*    413 */ #401=DESCRIPTION_ATTRIBUTE('footprint definition shape model',#400);
/*    414 */ #402=AXIS2_PLACEMENT_2D('origin',#403,#404);
/*    415 */ #403=CARTESIAN_POINT('',(0.0,0.0));
/*    416 */ #404=DIRECTION('',(1.0,0.0));
/*    417 */ #405=SHAPE_DEFINITION_REPRESENTATION(#390,#400);
/*    418 */ #406=PROPERTY_DEFINITION_RELATIONSHIP('reference package','',#3,#390);
/*    419 */ #407=SHAPE_REPRESENTATION('ppsm',(#408,#420,#438,#448,#458),#13);
/*    420 */ #408=AXIS2_PLACEMENT_2D('origin',#409,#410);
/*    421 */ #409=CARTESIAN_POINT('',(0.0,0.0));
/*    422 */ #410=DIRECTION('',(1.0,0.0));
/*    423 */ #412=(GEOMETRIC_REPRESENTATION_CONTEXT(2)GLOBAL_UNCERTAINTY_ASSIGNED_CONTEXT((#10,
/*    424 */      #11,#12))GLOBAL_UNIT_ASSIGNED_CONTEXT((#2,#8,#9))REPRESENTATION_CONTEXT('unit_context2D',
/*    425 */      'unit_context2D'));
/*    426 */ #413=CSG_SOLID_2D('',#414);
/*    427 */ #414=CIRCULAR_AREA('',#415,0.0850000512409);
/*    428 */ #415=CARTESIAN_POINT('',(0.2,-0.2));
/*    429 */ #416=SINGLE_BOUNDARY_CSG_2D_SHAPE_REPRESENTATION('ppsm',(#419,#413),#412);
/*    430 */ #417=CARTESIAN_POINT('',(0.0,0.0));
/*    431 */ #418=DIRECTION('',(1.0,0.0));
/*    432 */ #419=AXIS2_PLACEMENT_2D('',#417,#418);
/*    433 */ #420=USAGE_CONCEPT_USAGE_RELATIONSHIP('',#421,#408,'',$,#316,#407,*);
/*    434 */ #421=REPRESENTATION_MAP(#419,#416);
/*    435 */ #430=(GEOMETRIC_REPRESENTATION_CONTEXT(2)GLOBAL_UNCERTAINTY_ASSIGNED_CONTEXT((#10,
/*    436 */      #11,#12))GLOBAL_UNIT_ASSIGNED_CONTEXT((#2,#8,#9))REPRESENTATION_CONTEXT('unit_context2D',
/*    437 */      'unit_context2D'));
/*    438 */ #431=CSG_SOLID_2D('',#432);
/*    439 */ #432=CIRCULAR_AREA('',#433,0.0850000512409);
/*    440 */ #433=CARTESIAN_POINT('',(-0.2,-0.2));
/*    441 */ #434=SINGLE_BOUNDARY_CSG_2D_SHAPE_REPRESENTATION('ppsm',(#437,#431),#430);
/*    442 */ #435=CARTESIAN_POINT('',(0.0,0.0));
/*    443 */ #436=DIRECTION('',(1.0,0.0));
/*    444 */ #437=AXIS2_PLACEMENT_2D('',#435,#436);
/*    445 */ #438=USAGE_CONCEPT_USAGE_RELATIONSHIP('',#439,#408,'',$,#329,#407,*);
/*    446 */ #439=REPRESENTATION_MAP(#437,#434);
/*    447 */ #440=(GEOMETRIC_REPRESENTATION_CONTEXT(2)GLOBAL_UNCERTAINTY_ASSIGNED_CONTEXT((#10,
/*    448 */      #11,#12))GLOBAL_UNIT_ASSIGNED_CONTEXT((#2,#8,#9))REPRESENTATION_CONTEXT('unit_context2D',
/*    449 */      'unit_context2D'));
/*    450 */ #441=CSG_SOLID_2D('',#442);
/*    451 */ #442=CIRCULAR_AREA('',#443,0.0850000512409);
/*    452 */ #443=CARTESIAN_POINT('',(-0.2,0.2));
/*    453 */ #444=SINGLE_BOUNDARY_CSG_2D_SHAPE_REPRESENTATION('ppsm',(#447,#441),#440);
/*    454 */ #445=CARTESIAN_POINT('',(0.0,0.0));
/*    455 */ #446=DIRECTION('',(1.0,0.0));
/*    456 */ #447=AXIS2_PLACEMENT_2D('',#445,#446);
/*    457 */ #448=USAGE_CONCEPT_USAGE_RELATIONSHIP('',#449,#408,'',$,#339,#407,*);
/*    458 */ #449=REPRESENTATION_MAP(#447,#444);
/*    459 */ #450=(GEOMETRIC_REPRESENTATION_CONTEXT(2)GLOBAL_UNCERTAINTY_ASSIGNED_CONTEXT((#10,
/*    460 */      #11,#12))GLOBAL_UNIT_ASSIGNED_CONTEXT((#2,#8,#9))REPRESENTATION_CONTEXT('unit_context2D',
/*    461 */      'unit_context2D'));
/*    462 */ #451=CSG_SOLID_2D('',#452);
/*    463 */ #452=CIRCULAR_AREA('',#453,0.0850000512409);
/*    464 */ #453=CARTESIAN_POINT('',(0.2,0.2));
/*    465 */ #454=SINGLE_BOUNDARY_CSG_2D_SHAPE_REPRESENTATION('ppsm',(#457,#451),#450);
/*    466 */ #455=CARTESIAN_POINT('',(0.0,0.0));
/*    467 */ #456=DIRECTION('',(1.0,0.0));
/*    468 */ #457=AXIS2_PLACEMENT_2D('',#455,#456);
/*    469 */ #458=USAGE_CONCEPT_USAGE_RELATIONSHIP('',#459,#408,'',$,#349,#407,*);
/*    470 */ #459=REPRESENTATION_MAP(#457,#454);
/*    471 */ #460=DESCRIPTION_ATTRIBUTE('pupsm',#407);
/*    472 */ #461=ID_ATTRIBUTE('contacts_representation',#407);
/*    473 */ #462=SHAPE_DEFINITION_REPRESENTATION(#3,#407);
/*    474 */ #463=REPRESENTATION_RELATIONSHIP('predefined shape purpose',$,#407,#464);
/*    475 */ #464=REPRESENTATION('predefined shape purpose',(#465),#260);
/*    476 */ #465=DESCRIPTIVE_REPRESENTATION_ITEM('physical extent','contacts');
/*    477 */ #466=REPRESENTATION_RELATIONSHIP('shape environment',$,#407,#467);
/*    478 */ #467=REPRESENTATION('shape environment',(#468),#260);
/*    479 */ #468=DESCRIPTIVE_REPRESENTATION_ITEM('manufacturing','');
/*    480 */ #469=REPRESENTATION_RELATIONSHIP('shape extent',$,#407,#470);
/*    481 */ #470=REPRESENTATION('shape extent',(#471),#260);
/*    482 */ #471=DESCRIPTIVE_REPRESENTATION_ITEM('envelope','');
/*    483 */ #472=REPRESENTATION_RELATIONSHIP('shape material condition',$,#407,#473);
/*    484 */ #473=REPRESENTATION('shape material condition',(#474),#260);
/*    485 */ #474=DESCRIPTIVE_REPRESENTATION_ITEM('nominal_material_condition','');
/*    486 */ #475=REPRESENTATION_RELATIONSHIP('shape approximation level',$,#407,#476);
/*    487 */ #476=REPRESENTATION('shape approximation level',(#477),#260);
/*    488 */ #477=DESCRIPTIVE_REPRESENTATION_ITEM('is unknown','');
/*    489 */ #478=COORDINATED_GEOMETRIC_RELATIONSHIP_WITH_2D_3D_PLACEMENT_TRANSFORMATION('',$,
/*    490 */      #7,#261,#479);
/*    491 */ #479=AXIS_PLACEMENT_2D_3D_MAPPING('',$,#6,#385);
/*    492 */ #480=PRODUCT_DEFINITION_CONTEXT('physical design usage',$,$);
/*    493 */ #481=PRODUCT_DEFINITION_CONTEXT_ASSOCIATION(#3,#480,#482);
/*    494 */ #482=PRODUCT_DEFINITION_CONTEXT_ROLE('part definition type',$);
/*    495 */ #483=SHAPE_ASPECT('',$,#3,.T.);
/*    496 */ #484=ID_ATTRIBUTE('body df A f1',#483);
/*    497 */ #485=CHAIN_BASED_GEOMETRIC_ITEM_SPECIFIC_USAGE('','body df A f1',#483,*,#160,(#261,
/*    498 */      #241),(#301));
/*    499 */ #486=SHAPE_ASPECT('',$,#3,.T.);
/*    500 */ #487=ID_ATTRIBUTE('body df B f1',#486);
/*    501 */ #488=CHAIN_BASED_GEOMETRIC_ITEM_SPECIFIC_USAGE('','body df B f1',#486,*,#184,(#261,
/*    502 */      #241),(#301));
/*    503 */ #489=SHAPE_ASPECT('',$,#3,.T.);
/*    504 */ #490=ID_ATTRIBUTE('body df A f2',#489);
/*    505 */ #491=CHAIN_BASED_GEOMETRIC_ITEM_SPECIFIC_USAGE('','body df A f2',#489,*,#208,(#261,
/*    506 */      #241),(#301));
/*    507 */ #492=SHAPE_ASPECT('',$,#3,.T.);
/*    508 */ #493=ID_ATTRIBUTE('body bottom',#492);
/*    509 */ #494=CHAIN_BASED_GEOMETRIC_ITEM_SPECIFIC_USAGE('','body bottom',#492,*,#105,(#261,
/*    510 */      #241),(#301));
/*    511 */ #495=SHAPE_ASPECT('',$,#3,.T.);
/*    512 */ #496=ID_ATTRIBUTE('body df B f2',#495);
/*    513 */ #497=CHAIN_BASED_GEOMETRIC_ITEM_SPECIFIC_USAGE('','body df B f2',#495,*,#225,(#261,
/*    514 */      #241),(#301));
/*    515 */ #498=SHAPE_ASPECT('',$,#3,.T.);
/*    516 */ #499=ID_ATTRIBUTE('body top',#498);
/*    517 */ #500=CHAIN_BASED_GEOMETRIC_ITEM_SPECIFIC_USAGE('','body top',#498,*,#238,(#261,#241),
/*    518 */      (#301));
/*    519 */ #501=SHAPE_ASPECT('',$,#3,.T.);
/*    520 */ #502=ID_ATTRIBUTE('terminal f1 pin A2',#501);
/*    521 */ #503=CHAIN_BASED_GEOMETRIC_ITEM_SPECIFIC_USAGE('','terminal f1 pin A2',#501,*,#39,
/*    522 */      (#261,#52),(#357));
/*    523 */ #504=SHAPE_ASPECT('',$,#3,.T.);
/*    524 */ #505=ID_ATTRIBUTE('terminal f1 pin A1',#504);
/*    525 */ #506=CHAIN_BASED_GEOMETRIC_ITEM_SPECIFIC_USAGE('','terminal f1 pin A1',#504,*,#39,
/*    526 */      (#261,#52),(#347));
/*    527 */ #507=SHAPE_ASPECT('',$,#3,.T.);
/*    528 */ #508=ID_ATTRIBUTE('terminal f1 pin B1',#507);
/*    529 */ #509=CHAIN_BASED_GEOMETRIC_ITEM_SPECIFIC_USAGE('','terminal f1 pin B1',#507,*,#39,
/*    530 */      (#261,#52),(#337));
/*    531 */ #510=SHAPE_ASPECT('',$,#3,.T.);
/*    532 */ #511=ID_ATTRIBUTE('terminal f1 pin B2',#510);
/*    533 */ #512=CHAIN_BASED_GEOMETRIC_ITEM_SPECIFIC_USAGE('','terminal f1 pin B2',#510,*,#39,
/*    534 */      (#261,#52),(#327));
/*    535 */ #513=SHAPE_ASPECT('',$,#3,.T.);
/*    536 */ #514=ID_ATTRIBUTE('terminal f2 pin A2',#513);
/*    537 */ #515=CHAIN_BASED_GEOMETRIC_ITEM_SPECIFIC_USAGE('','terminal f2 pin A2',#513,*,#49,
/*    538 */      (#261,#52),(#357));
/*    539 */ #516=SHAPE_ASPECT('',$,#3,.T.);
/*    540 */ #517=ID_ATTRIBUTE('terminal f2 pin A1',#516);
/*    541 */ #518=CHAIN_BASED_GEOMETRIC_ITEM_SPECIFIC_USAGE('','terminal f2 pin A1',#516,*,#49,
/*    542 */      (#261,#52),(#347));
/*    543 */ #519=SHAPE_ASPECT('',$,#3,.T.);
/*    544 */ #520=ID_ATTRIBUTE('terminal f2 pin B1',#519);
/*    545 */ #521=CHAIN_BASED_GEOMETRIC_ITEM_SPECIFIC_USAGE('','terminal f2 pin B1',#519,*,#49,
/*    546 */      (#261,#52),(#337));
/*    547 */ #522=SHAPE_ASPECT('',$,#3,.T.);
/*    548 */ #523=ID_ATTRIBUTE('terminal f2 pin B2',#522);
/*    549 */ #524=CHAIN_BASED_GEOMETRIC_ITEM_SPECIFIC_USAGE('','terminal f2 pin B2',#522,*,#49,
/*    550 */      (#261,#52),(#327));
/*    551 */ #525=(COMPOSITE_SHAPE_ASPECT()COMPOSITE_UNIT_SHAPE_ASPECT()DATUM_FEATURE()
/*    552 */      DIMENSIONAL_SIZE(#525,'length')DIMENSIONAL_SIZE_WITH_DATUM_FEATURE()
/*    553 */      SHAPE_ASPECT($,'feature of size',#3,.T.)SYMMETRIC_SHAPE_ASPECT());
/*    554 */ #526=ID_ATTRIBUTE('dimension D and datum feature A',#525);
/*    555 */ #527=SHAPE_ASPECT_RELATIONSHIP('',$,#525,#489);
/*    556 */ #528=SHAPE_ASPECT_RELATIONSHIP('',$,#525,#483);
/*    557 */ #529=DIMENSIONAL_CHARACTERISTIC_REPRESENTATION(#525,#530);
/*    558 */ #530=SHAPE_DIMENSION_REPRESENTATION('',(#533,#535),#531);
/*    559 */ #531=REPRESENTATION_CONTEXT('dimension context','dimension');
/*    560 */ #532=ID_ATTRIBUTE('D',#530);
/*    561 */ #533=(LENGTH_MEASURE_WITH_UNIT()MEASURE_REPRESENTATION_ITEM()MEASURE_WITH_UNIT(LENGTH_MEASURE(
/*    562 */      0.95),#534)REPRESENTATION_ITEM(''));
/*    563 */ #534=(LENGTH_UNIT()NAMED_UNIT(*)SI_UNIT(.MILLI.,.METRE.));
/*    564 */ #535=DESCRIPTIVE_REPRESENTATION_ITEM('dimensional note','theoretical');
/*    565 */ #536=DATUM('','plane',#3,.F.,'A');
/*    566 */ #537=SHAPE_ASPECT_RELATIONSHIP('',$,#525,#536);
/*    567 */ #538=(COMPOSITE_SHAPE_ASPECT()COMPOSITE_UNIT_SHAPE_ASPECT()DATUM_FEATURE()
/*    568 */      DIMENSIONAL_SIZE(#538,'length')DIMENSIONAL_SIZE_WITH_DATUM_FEATURE()
/*    569 */      SHAPE_ASPECT($,'feature of size',#3,.T.)SYMMETRIC_SHAPE_ASPECT());
/*    570 */ #539=ID_ATTRIBUTE('dimension E and datum feature B',#538);
/*    571 */ #540=SHAPE_ASPECT_RELATIONSHIP('',$,#538,#486);
/*    572 */ #541=SHAPE_ASPECT_RELATIONSHIP('',$,#538,#495);
/*    573 */ #542=DIMENSIONAL_CHARACTERISTIC_REPRESENTATION(#538,#543);
/*    574 */ #543=SHAPE_DIMENSION_REPRESENTATION('',(#545,#546),#531);
/*    575 */ #544=ID_ATTRIBUTE('E',#543);
/*    576 */ #545=(LENGTH_MEASURE_WITH_UNIT()MEASURE_REPRESENTATION_ITEM()MEASURE_WITH_UNIT(LENGTH_MEASURE(
/*    577 */      0.95),#534)REPRESENTATION_ITEM(''));
/*    578 */ #546=DESCRIPTIVE_REPRESENTATION_ITEM('dimensional note','theoretical');
/*    579 */ #547=DATUM('','plane',#3,.F.,'B');
/*    580 */ #548=SHAPE_ASPECT_RELATIONSHIP('',$,#538,#547);
/*    581 */ #549=(COMPOSITE_SHAPE_ASPECT()COMPOSITE_UNIT_SHAPE_ASPECT()DATUM_FEATURE()
/*    582 */      SHAPE_ASPECT($,$,#3,.T.));
/*    583 */ #550=ID_ATTRIBUTE('bottom all pins',#549);
/*    584 */ #551=SHAPE_ASPECT_RELATIONSHIP('',$,#549,#504);
/*    585 */ #552=SHAPE_ASPECT_RELATIONSHIP('',$,#549,#501);
/*    586 */ #553=SHAPE_ASPECT_RELATIONSHIP('',$,#549,#510);
/*    587 */ #554=SHAPE_ASPECT_RELATIONSHIP('',$,#549,#507);
/*    588 */ #555=(DERIVED_SHAPE_ASPECT()SEATING_PLANE()SHAPE_ASPECT('tangent plane',$,#3,.T.)
/*    589 */      TANGENT());
/*    590 */ #556=ID_ATTRIBUTE('tangent to datum feature C',#555);
/*    591 */ #557=PLANE('',#558);
/*    592 */ #558=AXIS2_PLACEMENT_3D('',#559,#560,#561);
/*    593 */ #559=CARTESIAN_POINT('',(0.0,0.0,0.0));
/*    594 */ #560=DIRECTION('',(0.0,0.0,1.0));
/*    595 */ #561=DIRECTION('',(1.0,0.0,0.0));
/*    596 */ #562=CONSTRUCTIVE_GEOMETRY_REPRESENTATION('',(#557,#573,#581,#589,#597),#262);
/*    597 */ #563=CONSTRUCTIVE_GEOMETRY_REPRESENTATION_RELATIONSHIP('',$,#261,#562);
/*    598 */ #564=GEOMETRIC_ITEM_SPECIFIC_USAGE('',$,#555,#562,#557);
/*    599 */ #565=SHAPE_ASPECT_DERIVING_RELATIONSHIP('',$,#555,#549);
/*    600 */ #566=DATUM('','plane',#3,.F.,'C');
/*    601 */ #567=SHAPE_ASPECT_RELATIONSHIP('',$,#549,#566);
/*    602 */ #568=(COMPOSITE_SHAPE_ASPECT()COMPOSITE_UNIT_SHAPE_ASPECT()SHAPE_ASPECT($,'feature of size',
/*    603 */      #3,.T.)SYMMETRIC_SHAPE_ASPECT());
/*    604 */ #569=ID_ATTRIBUTE('pin A2 feature of size',#568);
/*    605 */ #570=SHAPE_ASPECT_RELATIONSHIP('',$,#568,#513);
/*    606 */ #571=SHAPE_ASPECT_RELATIONSHIP('',$,#568,#501);
/*    607 */ #572=CENTRE_OF_SYMMETRY('centre point','pin A2 centre_of_symmetry',#3,.F.);
/*    608 */ #573=CARTESIAN_POINT('',(0.2,0.2,0.085));
/*    609 */ #574=GEOMETRIC_ITEM_SPECIFIC_USAGE('',$,#572,#562,#573);
/*    610 */ #575=SHAPE_ASPECT_DERIVING_RELATIONSHIP('',$,#572,#568);
/*    611 */ #576=(COMPOSITE_SHAPE_ASPECT()COMPOSITE_UNIT_SHAPE_ASPECT()SHAPE_ASPECT($,'feature of size',
/*    612 */      #3,.T.)SYMMETRIC_SHAPE_ASPECT());
/*    613 */ #577=ID_ATTRIBUTE('pin B1 feature of size',#576);
/*    614 */ #578=SHAPE_ASPECT_RELATIONSHIP('',$,#576,#519);
/*    615 */ #579=SHAPE_ASPECT_RELATIONSHIP('',$,#576,#507);
/*    616 */ #580=CENTRE_OF_SYMMETRY('centre point','pin B1 centre_of_symmetry',#3,.F.);
/*    617 */ #581=CARTESIAN_POINT('',(-0.2,-0.2,0.085));
/*    618 */ #582=GEOMETRIC_ITEM_SPECIFIC_USAGE('',$,#580,#562,#581);
/*    619 */ #583=SHAPE_ASPECT_DERIVING_RELATIONSHIP('',$,#580,#576);
/*    620 */ #584=(COMPOSITE_SHAPE_ASPECT()COMPOSITE_UNIT_SHAPE_ASPECT()SHAPE_ASPECT($,'feature of size',
/*    621 */      #3,.T.)SYMMETRIC_SHAPE_ASPECT());
/*    622 */ #585=ID_ATTRIBUTE('pin B2 feature of size',#584);
/*    623 */ #586=SHAPE_ASPECT_RELATIONSHIP('',$,#584,#522);
/*    624 */ #587=SHAPE_ASPECT_RELATIONSHIP('',$,#584,#510);
/*    625 */ #588=CENTRE_OF_SYMMETRY('centre point','pin B2 centre_of_symmetry',#3,.F.);
/*    626 */ #589=CARTESIAN_POINT('',(0.2,-0.2,0.085));
/*    627 */ #590=GEOMETRIC_ITEM_SPECIFIC_USAGE('',$,#588,#562,#589);
/*    628 */ #591=SHAPE_ASPECT_DERIVING_RELATIONSHIP('',$,#588,#584);
/*    629 */ #592=(COMPOSITE_SHAPE_ASPECT()COMPOSITE_UNIT_SHAPE_ASPECT()SHAPE_ASPECT($,'feature of size',
/*    630 */      #3,.T.)SYMMETRIC_SHAPE_ASPECT());
/*    631 */ #593=ID_ATTRIBUTE('pin A1 feature of size',#592);
/*    632 */ #594=SHAPE_ASPECT_RELATIONSHIP('',$,#592,#516);
/*    633 */ #595=SHAPE_ASPECT_RELATIONSHIP('',$,#592,#504);
/*    634 */ #596=CENTRE_OF_SYMMETRY('centre point','pin A1 centre_of_symmetry',#3,.F.);
/*    635 */ #597=CARTESIAN_POINT('',(-0.2,0.2,0.085));
/*    636 */ #598=GEOMETRIC_ITEM_SPECIFIC_USAGE('',$,#596,#562,#597);
/*    637 */ #599=SHAPE_ASPECT_DERIVING_RELATIONSHIP('',$,#596,#592);
/*    638 */ #600=COMPOSITE_GROUP_SHAPE_ASPECT('','multiple elements',#3,.T.);
/*    639 */ #601=ID_ATTRIBUTE('all pins feature of size',#600);
/*    640 */ #602=SHAPE_ASPECT_RELATIONSHIP('',$,#600,#592);
/*    641 */ #603=SHAPE_ASPECT_RELATIONSHIP('',$,#600,#584);
/*    642 */ #604=SHAPE_ASPECT_RELATIONSHIP('',$,#600,#576);
/*    643 */ #605=SHAPE_ASPECT_RELATIONSHIP('',$,#600,#568);
/*    644 */ #606=DIMENSIONAL_SIZE(#600,'length');
/*    645 */ #607=DIMENSIONAL_CHARACTERISTIC_REPRESENTATION(#606,#608);
/*    646 */ #608=SHAPE_DIMENSION_REPRESENTATION('',(#610,#612,#614,#616),#531);
/*    647 */ #609=ID_ATTRIBUTE('b',#608);
/*    648 */ #610=(LENGTH_MEASURE_WITH_UNIT()MEASURE_REPRESENTATION_ITEM()MEASURE_WITH_UNIT(LENGTH_MEASURE(
/*    649 */      0.15),#534)QUALIFIED_REPRESENTATION_ITEM((#611))REPRESENTATION_ITEM(''));
/*    650 */ #611=TYPE_QUALIFIER('minimum');
/*    651 */ #612=(LENGTH_MEASURE_WITH_UNIT()MEASURE_REPRESENTATION_ITEM()MEASURE_WITH_UNIT(LENGTH_MEASURE(
/*    652 */      0.19),#534)QUALIFIED_REPRESENTATION_ITEM((#613))REPRESENTATION_ITEM(''));
/*    653 */ #613=TYPE_QUALIFIER('maximum');
/*    654 */ #614=(LENGTH_MEASURE_WITH_UNIT()MEASURE_REPRESENTATION_ITEM()MEASURE_WITH_UNIT(LENGTH_MEASURE(
/*    655 */      0.17),#534)QUALIFIED_REPRESENTATION_ITEM((#615))REPRESENTATION_ITEM(''));
/*    656 */ #615=TYPE_QUALIFIER('average');
/*    657 */ #616=DESCRIPTIVE_REPRESENTATION_ITEM('dimensional note','diameter');
/*    658 */ #617=COMPOSITE_GROUP_SHAPE_ASPECT('','multiple elements',#3,.T.);
/*    659 */ #618=ID_ATTRIBUTE('all pins centres',#617);
/*    660 */ #619=SHAPE_ASPECT_RELATIONSHIP('',$,#617,#588);
/*    661 */ #620=SHAPE_ASPECT_RELATIONSHIP('',$,#617,#572);
/*    662 */ #621=SHAPE_ASPECT_RELATIONSHIP('',$,#617,#596);
/*    663 */ #622=SHAPE_ASPECT_RELATIONSHIP('',$,#617,#580);
/*    664 */ #623=(GEOMETRIC_TOLERANCE('terminal centre position',$,#628,#617)
/*    665 */      GEOMETRIC_TOLERANCE_WITH_DATUM_REFERENCE((#624))
/*    666 */      MODIFIED_GEOMETRIC_TOLERANCE(.LEAST_MATERIAL_CONDITION.)
/*    667 */      POSITION_TOLERANCE());
/*    668 */ #624=DATUM_SYSTEM('datum system of terminal centre position',$,#3,.F.,(#625,#626,
/*    669 */      #627));
/*    670 */ #625=DATUM_REFERENCE_COMPARTMENT('terminal centre position C',$,#3,.F.,#566,$);
/*    671 */ #626=DATUM_REFERENCE_COMPARTMENT('terminal centre position A',$,#3,.F.,#536,$);
/*    672 */ #627=DATUM_REFERENCE_COMPARTMENT('terminal centre position B',$,#3,.F.,#547,$);
/*    673 */ #628=LENGTH_MEASURE_WITH_UNIT(LENGTH_MEASURE(0.05),#534);
/*    674 */ #629=PARALLELISM_TOLERANCE('body top parallelism',$,#632,#498,(#630));
/*    675 */ #630=DATUM_SYSTEM('datum system of body top parallelism',$,#3,.F.,(#631));
/*    676 */ #631=DATUM_REFERENCE_COMPARTMENT('body top parallelism C',$,#3,.F.,#566,$);
/*    677 */ #632=LENGTH_MEASURE_WITH_UNIT(LENGTH_MEASURE(0.1),#534);
/*    678 */ #633=COMPOSITE_GROUP_SHAPE_ASPECT('','multiple elements',#3,.T.);
/*    679 */ #634=ID_ATTRIBUTE('all body sides',#633);
/*    680 */ #635=SHAPE_ASPECT_RELATIONSHIP('',$,#633,#489);
/*    681 */ #636=SHAPE_ASPECT_RELATIONSHIP('',$,#633,#483);
/*    682 */ #637=SHAPE_ASPECT_RELATIONSHIP('',$,#633,#486);
/*    683 */ #638=SHAPE_ASPECT_RELATIONSHIP('',$,#633,#495);
/*    684 */ #639=(GEOMETRIC_TOLERANCE('body side profile',$,#642,#633)
/*    685 */      GEOMETRIC_TOLERANCE_WITH_DATUM_REFERENCE((#640))SURFACE_PROFILE_TOLERANCE());
/*    686 */ #640=DATUM_SYSTEM('datum system of body side profile',$,#3,.F.,(#641));
/*    687 */ #641=DATUM_REFERENCE_COMPARTMENT('body side profile C',$,#3,.F.,#566,$);
/*    688 */ #642=LENGTH_MEASURE_WITH_UNIT(LENGTH_MEASURE(0.25),

------------------------------------------------------------------------------------------------
 Operation terminated successfully.
------------------------------------------------------------------------------------------------

