

/******************************************************************************************
* ReadStepFile diagnostics.
* Date:                           Mon Jul 29 09:29:39 2013
* Produced by:                    The EXPRESS Data Manager Version 5.01.0100.103 : 1 Nov 2012
* Module:                         EDMstepFileFactory/EDMstandAlone
* Host:                           tom8dd8
* Database:                       C:\Temp\edm_2012\2012_08
* Database version:               5207
* Database creation date:         Fri Aug 10 08:09:20 2012
* Model to populate:              DataRepository.DO-214_with_gdt_revc
* Header model to populate:       
* Step file name:                 Z:\Documents\2011\NIST AP210 GD&T Deliverables 9-30-11 - models and report\AP210 Package Models and JEDEC Documents_2013_june_update\DO-214_AB_with_gdt_c.p21
* EDMuser:                        sdai-user
* EDMgroup:                       sdai-group
* License ID and type:            4858 : Education license. Expiry date: 14 Mar 2016
* EDMstepFileFactory options:     0203000100
******************************************************************************************/
/*      1 */ ISO-10303-21;
/*      2 */ /* updated july 27, 2013 with call notes */
/*      3 */ HEADER;
/*      4 */ FILE_DESCRIPTION((''),
/*      5 */                   '2;1');
/*      6 */ FILE_NAME('DO-214_AB_with_gdt_a.p21',
/*      7 */           '2013-07-20T10:59:38',
/*      8 */           (''),
/*      9 */           (''),
/*     10 */           'ECCO RUNTIME SYSTEM BUILT-IN PREPROCESSOR V3.1.5',
/*     11 */           'ECCO RUNTIME SYSTEM V3.1.5',
/*     12 */           '');
/*     13 */ FILE_SCHEMA(('AP210_ELECTRONIC_ASSEMBLY_INTERCONNECT_AND_PACKAGING_DESIGN_MIM_LF'));
/*     14 */ ENDSEC;
/*     15 */ 
/*     16 */ /* ISO 10303-21 file generated by ECCO Toolkit, PDTec GmbH, Germany */
/*     17 */ 
/*     18 */ DATA;
/*     19 */ #1=DIMENSIONAL_EXPONENTS(1., 0., 0., 0., 0., 0., 0.);
/*     20 */ #2=(LENGTH_UNIT()
/*     21 */     NAMED_UNIT(*)
/*     22 */     SI_UNIT(.MILLI., .METRE.)
/*     23 */    );
/*     24 */ #3=PACKAGE('23', $, #1001, #998, 'DO-214_AB', $, *);
/*     25 */ #4=DIRECTION('24', (1.,0.));
/*     26 */ #5=CARTESIAN_POINT('25', (0.,0.));
/*     27 */ #6=AXIS2_PLACEMENT_2D('csys2d', #5, #4);
/*     28 */ #7=SHAPE_REPRESENTATION('global 2d representation', (#6), #13);
/*     29 */ #8=(NAMED_UNIT(*)
/*     30 */     SI_UNIT($, .STERADIAN.)
/*     31 */     SOLID_ANGLE_UNIT()
/*     32 */    );
/*     33 */ #9=(NAMED_UNIT(*)
/*     34 */     PLANE_ANGLE_UNIT()
/*     35 */     SI_UNIT($, .RADIAN.)
/*     36 */    );
/*     37 */ /* #10,11, 12 names must be unique */ 
/*     38 */ #10=UNCERTAINTY_MEASURE_WITH_UNIT(LENGTH_MEASURE(0.01), #2, 'umwu10', $);
/*     39 */ #11=UNCERTAINTY_MEASURE_WITH_UNIT(SOLID_ANGLE_MEASURE(0.001), #8, 'umwu11', $);
/*     40 */ #12=UNCERTAINTY_MEASURE_WITH_UNIT(PLANE_ANGLE_MEASURE(0.001), #9, 'umwu12', $);
/*     41 */ #13=(GEOMETRIC_REPRESENTATION_CONTEXT(2)
/*     42 */      GLOBAL_UNCERTAINTY_ASSIGNED_CONTEXT((#11,#10,#12))
/*     43 */      GLOBAL_UNIT_ASSIGNED_CONTEXT((#9,#2,#8))
/*     44 */      REPRESENTATION_CONTEXT('unit_context2D', 'unit_context2D')
/*     45 */     );
/*     46 */ #14=CARTESIAN_POINT('44', (-3.435,-2.8230866,-0.00999999999999979));
/*     47 */ #15=DIRECTION('45', (0.,-0.994521892293079,-0.104528492526168));
/*     48 */ #16=DIRECTION('46', (0.,-0.104528492526168,0.994521892293079));
/*     49 */ #17=AXIS2_PLACEMENT_3D('47', #14, #15, #16);
/*     50 */ #18=PLANE('48', #17);
/*     51 */ #19=CARTESIAN_POINT('49', (2.275,-2.84253088902692,0.175));
/*     52 */ #20=VERTEX_POINT('50', #19);
/*     53 */ #21=CARTESIAN_POINT('51', (3.31753088902692,-2.84253088902692,0.175));
/*     54 */ #22=VERTEX_POINT('52', #21);
/*     55 */ #23=CARTESIAN_POINT('53', (-1.7175,-2.84253088902692,0.175));
/*     56 */ #24=DIRECTION('54', (1.,0.,0.));
/*     57 */ #25=VECTOR('55', #24, 1.);
/*     58 */ #26=LINE('56', #23, #25);
/*     59 */ #27=EDGE_CURVE('57', #20, #22, #26, .T.);
/*     60 */ #28=ORIENTED_EDGE('58', *, *, #27, .T.);
/*     61 */ #29=CARTESIAN_POINT('59', (3.425,-2.95,1.1975));
/*     62 */ #30=VERTEX_POINT('60', #29);
/*     63 */ #31=CARTESIAN_POINT('61', (3.29321933890454,-2.81821933890454,-0.0563088828505469));
/*     64 */ #32=DIRECTION('62', (0.103962079969953,-0.103962079969953,0.989132838326907));
/*     65 */ #33=VECTOR('63', #32, 1.);
/*     66 */ #34=LINE('64', #31, #33);
/*     67 */ #35=EDGE_CURVE('65', #22, #30, #34, .T.);
/*     68 */ #36=ORIENTED_EDGE('66', *, *, #35, .T.);
/*     69 */ #37=CARTESIAN_POINT('67', (-3.425,-2.95,1.1975));
/*     70 */ #38=VERTEX_POINT('68', #37);
/*     71 */ #39=CARTESIAN_POINT('69', (-3.435,-2.95,1.1975));
/*     72 */ #40=DIRECTION('70', (1.,0.,0.));
/*     73 */ #41=VECTOR('71', #40, 1.);
/*     74 */ #42=LINE('72', #39, #41);
/*     75 */ #43=EDGE_CURVE('73', #38, #30, #42, .T.);
/*     76 */ #44=ORIENTED_EDGE('74', *, *, #43, .F.);
/*     77 */ #45=CARTESIAN_POINT('75', (-3.31753088902692,-2.84253088902692,0.175));
/*     78 */ #46=VERTEX_POINT('76', #45);
/*     79 */ #47=CARTESIAN_POINT('77', (-3.26757435799297,-2.79257435799297,-0.30030450861364));
/*     80 */ #48=DIRECTION('78', (-0.103962079969953,-0.103962079969953,0.989132838326907));
/*     81 */ #49=VECTOR('79', #48, 1.);
/*     82 */ #50=LINE('80', #47, #49);
/*     83 */ #51=EDGE_CURVE('81', #46, #38, #50, .T.);
/*     84 */ #52=ORIENTED_EDGE('82', *, *, #51, .F.);
/*     85 */ #53=CARTESIAN_POINT('83', (-2.275,-2.84253088902692,0.175));
/*     86 */ #54=VERTEX_POINT('84', #53);
/*     87 */ #55=CARTESIAN_POINT('85', (-1.7175,-2.84253088902692,0.175));
/*     88 */ #56=DIRECTION('86', (1.,0.,0.));
/*     89 */ #57=VECTOR('87', #56, 1.);
/*     90 */ #58=LINE('88', #55, #57);
/*     91 */ #59=EDGE_CURVE('89', #46, #54, #58, .T.);
/*     92 */ #60=ORIENTED_EDGE('90', *, *, #59, .T.);
/*     93 */ #61=CARTESIAN_POINT('91', (-2.275,-2.8241376426501,0.));
/*     94 */ #62=VERTEX_POINT('92', #61);
/*     95 */ #63=CARTESIAN_POINT('93', (-2.275,-2.79206741336944,-0.305127763155032));
/*     96 */ #64=DIRECTION('94', (0.,0.104528492526168,-0.994521892293079));
/*     97 */ #65=VECTOR('95', #64, 1.);
/*     98 */ #66=LINE('96', #63, #65);
/*     99 */ #67=EDGE_CURVE('97', #54, #62, #66, .T.);
/*    100 */ #68=ORIENTED_EDGE('98', *, *, #67, .T.);
/*    101 */ #69=CARTESIAN_POINT('99', (2.275,-2.8241376426501,0.));
/*    102 */ #70=VERTEX_POINT('100', #69);
/*    103 */ #71=CARTESIAN_POINT('101', (-1.7175,-2.8241376426501,0.));
/*    104 */ #72=DIRECTION('102', (1.,0.,0.));
/*    105 */ #73=VECTOR('103', #72, 1.);
/*    106 */ #74=LINE('104', #71, #73);
/*    107 */ #75=EDGE_CURVE('105', #62, #70, #74, .T.);
/*    108 */ #76=ORIENTED_EDGE('106', *, *, #75, .T.);
/*    109 */ #77=CARTESIAN_POINT('107', (2.275,-2.82429972033133,0.00154206569268879));
/*    110 */ #78=DIRECTION('108', (0.,-0.104528492526168,0.994521892293079));
/*    111 */ #79=VECTOR('109', #78, 1.);
/*    112 */ #80=LINE('110', #77, #79);
/*    113 */ #81=EDGE_CURVE('111', #70, #20, #80, .T.);
/*    114 */ #82=ORIENTED_EDGE('112', *, *, #81, .T.);
/*    115 */ #83=EDGE_LOOP('113', (#28,#36,#44,#52,#60
/*    116 */      ,#68,#76,#82));
/*    117 */ #84=FACE_BOUND('115', #83, .T.);
/*    118 */ #85=ADVANCED_FACE('116', (#84), #18, .T.);
/*    119 */ #86=CARTESIAN_POINT('117', (0.,0.,0.175));
/*    120 */ #87=DIRECTION('118', (0.,0.,1.));
/*    121 */ #88=DIRECTION('119', (1.,0.,0.));
/*    122 */ #89=AXIS2_PLACEMENT_3D('120', #86, #87, #88);
/*    123 */ #90=PLANE('121', #89);
/*    124 */ #91=CARTESIAN_POINT('122', (3.31753088902692,2.84253088902692,0.175));
/*    125 */ #92=VERTEX_POINT('123', #91);
/*    126 */ #93=CARTESIAN_POINT('124', (3.31753088902692,1.48,0.175));
/*    127 */ #94=DIRECTION('125', (0.,1.,0.));
/*    128 */ #95=VECTOR('126', #94, 1.);
/*    129 */ #96=LINE('127', #93, #95);
/*    130 */ #97=EDGE_CURVE('128', #22, #92, #96, .T.);
/*    131 */ #98=ORIENTED_EDGE('129', *, *, #97, .T.);
/*    132 */ #99=CARTESIAN_POINT('130', (2.275,2.84253088902692,0.175));
/*    133 */ #100=VERTEX_POINT('131', #99);
/*    134 */ #101=CARTESIAN_POINT('132', (-1.7175,2.84253088902692,0.175));
/*    135 */ #102=DIRECTION('133', (-1.,0.,0.));
/*    136 */ #103=VECTOR('134', #102, 1.);
/*    137 */ #104=LINE('135', #101, #103);
/*    138 */ #105=EDGE_CURVE('136', #92, #100, #104, .T.);
/*    139 */ #106=ORIENTED_EDGE('137', *, *, #105, .T.);
/*    140 */ #107=CARTESIAN_POINT('138', (2.275,-2.95,0.175));
/*    141 */ #108=DIRECTION('139', (0.,1.,0.));
/*    142 */ #109=VECTOR('140', #108, 1.);
/*    143 */ #110=LINE('141', #107, #109);
/*    144 */ #111=EDGE_CURVE('142', #20, #100, #110, .T.);
/*    145 */ #112=ORIENTED_EDGE('143', *, *, #111, .F.);
/*    146 */ #113=ORIENTED_EDGE('144', *, *, #27, .T.);
/*    147 */ #114=EDGE_LOOP('145', (#98,#106,#112,#113));
/*    148 */ #115=FACE_BOUND('146', #114, .F.);
/*    149 */ #116=ADVANCED_FACE('147', (#115), #90, .F.);
/*    150 */ #117=CARTESIAN_POINT('148', (2.275,-2.95,0.));
/*    151 */ #118=DIRECTION('149', (-1.,0.,0.));
/*    152 */ #119=DIRECTION('150', (0.,1.,0.));
/*    153 */ #120=AXIS2_PLACEMENT_3D('151', #117, #118, #119);
/*    154 */ #121=PLANE('152', #120);
/*    155 */ #122=ORIENTED_EDGE('153', *, *, #111, .T.);
/*    156 */ #123=CARTESIAN_POINT('154', (2.275,2.8241376426501,0.));
/*    157 */ #124=VERTEX_POINT('155', #123);
/*    158 */ #125=CARTESIAN_POINT('156', (2.275,2.85552411336944,0.298622236844968));
/*    159 */ #126=DIRECTION('157', (0.,-0.104528492526168,-0.994521892293079));
/*    160 */ #127=VECTOR('158', #126, 1.);
/*    161 */ #128=LINE('159', #125, #127);
/*    162 */ #129=EDGE_CURVE('160', #100, #124, #128, .T.);
/*    163 */ #130=ORIENTED_EDGE('161', *, *, #129, .T.);
/*    164 */ #131=CARTESIAN_POINT('162', (2.275,-2.95,0.));
/*    165 */ #132=DIRECTION('163', (0.,1.,0.));
/*    166 */ #133=VECTOR('164', #132, 1.);
/*    167 */ #134=LINE('165', #131, #133);
/*    168 */ #135=EDGE_CURVE('166', #70, #124, #134, .T.);
/*    169 */ #136=ORIENTED_EDGE('167', *, *, #135, .F.);
/*    170 */ #137=ORIENTED_EDGE('168', *, *, #81, .T.);
/*    171 */ #138=EDGE_LOOP('169', (#122,#130,#136,#137));
/*    172 */ #139=FACE_BOUND('170', #138, .F.);
/*    173 */ #140=ADVANCED_FACE('171', (#139), #121, .F.);
/*    174 */ #141=CARTESIAN_POINT('172', (0.,0.,0.));
/*    175 */ #142=DIRECTION('173', (0.,0.,1.));
/*    176 */ #143=DIRECTION('174', (1.,0.,0.));
/*    177 */ #144=AXIS2_PLACEMENT_3D('175', #141, #142, #143);
/*    178 */ #145=PLANE('176', #144);
/*    179 */ #146=ORIENTED_EDGE('177', *, *, #135, .T.);
/*    180 */ #147=CARTESIAN_POINT('178', (-2.275,2.8241376426501,0.));
/*    181 */ #148=VERTEX_POINT('179', #147);
/*    182 */ #149=CARTESIAN_POINT('180', (-1.7175,2.8241376426501,0.));
/*    183 */ #150=DIRECTION('181', (-1.,0.,0.));
/*    184 */ #151=VECTOR('182', #150, 1.);
/*    185 */ #152=LINE('183', #149, #151);
/*    186 */ #153=EDGE_CURVE('184', #124, #148, #152, .T.);
/*    187 */ #154=ORIENTED_EDGE('185', *, *, #153, .T.);
/*    188 */ #155=CARTESIAN_POINT('186', (-2.275,2.95,0.));
/*    189 */ #156=DIRECTION('187', (0.,-1.,0.));
/*    190 */ #157=VECTOR('188', #156, 1.);
/*    191 */ #158=LINE('189', #155, #157);
/*    192 */ #159=EDGE_CURVE('190', #148, #62, #158, .T.);
/*    193 */ #160=ORIENTED_EDGE('191', *, *, #159, .T.);
/*    194 */ #161=ORIENTED_EDGE('192', *, *, #75, .T.);
/*    195 */ #162=EDGE_LOOP('193', (#146,#154,#160,#161));
/*    196 */ #163=FACE_BOUND('194', #162, .F.);
/*    197 */ #164=ADVANCED_FACE('195', (#163), #145, .F.);
/*    198 */ #165=CARTESIAN_POINT('196', (-2.275,2.95,0.));
/*    199 */ #166=DIRECTION('197', (1.,0.,0.));
/*    200 */ #167=DIRECTION('198', (0.,-1.,0.));
/*    201 */ #168=AXIS2_PLACEMENT_3D('199', #165, #166, #167);
/*    202 */ #169=PLANE('200', #168);
/*    203 */ #170=ORIENTED_EDGE('201', *, *, #159, .F.);
/*    204 */ #171=CARTESIAN_POINT('202', (-2.275,2.84253088902692,0.175));
/*    205 */ #172=VERTEX_POINT('203', #171);
/*    206 */ #173=CARTESIAN_POINT('204', (-2.275,2.88775642033133,0.605292065692689));
/*    207 */ #174=DIRECTION('205', (0.,0.104528492526168,0.994521892293079));
/*    208 */ #175=VECTOR('206', #174, 1.);
/*    209 */ #176=LINE('207', #173, #175);
/*    210 */ #177=EDGE_CURVE('208', #148, #172, #176, .T.);
/*    211 */ #178=ORIENTED_EDGE('209', *, *, #177, .T.);
/*    212 */ #179=CARTESIAN_POINT('210', (-2.275,2.95,0.175));
/*    213 */ #180=DIRECTION('211', (0.,-1.,0.));
/*    214 */ #181=VECTOR('212', #180, 1.);
/*    215 */ #182=LINE('213', #179, #181);
/*    216 */ #183=EDGE_CURVE('214', #172, #54, #182, .T.);
/*    217 */ #184=ORIENTED_EDGE('215', *, *, #183, .T.);
/*    218 */ #185=ORIENTED_EDGE('216', *, *, #67, .T.);
/*    219 */ #186=EDGE_LOOP('217', (#170,#178,#184,#185));
/*    220 */ #187=FACE_BOUND('218', #186, .F.);
/*    221 */ #188=ADVANCED_FACE('219', (#187), #169, .F.);
/*    222 */ #189=CARTESIAN_POINT('220', (0.,0.,0.175));
/*    223 */ #190=DIRECTION('221', (0.,0.,1.));
/*    224 */ #191=DIRECTION('222', (1.,0.,0.));
/*    225 */ #192=AXIS2_PLACEMENT_3D('223', #189, #190, #191);
/*    226 */ #193=PLANE('224', #192);
/*    227 */ #194=ORIENTED_EDGE('225', *, *, #183, .F.);
/*    228 */ #195=CARTESIAN_POINT('226', (-3.31753088902692,2.84253088902692,0.175));
/*    229 */ #196=VERTEX_POINT('227', #195);
/*    230 */ #197=CARTESIAN_POINT('228', (-1.7175,2.84253088902692,0.175));
/*    231 */ #198=DIRECTION('229', (-1.,0.,0.));
/*    232 */ #199=VECTOR('230', #198, 1.);
/*    233 */ #200=LINE('231', #197, #199);
/*    234 */ #201=EDGE_CURVE('232', #172, #196, #200, .T.);
/*    235 */ #202=ORIENTED_EDGE('233', *, *, #201, .T.);
/*    236 */ #203=CARTESIAN_POINT('234', (-3.31753088902692,1.48,0.175));
/*    237 */ #204=DIRECTION('235', (0.,-1.,0.));
/*    238 */ #205=VECTOR('236', #204, 1.);
/*    239 */ #206=LINE('237', #203, #205);
/*    240 */ #207=EDGE_CURVE('238', #196, #46, #206, .T.);
/*    241 */ #208=ORIENTED_EDGE('239', *, *, #207, .T.);
/*    242 */ #209=ORIENTED_EDGE('240', *, *, #59, .T.);
/*    243 */ #210=EDGE_LOOP('241', (#194,#202,#208,#209));
/*    244 */ #211=FACE_BOUND('242', #210, .F.);
/*    245 */ #212=ADVANCED_FACE('243', (#211), #193, .F.);
/*    246 */ #213=CARTESIAN_POINT('244', (-3.2980866,2.96,-0.00999999999999979));
/*    247 */ #214=DIRECTION('245', (-0.994521892293079,0.,-0.104528492526168));
/*    248 */ #215=DIRECTION('246', (-0.104528492526168,0.,0.994521892293079));
/*    249 */ #216=AXIS2_PLACEMENT_3D('247', #213, #214, #215);
/*    250 */ #217=PLANE('248', #216);
/*    251 */ #218=CARTESIAN_POINT('249', (-3.425,2.95,1.1975));
/*    252 */ #219=VERTEX_POINT('250', #218);
/*    253 */ #220=CARTESIAN_POINT('251', (-3.425,2.96,1.1975));
/*    254 */ #221=DIRECTION('252', (0.,-1.,0.));
/*    255 */ #222=VECTOR('253', #221, 1.);
/*    256 */ #223=LINE('254', #220, #222);
/*    257 */ #224=EDGE_CURVE('255', #219, #38, #223, .T.);
/*    258 */ #225=ORIENTED_EDGE('256', *, *, #224, .F.);
/*    259 */ #226=CARTESIAN_POINT('257', (-3.36233722839293,2.88733722839293,0.601303721943167));
/*    260 */ #227=DIRECTION('258', (0.103962079969953,-0.103962079969953,-0.989132838326907));
/*    261 */ #228=VECTOR('259', #227, 1.);
/*    262 */ #229=LINE('260', #226, #228);
/*    263 */ #230=EDGE_CURVE('261', #219, #196, #229, .T.);
/*    264 */ #231=ORIENTED_EDGE('262', *, *, #230, .T.);
/*    265 */ #232=ORIENTED_EDGE('263', *, *, #207, .T.);
/*    266 */ #233=ORIENTED_EDGE('264', *, *, #51, .T.);
/*    267 */ #234=EDGE_LOOP('265', (#225,#231,#232,#233));
/*    268 */ #235=FACE_BOUND('266', #234, .T.);
/*    269 */ #236=ADVANCED_FACE('267', (#235), #217, .T.);
/*    270 */ #237=CARTESIAN_POINT('268', (-3.425,-2.95,0.175));
/*    271 */ #238=DIRECTION('269', (0.,1.,0.));
/*    272 */ #239=DIRECTION('270', (1.,0.,0.));
/*    273 */ #240=AXIS2_PLACEMENT_3D('271', #237, #238, #239);
/*    274 */ #241=PLANE('272', #240);
/*    275 */ #242=ORIENTED_EDGE('273', *, *, #43, .F.);
/*    276 */ #243=CARTESIAN_POINT('274', (-3.425,-2.95,1.4775));
/*    277 */ #244=VERTEX_POINT('275', #243);
/*    278 */ #245=CARTESIAN_POINT('276', (-3.425,-2.95,0.175));
/*    279 */ #246=DIRECTION('277', (0.,0.,1.));
/*    280 */ #247=VECTOR('278', #246, 1.);
/*    281 */ #248=LINE('279', #245, #247);
/*    282 */ #249=EDGE_CURVE('280', #38, #244, #248, .T.);
/*    283 */ #250=ORIENTED_EDGE('281', *, *, #249, .T.);
/*    284 */ #251=CARTESIAN_POINT('282', (3.425,-2.95,1.4775));
/*    285 */ #252=VERTEX_POINT('283', #251);
/*    286 */ #253=CARTESIAN_POINT('284', (-3.435,-2.95,1.4775));
/*    287 */ #254=DIRECTION('285', (1.,0.,0.));
/*    288 */ #255=VECTOR('286', #254, 1.);
/*    289 */ #256=LINE('287', #253, #255);
/*    290 */ #257=EDGE_CURVE('288', #244, #252, #256, .T.);
/*    291 */ #258=ORIENTED_EDGE('289', *, *, #257, .T.);
/*    292 */ #259=CARTESIAN_POINT('290', (3.425,-2.95,0.175));
/*    293 */ #260=DIRECTION('291', (0.,0.,1.));
/*    294 */ #261=VECTOR('292', #260, 1.);
/*    295 */ #262=LINE('293', #259, #261);
/*    296 */ #263=EDGE_CURVE('294', #30, #252, #262, .T.);
/*    297 */ #264=ORIENTED_EDGE('295', *, *, #263, .F.);
/*    298 */ #265=EDGE_LOOP('296', (#242,#250,#258,#264));
/*    299 */ #266=FACE_BOUND('297', #265, .F.);
/*    300 */ #267=ADVANCED_FACE('298', (#266), #241, .F.);
/*    301 */ #268=CARTESIAN_POINT('299', (3.425,2.96,1.1975));
/*    302 */ #269=DIRECTION('300', (0.994521892293079,0.,-0.104528492526168));
/*    303 */ #270=DIRECTION('301', (-0.104528492526168,0.,-0.994521892293079));
/*    304 */ #271=AXIS2_PLACEMENT_3D('302', #268, #269, #270);
/*    305 */ #272=PLANE('303', #271);
/*    306 */ #273=ORIENTED_EDGE('304', *, *, #97, .T.);
/*    307 */ #274=CARTESIAN_POINT('305', (3.425,2.95,1.1975));
/*    308 */ #275=VERTEX_POINT('306', #274);
/*    309 */ #276=CARTESIAN_POINT('307', (3.3879822093045,2.9129822093045,0.84529934770626));
/*    310 */ #277=DIRECTION('308', (0.103962079969953,0.103962079969953,0.989132838326907));
/*    311 */ #278=VECTOR('309', #277, 1.);
/*    312 */ #279=LINE('310', #276, #278);
/*    313 */ #280=EDGE_CURVE('311', #92, #275, #279, .T.);
/*    314 */ #281=ORIENTED_EDGE('312', *, *, #280, .T.);
/*    315 */ #282=CARTESIAN_POINT('313', (3.425,2.96,1.1975));
/*    316 */ #283=DIRECTION('314', (0.,-1.,0.));
/*    317 */ #284=VECTOR('315', #283, 1.);
/*    318 */ #285=LINE('316', #282, #284);
/*    319 */ #286=EDGE_CURVE('317', #275, #30, #285, .T.);
/*    320 */ #287=ORIENTED_EDGE('318', *, *, #286, .T.);
/*    321 */ #288=ORIENTED_EDGE('319', *, *, #35, .F.);
/*    322 */ #289=EDGE_LOOP('320', (#273,#281,#287,#288));
/*    323 */ #290=FACE_BOUND('321', #289, .T.);
/*    324 */ #291=ADVANCED_FACE('322', (#290), #272, .T.);
/*    325 */ #292=CARTESIAN_POINT('323', (-3.435,2.95,1.1975));
/*    326 */ #293=DIRECTION('324', (0.,0.994521892293079,-0.104528492526168));
/*    327 */ #294=DIRECTION('325', (0.,-0.104528492526168,-0.994521892293079));
/*    328 */ #295=AXIS2_PLACEMENT_3D('326', #292, #293, #294);
/*    329 */ #296=PLANE('327', #295);
/*    330 */ #297=ORIENTED_EDGE('328', *, *, #105, .T.);
/*    331 */ #298=ORIENTED_EDGE('329', *, *, #129, .T.);
/*    332 */ #299=ORIENTED_EDGE('330', *, *, #153, .T.);
/*    333 */ #300=ORIENTED_EDGE('331', *, *, #177, .T.);
/*    334 */ #301=ORIENTED_EDGE('332', *, *, #201, .T.);
/*    335 */ #302=ORIENTED_EDGE('333', *, *, #230, .F.);
/*    336 */ #303=CARTESIAN_POINT('334', (-3.435,2.95,1.1975));
/*    337 */ #304=DIRECTION('335', (1.,0.,0.));
/*    338 */ #305=VECTOR('336', #304, 1.);
/*    339 */ #306=LINE('337', #303, #305);
/*    340 */ #307=EDGE_CURVE('338', #219, #275, #306, .T.);
/*    341 */ #308=ORIENTED_EDGE('339', *, *, #307, .T.);
/*    342 */ #309=ORIENTED_EDGE('340', *, *, #280, .F.);
/*    343 */ #310=EDGE_LOOP('341', (#297,#298,#299,#300,#301
/*    344 */      ,#302,#308,#309));
/*    345 */ #311=FACE_BOUND('343', #310, .T.);
/*    346 */ #312=ADVANCED_FACE('344', (#311), #296, .T.);
/*    347 */ #313=CARTESIAN_POINT('345', (-3.425,2.95,0.175));
/*    348 */ #314=DIRECTION('346', (1.,0.,0.));
/*    349 */ #315=DIRECTION('347', (0.,-1.,0.));
/*    350 */ #316=AXIS2_PLACEMENT_3D('348', #313, #314, #315);
/*    351 */ #317=PLANE('349', #316);
/*    352 */ #318=ORIENTED_EDGE('350', *, *, #224, .F.);
/*    353 */ #319=CARTESIAN_POINT('351', (-3.425,2.95,1.4775));
/*    354 */ #320=VERTEX_POINT('352', #319);
/*    355 */ #321=CARTESIAN_POINT('353', (-3.425,2.95,0.175));
/*    356 */ #322=DIRECTION('354', (0.,0.,1.));
/*    357 */ #323=VECTOR('355', #322, 1.);
/*    358 */ #324=LINE('356', #321, #323);
/*    359 */ #325=EDGE_CURVE('357', #219, #320, #324, .T.);
/*    360 */ #326=ORIENTED_EDGE('358', *, *, #325, .T.);
/*    361 */ #327=CARTESIAN_POINT('359', (-3.425,2.96,1.4775));
/*    362 */ #328=DIRECTION('360', (0.,-1.,0.));
/*    363 */ #329=VECTOR('361', #328, 1.);
/*    364 */ #330=LINE('362', #327, #329);
/*    365 */ #331=EDGE_CURVE('363', #320, #244, #330, .T.);
/*    366 */ #332=ORIENTED_EDGE('364', *, *, #331, .T.);
/*    367 */ #333=ORIENTED_EDGE('365', *, *, #249, .F.);
/*    368 */ #334=EDGE_LOOP('366', (#318,#326,#332,#333));
/*    369 */ #335=FACE_BOUND('367', #334, .F.);
/*    370 */ #336=ADVANCED_FACE('368', (#335), #317, .F.);
/*    371 */ #337=CARTESIAN_POINT('369', (3.425,-2.95,0.175));
/*    372 */ #338=DIRECTION('370', (-1.,0.,0.));
/*    373 */ #339=DIRECTION('371', (0.,1.,0.));
/*    374 */ #340=AXIS2_PLACEMENT_3D('372', #337, #338, #339);
/*    375 */ #341=PLANE('373', #340);
/*    376 */ #342=ORIENTED_EDGE('374', *, *, #286, .T.);
/*    377 */ #343=ORIENTED_EDGE('375', *, *, #263, .T.);
/*    378 */ #344=CARTESIAN_POINT('376', (3.425,2.95,1.4775));
/*    379 */ #345=VERTEX_POINT('377', #344);
/*    380 */ #346=CARTESIAN_POINT('378', (3.425,2.96,1.4775));
/*    381 */ #347=DIRECTION('379', (0.,-1.,0.));
/*    382 */ #348=VECTOR('380', #347, 1.);
/*    383 */ #349=LINE('381', #346, #348);
/*    384 */ #350=EDGE_CURVE('382', #345, #252, #349, .T.);
/*    385 */ #351=ORIENTED_EDGE('383', *, *, #350, .F.);
/*    386 */ #352=CARTESIAN_POINT('384', (3.425,2.95,0.175));
/*    387 */ #353=DIRECTION('385', (0.,0.,1.));
/*    388 */ #354=VECTOR('386', #353, 1.);
/*    389 */ #355=LINE('387', #352, #354);
/*    390 */ #356=EDGE_CURVE('388', #275, #345, #355, .T.);
/*    391 */ #357=ORIENTED_EDGE('389', *, *, #356, .F.);
/*    392 */ #358=EDGE_LOOP('390', (#342,#343,#351,#357));
/*    393 */ #359=FACE_BOUND('391', #358, .F.);
/*    394 */ #360=ADVANCED_FACE('392', (#359), #341, .F.);
/*    395 */ #361=CARTESIAN_POINT('393', (-3.435,-2.95,1.4775));
/*    396 */ #362=DIRECTION('394', (0.,-0.99452189766248,0.104528441439731));
/*    397 */ #363=DIRECTION('395', (0.,0.104528441439731,0.99452189766248));
/*    398 */ #364=AXIS2_PLACEMENT_3D('396', #361, #362, #363);
/*    399 */ #365=PLANE('397', #364);
/*    400 */ #366=ORIENTED_EDGE('398', *, *, #257, .T.);
/*    401 */ #367=CARTESIAN_POINT('399', (3.31753094213075,-2.84253094213075,2.5));
/*    402 */ #368=VERTEX_POINT('400', #367);
/*    403 */ #369=CARTESIAN_POINT('401', (3.30231665662078,-2.82731665662078,2.64475428781434));
/*    404 */ #370=DIRECTION('402', (-0.103962029709495,0.103962029709495,0.989132848892081));
/*    405 */ #371=VECTOR('403', #370, 1.);
/*    406 */ #372=LINE('404', #369, #371);
/*    407 */ #373=EDGE_CURVE('405', #252, #368, #372, .T.);
/*    408 */ #374=ORIENTED_EDGE('406', *, *, #373, .T.);
/*    409 */ #375=CARTESIAN_POINT('407', (-3.31753094213075,-2.84253094213075,2.5));
/*    410 */ #376=VERTEX_POINT('408', #375);
/*    411 */ #377=CARTESIAN_POINT('409', (-1.7175,-2.84253094213075,2.5));
/*    412 */ #378=DIRECTION('410', (1.,0.,0.));
/*    413 */ #379=VECTOR('411', #378, 1.);
/*    414 */ #380=LINE('412', #377, #379);
/*    415 */ #381=EDGE_CURVE('413', #376, #368, #380, .T.);
/*    416 */ #382=ORIENTED_EDGE('414', *, *, #381, .F.);
/*    417 */ #383=CARTESIAN_POINT('415', (-3.39311609431711,-2.91811609431711,1.78085516293831));
/*    418 */ #384=DIRECTION('416', (0.103962029709495,0.103962029709495,0.989132848892081));
/*    419 */ #385=VECTOR('417', #384, 1.);
/*    420 */ #386=LINE('418', #383, #385);
/*    421 */ #387=EDGE_CURVE('419', #244, #376, #386, .T.);
/*    422 */ #388=ORIENTED_EDGE('420', *, *, #387, .F.);
/*    423 */ #389=EDGE_LOOP('421', (#366,#374,#382,#388));
/*    424 */ #390=FACE_BOUND('422', #389, .T.);
/*    425 */ #391=ADVANCED_FACE('423', (#390), #365, .T.);
/*    426 */ #392=CARTESIAN_POINT('424', (3.425,2.95,0.175));
/*    427 */ #393=DIRECTION('425', (0.,-1.,0.));
/*    428 */ #394=DIRECTION('426', (-1.,0.,0.));
/*    429 */ #395=AXIS2_PLACEMENT_3D('427', #392, #393, #394);
/*    430 */ #396=PLANE('428', #395);
/*    431 */ #397=ORIENTED_EDGE('429', *, *, #307, .T.);
/*    432 */ #398=ORIENTED_EDGE('430', *, *, #356, .T.);
/*    433 */ #399=CARTESIAN_POINT('431', (-3.435,2.95,1.4775));
/*    434 */ #400=DIRECTION('432', (1.,0.,0.));
/*    435 */ #401=VECTOR('433', #400, 1.);
/*    436 */ #402=LINE('434', #399, #401);
/*    437 */ #403=EDGE_CURVE('435', #320, #345, #402, .T.);
/*    438 */ #404=ORIENTED_EDGE('436', *, *, #403, .F.);
/*    439 */ #405=ORIENTED_EDGE('437', *, *, #325, .F.);
/*    440 */ #406=EDGE_LOOP('438', (#397,#398,#404,#405));
/*    441 */ #407=FACE_BOUND('439', #406, .F.);
/*    442 */ #408=ADVANCED_FACE('440', (#407), #396, .F.);
/*    443 */ #409=CARTESIAN_POINT('441', (-3.425,2.96,1.4775));
/*    444 */ #410=DIRECTION('442', (-0.99452189766248,0.,0.104528441439731));
/*    445 */ #411=DIRECTION('443', (0.104528441439731,0.,0.99452189766248));
/*    446 */ #412=AXIS2_PLACEMENT_3D('444', #409, #410, #411);
/*    447 */ #413=PLANE('445', #412);
/*    448 */ #414=CARTESIAN_POINT('446', (-3.31753094213075,2.84253094213075,2.5));
/*    449 */ #415=VERTEX_POINT('447', #414);
/*    450 */ #416=CARTESIAN_POINT('448', (-3.31753094213075,1.48,2.5));
/*    451 */ #417=DIRECTION('449', (0.,-1.,0.));
/*    452 */ #418=VECTOR('450', #417, 1.);
/*    453 */ #419=LINE('451', #416, #418);
/*    454 */ #420=EDGE_CURVE('452', #415, #376, #419, .T.);
/*    455 */ #421=ORIENTED_EDGE('453', *, *, #420, .F.);
/*    456 */ #422=CARTESIAN_POINT('454', (-3.37143447927911,2.89643447927911,1.98714199391926));
/*    457 */ #423=DIRECTION('455', (-0.103962029709495,0.103962029709495,-0.989132848892081));
/*    458 */ #424=VECTOR('456', #423, 1.);
/*    459 */ #425=LINE('457', #422, #424);
/*    460 */ #426=EDGE_CURVE('458', #415, #320, #425, .T.);
/*    461 */ #427=ORIENTED_EDGE('459', *, *, #426, .T.);
/*    462 */ #428=ORIENTED_EDGE('460', *, *, #331, .T.);
/*    463 */ #429=ORIENTED_EDGE('461', *, *, #387, .T.);
/*    464 */ #430=EDGE_LOOP('462', (#421,#427,#428,#429));
/*    465 */ #431=FACE_BOUND('463', #430, .T.);
/*    466 */ #432=ADVANCED_FACE('464', (#431), #413, .T.);
/*    467 */ #433=CARTESIAN_POINT('465', (3.3164799,2.96,2.51));
/*    468 */ #434=DIRECTION('466', (0.99452189766248,0.,0.104528441439731));
/*    469 */ #435=DIRECTION('467', (0.104528441439731,0.,-0.99452189766248));
/*    470 */ #436=AXIS2_PLACEMENT_3D('468', #433, #434, #435);
/*    471 */ #437=PLANE('469', #436);
/*    472 */ #438=ORIENTED_EDGE('470', *, *, #350, .F.);
/*    473 */ #439=CARTESIAN_POINT('471', (3.31753094213075,2.84253094213075,2.5));
/*    474 */ #440=VERTEX_POINT('472', #439);
/*    475 */ #441=CARTESIAN_POINT('473', (3.28063504158278,2.80563504158278,2.8510411187953));
/*    476 */ #442=DIRECTION('474', (-0.103962029709495,-0.103962029709495,0.989132848892081));
/*    477 */ #443=VECTOR('475', #442, 1.);
/*    478 */ #444=LINE('476', #441, #443);
/*    479 */ #445=EDGE_CURVE('477', #345, #440, #444, .T.);
/*    480 */ #446=ORIENTED_EDGE('478', *, *, #445, .T.);
/*    481 */ #447=CARTESIAN_POINT('479', (3.31753094213075,1.48,2.5));
/*    482 */ #448=DIRECTION('480', (0.,1.,0.));
/*    483 */ #449=VECTOR('481', #448, 1.);
/*    484 */ #450=LINE('482', #447, #449);
/*    485 */ #451=EDGE_CURVE('483', #368, #440, #450, .T.);
/*    486 */ #452=ORIENTED_EDGE('484', *, *, #451, .F.);
/*    487 */ #453=ORIENTED_EDGE('485', *, *, #373, .F.);
/*    488 */ #454=EDGE_LOOP('486', (#438,#446,#452,#453));
/*    489 */ #455=FACE_BOUND('487', #454, .T.);
/*    490 */ #456=ADVANCED_FACE('488', (#455), #437, .T.);
/*    491 */ #457=CARTESIAN_POINT('489', (0.,0.,2.5));
/*    492 */ #458=DIRECTION('490', (0.,0.,1.));
/*    493 */ #459=DIRECTION('491', (1.,0.,0.));
/*    494 */ #460=AXIS2_PLACEMENT_3D('492', #457, #458, #459);
/*    495 */ #461=PLANE('493', #460);
/*    496 */ #462=CARTESIAN_POINT('494', (-2.4325309,2.2525309,2.5));
/*    497 */ #463=VERTEX_POINT('495', #462);
/*    498 */ #464=CARTESIAN_POINT('496', (-3.0225309,2.2525309,2.5));
/*    499 */ #465=VERTEX_POINT('497', #464);
/*    500 */ #466=CARTESIAN_POINT('498', (-2.7275309,2.2525309,2.5));
/*    501 */ #467=DIRECTION('499', (0.,0.,-1.));
/*    502 */ #468=DIRECTION('500', (0.,1.,0.));
/*    503 */ #469=AXIS2_PLACEMENT_3D('501', #466, #467, #468);
/*    504 */ #470=CIRCLE('502', #469, 0.295);
/*    505 */ #471=EDGE_CURVE('503', #463, #465, #470, .T.);
/*    506 */ #472=ORIENTED_EDGE('504', *, *, #471, .T.);
/*    507 */ #473=CARTESIAN_POINT('505', (-2.7275309,2.2525309,2.5));
/*    508 */ #474=DIRECTION('506', (0.,0.,-1.));
/*    509 */ #475=DIRECTION('507', (0.,1.,0.));
/*    510 */ #476=AXIS2_PLACEMENT_3D('508', #473, #474, #475);
/*    511 */ #477=CIRCLE('509', #476, 0.295);
/*    512 */ #478=EDGE_CURVE('510', #465, #463, #477, .T.);
/*    513 */ #479=ORIENTED_EDGE('511', *, *, #478, .T.);
/*    514 */ #480=EDGE_LOOP('512', (#472,#479));
/*    515 */ #481=FACE_BOUND('513', #480, .T.);
/*    516 */ #482=ORIENTED_EDGE('514', *, *, #451, .T.);
/*    517 */ #483=CARTESIAN_POINT('515', (-1.7175,2.84253094213075,2.5));
/*    518 */ #484=DIRECTION('516', (-1.,0.,0.));
/*    519 */ #485=VECTOR('517', #484, 1.);
/*    520 */ #486=LINE('518', #483, #485);
/*    521 */ #487=EDGE_CURVE('519', #440, #415, #486, .T.);
/*    522 */ #488=ORIENTED_EDGE('520', *, *, #487, .T.);
/*    523 */ #489=ORIENTED_EDGE('521', *, *, #420, .T.);
/*    524 */ #490=ORIENTED_EDGE('522', *, *, #381, .T.);
/*    525 */ #491=EDGE_LOOP('523', (#482,#488,#489,#490));
/*    526 */ #492=FACE_BOUND('524', #491, .T.);
/*    527 */ #493=ADVANCED_FACE('525', (#481,#492), #461, .T.);
/*    528 */ #494=CARTESIAN_POINT('526', (-3.435,2.8414799,2.51));
/*    529 */ #495=DIRECTION('527', (0.,0.99452189766248,0.104528441439731));
/*    530 */ #496=DIRECTION('528', (0.,0.104528441439731,-0.99452189766248));
/*    531 */ #497=AXIS2_PLACEMENT_3D('529', #494, #495, #496);
/*    532 */ #498=PLANE('530', #497);
/*    533 */ #499=ORIENTED_EDGE('531', *, *, #426, .F.);
/*    534 */ #500=ORIENTED_EDGE('532', *, *, #487, .F.);
/*    535 */ #501=ORIENTED_EDGE('533', *, *, #445, .F.);
/*    536 */ #502=ORIENTED_EDGE('534', *, *, #403, .F.);
/*    537 */ #503=EDGE_LOOP('535', (#499,#500,#501,#502));
/*    538 */ #504=FACE_BOUND('536', #503, .T.);
/*    539 */ #505=ADVANCED_FACE('537', (#504), #498, .T.);
/*    540 */ #506=CARTESIAN_POINT('538', (-2.7275309,2.2525309,2.375));
/*    541 */ #507=DIRECTION('539', (0.,0.,-1.));
/*    542 */ #508=DIRECTION('540', (1.,0.,0.));
/*    543 */ #509=AXIS2_PLACEMENT_3D('541', #506, #507, #508);
/*    544 */ #510=CYLINDRICAL_SURFACE('542', #509, 0.295);
/*    545 */ #511=CARTESIAN_POINT('543', (-3.0225309,2.2525309,2.375));
/*    546 */ #512=VERTEX_POINT('544', #511);
/*    547 */ #513=CARTESIAN_POINT('545', (-3.0225309,2.2525309,2.375));
/*    548 */ #514=DIRECTION('546', (0.,0.,1.));
/*    549 */ #515=VECTOR('547', #514, 1.);
/*    550 */ #516=LINE('548', #513, #515);
/*    551 */ #517=EDGE_CURVE('549', #512, #465, #516, .T.);
/*    552 */ #518=ORIENTED_EDGE('550', *, *, #517, .F.);
/*    553 */ #519=CARTESIAN_POINT('551', (-2.4325309,2.2525309,2.375));
/*    554 */ #520=VERTEX_POINT('552', #519);
/*    555 */ #521=CARTESIAN_POINT('553', (-2.7275309,2.2525309,2.375));
/*    556 */ #522=DIRECTION('554', (0.,0.,1.));
/*    557 */ #523=DIRECTION('555', (1.,0.,0.));
/*    558 */ #524=AXIS2_PLACEMENT_3D('556', #521, #522, #523);
/*    559 */ #525=CIRCLE('557', #524, 0.295);
/*    560 */ #526=EDGE_CURVE('558', #512, #520, #525, .T.);
/*    561 */ #527=ORIENTED_EDGE('559', *, *, #526, .T.);
/*    562 */ #528=CARTESIAN_POINT('560', (-2.4325309,2.2525309,2.375));
/*    563 */ #529=DIRECTION('561', (0.,0.,1.));
/*    564 */ #530=VECTOR('562', #529, 1.);
/*    565 */ #531=LINE('563', #528, #530);
/*    566 */ #532=EDGE_CURVE('564', #520, #463, #531, .T.);
/*    567 */ #533=ORIENTED_EDGE('565', *, *, #532, .T.);
/*    568 */ #534=ORIENTED_EDGE('566', *, *, #471, .T.);
/*    569 */ #535=EDGE_LOOP('567', (#518,#527,#533,#534));
/*    570 */ #536=FACE_BOUND('568', #535, .F.);
/*    571 */ #537=ADVANCED_FACE('569', (#536), #510, .F.);
/*    572 */ #538=CARTESIAN_POINT('570', (-2.7275309,2.2525309,2.375));
/*    573 */ #539=DIRECTION('571', (0.,0.,-1.));
/*    574 */ #540=DIRECTION('572', (1.,0.,0.));
/*    575 */ #541=AXIS2_PLACEMENT_3D('573', #538, #539, #540);
/*    576 */ #542=CYLINDRICAL_SURFACE('574', #541, 0.295);
/*    577 */ #543=ORIENTED_EDGE('575', *, *, #532, .F.);
/*    578 */ #544=CARTESIAN_POINT('576', (-2.7275309,2.2525309,2.375));
/*    579 */ #545=DIRECTION('577', (0.,0.,1.));
/*    580 */ #546=DIRECTION('578', (1.,0.,0.));
/*    581 */ #547=AXIS2_PLACEMENT_3D('579', #544, #545, #546);
/*    582 */ #548=CIRCLE('580', #547, 0.295);
/*    583 */ #549=EDGE_CURVE('581', #520, #512, #548, .T.);
/*    584 */ #550=ORIENTED_EDGE('582', *, *, #549, .T.);
/*    585 */ #551=ORIENTED_EDGE('583', *, *, #517, .T.);
/*    586 */ #552=ORIENTED_EDGE('584', *, *, #478, .T.);
/*    587 */ #553=EDGE_LOOP('585', (#543,#550,#551,#552));
/*    588 */ #554=FACE_BOUND('586', #553, .F.);
/*    589 */ #555=ADVANCED_FACE('587', (#554), #542, .F.);
/*    590 */ #556=CARTESIAN_POINT('588', (0.,0.,2.375));
/*    591 */ #557=DIRECTION('589', (0.,0.,1.));
/*    592 */ #558=DIRECTION('590', (1.,0.,0.));
/*    593 */ #559=AXIS2_PLACEMENT_3D('591', #556, #557, #558);
/*    594 */ #560=PLANE('592', #559);
/*    595 */ #561=ORIENTED_EDGE('593', *, *, #549, .T.);
/*    596 */ #562=ORIENTED_EDGE('594', *, *, #526, .T.);
/*    597 */ #563=EDGE_LOOP('595', (#561,#562));
/*    598 */ #564=FACE_BOUND('596', #563, .T.);
/*    599 */ #565=ADVANCED_FACE('597', (#564), #560, .T.);
/*    600 */ #566=CLOSED_SHELL('598', (#116,#85,#291,#312,#336,
/*    601 */      #140,#236,#267,#537,#555,#565,#360,#391,#408,#432,
/*    602 */      #456,#493,#505,#188,#212,#164));
/*    603 */ #567=MANIFOLD_SOLID_BREP('601', #566);
/*    604 */ #568=ADVANCED_BREP_SHAPE_REPRESENTATION('3d bound volume shape', (#567,#569), #573);
/*    605 */ #569=AXIS2_PLACEMENT_3D('origin', #570, #571, #572);
/*    606 */ #570=CARTESIAN_POINT('604', (0.,0.,0.));
/*    607 */ #571=DIRECTION('605', (0.,0.,1.));
/*    608 */ #572=DIRECTION('606', (1.,0.,0.));
/*    609 */ #573=(GEOMETRIC_REPRESENTATION_CONTEXT(3)
/*    610 */       GLOBAL_UNCERTAINTY_ASSIGNED_CONTEXT((#11,#10,#12))
/*    611 */       GLOBAL_UNIT_ASSIGNED_CONTEXT((#9,#2,#8))
/*    612 */       REPRESENTATION_CONTEXT('unit_context3D', 'unit_context3D')
/*    613 */      );
/*    614 */ #574=CARTESIAN_POINT('612', (0.,0.,0.));
/*    615 */ #575=DIRECTION('613', (0.,-1.,0.));
/*    616 */ #576=DIRECTION('614', (-1.,0.,0.));
/*    617 */ #577=AXIS2_PLACEMENT_3D('615', #574, #575, #576);
/*    618 */ #578=PLANE('616', #577);
/*    619 */ #579=CARTESIAN_POINT('617', (0.,0.,0.));
/*    620 */ #580=VERTEX_POINT('618', #579);
/*    621 */ #581=CARTESIAN_POINT('619', (0.,0.,3.075));
/*    622 */ #582=VERTEX_POINT('620', #581);
/*    623 */ #583=CARTESIAN_POINT('621', (0.,0.,0.));
/*    624 */ #584=DIRECTION('622', (0.,0.,1.));
/*    625 */ #585=VECTOR('623', #584, 1.);
/*    626 */ #586=LINE('624', #583, #585);
/*    627 */ #587=EDGE_CURVE('625', #580, #582, #586, .T.);
/*    628 */ #588=ORIENTED_EDGE('626', *, *, #587, .T.);
/*    629 */ #589=CARTESIAN_POINT('627', (-0.12,-2.77555781675272E-17,3.075));
/*    630 */ #590=VERTEX_POINT('628', #589);
/*    631 */ #591=CARTESIAN_POINT('629', (0.,0.,3.075));
/*    632 */ #592=DIRECTION('630', (-1.,0.,0.));
/*    633 */ #593=VECTOR('631', #592, 1.);
/*    634 */ #594=LINE('632', #591, #593);
/*    635 */ #595=EDGE_CURVE('633', #582, #590, #594, .T.);
/*    636 */ #596=ORIENTED_EDGE('634', *, *, #595, .T.);
/*    637 */ #597=CARTESIAN_POINT('635', (-0.12,-2.77555781675272E-17,0.));
/*    638 */ #598=VERTEX_POINT('636', #597);
/*    639 */ #599=CARTESIAN_POINT('637', (-0.12,-2.77555781675272E-17,0.));
/*    640 */ #600=DIRECTION('638', (0.,0.,1.));
/*    641 */ #601=VECTOR('639', #600, 1.);
/*    642 */ #602=LINE('640', #599, #601);
/*    643 */ #603=EDGE_CURVE('641', #598, #590, #602, .T.);
/*    644 */ #604=ORIENTED_EDGE('642', *, *, #603, .F.);
/*    645 */ #605=CARTESIAN_POINT('643', (0.,0.,0.));
/*    646 */ #606=DIRECTION('644', (-1.,0.,0.));
/*    647 */ #607=VECTOR('645', #606, 1.);
/*    648 */ #608=LINE('646', #605, #607);
/*    649 */ #609=EDGE_CURVE('647', #580, #598, #608, .T.);
/*    650 */ #610=ORIENTED_EDGE('648', *, *, #609, .F.);
/*    651 */ #611=EDGE_LOOP('649', (#588,#596,#604,#610));
/*    652 */ #612=FACE_BOUND('650', #611, .F.);
/*    653 */ #613=ADVANCED_FACE('651', (#612), #578, .F.);
/*    654 */ #614=CARTESIAN_POINT('652', (-0.12,-0.43,0.));
/*    655 */ #615=DIRECTION('653', (0.,0.,-1.));
/*    656 */ #616=DIRECTION('654', (1.,0.,0.));
/*    657 */ #617=AXIS2_PLACEMENT_3D('655', #614, #615, #616);
/*    658 */ #618=CYLINDRICAL_SURFACE('656', #617, 0.43);
/*    659 */ #619=CARTESIAN_POINT('657', (-0.55,-0.43,0.));
/*    660 */ #620=VERTEX_POINT('658', #619);
/*    661 */ #621=CARTESIAN_POINT('659', (-0.12,-0.43,0.));
/*    662 */ #622=DIRECTION('660', (0.,0.,1.));
/*    663 */ #623=DIRECTION('661', (1.,0.,0.));
/*    664 */ #624=AXIS2_PLACEMENT_3D('662', #621, #622, #623);
/*    665 */ #625=CIRCLE('663', #624, 0.43);
/*    666 */ #626=EDGE_CURVE('664', #598, #620, #625, .T.);
/*    667 */ #627=ORIENTED_EDGE('665', *, *, #626, .T.);
/*    668 */ #628=CARTESIAN_POINT('666', (-0.55,-0.43,3.075));
/*    669 */ #629=VERTEX_POINT('667', #628);
/*    670 */ #630=CARTESIAN_POINT('668', (-0.55,-0.43,0.));
/*    671 */ #631=DIRECTION('669', (0.,0.,1.));
/*    672 */ #632=VECTOR('670', #631, 1.);
/*    673 */ #633=LINE('671', #630, #632);
/*    674 */ #634=EDGE_CURVE('672', #620, #629, #633, .T.);
/*    675 */ #635=ORIENTED_EDGE('673', *, *, #634, .T.);
/*    676 */ #636=CARTESIAN_POINT('674', (-0.12,-0.43,3.075));
/*    677 */ #637=DIRECTION('675', (0.,0.,1.));
/*    678 */ #638=DIRECTION('676', (1.,0.,0.));
/*    679 */ #639=AXIS2_PLACEMENT_3D('677', #636, #637, #638);
/*    680 */ #640=CIRCLE('678', #639, 0.43);
/*    681 */ #641=EDGE_CURVE('679', #590, #629, #640, .T.);
/*    682 */ #642=ORIENTED_EDGE('680', *, *, #641, .F.);
/*    683 */ #643=ORIENTED_EDGE('681', *, *, #603, .F.);
/*    684 */ #644=EDGE_LOOP('682', (#627,#635,#642,#643));
/*    685 */ #645=FACE_BOUND('683', #644, .T.);
/*    686 */ #646=ADVANCED_FACE('684', (#645), #618, .T.);
/*    687 */ #647=CARTESIAN_POINT('685', (-0.55,-0.43,0.));
/*    688 */ #648=DIRECTION('686', (1.,0.,0.));
/*    689 */ #649=DIRECTION('687', (0.,-1.,0.));
/*    690 */ #650=AXIS2_PLACEMENT_3D('688', #647, #648, #649);
/*    691 */ #651=PLANE('689', #650);
/*    692 */ #652=ORIENTED_EDGE('690', *, *, #634, .T.);
/*    693 */ #653=CARTESIAN_POINT('691', (-0.549999989906494,-1.1461027,3.075));
/*    694 */ #654=VERTEX_POINT('692', #653);
/*    695 */ #655=CARTESIAN_POINT('693', (-0.55,-0.43,3.075));
/*    696 */ #656=DIRECTION('694', (0.,-1.,0.));
/*    697 */ #657=VECTOR('695', #656, 1.);
/*    698 */ #658=LINE('696', #655, #657);
/*    699 */ #659=EDGE_CURVE('697', #629, #654, #658, .T.);
/*    700 */ #660=ORIENTED_EDGE('698', *, *, #659, .T.);
/*    701 */ #661=CARTESIAN_POINT('699', (-0.549999989906494,-1.1461027,0.));
/*    702 */ #662=VERTEX_POINT('700', #661);
/*    703 */ #663=CARTESIAN_POINT('701', (-0.549999989906494,-1.1461027,0.));
/*    704 */ #664=DIRECTION('702', (0.,0.,1.));
/*    705 */ #665=VECTOR('703', #664, 1.);
/*    706 */ #666=LINE('704', #663, #665);
/*    707 */ #667=EDGE_CURVE('705', #662, #654, #666, .T.);
/*    708 */ #668=ORIENTED_EDGE('706', *, *, #667, .F.);
/*    709 */ #669=CARTESIAN_POINT('707', (-0.55,-0.43,0.));
/*    710 */ #670=DIRECTION('708', (0.,-1.,0.));
/*    711 */ #671=VECTOR('709', #670, 1.);
/*    712 */ #672=LINE('710', #669, #671);
/*    713 */ #673=EDGE_CURVE('711', #620, #662, #672, .T.);
/*    714 */ #674=ORIENTED_EDGE('712', *, *, #673, .F.);
/*    715 */ #675=EDGE_LOOP('713', (#652,#660,#668,#674));
/*    716 */ #676=FACE_BOUND('714', #675, .F.);
/*    717 */ #677=ADVANCED_FACE('715', (#676), #651, .F.);
/*    718 */ #678=CARTESIAN_POINT('716', (-0.12,-1.1461027,0.));
/*    719 */ #679=DIRECTION('717', (0.,0.,-1.));
/*    720 */ #680=DIRECTION('718', (1.,0.,0.));
/*    721 */ #681=AXIS2_PLACEMENT_3D('719', #678, #679, #680);
/*    722 */ #682=CYLINDRICAL_SURFACE('720', #681, 0.429999979812987);
/*    723 */ #683=CARTESIAN_POINT('721', (-0.149995300704088,-1.57505521006892,0.));
/*    724 */ #684=VERTEX_POINT('722', #683);
/*    725 */ #685=CARTESIAN_POINT('723', (-0.12,-1.1461027,0.));
/*    726 */ #686=DIRECTION('724', (0.,0.,1.));
/*    727 */ #687=DIRECTION('725', (1.,0.,0.));
/*    728 */ #688=AXIS2_PLACEMENT_3D('726', #685, #686, #687);
/*    729 */ #689=CIRCLE('727', #688, 0.429999979812987);
/*    730 */ #690=EDGE_CURVE('728', #662, #684, #689, .T.);
/*    731 */ #691=ORIENTED_EDGE('729', *, *, #690, .T.);
/*    732 */ #692=CARTESIAN_POINT('730', (-0.149995300704088,-1.57505521006892,3.075));
/*    733 */ #693=VERTEX_POINT('731', #692);
/*    734 */ #694=CARTESIAN_POINT('732', (-0.149995300704088,-1.57505521006892,0.));
/*    735 */ #695=DIRECTION('733', (0.,0.,1.));
/*    736 */ #696=VECTOR('734', #695, 1.);
/*    737 */ #697=LINE('735', #694, #696);
/*    738 */ #698=EDGE_CURVE('736', #684, #693, #697, .T.);
/*    739 */ #699=ORIENTED_EDGE('737', *, *, #698, .T.);
/*    740 */ #700=CARTESIAN_POINT('738', (-0.12,-1.1461027,3.075));
/*    741 */ #701=DIRECTION('739', (0.,0.,1.));
/*    742 */ #702=DIRECTION('740', (1.,0.,0.));
/*    743 */ #703=AXIS2_PLACEMENT_3D('741', #700, #701, #702);
/*    744 */ #704=CIRCLE('742', #703, 0.429999979812987);
/*    745 */ #705=EDGE_CURVE('743', #654, #693, #704, .T.);
/*    746 */ #706=ORIENTED_EDGE('744', *, *, #705, .F.);
/*    747 */ #707=ORIENTED_EDGE('745', *, *, #667, .F.);
/*    748 */ #708=EDGE_LOOP('746', (#691,#699,#706,#707));
/*    749 */ #709=FACE_BOUND('747', #708, .T.);
/*    750 */ #710=ADVANCED_FACE('748', (#709), #682, .T.);
/*    751 */ #711=CARTESIAN_POINT('749', (-0.1499953,-1.5750552,0.));
/*    752 */ #712=DIRECTION('750', (0.0697564998173298,0.997564048436608,0.));
/*    753 */ #713=DIRECTION('751', (0.997564048436608,-0.0697564998173298,0.));
/*    754 */ #714=AXIS2_PLACEMENT_3D('752', #711, #712, #713);
/*    755 */ #715=PLANE('753', #714);
/*    756 */ #716=ORIENTED_EDGE('754', *, *, #698, .T.);
/*    757 */ #717=CARTESIAN_POINT('755', (0.6,-1.6275,3.075));
/*    758 */ #718=VERTEX_POINT('756', #717);
/*    759 */ #719=CARTESIAN_POINT('757', (-0.1499953,-1.5750552,3.075));
/*    760 */ #720=DIRECTION('758', (0.997564048436608,-0.0697564998173298,0.));
/*    761 */ #721=VECTOR('759', #720, 1.);
/*    762 */ #722=LINE('760', #719, #721);
/*    763 */ #723=EDGE_CURVE('761', #693, #718, #722, .T.);
/*    764 */ #724=ORIENTED_EDGE('762', *, *, #723, .T.);
/*    765 */ #725=CARTESIAN_POINT('763', (0.6,-1.6275,0.));
/*    766 */ #726=VERTEX_POINT('764', #725);
/*    767 */ #727=CARTESIAN_POINT('765', (0.6,-1.6275,0.));
/*    768 */ #728=DIRECTION('766', (0.,0.,1.));
/*    769 */ #729=VECTOR('767', #728, 1.);
/*    770 */ #730=LINE('768', #727, #729);
/*    771 */ #731=EDGE_CURVE('769', #726, #718, #730, .T.);
/*    772 */ #732=ORIENTED_EDGE('770', *, *, #731, .F.);
/*    773 */ #733=CARTESIAN_POINT('771', (-0.1499953,-1.5750552,0.));
/*    774 */ #734=DIRECTION('772', (0.997564048436608,-0.0697564998173298,0.));
/*    775 */ #735=VECTOR('773', #734, 1.);
/*    776 */ #736=LINE('774', #733, #735);
/*    777 */ #737=EDGE_CURVE('775', #684, #726, #736, .T.);
/*    778 */ #738=ORIENTED_EDGE('776', *, *, #737, .F.);
/*    779 */ #739=EDGE_LOOP('777', (#716,#724,#732,#738));
/*    780 */ #740=FACE_BOUND('778', #739, .F.);
/*    781 */ #741=ADVANCED_FACE('779', (#740), #715, .F.);
/*    782 */ #742=CARTESIAN_POINT('780', (0.6,-1.6275,0.));
/*    783 */ #743=DIRECTION('781', (-0.997564052811105,0.0697564372591084,0.));
/*    784 */ #744=DIRECTION('782', (0.0697564372591084,0.997564052811105,0.));
/*    785 */ #745=AXIS2_PLACEMENT_3D('783', #742, #743, #744);
/*    786 */ #746=PLANE('784', #745);
/*    787 */ #747=ORIENTED_EDGE('785', *, *, #731, .T.);
/*    788 */ #748=CARTESIAN_POINT('786', (0.6195318,-1.3481821,3.075));
/*    789 */ #749=VERTEX_POINT('787', #748);
/*    790 */ #750=CARTESIAN_POINT('788', (0.6,-1.6275,3.075));
/*    791 */ #751=DIRECTION('789', (0.0697564372591084,0.997564052811105,0.));
/*    792 */ #752=VECTOR('790', #751, 1.);
/*    793 */ #753=LINE('791', #750, #752);
/*    794 */ #754=EDGE_CURVE('792', #718, #749, #753, .T.);
/*    795 */ #755=ORIENTED_EDGE('793', *, *, #754, .T.);
/*    796 */ #756=CARTESIAN_POINT('794', (0.6195318,-1.3481821,0.));
/*    797 */ #757=VERTEX_POINT('795', #756);
/*    798 */ #758=CARTESIAN_POINT('796', (0.6195318,-1.3481821,0.));
/*    799 */ #759=DIRECTION('797', (0.,0.,1.));
/*    800 */ #760=VECTOR('798', #759, 1.);
/*    801 */ #761=LINE('799', #758, #760);
/*    802 */ #762=EDGE_CURVE('800', #757, #749, #761, .T.);
/*    803 */ #763=ORIENTED_EDGE('801', *, *, #762, .F.);
/*    804 */ #764=CARTESIAN_POINT('802', (0.6,-1.6275,0.));
/*    805 */ #765=DIRECTION('803', (0.0697564372591084,0.997564052811105,0.));
/*    806 */ #766=VECTOR('804', #765, 1.);
/*    807 */ #767=LINE('805', #764, #766);
/*    808 */ #768=EDGE_CURVE('806', #726, #757, #767, .T.);
/*    809 */ #769=ORIENTED_EDGE('807', *, *, #768, .F.);
/*    810 */ #770=EDGE_LOOP('808', (#747,#755,#763,#769));
/*    811 */ #771=FACE_BOUND('809', #770, .F.);
/*    812 */ #772=ADVANCED_FACE('810', (#771), #746, .F.);
/*    813 */ #773=CARTESIAN_POINT('811', (0.6195318,-1.3481821,0.));
/*    814 */ #774=DIRECTION('812', (-0.0898177004002205,-0.995958222364179,0.));
/*    815 */ #775=DIRECTION('813', (-0.995958222364179,0.0898177004002205,0.));
/*    816 */ #776=AXIS2_PLACEMENT_3D('814', #773, #774, #775);
/*    817 */ #777=PLANE('815', #776);
/*    818 */ #778=ORIENTED_EDGE('816', *, *, #762, .T.);
/*    819 */ #779=CARTESIAN_POINT('817', (-0.133472698418925,-1.28027448246804,3.075));
/*    820 */ #780=VERTEX_POINT('818', #779);
/*    821 */ #781=CARTESIAN_POINT('819', (0.6195318,-1.3481821,3.075));
/*    822 */ #782=DIRECTION('820', (-0.995958222364179,0.0898177004002205,0.));
/*    823 */ #783=VECTOR('821', #782, 1.);
/*    824 */ #784=LINE('822', #781, #783);
/*    825 */ #785=EDGE_CURVE('823', #749, #780, #784, .T.);
/*    826 */ #786=ORIENTED_EDGE('824', *, *, #785, .T.);
/*    827 */ #787=CARTESIAN_POINT('825', (-0.133472698418925,-1.28027448246804,0.));
/*    828 */ #788=VERTEX_POINT('826', #787);
/*    829 */ #789=CARTESIAN_POINT('827', (-0.133472698418925,-1.28027448246804,0.));
/*    830 */ #790=DIRECTION('828', (0.,0.,1.));
/*    831 */ #791=VECTOR('829', #790, 1.);
/*    832 */ #792=LINE('830', #789, #791);
/*    833 */ #793=EDGE_CURVE('831', #788, #780, #792, .T.);
/*    834 */ #794=ORIENTED_EDGE('832', *, *, #793, .F.);
/*    835 */ #795=CARTESIAN_POINT('833', (0.6195318,-1.3481821,0.));
/*    836 */ #796=DIRECTION('834', (-0.995958222364179,0.0898177004002205,0.));
/*    837 */ #797=VECTOR('835', #796, 1.);
/*    838 */ #798=LINE('836', #795, #797);
/*    839 */ #799=EDGE_CURVE('837', #757, #788, #798, .T.);
/*    840 */ #800=ORIENTED_EDGE('838', *, *, #799, .F.);
/*    841 */ #801=EDGE_LOOP('839', (#778,#786,#794,#800));
/*    842 */ #802=FACE_BOUND('840', #801, .F.);
/*    843 */ #803=ADVANCED_FACE('841', (#802), #777, .F.);
/*    844 */ #804=CARTESIAN_POINT('842', (-0.12,-1.1308807,0.));
/*    845 */ #805=DIRECTION('843', (0.,0.,-1.));
/*    846 */ #806=DIRECTION('844', (1.,0.,0.));
/*    847 */ #807=AXIS2_PLACEMENT_3D('845', #804, #805, #806);
/*    848 */ #808=CYLINDRICAL_SURFACE('846', #807, 0.150000035206208);
/*    849 */ #809=CARTESIAN_POINT('847', (-0.270000017603104,-1.1308807,0.));
/*    850 */ #810=VERTEX_POINT('848', #809);
/*    851 */ #811=CARTESIAN_POINT('849', (-0.12,-1.1308807,0.));
/*    852 */ #812=DIRECTION('850', (0.,0.,1.));
/*    853 */ #813=DIRECTION('851', (1.,0.,0.));
/*    854 */ #814=AXIS2_PLACEMENT_3D('852', #811, #812, #813);
/*    855 */ #815=CIRCLE('853', #814, 0.150000035206208);
/*    856 */ #816=EDGE_CURVE('854', #810, #788, #815, .T.);
/*    857 */ #817=ORIENTED_EDGE('855', *, *, #816, .T.);
/*    858 */ #818=ORIENTED_EDGE('856', *, *, #793, .T.);
/*    859 */ #819=CARTESIAN_POINT('857', (-0.270000017603104,-1.1308807,3.075));
/*    860 */ #820=VERTEX_POINT('858', #819);
/*    861 */ #821=CARTESIAN_POINT('859', (-0.12,-1.1308807,3.075));
/*    862 */ #822=DIRECTION('860', (0.,0.,1.));
/*    863 */ #823=DIRECTION('861', (1.,0.,0.));
/*    864 */ #824=AXIS2_PLACEMENT_3D('862', #821, #822, #823);
/*    865 */ #825=CIRCLE('863', #824, 0.150000035206208);
/*    866 */ #826=EDGE_CURVE('864', #820, #780, #825, .T.);
/*    867 */ #827=ORIENTED_EDGE('865', *, *, #826, .F.);
/*    868 */ #828=CARTESIAN_POINT('866', (-0.270000017603104,-1.1308807,0.));
/*    869 */ #829=DIRECTION('867', (0.,0.,1.));
/*    870 */ #830=VECTOR('868', #829, 1.);
/*    871 */ #831=LINE('869', #828, #830);
/*    872 */ #832=EDGE_CURVE('870', #810, #820, #831, .T.);
/*    873 */ #833=ORIENTED_EDGE('871', *, *, #832, .F.);
/*    874 */ #834=EDGE_LOOP('872', (#817,#818,#827,#833));
/*    875 */ #835=FACE_BOUND('873', #834, .F.);
/*    876 */ #836=ADVANCED_FACE('874', (#835), #808, .F.);
/*    877 */ #837=CARTESIAN_POINT('875', (-0.27,-1.1308807,0.));
/*    878 */ #838=DIRECTION('876', (-1.,0.,0.));
/*    879 */ #839=DIRECTION('877', (0.,1.,0.));
/*    880 */ #840=AXIS2_PLACEMENT_3D('878', #837, #838, #839);
/*    881 */ #841=PLANE('879', #840);
/*    882 */ #842=ORIENTED_EDGE('880', *, *, #832, .T.);
/*    883 */ #843=CARTESIAN_POINT('881', (-0.27,-0.43,3.075));
/*    884 */ #844=VERTEX_POINT('882', #843);
/*    885 */ #845=CARTESIAN_POINT('883', (-0.27,-1.1308807,3.075));
/*    886 */ #846=DIRECTION('884', (0.,1.,0.));
/*    887 */ #847=VECTOR('885', #846, 1.);
/*    888 */ #848=LINE('886', #845, #847);
/*    889 */ #849=EDGE_CURVE('887', #820, #844, #848, .T.);
/*    890 */ #850=ORIENTED_EDGE('888', *, *, #849, .T.);
/*    891 */ #851=CARTESIAN_POINT('889', (-0.27,-0.43,0.));
/*    892 */ #852=VERTEX_POINT('890', #851);
/*    893 */ #853=CARTESIAN_POINT('891', (-0.27,-0.43,0.));
/*    894 */ #854=DIRECTION('892', (0.,0.,1.));
/*    895 */ #855=VECTOR('893', #854, 1.);
/*    896 */ #856=LINE('894', #853, #855);
/*    897 */ #857=EDGE_CURVE('895', #852, #844, #856, .T.);
/*    898 */ #858=ORIENTED_EDGE('896', *, *, #857, .F.);
/*    899 */ #859=CARTESIAN_POINT('897', (-0.27,-1.1308807,0.));
/*    900 */ #860=DIRECTION('898', (0.,1.,0.));
/*    901 */ #861=VECTOR('899', #860, 1.);
/*    902 */ #862=LINE('900', #859, #861);
/*    903 */ #863=EDGE_CURVE('901', #810, #852, #862, .T.);
/*    904 */ #864=ORIENTED_EDGE('902', *, *, #863, .F.);
/*    905 */ #865=EDGE_LOOP('903', (#842,#850,#858,#864));
/*    906 */ #866=FACE_BOUND('904', #865, .F.);
/*    907 */ #867=ADVANCED_FACE('905', (#866), #841, .F.);
/*    908 */ #868=CARTESIAN_POINT('906', (-0.12,-0.43,0.));
/*    909 */ #869=DIRECTION('907', (0.,0.,-1.));
/*    910 */ #870=DIRECTION('908', (1.,0.,0.));
/*    911 */ #871=AXIS2_PLACEMENT_3D('909', #868, #869, #870);
/*    912 */ #872=CYLINDRICAL_SURFACE('910', #871, 0.15);
/*    913 */ #873=CARTESIAN_POINT('911', (-0.12,-0.28,0.));
/*    914 */ #874=VERTEX_POINT('912', #873);
/*    915 */ #875=CARTESIAN_POINT('913', (-0.12,-0.43,0.));
/*    916 */ #876=DIRECTION('914', (0.,0.,1.));
/*    917 */ #877=DIRECTION('915', (1.,0.,0.));
/*    918 */ #878=AXIS2_PLACEMENT_3D('916', #875, #876, #877);
/*    919 */ #879=CIRCLE('917', #878, 0.15);
/*    920 */ #880=EDGE_CURVE('918', #874, #852, #879, .T.);
/*    921 */ #881=ORIENTED_EDGE('919', *, *, #880, .T.);
/*    922 */ #882=ORIENTED_EDGE('920', *, *, #857, .T.);
/*    923 */ #883=CARTESIAN_POINT('921', (-0.12,-0.28,3.075));
/*    924 */ #884=VERTEX_POINT('922', #883);
/*    925 */ #885=CARTESIAN_POINT('923', (-0.12,-0.43,3.075));
/*    926 */ #886=DIRECTION('924', (0.,0.,1.));
/*    927 */ #887=DIRECTION('925', (1.,0.,0.));
/*    928 */ #888=AXIS2_PLACEMENT_3D('926', #885, #886, #887);
/*    929 */ #889=CIRCLE('927', #888, 0.15);
/*    930 */ #890=EDGE_CURVE('928', #884, #844, #889, .T.);
/*    931 */ #891=ORIENTED_EDGE('929', *, *, #890, .F.);
/*    932 */ #892=CARTESIAN_POINT('930', (-0.12,-0.28,0.));
/*    933 */ #893=DIRECTION('931', (0.,0.,1.));
/*    934 */ #894=VECTOR('932', #893, 1.);
/*    935 */ #895=LINE('933', #892, #894);
/*    936 */ #896=EDGE_CURVE('934', #874, #884, #895, .T.);
/*    937 */ #897=ORIENTED_EDGE('935', *, *, #896, .F.);
/*    938 */ #898=EDGE_LOOP('936', (#881,#882,#891,#897));
/*    939 */ #899=FACE_BOUND('937', #898, .F.);
/*    940 */ #900=ADVANCED_FACE('938', (#899), #872, .F.);
/*    941 */ #901=CARTESIAN_POINT('939', (-0.12,-0.28,0.));
/*    942 */ #902=DIRECTION('940', (0.,1.,0.));
/*    943 */ #903=DIRECTION('941', (1.,0.,0.));
/*    944 */ #904=AXIS2_PLACEMENT_3D('942', #901, #902, #903);
/*    945 */ #905=PLANE('943', #904);
/*    946 */ #906=ORIENTED_EDGE('944', *, *, #896, .T.);
/*    947 */ #907=CARTESIAN_POINT('945', (0.,-0.28,3.075));
/*    948 */ #908=VERTEX_POINT('946', #907);
/*    949 */ #909=CARTESIAN_POINT('947', (-0.12,-0.28,3.075));
/*    950 */ #910=DIRECTION('948', (1.,0.,0.));
/*    951 */ #911=VECTOR('949', #910, 1.);
/*    952 */ #912=LINE('950', #909, #911);
/*    953 */ #913=EDGE_CURVE('951', #884, #908, #912, .T.);
/*    954 */ #914=ORIENTED_EDGE('952', *, *, #913, .T.);
/*    955 */ #915=CARTESIAN_POINT('953', (0.,-0.28,0.));
/*    956 */ #916=VERTEX_POINT('954', #915);
/*    957 */ #917=CARTESIAN_POINT('955', (0.,-0.28,0.));
/*    958 */ #918=DIRECTION('956', (0.,0.,1.));
/*    959 */ #919=VECTOR('957', #918, 1.);
/*    960 */ #920=LINE('958', #917, #919);
/*    961 */ #921=EDGE_CURVE('959', #916, #908, #920, .T.);
/*    962 */ #922=ORIENTED_EDGE('960', *, *, #921, .F.);
/*    963 */ #923=CARTESIAN_POINT('961', (-0.12,-0.28,0.));
/*    964 */ #924=DIRECTION('962', (1.,0.,0.));
/*    965 */ #925=VECTOR('963', #924, 1.);
/*    966 */ #926=LINE('964', #923, #925);
/*    967 */ #927=EDGE_CURVE('965', #874, #916, #926, .T.);
/*    968 */ #928=ORIENTED_EDGE('966', *, *, #927, .F.);
/*    969 */ #929=EDGE_LOOP('967', (#906,#914,#922,#928));
/*    970 */ #930=FACE_BOUND('968', #929, .F.);
/*    971 */ #931=ADVANCED_FACE('969', (#930), #905, .F.);
/*    972 */ #932=CARTESIAN_POINT('970', (0.,-0.28,0.));
/*    973 */ #933=DIRECTION('971', (-1.,0.,0.));
/*    974 */ #934=DIRECTION('972', (0.,1.,0.));
/*    975 */ #935=AXIS2_PLACEMENT_3D('973', #932, #933, #934);
/*    976 */ #936=PLANE('974', #935);
/*    977 */ #937=ORIENTED_EDGE('975', *, *, #921, .T.);
/*    978 */ #938=CARTESIAN_POINT('976', (0.,-0.28,3.075));
/*    979 */ #939=DIRECTION('977', (0.,1.,0.));
/*    980 */ #940=VECTOR('978', #939, 1.);
/*    981 */ #941=LINE('979', #938, #940);
/*    982 */ #942=EDGE_CURVE('980', #908, #582, #941, .T.);
/*    983 */ #943=ORIENTED_EDGE('981', *, *, #942, .T.);
/*    984 */ #944=ORIENTED_EDGE('982', *, *, #587, .F.);
/*    985 */ #945=CARTESIAN_POINT('983', (0.,-0.28,0.));
/*    986 */ #946=DIRECTION('984', (0.,1.,0.));
/*    987 */ #947=VECTOR('985', #946, 1.);
/*    988 */ #948=LINE('986', #945, #947);
/*    989 */ #949=EDGE_CURVE('987', #916, #580, #948, .T.);
/*    990 */ #950=ORIENTED_EDGE('988', *, *, #949, .F.);
/*    991 */ #951=EDGE_LOOP('989', (#937,#943,#944,#950));
/*    992 */ #952=FACE_BOUND('990', #951, .F.);
/*    993 */ #953=ADVANCED_FACE('991', (#952), #936, .F.);
/*    994 */ #954=CARTESIAN_POINT('992', (0.,0.,0.));
/*    995 */ #955=DIRECTION('993', (0.,0.,1.));
/*    996 */ #956=DIRECTION('994', (1.,0.,0.));
/*    997 */ #957=AXIS2_PLACEMENT_3D('995', #954, #955, #956);
/*    998 */ #958=PLANE('996', #957);
/*    999 */ #959=ORIENTED_EDGE('997', *, *, #609, .T.);
/*   1000 */ #960=ORIENTED_EDGE('998', *, *, #626, .T.);
/*   1001 */ #961=ORIENTED_EDGE('999', *, *, #673, .T.);
/*   1002 */ #962=ORIENTED_EDGE('1000', *, *, #690, .T.);
/*   1003 */ #963=ORIENTED_EDGE('1001', *, *, #737, .T.);
/*   1004 */ #964=ORIENTED_EDGE('1002', *, *, #768, .T.);
/*   1005 */ #965=ORIENTED_EDGE('1003', *, *, #799, .T.);
/*   1006 */ #966=ORIENTED_EDGE('1004', *, *, #816, .F.);
/*   1007 */ #967=ORIENTED_EDGE('1005', *, *, #863, .T.);
/*   1008 */ #968=ORIENTED_EDGE('1006', *, *, #880, .F.);
/*   1009 */ #969=ORIENTED_EDGE('1007', *, *, #927, .T.);
/*   1010 */ #970=ORIENTED_EDGE('1008', *, *, #949, .T.);
/*   1011 */ #971=EDGE_LOOP('1009', (#959,#960,#961,#962,#963
/*   1012 */      ,#964,#965,#966,#967,#968
/*   1013 */      ,#969,#970));
/*   1014 */ #972=FACE_BOUND('1012', #971, .F.);
/*   1015 */ #973=ADVANCED_FACE('1013', (#972), #958, .F.);
/*   1016 */ #974=CARTESIAN_POINT('1014', (0.,0.,3.075));
/*   1017 */ #975=DIRECTION('1015', (0.,0.,1.));
/*   1018 */ #976=DIRECTION('1016', (1.,0.,0.));
/*   1019 */ #977=AXIS2_PLACEMENT_3D('1017', #974, #975, #976);
/*   1020 */ #978=PLANE('1018', #977);
/*   1021 */ #979=ORIENTED_EDGE('1019', *, *, #595, .T.);
/*   1022 */ #980=ORIENTED_EDGE('1020', *, *, #641, .T.);
/*   1023 */ #981=ORIENTED_EDGE('1021', *, *, #659, .T.);
/*   1024 */ #982=ORIENTED_EDGE('1022', *, *, #705, .T.);
/*   1025 */ #983=ORIENTED_EDGE('1023', *, *, #723, .T.);
/*   1026 */ #984=ORIENTED_EDGE('1024', *, *, #754, .T.);
/*   1027 */ #985=ORIENTED_EDGE('1025', *, *, #785, .T.);
/*   1028 */ #986=ORIENTED_EDGE('1026', *, *, #826, .F.);
/*   1029 */ #987=ORIENTED_EDGE('1027', *, *, #849, .T.);
/*   1030 */ #988=ORIENTED_EDGE('1028', *, *, #890, .F.);
/*   1031 */ #989=ORIENTED_EDGE('1029', *, *, #913, .T.);
/*   1032 */ #990=ORIENTED_EDGE('1030', *, *, #942, .T.);
/*   1033 */ #991=EDGE_LOOP('1031', (#979,#980,#981,#982,#983
/*   1034 */      ,#984,#985,#986,#987,#988
/*   1035 */      ,#989,#990));
/*   1036 */ #992=FACE_BOUND('1034', #991, .T.);
/*   1037 */ #993=ADVANCED_FACE('1035', (#992), #978, .T.);
/*   1038 */ #994=CLOSED_SHELL('1036', (#613,#646,#677,#710,#741,
/*   1039 */      #772,#803,#836,#867,#900,#931,#953,#973,#993));
/*   1040 */ #995=MANIFOLD_SOLID_BREP('1038', #994);
/*   1041 */ #996=ADVANCED_BREP_SHAPE_REPRESENTATION('3d bound volume shape', (#569,#995), #1023);
/*   1042 */ #998=PRODUCT_DEFINITION_CONTEXT('part definition', #999, 'design');
/*   1043 */ #999=APPLICATION_CONTEXT('package model');
/*   1044 */ /* change to new schema name ap210_electronic_assembly_interconnect_and_packaging_design */
/*   1045 */ #1000=APPLICATION_PROTOCOL_DEFINITION('1042', 'ap210_electronic_assembly_interconnect_and_packaging_design', 2013, #999);
/*   1046 */ /* */
/*   1047 */ #1001=PRODUCT_DEFINITION_FORMATION('DO-214_AB product definition', $, #1002);
/*   1048 */ #1002=PRODUCT('DO-214_AB', 'DO-214_AB', $, (#1005));
/*   1049 */ #1004=PRODUCT_RELATED_PRODUCT_CATEGORY('part', $, (#1002));
/*   1050 */ #1005=PRODUCT_CONTEXT('1046', #999, '');
/*   1051 */ #1006=REPRESENTATION_CONTEXT('parameter values', 'parameter');
/*   1052 */ #1007=PRODUCT_SPECIFIC_PARAMETER_VALUE_ASSIGNMENT('Category', $, '1048', $, (#1002));
/*   1053 */ #1008=PROPERTY_DEFINITION('Category', 'assigned parameter', #1007);
/*   1054 */ #1009=PARAMETER_ASSIGNMENT(#1010, #1009, 'Category', (#1012), #1006);
/*   1055 */ #1010=MODEL_PARAMETER('1051', 'Category', $);
/*   1056 */ #1011=PROPERTY_DEFINITION_REPRESENTATION(#1008, #1009);
/*   1057 */ #1012=DESCRIPTIVE_REPRESENTATION_ITEM('text', 'DO-214');
/*   1058 */ #1013=PRODUCT_SPECIFIC_PARAMETER_VALUE_ASSIGNMENT('Gage Plane Offset', $, '1054', $, (#1002));
/*   1059 */ #1014=PROPERTY_DEFINITION('Gage Plane Offset', 'assigned parameter', #1013);
/*   1060 */ #1015=PARAMETER_ASSIGNMENT(#1016, #1015, 'Gage Plane Offset', (#1018), #1006);
/*   1061 */ #1016=MODEL_PARAMETER('1057', 'Gage Plane Offset', $);
/*   1062 */ #1017=PROPERTY_DEFINITION_REPRESENTATION(#1014, #1015);
/*   1063 */ #1018=MEASURE_REPRESENTATION_ITEM('1059', LENGTH_MEASURE(0.45), #2);
/*   1064 */ #1021=REPRESENTATION_CONTEXT('description context', 'description');
/*   1065 */ #1022=SHAPE_REPRESENTATION('3d bound volume shape', (#1053,#1079,#1089,#1129), #1023);
/*   1066 */ #1023=(GEOMETRIC_REPRESENTATION_CONTEXT(3)
/*   1067 */        GLOBAL_UNCERTAINTY_ASSIGNED_CONTEXT((#11,#10,#12))
/*   1068 */        GLOBAL_UNIT_ASSIGNED_CONTEXT((#9,#2,#8))
/*   1069 */        REPRESENTATION_CONTEXT('unit_context3D', 'unit_context3D')
/*   1070 */       );
/*   1071 */ #1024=DESCRIPTION_ATTRIBUTE('pu3dsm', #1022);
/*   1072 */ #1025=REPRESENTATION_RELATIONSHIP('1068', $, #1022, #1026);
/*   1073 */ #1026=REPRESENTATION('1069', (#1027), #1021);
/*   1074 */ #1027=DESCRIPTIVE_REPRESENTATION_ITEM('design', '1070');
/*   1075 */ #1028=REPRESENTATION_RELATIONSHIP('shape environment', $, #1022, #1029);
/*   1076 */ #1029=REPRESENTATION('shape environment', (#1030), #1021);
/*   1077 */ #1030=DESCRIPTIVE_REPRESENTATION_ITEM('manufacturing', '1073');
/*   1078 */ #1031=REPRESENTATION_RELATIONSHIP('shape extent', $, #1022, #1032);
/*   1079 */ #1032=REPRESENTATION('shape extent', (#1033), #1021);
/*   1080 */ #1033=DESCRIPTIVE_REPRESENTATION_ITEM('envelope', '1076');
/*   1081 */ #1034=REPRESENTATION_RELATIONSHIP('shape material condition', $, #1022, #1035);
/*   1082 */ #1035=REPRESENTATION('shape material condition', (#1036), #1021);
/*   1083 */ #1036=DESCRIPTIVE_REPRESENTATION_ITEM('nominal_material_condition', '1079');
/*   1084 */ #1037=REPRESENTATION_RELATIONSHIP('shape approximation level', $, #1022, #1038);
/*   1085 */ #1038=REPRESENTATION('shape approximation level', (#1039), #1021);
/*   1086 */ #1039=DESCRIPTIVE_REPRESENTATION_ITEM('is unknown', '1082');
/*   1087 */ #1040=SHAPE_DEFINITION_REPRESENTATION(#3, #1022);
/*   1088 */ /* make package_body.definitional = .T. */
/*   1089 */ #1041=PACKAGE_BODY('Body', 'part generic feature', #3, .F.);
/*   1090 */ #1042=MATERIAL_DESIGNATION_WITH_CONDUCTIVITY_CLASSIFICATION('unknown non conductive material', (#1041));
/*   1091 */ #1043=APPLIED_CLASSIFICATION_ASSIGNMENT(#1045, #1044, (#1042));
/*   1092 */ #1044=CLASSIFICATION_ROLE('conductive', $);
/*   1093 */ #1045=CLASS('electrical conductivity', 'non conductive');
/*   1094 */ #1046=ID_ATTRIBUTE('electrical conductivity', #1045);
/*   1095 */ #1047=CARTESIAN_POINT('1090', (0.,0.,0.15));
/*   1096 */ #1048=DIRECTION('1091', (0.,0.,1.));
/*   1097 */ #1049=DIRECTION('1092', (1.,0.,0.));
/*   1098 */ #1050=AXIS2_PLACEMENT_3D('1093', #1047, #1048, #1049);
/*   1099 */ #1051=PROPERTY_DEFINITION('shape for package body', $, #1041);
/*   1100 */ #1052=SHAPE_DEFINITION_REPRESENTATION(#1051, #568);
/*   1101 */ #1053=USAGE_CONCEPT_USAGE_RELATIONSHIP('1096', #1054, #1050, '', $, #1041, #1022, *);
/*   1102 */ #1054=REPRESENTATION_MAP(#569, #568);
/*   1103 */ #1055=PACKAGE_TERMINAL_TEMPLATE_DEFINITION('Ribbon L - Inward - Rounded', $, 'Ribbon L - Inward - Rounded', $);
/*   1104 */ #1056=PROPERTY_DEFINITION('custom lead form', 'Ribbon L - Inward', #1055);
/*   1105 */ #1057=PROPERTY_DEFINITION('seating plane intersection', 'surface intersection', #1055);
/*   1106 */ #1058=MATERIAL_DESIGNATION_WITH_CONDUCTIVITY_CLASSIFICATION('unknown conductive material', (#1055));
/*   1107 */ #1059=APPLIED_CLASSIFICATION_ASSIGNMENT(#1061, #1060, (#1058));
/*   1108 */ #1060=CLASSIFICATION_ROLE('terminal core material', 'terminal core material');
/*   1109 */ #1061=CLASS('conductive', 'terminal core material');
/*   1110 */ #1062=ID_ATTRIBUTE('conductive', #1061);
/*   1111 */ #1063=MATERIAL_DESIGNATION_WITH_CONDUCTIVITY_CLASSIFICATION('unknown conductive material', (#1055));
/*   1112 */ #1064=APPLIED_CLASSIFICATION_ASSIGNMENT(#1066, #1065, (#1063));
/*   1113 */ #1065=CLASSIFICATION_ROLE('terminal surface material', 'terminal surface material');
/*   1114 */ #1066=CLASS('conductive', 'terminal surface material');
/*   1115 */ #1067=ID_ATTRIBUTE('conductive', #1066);
/*   1116 */ /* make package_terminal.definitional = .T. */
/*   1117 */ #1068=PACKAGE_TERMINAL('2', 'part generic feature', #3, .F.);
/*   1118 */ #1069=PROPERTY_DEFINITION('terminal definition', $, #1068);
/*   1119 */ #1070=PROPERTY_DEFINITION('terminal definition', $, #1055);
/*   1120 */ #1071=PROPERTY_DEFINITION_RELATIONSHIP('definition', '1114', #1070, #1069);
/*   1121 */ #1072=CARTESIAN_POINT('1115', (3.425,-1.5375,1.6275));
/*   1122 */ #1073=DIRECTION('1116', (1.22464679914735E-16,1.,0.));
/*   1123 */ #1074=DIRECTION('1117', (-1.,1.22464679914735E-16,0.));
/*   1124 */ #1075=AXIS2_PLACEMENT_3D('1118', #1072, #1073, #1074);
/*   1125 */ #1076=PRODUCT_DEFINITION_SHAPE('shape for package_terminal', $, #1055);
/*   1126 */ #1077=SHAPE_DEFINITION_REPRESENTATION(#1076, #996);
/*   1127 */ #1078=DESCRIPTION_ATTRIBUTE('part feature template shape model', #996);
/*   1128 */ #1079=USAGE_CONCEPT_USAGE_RELATIONSHIP('1122', #1080, #1075, '', $, #1068, #1022, *);
/*   1129 */ #1080=REPRESENTATION_MAP(#569, #996);
/*   1130 */ /* make primary_reference_terminal.definitional = .T. */
/*   1131 */ #1081=PRIMARY_REFERENCE_TERMINAL('1', 'part generic feature', #3, .F.);
/*   1132 */ #1082=PROPERTY_DEFINITION('terminal definition', $, #1081);
/*   1133 */ #1083=PROPERTY_DEFINITION('terminal definition', $, #1055);
/*   1134 */ #1084=PROPERTY_DEFINITION_RELATIONSHIP('definition', '1127', #1083, #1082);
/*   1135 */ #1085=CARTESIAN_POINT('1128', (-3.425,1.5375,1.6275));
/*   1136 */ #1086=DIRECTION('1129', (0.,-1.,0.));
/*   1137 */ #1087=DIRECTION('1130', (1.,0.,0.));
/*   1138 */ #1088=AXIS2_PLACEMENT_3D('1131', #1085, #1086, #1087);
/*   1139 */ #1089=USAGE_CONCEPT_USAGE_RELATIONSHIP('1132', #1090, #1088, '', $, #1081, #1022, *);
/*   1140 */ #1090=REPRESENTATION_MAP(#569, #996);
/*   1141 */ #1116=SEATING_PLANE('seating plane', 'seating plane feature', #3, .F.);
/*   1142 */ #1117=SHAPE_REPRESENTATION('1135', (#1122,#1126), #1023);
/*   1143 */ #1118=CARTESIAN_POINT('1136', (0.,0.,0.));
/*   1144 */ #1119=DIRECTION('1137', (0.,0.,1.));
/*   1145 */ #1120=DIRECTION('1138', (1.,0.,0.));
/*   1146 */ #1121=AXIS2_PLACEMENT_3D('1139', #1118, #1119, #1120);
/*   1147 */ #1122=PLANE('1140', #1121);
/*   1148 */ #1123=CARTESIAN_POINT('1141', (0.,0.,0.));
/*   1149 */ #1124=DIRECTION('1142', (0.,0.,1.));
/*   1150 */ #1125=DIRECTION('1143', (1.,0.,0.));
/*   1151 */ #1126=AXIS2_PLACEMENT_3D('1144', #1123, #1124, #1125);
/*   1152 */ #1127=PROPERTY_DEFINITION('shape for seating plane', $, #1116);
/*   1153 */ #1128=SHAPE_DEFINITION_REPRESENTATION(#1127, #1117);
/*   1154 */ #1129=USAGE_CONCEPT_USAGE_RELATIONSHIP('1147', #1130, #569, '', $, #1116, #1022, *);
/*   1155 */ #1130=REPRESENTATION_MAP(#1126, #1117);
/*   1156 */ #1131=FOOTPRINT_DEFINITION('Footprint', $, #1136, #1132, '1149', $, *);
/*   1157 */ #1132=PRODUCT_DEFINITION_CONTEXT('part definition', #999, 'design');
/*   1158 */ #1133=PRODUCT_DEFINITION_CONTEXT_ASSOCIATION(#1131, #1135, #1134);
/*   1159 */ #1134=PRODUCT_DEFINITION_CONTEXT_ROLE('part definition type', $);
/*   1160 */ #1135=PRODUCT_DEFINITION_CONTEXT('template definition', #999, 'design');
/*   1161 */ #1136=PRODUCT_DEFINITION_FORMATION('1', $, #1137);
/*   1162 */ #1137=PRODUCT('Footprint', 'template', $, (#1139));
/*   1163 */ #1138=PRODUCT_RELATED_PRODUCT_CATEGORY('template model', $, (#1137));
/*   1164 */ #1139=PRODUCT_CONTEXT('template model', #999, '1157');
/*   1165 */ #1140=PROPERTY_DEFINITION('location', 'top', #1131);
/*   1166 */ #1141=SHAPE_REPRESENTATION('ppsm', (#1143), #13);
/*   1167 */ #1142=DESCRIPTION_ATTRIBUTE('footprint definition shape model', #1141);
/*   1168 */ #1143=AXIS2_PLACEMENT_2D('origin', #1144, #1145);
/*   1169 */ #1144=CARTESIAN_POINT('1162', (0.,0.));
/*   1170 */ #1145=DIRECTION('1163', (1.,0.));
/*   1171 */ #1146=SHAPE_DEFINITION_REPRESENTATION(#1131, #1141);
/*   1172 */ #1147=PROPERTY_DEFINITION_RELATIONSHIP('reference package', '1165', #3, #1131);
/*   1173 */ #1148=SHAPE_REPRESENTATION('ppsm', (#1149,#1175,#1187), #13);
/*   1174 */ #1149=AXIS2_PLACEMENT_2D('origin', #1150, #1151);
/*   1175 */ #1150=CARTESIAN_POINT('1168', (0.,0.));
/*   1176 */ #1151=DIRECTION('1169', (1.,0.));
/*   1177 */ #1165=(GEOMETRIC_REPRESENTATION_CONTEXT(2)
/*   1178 */        GLOBAL_UNCERTAINTY_ASSIGNED_CONTEXT((#11,#10,#12))
/*   1179 */        GLOBAL_UNIT_ASSIGNED_CONTEXT((#9,#2,#8))
/*   1180 */        REPRESENTATION_CONTEXT('unit_context2D', 'unit_context2D')
/*   1181 */       );
/*   1182 */ #1166=CSG_PRIMITIVE_SOLID_2D('1175', #1167);
/*   1183 */ #1167=RECTANGULAR_AREA('1176', #1170, 1.14885, 3.075);
/*   1184 */ #1168=CARTESIAN_POINT('1177', (3.399425,0.));
/*   1185 */ #1169=DIRECTION('1178', (1.,0.));
/*   1186 */ #1170=AXIS2_PLACEMENT_2D('1179', #1168, #1169);
/*   1187 */ #1171=SINGLE_BOUNDARY_CSG_2D_SHAPE_REPRESENTATION('ppsm', (#1166,#1174), #1165);
/*   1188 */ #1172=CARTESIAN_POINT('1181', (0.,0.));
/*   1189 */ #1173=DIRECTION('1182', (1.,0.));
/*   1190 */ #1174=AXIS2_PLACEMENT_2D('1183', #1172, #1173);
/*   1191 */ #1175=USAGE_CONCEPT_USAGE_RELATIONSHIP('1184', #1176, #1149, '', $, #1068, #1148, *);
/*   1192 */ #1176=REPRESENTATION_MAP(#1174, #1171);
/*   1193 */ #1177=(GEOMETRIC_REPRESENTATION_CONTEXT(2)
/*   1194 */        GLOBAL_UNCERTAINTY_ASSIGNED_CONTEXT((#11,#10,#12))
/*   1195 */        GLOBAL_UNIT_ASSIGNED_CONTEXT((#9,#2,#8))
/*   1196 */        REPRESENTATION_CONTEXT('unit_context2D', 'unit_context2D')
/*   1197 */       );
/*   1198 */ #1178=CSG_PRIMITIVE_SOLID_2D('1191', #1179);
/*   1199 */ #1179=RECTANGULAR_AREA('1192', #1182, 1.14885, 3.075);
/*   1200 */ #1180=CARTESIAN_POINT('1193', (-3.399425,0.));
/*   1201 */ #1181=DIRECTION('1194', (1.,0.));
/*   1202 */ #1182=AXIS2_PLACEMENT_2D('1195', #1180, #1181);
/*   1203 */ #1183=SINGLE_BOUNDARY_CSG_2D_SHAPE_REPRESENTATION('ppsm', (#1178,#1186), #1177);
/*   1204 */ #1184=CARTESIAN_POINT('1197', (0.,0.));
/*   1205 */ #1185=DIRECTION('1198', (1.,0.));
/*   1206 */ #1186=AXIS2_PLACEMENT_2D('1199', #1184, #1185);
/*   1207 */ #1187=USAGE_CONCEPT_USAGE_RELATIONSHIP('1200', #1188, #1149, '', $, #1081, #1148, *);
/*   1208 */ #1188=REPRESENTATION_MAP(#1186, #1183);
/*   1209 */ #1189=DESCRIPTION_ATTRIBUTE('pupsm', #1148);
/*   1210 */ #1190=ID_ATTRIBUTE('contacts_representation', #1148);
/*   1211 */ #1191=SHAPE_DEFINITION_REPRESENTATION(#3, #1148);
/*   1212 */ #1192=REPRESENTATION_RELATIONSHIP('predefined shape purpose', $, #1148, #1193);
/*   1213 */ #1193=REPRESENTATION('predefined shape purpose', (#1194), #1021);
/*   1214 */ #1194=DESCRIPTIVE_REPRESENTATION_ITEM('physical extent', 'contacts');
/*   1215 */ #1195=REPRESENTATION_RELATIONSHIP('shape environment', $, #1148, #1196);
/*   1216 */ #1196=REPRESENTATION('shape environment', (#1197), #1021);
/*   1217 */ #1197=DESCRIPTIVE_REPRESENTATION_ITEM('manufacturing', '1210');
/*   1218 */ #1198=REPRESENTATION_RELATIONSHIP('shape extent', $, #1148, #1199);
/*   1219 */ #1199=REPRESENTATION('shape extent', (#1200), #1021);
/*   1220 */ #1200=DESCRIPTIVE_REPRESENTATION_ITEM('envelope', '1213');
/*   1221 */ #1201=REPRESENTATION_RELATIONSHIP('shape material condition', $, #1148, #1202);
/*   1222 */ #1202=REPRESENTATION('shape material condition', (#1203), #1021);
/*   1223 */ #1203=DESCRIPTIVE_REPRESENTATION_ITEM('nominal_material_condition', '1216');
/*   1224 */ #1204=REPRESENTATION_RELATIONSHIP('shape approximation level', $, #1148, #1205);
/*   1225 */ #1205=REPRESENTATION('shape approximation level', (#1206), #1021);
/*   1226 */ #1206=DESCRIPTIVE_REPRESENTATION_ITEM('is unknown', '1219');
/*   1227 */ #1207=COORDINATED_GEOMETRIC_RELATIONSHIP_WITH_2D_3D_PLACEMENT_TRANSFORMATION('1220', $, #7, #1022, #1208);
/*   1228 */ #1208=AXIS_PLACEMENT_2D_3D_MAPPING('1221', $, #6, #1126);
/*   1229 */ /* patched to add frame_of_reference #999 and added life cycle 'design' */
/*   1230 */ #1209=PRODUCT_DEFINITION_CONTEXT('physical design usage', #999, 'design');
/*   1231 */ #1210=PRODUCT_DEFINITION_CONTEXT_ASSOCIATION(#3, #1209, #1211);
/*   1232 */ #1211=PRODUCT_DEFINITION_CONTEXT_ROLE('part definition type', $);
/*   1233 */ #1212=SHAPE_ASPECT('1225', $, #3, .T.);
/*   1234 */ #1213=ID_ATTRIBUTE('terminal thickness pin 1', #1212);
/*   1235 */ #1215=SHAPE_ASPECT('1227', $, #3, .T.);
/*   1236 */ #1216=ID_ATTRIBUTE('terminal thickness pin 2', #1215);
/*   1237 */ #1218=SHAPE_ASPECT('1229', $, #3, .T.);
/*   1238 */ #1219=ID_ATTRIBUTE('terminal bottom pin 1', #1218);
/*   1239 */ #1221=SHAPE_ASPECT('1231', $, #3, .T.);
/*   1240 */ #1222=ID_ATTRIBUTE('terminal bottom pin 2', #1221);
/*   1241 */ #1224=SHAPE_ASPECT('1233', $, #3, .T.);
/*   1242 */ #1225=ID_ATTRIBUTE('body width f2', #1224);
/*   1243 */ #1227=SHAPE_ASPECT('1235', $, #3, .T.);
/*   1244 */ #1228=ID_ATTRIBUTE('terminal outside pin 1', #1227);
/*   1245 */ #1230=SHAPE_ASPECT('1237', $, #3, .T.);
/*   1246 */ #1231=ID_ATTRIBUTE('terminal outside pin 2', #1230);
/*   1247 */ #1233=SHAPE_ASPECT('1239', $, #3, .T.);
/*   1248 */ #1234=ID_ATTRIBUTE('body top', #1233);
/*   1249 */ #1236=SHAPE_ASPECT('1241', $, #3, .T.);
/*   1250 */ #1237=ID_ATTRIBUTE('body bottom', #1236);
/*   1251 */ #1239=SHAPE_ASPECT('1243', $, #3, .T.);
/*   1252 */ #1240=ID_ATTRIBUTE('body length f1', #1239);
/*   1253 */ #1242=SHAPE_ASPECT('1245', $, #3, .T.);
/*   1254 */ #1243=ID_ATTRIBUTE('body width f1', #1242);
/*   1255 */ #1245=SHAPE_ASPECT('1247', $, #3, .T.);
/*   1256 */ #1246=ID_ATTRIBUTE('body length f2', #1245);
/*   1257 */ #1248=SHAPE_ASPECT('1249', 'unified geometric item', #3, .T.);
/*   1258 */ #1249=ID_ATTRIBUTE('body step', #1248);
/*   1259 */ #1252=SHAPE_ASPECT('1251', $, #3, .T.);
/*   1260 */ #1253=ID_ATTRIBUTE('terminal width f1 pin 1', #1252);
/*   1261 */ #1255=SHAPE_ASPECT('1253', $, #3, .T.);
/*   1262 */ #1256=ID_ATTRIBUTE('terminal width f1 pin 2', #1255);
/*   1263 */ #1258=SHAPE_ASPECT('1255', $, #3, .T.);
/*   1264 */ #1259=ID_ATTRIBUTE('terminal width f2 pin 1', #1258);
/*   1265 */ #1261=SHAPE_ASPECT('1257', $, #3, .T.);
/*   1266 */ #1262=ID_ATTRIBUTE('terminal width f2 pin 2', #1261);
/*   1267 */ /* July 25, 2013, decided to stay with symmetric_shape_aspect.
/*   1268 */ every symmetric_shape_aspect will have a centre_of_symmetry. */
/*   1269 */ /* all shape_aspect.name shall be provided */
/*   1270 */ /* #1264=(COMPOSITE_SHAPE_ASPECT()
/*   1271 */        COMPOSITE_UNIT_SHAPE_ASPECT()
/*   1272 */        DATUM_FEATURE()
/*   1273 */        DIMENSIONAL_SIZE(#1264, 'length')
/*   1274 */        DIMENSIONAL_SIZE_WITH_DATUM_FEATURE()
/*   1275 */        SHAPE_ASPECT('shape_aspect_1264', 'feature of size', #3, .T.)
/*   1276 */       );
/*   1277 */ */
/*   1278 */ #1264=DIMENSIONAL_SIZE_WITH_DATUM_FEATURE('shape_aspect_1264', 'feature of size', #3, .T.,#1264,'length' );
/*   1279 */ #1265=ID_ATTRIBUTE('dimension D and datum feature A', #1264);
/*   1280 */ #1266=SHAPE_ASPECT_RELATIONSHIP('1268', $, #1264, #1242);
/*   1281 */ #1267=SHAPE_ASPECT_RELATIONSHIP('1269', $, #1264, #1224);
/*   1282 */ #1268=DIMENSIONAL_CHARACTERISTIC_REPRESENTATION(#1264, #1269);
/*   1283 */ #1269=SHAPE_DIMENSION_REPRESENTATION('', (#1272,#1275,#1277), #1270);
/*   1284 */ #1270=REPRESENTATION_CONTEXT('dimension context', 'dimension');
/*   1285 */ #1271=ID_ATTRIBUTE('D', #1269);
/*   1286 */ #1272=(LENGTH_MEASURE_WITH_UNIT()
/*   1287 */        MEASURE_REPRESENTATION_ITEM()
/*   1288 */        MEASURE_WITH_UNIT(LENGTH_MEASURE(5.9), #1273)
/*   1289 */        QUALIFIED_REPRESENTATION_ITEM((#1274))
/*   1290 */        REPRESENTATION_ITEM('1278')
/*   1291 */       );
/*   1292 */ #1273=(LENGTH_UNIT()
/*   1293 */        NAMED_UNIT(*)
/*   1294 */        SI_UNIT(.MILLI., .METRE.)
/*   1295 */       );
/*   1296 */ #1274=TYPE_QUALIFIER('average');
/*   1297 */ #1275=(LENGTH_MEASURE_WITH_UNIT()
/*   1298 */        MEASURE_REPRESENTATION_ITEM()
/*   1299 */        MEASURE_WITH_UNIT(LENGTH_MEASURE(6.25), #1273)
/*   1300 */        QUALIFIED_REPRESENTATION_ITEM((#1276))
/*   1301 */        REPRESENTATION_ITEM('1289')
/*   1302 */       );
/*   1303 */ #1276=TYPE_QUALIFIER('maximum');
/*   1304 */ #1277=(LENGTH_MEASURE_WITH_UNIT()
/*   1305 */        MEASURE_REPRESENTATION_ITEM()
/*   1306 */        MEASURE_WITH_UNIT(LENGTH_MEASURE(5.55), #1273)
/*   1307 */        QUALIFIED_REPRESENTATION_ITEM((#1278))
/*   1308 */        REPRESENTATION_ITEM('1296')
/*   1309 */       );
/*   1310 */ #1278=TYPE_QUALIFIER('minimum');
/*   1311 */ #1279=DATUM('', 'plane', #3, .F., 'A');
/*   1312 */ #1280=SHAPE_ASPECT_RELATIONSHIP('1300', $, #1264, #1279);
/*   1313 */ /*should be only one seating_plane */
/*   1314 */ #1281=(COMPOSITE_SHAPE_ASPECT()
/*   1315 */        COMPOSITE_UNIT_SHAPE_ASPECT()
/*   1316 */        DATUM_FEATURE()
/*   1317 */        DIMENSIONAL_SIZE(#1281, 'length')
/*   1318 */        DIMENSIONAL_SIZE_WITH_DATUM_FEATURE()
/*   1319 */        SHAPE_ASPECT('shape_aspect_1281', 'feature of size', #3, .T.)
/*   1320 */       );
/*   1321 */ #1282=ID_ATTRIBUTE('dimension E1 and datum feature B', #1281);
/*   1322 */ #1283=SHAPE_ASPECT_RELATIONSHIP('1310', $, #1281, #1239);
/*   1323 */ #1284=SHAPE_ASPECT_RELATIONSHIP('1311', $, #1281, #1245);
/*   1324 */ #1285=DIMENSIONAL_CHARACTERISTIC_REPRESENTATION(#1281, #1286);
/*   1325 */ #1286=SHAPE_DIMENSION_REPRESENTATION('1313', (#1288,#1290,#1292), #1270);
/*   1326 */ #1287=ID_ATTRIBUTE('E1', #1286);
/*   1327 */ #1288=(LENGTH_MEASURE_WITH_UNIT()
/*   1328 */        MEASURE_REPRESENTATION_ITEM()
/*   1329 */        MEASURE_WITH_UNIT(LENGTH_MEASURE(6.6), #1273)
/*   1330 */        QUALIFIED_REPRESENTATION_ITEM((#1289))
/*   1331 */        REPRESENTATION_ITEM('1319')
/*   1332 */       );
/*   1333 */ #1289=TYPE_QUALIFIER('minimum');
/*   1334 */ #1290=(LENGTH_MEASURE_WITH_UNIT()
/*   1335 */        MEASURE_REPRESENTATION_ITEM()
/*   1336 */        MEASURE_WITH_UNIT(LENGTH_MEASURE(6.85), #1273)
/*   1337 */        QUALIFIED_REPRESENTATION_ITEM((#1291))
/*   1338 */        REPRESENTATION_ITEM('1326')
/*   1339 */       );
/*   1340 */ #1291=TYPE_QUALIFIER('average');
/*   1341 */ #1292=(LENGTH_MEASURE_WITH_UNIT()
/*   1342 */        MEASURE_REPRESENTATION_ITEM()
/*   1343 */        MEASURE_WITH_UNIT(LENGTH_MEASURE(7.15), #1273)
/*   1344 */        QUALIFIED_REPRESENTATION_ITEM((#1293))
/*   1345 */        REPRESENTATION_ITEM('1333')
/*   1346 */       );
/*   1347 */ #1293=TYPE_QUALIFIER('maximum');
/*   1348 */ #1294=DATUM('', 'plane', #3, .F., 'B');
/*   1349 */ #1295=SHAPE_ASPECT_RELATIONSHIP('1337', $, #1281, #1294);
/*   1350 */ #1296=(COMPOSITE_SHAPE_ASPECT()
/*   1351 */        COMPOSITE_UNIT_SHAPE_ASPECT()
/*   1352 */        DATUM_FEATURE()
/*   1353 */        SHAPE_ASPECT('shape_aspect_1296', $, #3, .T.)
/*   1354 */       );
/*   1355 */ #1297=ID_ATTRIBUTE('bottom all pins', #1296);
/*   1356 */ #1298=SHAPE_ASPECT_RELATIONSHIP('1344', $, #1296, #1221);
/*   1357 */ #1299=SHAPE_ASPECT_RELATIONSHIP('1345', $, #1296, #1218);
/*   1358 */ #1300=(DERIVED_SHAPE_ASPECT()
/*   1359 */        SEATING_PLANE()
/*   1360 */        SHAPE_ASPECT('tangent plane', $, #3, .T.)
/*   1361 */        TANGENT()
/*   1362 */       );
/*   1363 */ #1301=ID_ATTRIBUTE('tangent to datum feature C', #1300);
/*   1364 */ #1302=PLANE('1352', #1303);
/*   1365 */ #1303=AXIS2_PLACEMENT_3D('1353', #1304, #1305, #1306);
/*   1366 */ #1304=CARTESIAN_POINT('1354', (0.,0.,0.));
/*   1367 */ #1305=DIRECTION('1355', (0.,0.,1.));
/*   1368 */ #1306=DIRECTION('1356', (1.,0.,0.));
/*   1369 */ #1307=CONSTRUCTIVE_GEOMETRY_REPRESENTATION('1357', (#1302,#1329,#1348,#1361), #1023);
/*   1370 */ #1308=CONSTRUCTIVE_GEOMETRY_REPRESENTATION_RELATIONSHIP('1358', $, #1022, #1307);
/*   1371 */ #1309=GEOMETRIC_ITEM_SPECIFIC_USAGE('1359', $, #1300, #1307, #1302);
/*   1372 */ #1310=SHAPE_ASPECT_DERIVING_RELATIONSHIP('1360', $, #1300, #1296);
/*   1373 */ #1311=DATUM('', 'plane', #3, .F., 'C');
/*   1374 */ #1312=SHAPE_ASPECT_RELATIONSHIP('1362', $, #1296, #1311);
/*   1375 */ #1313=DIMENSIONAL_SIZE(#1314, 'length');
/*   1376 */ #1314=(COMPOSITE_SHAPE_ASPECT()
/*   1377 */        COMPOSITE_UNIT_SHAPE_ASPECT()
/*   1378 */        SHAPE_ASPECT('shape_aspect_1314', 'feature of size', #3, .T.)
/*   1379 */        SYMMETRIC_SHAPE_ASPECT()
/*   1380 */       );
/*   1381 */ #1315=ID_ATTRIBUTE('dim E feature of size', #1314);
/*   1382 */ #1316=SHAPE_ASPECT_RELATIONSHIP('1370', $, #1314, #1230);
/*   1383 */ #1317=SHAPE_ASPECT_RELATIONSHIP('1371', $, #1314, #1227);
/*   1384 */ #1318=DIMENSIONAL_CHARACTERISTIC_REPRESENTATION(#1313, #1319);
/*   1385 */ #1319=SHAPE_DIMENSION_REPRESENTATION('', (#1321,#1323,#1325), #1270);
/*   1386 */ #1320=ID_ATTRIBUTE('E', #1319);
/*   1387 */ #1321=(LENGTH_MEASURE_WITH_UNIT()
/*   1388 */        MEASURE_REPRESENTATION_ITEM()
/*   1389 */        MEASURE_WITH_UNIT(LENGTH_MEASURE(7.95), #1273)
/*   1390 */        QUALIFIED_REPRESENTATION_ITEM((#1322))
/*   1391 */        REPRESENTATION_ITEM('1379')
/*   1392 */       );
/*   1393 */ #1322=TYPE_QUALIFIER('average');
/*   1394 */ #1323=(LENGTH_MEASURE_WITH_UNIT()
/*   1395 */        MEASURE_REPRESENTATION_ITEM()
/*   1396 */        MEASURE_WITH_UNIT(LENGTH_MEASURE(8.15), #1273)
/*   1397 */        QUALIFIED_REPRESENTATION_ITEM((#1324))
/*   1398 */        REPRESENTATION_ITEM('1386')
/*   1399 */       );
/*   1400 */ #1324=TYPE_QUALIFIER('maximum');
/*   1401 */ #1325=(LENGTH_MEASURE_WITH_UNIT()
/*   1402 */        MEASURE_REPRESENTATION_ITEM()
/*   1403 */        MEASURE_WITH_UNIT(LENGTH_MEASURE(7.75), #1273)
/*   1404 */        QUALIFIED_REPRESENTATION_ITEM((#1326))
/*   1405 */        REPRESENTATION_ITEM('1393')
/*   1406 */       );
/*   1407 */ #1326=TYPE_QUALIFIER('minimum');
/*   1408 */ #1327=CENTRE_OF_SYMMETRY('centre plane', $, #3, .F.);
/*   1409 */ #1328=ID_ATTRIBUTE('dim E centre_of_symmetry', #1327);
/*   1410 */ #1329=PLANE('1398', #1330);
/*   1411 */ #1330=AXIS2_PLACEMENT_3D('1399', #1331, #1332, #1333);
/*   1412 */ #1331=CARTESIAN_POINT('1400', (0.,0.,0.));
/*   1413 */ #1332=DIRECTION('1401', (0.,1.,0.));
/*   1414 */ #1333=DIRECTION('1402', (1.,0.,0.));
/*   1415 */ #1334=GEOMETRIC_ITEM_SPECIFIC_USAGE('1403', $, #1327, #1307, #1329);
/*   1416 */ #1335=SHAPE_ASPECT_DERIVING_RELATIONSHIP('1404', $, #1327, #1314);
/*   1417 */ #1336=(GEOMETRIC_TOLERANCE('dim E center position', $, #1341, #1327)
/*   1418 */        GEOMETRIC_TOLERANCE_WITH_DATUM_REFERENCE((#1337))
/*   1419 */        MODIFIED_GEOMETRIC_TOLERANCE(.LEAST_MATERIAL_CONDITION.)
/*   1420 */        POSITION_TOLERANCE()
/*   1421 */       );
/*   1422 */ #1337=DATUM_SYSTEM('datum system of dim E center position',$,#3,.F.,(#1338,#1339,
/*   1423 */      #1340));
/*   1424 */ #1338=DATUM_REFERENCE_COMPARTMENT('',$,#3,.F.,#1311,(SIMPLE_DATUM_REFERENCE_MODIFIER(
/*   1425 */      .MAXIMUM_MATERIAL_REQUIREMENT.)));
/*   1426 */ #1339=DATUM_REFERENCE_COMPARTMENT('',$,#3,.F.,#1294,$);
/*   1427 */ #1340=DATUM_REFERENCE_COMPARTMENT('',$,#3,.F.,#1279,$);
/*   1428 */ #1341=LENGTH_MEASURE_WITH_UNIT(LENGTH_MEASURE(0.13), #1273);
/*   1429 */ #1342=(COMPOSITE_SHAPE_ASPECT()
/*   1430 */        COMPOSITE_UNIT_SHAPE_ASPECT()
/*   1431 */        SHAPE_ASPECT('shape_aspect_1342', 'feature of size', #3, .T.)
/*   1432 */        SYMMETRIC_SHAPE_ASPECT()
/*   1433 */       );
/*   1434 */ #1343=ID_ATTRIBUTE('pin 1 width feature of size', #1342);
/*   1435 */ #1344=SHAPE_ASPECT_RELATIONSHIP('1423', $, #1342, #1252);
/*   1436 */ #1345=SHAPE_ASPECT_RELATIONSHIP('1424', $, #1342, #1258);
/*   1437 */ #1346=CENTRE_OF_SYMMETRY('centre plane', $, #3, .F.);
/*   1438 */ #1347=ID_ATTRIBUTE('pin 1 centre_of_symmetry', #1346);
/*   1439 */ #1348=PLANE('1427', #1349);
/*   1440 */ #1349=AXIS2_PLACEMENT_3D('1428', #1350, #1351, #1352);
/*   1441 */ #1350=CARTESIAN_POINT('1429', (0.,0.95,0.));
/*   1442 */ #1351=DIRECTION('1430', (0.,1.,0.));
/*   1443 */ #1352=DIRECTION('1431', (1.,0.,0.));
/*   1444 */ #1353=GEOMETRIC_ITEM_SPECIFIC_USAGE('1432', $, #1346, #1307, #1348);
/*   1445 */ #1354=SHAPE_ASPECT_DERIVING_RELATIONSHIP('1433', $, #1346, #1342);
/*   1446 */ #1355=(COMPOSITE_SHAPE_ASPECT()
/*   1447 */        COMPOSITE_UNIT_SHAPE_ASPECT()
/*   1448 */        SHAPE_ASPECT('shape_aspect_1355', 'feature of size', #3, .T.)
/*   1449 */        SYMMETRIC_SHAPE_ASPECT()
/*   1450 */       );
/*   1451 */ #1356=ID_ATTRIBUTE('pin 2 width feature of size', #1355);
/*   1452 */ #1357=SHAPE_ASPECT_RELATIONSHIP('1440', $, #1355, #1261);
/*   1453 */ #1358=SHAPE_ASPECT_RELATIONSHIP('1441', $, #1355, #1255);
/*   1454 */ #1359=CENTRE_OF_SYMMETRY('centre plane', $, #3, .F.);
/*   1455 */ #1360=ID_ATTRIBUTE('pin 2 centre_of_symmetry', #1359);
/*   1456 */ #1361=PLANE('1444', #1362);
/*   1457 */ #1362=AXIS2_PLACEMENT_3D('1445', #1363, #1364, #1365);
/*   1458 */ #1363=CARTESIAN_POINT('1446', (0.,-0.95,0.));
/*   1459 */ #1364=DIRECTION('1447', (0.,1.,0.));
/*   1460 */ #1365=DIRECTION('1448', (1.,0.,0.));
/*   1461 */ #1366=GEOMETRIC_ITEM_SPECIFIC_USAGE('1449', $, #1359, #1307, #1361);
/*   1462 */ #1367=SHAPE_ASPECT_DERIVING_RELATIONSHIP('1450', $, #1359, #1355);
/*   1463 */ #1368=COMPOSITE_GROUP_SHAPE_ASPECT('1451', 'multiple elements', #3, .T.);
/*   1464 */ #1369=ID_ATTRIBUTE('all pins centres', #1368);
/*   1465 */ #1370=SHAPE_ASPECT_RELATIONSHIP('1453', $, #1368, #1346);
/*   1466 */ #1371=SHAPE_ASPECT_RELATIONSHIP('1454', $, #1368, #1359);
/*   1467 */ /* can we look at changing MODIFIED_GEOMETRIC_TOLERANCE to GEOMETRIC_TOLERANCE_WITH_MODIFIERS? */
/*   1468 */ #1372=(GEOMETRIC_TOLERANCE('terminal centre plane position', $, #1377, #1368)
/*   1469 */        GEOMETRIC_TOLERANCE_WITH_DATUM_REFERENCE((#1373))
/*   1470 */        MODIFIED_GEOMETRIC_TOLERANCE(.LEAST_MATERIAL_CONDITION.)
/*   1471 */        POSITION_TOLERANCE()
/*   1472 */       );
/*   1473 */ #1373=DATUM_SYSTEM('datum system of terminal centre plane position',$,#3,.F.,(#1374,
/*   1474 */      #1375,#1376));
/*   1475 */ #1374=DATUM_REFERENCE_COMPARTMENT('',$,#3,.F.,#1311,
/*   1476 */      $);
/*   1477 */ #1375=DATUM_REFERENCE_COMPARTMENT('',$,#3,.F.,#1279,
/*   1478 */      $);
/*   1479 */ #1376=DATUM_REFERENCE_COMPARTMENT('',$,#3,.F.,#1294,
/*   1480 */      $);
/*   1481 */ #1377=LENGTH_MEASURE_WITH_UNIT(LENGTH_MEASURE(0.13), #1273);
/*   1482 */ #1378=COMPOSITE_GROUP_SHAPE_ASPECT('1469', 'multiple elements', #3, .T.);
/*   1483 */ #1379=ID_ATTRIBUTE('all pins width feature of size', #1378);
/*   1484 */ #1380=SHAPE_ASPECT_RELATIONSHIP('1471', $, #1378, #1355);
/*   1485 */ #1381=SHAPE_ASPECT_RELATIONSHIP('1472', $, #1378, #1342);
/*   1486 */ #1382=DIMENSIONAL_SIZE(#1378, 'length');
/*   1487 */ #1383=DIMENSIONAL_CHARACTERISTIC_REPRESENTATION(#1382, #1384);
/*   1488 */ #1384=SHAPE_DIMENSION_REPRESENTATION('', (#1386,#1388), #1270);
/*   1489 */ #1385=ID_ATTRIBUTE('b', #1384);
/*   1490 */ #1386=(LENGTH_MEASURE_WITH_UNIT()
/*   1491 */        MEASURE_REPRESENTATION_ITEM()
/*   1492 */        MEASURE_WITH_UNIT(LENGTH_MEASURE(2.9), #1273)
/*   1493 */        QUALIFIED_REPRESENTATION_ITEM((#1387))
/*   1494 */        REPRESENTATION_ITEM('1481')
/*   1495 */       );
/*   1496 */ #1387=TYPE_QUALIFIER('minimum');
/*   1497 */ #1388=(LENGTH_MEASURE_WITH_UNIT()
/*   1498 */        MEASURE_REPRESENTATION_ITEM()
/*   1499 */        MEASURE_WITH_UNIT(LENGTH_MEASURE(3.2), #1273)
/*   1500 */        QUALIFIED_REPRESENTATION_ITEM((#1389))
/*   1501 */        REPRESENTATION_ITEM('1488')
/*   1502 */       );
/*   1503 */ #1389=TYPE_QUALIFIER('maximum');
/*   1504 */ /*
/*   1505 */ --#1390=(COMPOSITE_SHAPE_ASPECT()
/*   1506 */        COMPOSITE_UNIT_SHAPE_ASPECT()
/*   1507 */        SHAPE_ASPECT('shape_aspect_1390', 'feature of size', #3, .T.)
/*   1508 */       );
/*   1509 */ */
/*   1510 */ #1390=COMPOSITE_UNIT_SHAPE_ASPECT('shape_aspect_1390', 'feature of size', #3, .T.);
/*   1511 */ #1391=ID_ATTRIBUTE('pin 2 thickness feature of size', #1390);
/*   1512 */ #1392=SHAPE_ASPECT_RELATIONSHIP('1497', $, #1390, #1215);
/*   1513 */ #1393=SHAPE_ASPECT_RELATIONSHIP('1498', $, #1390, #1221);
/*   1514 */ /*
/*   1515 */ --#1394=(COMPOSITE_SHAPE_ASPECT()
/*   1516 */        COMPOSITE_UNIT_SHAPE_ASPECT()
/*   1517 */        SHAPE_ASPECT('shape_aspect_1394', 'feature of size', #3, .T.)
/*   1518 */       );
/*   1519 */ */
/*   1520 */ #1394=COMPOSITE_UNIT_SHAPE_ASPECT('shape_aspect_1394', 'feature of size', #3, .T.);
/*   1521 */ #1395=ID_ATTRIBUTE('pin 1 thickness feature of size', #1394);
/*   1522 */ #1396=SHAPE_ASPECT_RELATIONSHIP('1505', $, #1394, #1212);
/*   1523 */ #1397=SHAPE_ASPECT_RELATIONSHIP('1506', $, #1394, #1218);
/*   1524 */ #1398=COMPOSITE_GROUP_SHAPE_ASPECT('1507', 'multiple elements', #3, .T.);
/*   1525 */ #1399=ID_ATTRIBUTE('all pins thickness feature of size', #1398);
/*   1526 */ #1400=SHAPE_ASPECT_RELATIONSHIP('1509', $, #1398, #1394);
/*   1527 */ #1401=SHAPE_ASPECT_RELATIONSHIP('1510', $, #1398, #1390);
/*   1528 */ #1402=DIMENSIONAL_SIZE(#1398, 'length');
/*   1529 */ #1403=DIMENSIONAL_CHARACTERISTIC_REPRESENTATION(#1402, #1404);
/*   1530 */ #1404=SHAPE_DIMENSION_REPRESENTATION('', (#1406,#1408), #1270);
/*   1531 */ #1405=ID_ATTRIBUTE('c', #1404);
/*   1532 */ #1406=(LENGTH_MEASURE_WITH_UNIT()
/*   1533 */        MEASURE_REPRESENTATION_ITEM()
/*   1534 */        MEASURE_WITH_UNIT(LENGTH_MEASURE(0.41), #1273)
/*   1535 */        QUALIFIED_REPRESENTATION_ITEM((#1407))
/*   1536 */        REPRESENTATION_ITEM('1519')
/*   1537 */       );
/*   1538 */ #1407=TYPE_QUALIFIER('maximum');
/*   1539 */ #1408=(LENGTH_MEASURE_WITH_UNIT()
/*   1540 */        MEASURE_REPRESENTATION_ITEM()
/*   1541 */        MEASURE_WITH_UNIT(LENGTH_MEASURE(0.15), #1273)
/*   1542 */        QUALIFIED_REPRESENTATION_ITEM((#1409))
/*   1543 */        REPRESENTATION_ITEM('1526')
/*   1544 */       );
/*   1545 */ #1409=TYPE_QUALIFIER('minimum');
/*   1546 */ #1410=DIMENSIONAL_SIZE(#1411, 'length');
/*   1547 */ /*
/*   1548 */ --#1411=(COMPOSITE_SHAPE_ASPECT()
/*   1549 */        COMPOSITE_UNIT_SHAPE_ASPECT()
/*   1550 */        SHAPE_ASPECT('shape_aspect_1411', 'feature of size', #3, .T.)
/*   1551 */       );
/*   1552 */ */
/*   1553 */ #1411=COMPOSITE_UNIT_SHAPE_ASPECT('shape_aspect_1411', 'feature of size', #3, .T.);
/*   1554 */ #1412=ID_ATTRIBUTE('dim A1 feature of size', #1411);
/*   1555 */ #1413=SHAPE_ASPECT_RELATIONSHIP('1536', $, #1411, #1233);
/*   1556 */ #1414=SHAPE_ASPECT_RELATIONSHIP('1537', $, #1411, #1236);
/*   1557 */ #1415=DIMENSIONAL_CHARACTERISTIC_REPRESENTATION(#1410, #1416);
/*   1558 */ #1416=SHAPE_DIMENSION_REPRESENTATION('', (#1418,#1420,#1422), #1270);
/*   1559 */ #1417=ID_ATTRIBUTE('A1', #1416);
/*   1560 */ #1418=(LENGTH_MEASURE_WITH_UNIT()
/*   1561 */        MEASURE_REPRESENTATION_ITEM()
/*   1562 */        MEASURE_WITH_UNIT(LENGTH_MEASURE(1.9), #1273)
/*   1563 */        QUALIFIED_REPRESENTATION_ITEM((#1419))
/*   1564 */        REPRESENTATION_ITEM('1545')
/*   1565 */       );
/*   1566 */ #1419=TYPE_QUALIFIER('minimum');
/*   1567 */ #1420=(LENGTH_MEASURE_WITH_UNIT()
/*   1568 */        MEASURE_REPRESENTATION_ITEM()
/*   1569 */        MEASURE_WITH_UNIT(LENGTH_MEASURE(2.45), #1273)
/*   1570 */        QUALIFIED_REPRESENTATION_ITEM((#1421))
/*   1571 */        REPRESENTATION_ITEM('1552')
/*   1572 */       );
/*   1573 */ #1421=TYPE_QUALIFIER('maximum');
/*   1574 */ #1422=(LENGTH_MEASURE_WITH_UNIT()
/*   1575 */        MEASURE_REPRESENTATION_ITEM()
/*   1576 */        MEASURE_WITH_UNIT(LENGTH_MEASURE(2.15), #1273)
/*   1577 */        QUALIFIED_REPRESENTATION_ITEM((#1423))
/*   1578 */        REPRESENTATION_ITEM('1559')
/*   1579 */       );
/*   1580 */ #1423=TYPE_QUALIFIER('average');
/*   1581 */ #1424=DIMENSIONAL_LOCATION('linear distance', $, #1233, #1296);
/*   1582 */ #1425=DIMENSIONAL_CHARACTERISTIC_REPRESENTATION(#1424, #1426);
/*   1583 */ #1426=SHAPE_DIMENSION_REPRESENTATION('', (#1428,#1430,#1432), #1270);
/*   1584 */ #1427=ID_ATTRIBUTE('A', #1426);
/*   1585 */ #1428=(LENGTH_MEASURE_WITH_UNIT()
/*   1586 */        MEASURE_REPRESENTATION_ITEM()
/*   1587 */        MEASURE_WITH_UNIT(LENGTH_MEASURE(2.65), #1273)
/*   1588 */        QUALIFIED_REPRESENTATION_ITEM((#1429))
/*   1589 */        REPRESENTATION_ITEM('1570')
/*   1590 */       );
/*   1591 */ #1429=TYPE_QUALIFIER('maximum');
/*   1592 */ #1430=(LENGTH_MEASURE_WITH_UNIT()
/*   1593 */        MEASURE_REPRESENTATION_ITEM()
/*   1594 */        MEASURE_WITH_UNIT(LENGTH_MEASURE(1.95), #1273)
/*   1595 */        QUALIFIED_REPRESENTATION_ITEM((#1431))
/*   1596 */        REPRESENTATION_ITEM('1577')
/*   1597 */       );
/*   1598 */ #1431=TYPE_QUALIFIER('minimum');
/*   1599 */ #1432=(LENGTH_MEASURE_WITH_UNIT()
/*   1600 */        MEASURE_REPRESENTATION_ITEM()
/*   1601 */        MEASURE_WITH_UNIT(LENGTH_MEASURE(2.3), #1273)
/*   1602 */        QUALIFIED_REPRESENTATION_ITEM((#1433))
/*   1603 */        REPRESENTATION_ITEM('1584')
/*   1604 */       );
/*   1605 */ #1433=TYPE_QUALIFIER('average');
/*   1606 */ #1434=DIMENSIONAL_LOCATION('linear distance', $, #1236, #1296);
/*   1607 */ #1435=DIMENSIONAL_CHARACTERISTIC_REPRESENTATION(#1434, #1436);
/*   1608 */ #1436=SHAPE_DIMENSION_REPRESENTATION('', (#1438,#1440,#1442), #1270);
/*   1609 */ #1437=ID_ATTRIBUTE('A2', #1436);
/*   1610 */ #1438=(LENGTH_MEASURE_WITH_UNIT()
/*   1611 */        MEASURE_REPRESENTATION_ITEM()
/*   1612 */        MEASURE_WITH_UNIT(LENGTH_MEASURE(0.2), #1273)
/*   1613 */        QUALIFIED_REPRESENTATION_ITEM((#1439))
/*   1614 */        REPRESENTATION_ITEM('1595')
/*   1615 */       );
/*   1616 */ #1439=TYPE_QUALIFIER('maximum');
/*   1617 */ #1440=(LENGTH_MEASURE_WITH_UNIT()
/*   1618 */        MEASURE_REPRESENTATION_ITEM()
/*   1619 */        MEASURE_WITH_UNIT(LENGTH_MEASURE(0.15), #1273)
/*   1620 */        QUALIFIED_REPRESENTATION_ITEM((#1441))
/*   1621 */        REPRESENTATION_ITEM('1602')
/*   1622 */       );
/*   1623 */ #1441=TYPE_QUALIFIER('average');
/*   1624 */ #1442=(LENGTH_MEASURE_WITH_UNIT()
/*   1625 */        MEASURE_REPRESENTATION_ITEM()
/*   1626 */        MEASURE_WITH_UNIT(LENGTH_MEASURE(0.05), #1273)
/*   1627 */        QUALIFIED_REPRESENTATION_ITEM((#1443))
/*   1628 */        REPRESENTATION_ITEM('1609')
/*   1629 */       );
/*   1630 */ #1443=TYPE_QUALIFIER('minimum');
/*   1631 */ #1444=DIMENSIONAL_LOCATION('linear distance', $, #1248, #1296);
/*   1632 */ #1445=DIMENSIONAL_CHARACTERISTIC_REPRESENTATION(#1444, #1446);
/*   1633 */ #1446=SHAPE_DIMENSION_REPRESENTATION('', (#1448,#1450), #1270);
/*   1634 */ #1447=ID_ATTRIBUTE('A3', #1446);
/*   1635 */ #1448=(LENGTH_MEASURE_WITH_UNIT()
/*   1636 */        MEASURE_REPRESENTATION_ITEM()
/*   1637 */        MEASURE_WITH_UNIT(LENGTH_MEASURE(0.3), #1273)
/*   1638 */        QUALIFIED_REPRESENTATION_ITEM((#1449))
/*   1639 */        REPRESENTATION_ITEM('1620')
/*   1640 */       );
/*   1641 */ #1449=TYPE_QUALIFIER('maximum');
/*   1642 */ #1450=(LENGTH_MEASURE_WITH_UNIT()
/*   1643 */        MEASURE_REPRESENTATION_ITEM()
/*   1644 */        MEASURE_WITH_UNIT(LENGTH_MEASURE(0.05), #1273)
/*   1645 */        QUALIFIED_REPRESENTATION_ITEM((#1451))
/*   1646 */        REPRESENTATION_ITEM('1627')
/*   1647 */       );
/*   1648 */ #1451=TYPE_QUALIFIER('minimum');
/*   1649 */ #1452=(GEOMETRIC_TOLERANCE('terminal bottom position', $, #1457, #1296)
/*   1650 */        GEOMETRIC_TOLERANCE_WITH_DATUM_REFERENCE((#1453))
/*   1651 */        MODIFIED_GEOMETRIC_TOLERANCE(.LEAST_MATERIAL_CONDITION.)
/*   1652 */        POSITION_TOLERANCE()
/*   1653 */       );
/*   1654 */ #1453=DATUM_SYSTEM('datum system of terminal bottom position',$,#3,.F.,(#1454,#1455,
/*   1655 */      #1456));
/*   1656 */ #1454=DATUM_REFERENCE_COMPARTMENT('',$,#3,.F.,#1311,$);
/*   1657 */ #1455=DATUM_REFERENCE_COMPARTMENT('',$,#3,.F.,#1294,$);
/*   1658 */ #1456=DATUM_REFERENCE_COMPARTMENT('',$,#3,.F.,#1279,$);
/*   1659 */ #1457=LENGTH_MEASURE_WITH_UNIT(LENGTH_MEASURE(0.13), 

------------------------------------------------------------------------------------------------
 Operation terminated successfully.
------------------------------------------------------------------------------------------------

