

/******************************************************************************************
* ReadStepFile diagnostics.
* Date:                           Thu Jul 18 16:47:38 2013
* Produced by:                    The EXPRESS Data Manager Version 5.01.0100.103 : 1 Nov 2012
* Module:                         EDMstepFileFactory/EDMstandAlone
* Host:                           tom8dd8
* Database:                       C:\Temp\edm_2012\2012_08
* Database version:               5207
* Database creation date:         Fri Aug 10 08:09:20 2012
* Model to populate:              DataRepository.MO-220_VEEB_with_gdt
* Header model to populate:       
* Step file name:                 Z:\Documents\2011\NIST AP210 GD&T Deliverables 9-30-11 - models and report\AP210 Package Models and JEDEC Documents_2013_june_update\MO-220_VEEB_with_gdt.stp
* EDMuser:                        sdai-user
* EDMgroup:                       sdai-group
* License ID and type:            4858 : Education license. Expiry date: 14 Mar 2016
* EDMstepFileFactory options:     0201000100
******************************************************************************************/
/*      1 */ ISO-10303-21;
/*      2 */ HEADER;
/*      3 */ /* Generated by software containing
/*      4 */  * JSDAI (TM) from LKSoft (www.lksoft.com, www.jsdai.net)
/*      5 */  * JSDAI Runtime Version 4.0.0 (Build 270, 2010-02-16T15:19:10)
/*      6 */  */
/*      7 */ FILE_DESCRIPTION(
/*      8 */ /* description */ ('AP210 Package Model'),
/*      9 */ /* implementation_level */ '2;1');
/*     10 */ FILE_NAME(
/*     11 */ /* name */ 'MO-220_VEEB_annotation.stp',
/*     12 */ /* time_stamp */ '2011-09-06T09:58:03',
/*     13 */ /* author */ (''),
/*     14 */ /* organization */ (''),
/*     15 */ /* preprocessor_version */ '',
/*     16 */ /* originating_system */ '',
/*     17 */ /* authorization */ '');
/*     18 */ FILE_SCHEMA(('AP210_ELECTRONIC_ASSEMBLY_INTERCONNECT_AND_PACKAGING_DESIGN_MIM_LF'));
/*     19 */ ENDSEC;
/*     20 */ DATA;
/*     21 */ #1=DIMENSIONAL_EXPONENTS(1.0,0.0,0.0,0.0,0.0,0.0,0.0);
/*     22 */ #2=(LENGTH_UNIT()NAMED_UNIT(*)SI_UNIT(.MILLI.,.METRE.));
/*     23 */ #3=PACKAGE('',$,#590,#587,'MO-220_VEEB',$,*);
/*     24 */ #4=DIRECTION('',(1.0,0.0));
/*     25 */ #5=CARTESIAN_POINT('',(0.0,0.0));
/*     26 */ #6=AXIS2_PLACEMENT_2D('csys2d',#5,#4);
/*     27 */ #7=SHAPE_REPRESENTATION('global 2d representation',(#6),#13);
/*     28 */ #8=(NAMED_UNIT(*)SI_UNIT($,.STERADIAN.)SOLID_ANGLE_UNIT());
/*     29 */ #9=(NAMED_UNIT(*)PLANE_ANGLE_UNIT()SI_UNIT($,.RADIAN.));
/*     30 */ #10=UNCERTAINTY_MEASURE_WITH_UNIT(LENGTH_MEASURE(0.01),#2,'',$);
/*     31 */ #11=UNCERTAINTY_MEASURE_WITH_UNIT(SOLID_ANGLE_MEASURE(0.0010),#8,'',$);
/*     32 */ #12=UNCERTAINTY_MEASURE_WITH_UNIT(PLANE_ANGLE_MEASURE(0.0010),#9,'',$);
/*     33 */ #13=(GEOMETRIC_REPRESENTATION_CONTEXT(2)GLOBAL_UNCERTAINTY_ASSIGNED_CONTEXT((#10,
/*     34 */      #11,#12))GLOBAL_UNIT_ASSIGNED_CONTEXT((#2,#8,#9))REPRESENTATION_CONTEXT('unit_context2D',
/*     35 */      'unit_context2D'));
/*     36 */ #14=CARTESIAN_POINT('',(0.0,0.0,0.0));
/*     37 */ #15=DIRECTION('',(0.0,1.0,0.0));
/*     38 */ #16=DIRECTION('',(1.0,0.0,0.0));
/*     39 */ #17=AXIS2_PLACEMENT_3D('',#14,#15,#16);
/*     40 */ #18=PLANE('',#17);
/*     41 */ #19=CARTESIAN_POINT('',(-0.15,0.0,0.0));
/*     42 */ #20=VERTEX_POINT('',#19);
/*     43 */ #21=CARTESIAN_POINT('',(0.15,0.0,0.0));
/*     44 */ #22=VERTEX_POINT('',#21);
/*     45 */ #23=CARTESIAN_POINT('',(-0.15,0.0,0.0));
/*     46 */ #24=DIRECTION('',(1.0,0.0,0.0));
/*     47 */ #25=VECTOR('',#24,1.0);
/*     48 */ #26=LINE('',#23,#25);
/*     49 */ #27=EDGE_CURVE('',#20,#22,#26,.T.);
/*     50 */ #28=ORIENTED_EDGE('',*,*,#27,.T.);
/*     51 */ #29=CARTESIAN_POINT('',(0.15,0.0,-0.55));
/*     52 */ #30=VERTEX_POINT('',#29);
/*     53 */ #31=CARTESIAN_POINT('',(0.15,0.0,0.0));
/*     54 */ #32=DIRECTION('',(0.0,0.0,-1.0));
/*     55 */ #33=VECTOR('',#32,1.0);
/*     56 */ #34=LINE('',#31,#33);
/*     57 */ #35=EDGE_CURVE('',#22,#30,#34,.T.);
/*     58 */ #36=ORIENTED_EDGE('',*,*,#35,.T.);
/*     59 */ #37=CARTESIAN_POINT('',(-0.15,0.0,-0.55));
/*     60 */ #38=VERTEX_POINT('',#37);
/*     61 */ #39=CARTESIAN_POINT('',(0.15,0.0,-0.55));
/*     62 */ #40=DIRECTION('',(-1.0,0.0,0.0));
/*     63 */ #41=VECTOR('',#40,1.0);
/*     64 */ #42=LINE('',#39,#41);
/*     65 */ #43=EDGE_CURVE('',#30,#38,#42,.T.);
/*     66 */ #44=ORIENTED_EDGE('',*,*,#43,.T.);
/*     67 */ #45=CARTESIAN_POINT('',(-0.15,0.0,-0.55));
/*     68 */ #46=DIRECTION('',(0.0,0.0,1.0));
/*     69 */ #47=VECTOR('',#46,1.0);
/*     70 */ #48=LINE('',#45,#47);
/*     71 */ #49=EDGE_CURVE('',#38,#20,#48,.T.);
/*     72 */ #50=ORIENTED_EDGE('',*,*,#49,.T.);
/*     73 */ #51=EDGE_LOOP('',(#28,#36,#44,#50));
/*     74 */ #52=FACE_BOUND('',#51,.F.);
/*     75 */ #53=ADVANCED_FACE('',(#52),#18,.F.);
/*     76 */ #54=CARTESIAN_POINT('',(-0.15,0.0,0.0));
/*     77 */ #55=DIRECTION('',(0.0,0.0,1.0));
/*     78 */ #56=DIRECTION('',(1.0,0.0,-0.0));
/*     79 */ #57=AXIS2_PLACEMENT_3D('',#54,#55,#56);
/*     80 */ #58=PLANE('',#57);
/*     81 */ #59=ORIENTED_EDGE('',*,*,#27,.F.);
/*     82 */ #60=CARTESIAN_POINT('',(-0.15,0.2,0.0));
/*     83 */ #61=VERTEX_POINT('',#60);
/*     84 */ #62=CARTESIAN_POINT('',(-0.15,0.0,0.0));
/*     85 */ #63=DIRECTION('',(0.0,1.0,0.0));
/*     86 */ #64=VECTOR('',#63,1.0);
/*     87 */ #65=LINE('',#62,#64);
/*     88 */ #66=EDGE_CURVE('',#20,#61,#65,.T.);
/*     89 */ #67=ORIENTED_EDGE('',*,*,#66,.T.);
/*     90 */ #68=CARTESIAN_POINT('',(0.15,0.2,0.0));
/*     91 */ #69=VERTEX_POINT('',#68);
/*     92 */ #70=CARTESIAN_POINT('',(-0.15,0.2,0.0));
/*     93 */ #71=DIRECTION('',(1.0,0.0,0.0));
/*     94 */ #72=VECTOR('',#71,1.0);
/*     95 */ #73=LINE('',#70,#72);
/*     96 */ #74=EDGE_CURVE('',#61,#69,#73,.T.);
/*     97 */ #75=ORIENTED_EDGE('',*,*,#74,.T.);
/*     98 */ #76=CARTESIAN_POINT('',(0.15,0.0,0.0));
/*     99 */ #77=DIRECTION('',(0.0,1.0,0.0));
/*    100 */ #78=VECTOR('',#77,1.0);
/*    101 */ #79=LINE('',#76,#78);
/*    102 */ #80=EDGE_CURVE('',#22,#69,#79,.T.);
/*    103 */ #81=ORIENTED_EDGE('',*,*,#80,.F.);
/*    104 */ #82=EDGE_LOOP('',(#59,#67,#75,#81));
/*    105 */ #83=FACE_BOUND('',#82,.F.);
/*    106 */ #84=ADVANCED_FACE('',(#83),#58,.T.);
/*    107 */ #85=CARTESIAN_POINT('',(-0.15,0.0,-0.55));
/*    108 */ #86=DIRECTION('',(-1.0,0.0,0.0));
/*    109 */ #87=DIRECTION('',(0.0,0.0,1.0));
/*    110 */ #88=AXIS2_PLACEMENT_3D('',#85,#86,#87);
/*    111 */ #89=PLANE('',#88);
/*    112 */ #90=ORIENTED_EDGE('',*,*,#49,.F.);
/*    113 */ #91=CARTESIAN_POINT('',(-0.15,0.2,-0.55));
/*    114 */ #92=VERTEX_POINT('',#91);
/*    115 */ #93=CARTESIAN_POINT('',(-0.15,0.0,-0.55));
/*    116 */ #94=DIRECTION('',(0.0,1.0,0.0));
/*    117 */ #95=VECTOR('',#94,1.0);
/*    118 */ #96=LINE('',#93,#95);
/*    119 */ #97=EDGE_CURVE('',#38,#92,#96,.T.);
/*    120 */ #98=ORIENTED_EDGE('',*,*,#97,.T.);
/*    121 */ #99=CARTESIAN_POINT('',(-0.15,0.2,-0.55));
/*    122 */ #100=DIRECTION('',(0.0,0.0,1.0));
/*    123 */ #101=VECTOR('',#100,1.0);
/*    124 */ #102=LINE('',#99,#101);
/*    125 */ #103=EDGE_CURVE('',#92,#61,#102,.T.);
/*    126 */ #104=ORIENTED_EDGE('',*,*,#103,.T.);
/*    127 */ #105=ORIENTED_EDGE('',*,*,#66,.F.);
/*    128 */ #106=EDGE_LOOP('',(#90,#98,#104,#105));
/*    129 */ #107=FACE_BOUND('',#106,.F.);
/*    130 */ #108=ADVANCED_FACE('',(#107),#89,.T.);
/*    131 */ #109=CARTESIAN_POINT('',(0.15,0.0,-0.55));
/*    132 */ #110=DIRECTION('',(0.0,0.0,-1.0));
/*    133 */ #111=DIRECTION('',(-1.0,0.0,0.0));
/*    134 */ #112=AXIS2_PLACEMENT_3D('',#109,#110,#111);
/*    135 */ #113=PLANE('',#112);
/*    136 */ #114=ORIENTED_EDGE('',*,*,#43,.F.);
/*    137 */ #115=CARTESIAN_POINT('',(0.15,0.2,-0.55));
/*    138 */ #116=VERTEX_POINT('',#115);
/*    139 */ #117=CARTESIAN_POINT('',(0.15,0.0,-0.55));
/*    140 */ #118=DIRECTION('',(0.0,1.0,0.0));
/*    141 */ #119=VECTOR('',#118,1.0);
/*    142 */ #120=LINE('',#117,#119);
/*    143 */ #121=EDGE_CURVE('',#30,#116,#120,.T.);
/*    144 */ #122=ORIENTED_EDGE('',*,*,#121,.T.);
/*    145 */ #123=CARTESIAN_POINT('',(0.15,0.2,-0.55));
/*    146 */ #124=DIRECTION('',(-1.0,0.0,0.0));
/*    147 */ #125=VECTOR('',#124,1.0);
/*    148 */ #126=LINE('',#123,#125);
/*    149 */ #127=EDGE_CURVE('',#116,#92,#126,.T.);
/*    150 */ #128=ORIENTED_EDGE('',*,*,#127,.T.);
/*    151 */ #129=ORIENTED_EDGE('',*,*,#97,.F.);
/*    152 */ #130=EDGE_LOOP('',(#114,#122,#128,#129));
/*    153 */ #131=FACE_BOUND('',#130,.F.);
/*    154 */ #132=ADVANCED_FACE('',(#131),#113,.T.);
/*    155 */ #133=CARTESIAN_POINT('',(0.15,0.0,0.0));
/*    156 */ #134=DIRECTION('',(1.0,0.0,0.0));
/*    157 */ #135=DIRECTION('',(0.0,0.0,-1.0));
/*    158 */ #136=AXIS2_PLACEMENT_3D('',#133,#134,#135);
/*    159 */ #137=PLANE('',#136);
/*    160 */ #138=ORIENTED_EDGE('',*,*,#35,.F.);
/*    161 */ #139=ORIENTED_EDGE('',*,*,#80,.T.);
/*    162 */ #140=CARTESIAN_POINT('',(0.15,0.2,0.0));
/*    163 */ #141=DIRECTION('',(0.0,0.0,-1.0));
/*    164 */ #142=VECTOR('',#141,1.0);
/*    165 */ #143=LINE('',#140,#142);
/*    166 */ #144=EDGE_CURVE('',#69,#116,#143,.T.);
/*    167 */ #145=ORIENTED_EDGE('',*,*,#144,.T.);
/*    168 */ #146=ORIENTED_EDGE('',*,*,#121,.F.);
/*    169 */ #147=EDGE_LOOP('',(#138,#139,#145,#146));
/*    170 */ #148=FACE_BOUND('',#147,.F.);
/*    171 */ #149=ADVANCED_FACE('',(#148),#137,.T.);
/*    172 */ #150=CARTESIAN_POINT('',(0.0,0.2,0.0));
/*    173 */ #151=DIRECTION('',(0.0,1.0,0.0));
/*    174 */ #152=DIRECTION('',(1.0,0.0,0.0));
/*    175 */ #153=AXIS2_PLACEMENT_3D('',#150,#151,#152);
/*    176 */ #154=PLANE('',#153);
/*    177 */ #155=ORIENTED_EDGE('',*,*,#74,.F.);
/*    178 */ #156=ORIENTED_EDGE('',*,*,#103,.F.);
/*    179 */ #157=ORIENTED_EDGE('',*,*,#127,.F.);
/*    180 */ #158=ORIENTED_EDGE('',*,*,#144,.F.);
/*    181 */ #159=EDGE_LOOP('',(#155,#156,#157,#158));
/*    182 */ #160=FACE_BOUND('',#159,.F.);
/*    183 */ #161=ADVANCED_FACE('',(#160),#154,.T.);
/*    184 */ #162=CLOSED_SHELL('',(#53,#84,#108,#132,#149,#161));
/*    185 */ #163=MANIFOLD_SOLID_BREP('',#162);
/*    186 */ #164=ADVANCED_BREP_SHAPE_REPRESENTATION('3d bound volume shape',(#163,#165),#630);
/*    187 */ #165=AXIS2_PLACEMENT_3D('origin',#166,#167,#168);
/*    188 */ #166=CARTESIAN_POINT('',(0.0,0.0,0.0));
/*    189 */ #167=DIRECTION('',(0.0,0.0,1.0));
/*    190 */ #168=DIRECTION('',(1.0,0.0,0.0));
/*    191 */ #170=CARTESIAN_POINT('',(0.0,0.0,0.0));
/*    192 */ #171=DIRECTION('',(0.0,1.0,0.0));
/*    193 */ #172=DIRECTION('',(1.0,0.0,0.0));
/*    194 */ #173=AXIS2_PLACEMENT_3D('',#170,#171,#172);
/*    195 */ #174=PLANE('',#173);
/*    196 */ #175=CARTESIAN_POINT('',(-1.5,0.0,1.5));
/*    197 */ #176=VERTEX_POINT('',#175);
/*    198 */ #177=CARTESIAN_POINT('',(-1.5,0.0,-1.5));
/*    199 */ #178=VERTEX_POINT('',#177);
/*    200 */ #179=CARTESIAN_POINT('',(-1.5,0.0,1.5));
/*    201 */ #180=DIRECTION('',(0.0,0.0,-1.0));
/*    202 */ #181=VECTOR('',#180,1.0);
/*    203 */ #182=LINE('',#179,#181);
/*    204 */ #183=EDGE_CURVE('',#176,#178,#182,.T.);
/*    205 */ #184=ORIENTED_EDGE('',*,*,#183,.F.);
/*    206 */ #185=CARTESIAN_POINT('',(1.5,0.0,1.5));
/*    207 */ #186=VERTEX_POINT('',#185);
/*    208 */ #187=CARTESIAN_POINT('',(-1.5,0.0,1.5));
/*    209 */ #188=DIRECTION('',(1.0,0.0,0.0));
/*    210 */ #189=VECTOR('',#188,1.0);
/*    211 */ #190=LINE('',#187,#189);
/*    212 */ #191=EDGE_CURVE('',#176,#186,#190,.T.);
/*    213 */ #192=ORIENTED_EDGE('',*,*,#191,.T.);
/*    214 */ #193=CARTESIAN_POINT('',(1.5,0.0,-1.5));
/*    215 */ #194=VERTEX_POINT('',#193);
/*    216 */ #195=CARTESIAN_POINT('',(1.5,0.0,1.5));
/*    217 */ #196=DIRECTION('',(0.0,0.0,-1.0));
/*    218 */ #197=VECTOR('',#196,1.0);
/*    219 */ #198=LINE('',#195,#197);
/*    220 */ #199=EDGE_CURVE('',#186,#194,#198,.T.);
/*    221 */ #200=ORIENTED_EDGE('',*,*,#199,.T.);
/*    222 */ #201=CARTESIAN_POINT('',(-1.5,0.0,-1.5));
/*    223 */ #202=DIRECTION('',(1.0,0.0,0.0));
/*    224 */ #203=VECTOR('',#202,1.0);
/*    225 */ #204=LINE('',#201,#203);
/*    226 */ #205=EDGE_CURVE('',#178,#194,#204,.T.);
/*    227 */ #206=ORIENTED_EDGE('',*,*,#205,.F.);
/*    228 */ #207=EDGE_LOOP('',(#184,#192,#200,#206));
/*    229 */ #208=FACE_BOUND('',#207,.F.);
/*    230 */ #209=ADVANCED_FACE('',(#208),#174,.F.);
/*    231 */ #210=CARTESIAN_POINT('',(-1.5,0.0,-1.5));
/*    232 */ #211=DIRECTION('',(-0.992546151641328,0.121869343405103,0.0));
/*    233 */ #212=DIRECTION('',(0.0,0.0,1.0));
/*    234 */ #213=AXIS2_PLACEMENT_3D('',#210,#211,#212);
/*    235 */ #214=PLANE('',#213);
/*    236 */ #215=ORIENTED_EDGE('',*,*,#183,.T.);
/*    237 */ #216=CARTESIAN_POINT('',(-1.391949586405,0.88,-1.391949586405));
/*    238 */ #217=VERTEX_POINT('',#216);
/*    239 */ #218=CARTESIAN_POINT('',(-1.5,0.0,-1.5));
/*    240 */ #219=DIRECTION('',(0.120974291151398,0.985256536015283,0.120974291151398));
/*    241 */ #220=VECTOR('',#219,1.0);
/*    242 */ #221=LINE('',#218,#220);
/*    243 */ #222=EDGE_CURVE('',#178,#217,#221,.T.);
/*    244 */ #223=ORIENTED_EDGE('',*,*,#222,.T.);
/*    245 */ #224=CARTESIAN_POINT('',(-1.391949586405,0.88,1.391949586405));
/*    246 */ #225=VERTEX_POINT('',#224);
/*    247 */ #226=CARTESIAN_POINT('',(-1.391949586405,0.88,1.391949586405));
/*    248 */ #227=DIRECTION('',(0.0,0.0,-1.0));
/*    249 */ #228=VECTOR('',#227,1.0);
/*    250 */ #229=LINE('',#226,#228);
/*    251 */ #230=EDGE_CURVE('',#225,#217,#229,.T.);
/*    252 */ #231=ORIENTED_EDGE('',*,*,#230,.F.);
/*    253 */ #232=CARTESIAN_POINT('',(-1.5,0.0,1.5));
/*    254 */ #233=DIRECTION('',(0.120974291151398,0.985256536015283,-0.120974291151398));
/*    255 */ #234=VECTOR('',#233,1.0);
/*    256 */ #235=LINE('',#232,#234);
/*    257 */ #236=EDGE_CURVE('',#176,#225,#235,.T.);
/*    258 */ #237=ORIENTED_EDGE('',*,*,#236,.F.);
/*    259 */ #238=EDGE_LOOP('',(#215,#223,#231,#237));
/*    260 */ #239=FACE_BOUND('',#238,.F.);
/*    261 */ #240=ADVANCED_FACE('',(#239),#214,.T.);
/*    262 */ #241=CARTESIAN_POINT('',(1.5,0.0,-1.5));
/*    263 */ #242=DIRECTION('',(0.0,0.121869343405103,-0.992546151641328));
/*    264 */ #243=DIRECTION('',(-1.0,0.0,0.0));
/*    265 */ #244=AXIS2_PLACEMENT_3D('',#241,#242,#243);
/*    266 */ #245=PLANE('',#244);
/*    267 */ #246=ORIENTED_EDGE('',*,*,#205,.T.);
/*    268 */ #247=CARTESIAN_POINT('',(1.391949586405,0.88,-1.391949586405));
/*    269 */ #248=VERTEX_POINT('',#247);
/*    270 */ #249=CARTESIAN_POINT('',(1.5,0.0,-1.5));
/*    271 */ #250=DIRECTION('',(-0.120974291151398,0.985256536015283,0.120974291151398));
/*    272 */ #251=VECTOR('',#250,1.0);
/*    273 */ #252=LINE('',#249,#251);
/*    274 */ #253=EDGE_CURVE('',#194,#248,#252,.T.);
/*    275 */ #254=ORIENTED_EDGE('',*,*,#253,.T.);
/*    276 */ #255=CARTESIAN_POINT('',(-1.391949586405,0.88,-1.391949586405));
/*    277 */ #256=DIRECTION('',(1.0,0.0,0.0));
/*    278 */ #257=VECTOR('',#256,1.0);
/*    279 */ #258=LINE('',#255,#257);
/*    280 */ #259=EDGE_CURVE('',#217,#248,#258,.T.);
/*    281 */ #260=ORIENTED_EDGE('',*,*,#259,.F.);
/*    282 */ #261=ORIENTED_EDGE('',*,*,#222,.F.);
/*    283 */ #262=EDGE_LOOP('',(#246,#254,#260,#261));
/*    284 */ #263=FACE_BOUND('',#262,.F.);
/*    285 */ #264=ADVANCED_FACE('',(#263),#245,.T.);
/*    286 */ #265=CARTESIAN_POINT('',(1.5,0.0,1.5));
/*    287 */ #266=DIRECTION('',(0.992546151641328,0.121869343405103,0.0));
/*    288 */ #267=DIRECTION('',(0.0,0.0,-1.0));
/*    289 */ #268=AXIS2_PLACEMENT_3D('',#265,#266,#267);
/*    290 */ #269=PLANE('',#268);
/*    291 */ #270=ORIENTED_EDGE('',*,*,#199,.F.);
/*    292 */ #271=CARTESIAN_POINT('',(1.391949586405,0.88,1.391949586405));
/*    293 */ #272=VERTEX_POINT('',#271);
/*    294 */ #273=CARTESIAN_POINT('',(1.5,0.0,1.5));
/*    295 */ #274=DIRECTION('',(-0.120974291151398,0.985256536015283,-0.120974291151398));
/*    296 */ #275=VECTOR('',#274,1.0);
/*    297 */ #276=LINE('',#273,#275);
/*    298 */ #277=EDGE_CURVE('',#186,#272,#276,.T.);
/*    299 */ #278=ORIENTED_EDGE('',*,*,#277,.T.);
/*    300 */ #279=CARTESIAN_POINT('',(1.391949586405,0.88,1.391949586405));
/*    301 */ #280=DIRECTION('',(0.0,0.0,-1.0));
/*    302 */ #281=VECTOR('',#280,1.0);
/*    303 */ #282=LINE('',#279,#281);
/*    304 */ #283=EDGE_CURVE('',#272,#248,#282,.T.);
/*    305 */ #284=ORIENTED_EDGE('',*,*,#283,.T.);
/*    306 */ #285=ORIENTED_EDGE('',*,*,#253,.F.);
/*    307 */ #286=EDGE_LOOP('',(#270,#278,#284,#285));
/*    308 */ #287=FACE_BOUND('',#286,.F.);
/*    309 */ #288=ADVANCED_FACE('',(#287),#269,.T.);
/*    310 */ #289=CARTESIAN_POINT('',(-1.5,0.0,1.5));
/*    311 */ #290=DIRECTION('',(0.0,0.121869343405103,0.992546151641328));
/*    312 */ #291=DIRECTION('',(1.0,0.0,-0.0));
/*    313 */ #292=AXIS2_PLACEMENT_3D('',#289,#290,#291);
/*    314 */ #293=PLANE('',#292);
/*    315 */ #294=ORIENTED_EDGE('',*,*,#191,.F.);
/*    316 */ #295=ORIENTED_EDGE('',*,*,#236,.T.);
/*    317 */ #296=CARTESIAN_POINT('',(-1.391949586405,0.88,1.391949586405));
/*    318 */ #297=DIRECTION('',(1.0,0.0,0.0));
/*    319 */ #298=VECTOR('',#297,1.0);
/*    320 */ #299=LINE('',#296,#298);
/*    321 */ #300=EDGE_CURVE('',#225,#272,#299,.T.);
/*    322 */ #301=ORIENTED_EDGE('',*,*,#300,.T.);
/*    323 */ #302=ORIENTED_EDGE('',*,*,#277,.F.);
/*    324 */ #303=EDGE_LOOP('',(#294,#295,#301,#302));
/*    325 */ #304=FACE_BOUND('',#303,.F.);
/*    326 */ #305=ADVANCED_FACE('',(#304),#293,.T.);
/*    327 */ #306=CARTESIAN_POINT('',(0.0,0.88,0.0));
/*    328 */ #307=DIRECTION('',(0.0,1.0,0.0));
/*    329 */ #308=DIRECTION('',(1.0,0.0,0.0));
/*    330 */ #309=AXIS2_PLACEMENT_3D('',#306,#307,#308);
/*    331 */ #310=PLANE('',#309);
/*    332 */ #311=ORIENTED_EDGE('',*,*,#230,.T.);
/*    333 */ #312=ORIENTED_EDGE('',*,*,#259,.T.);
/*    334 */ #313=ORIENTED_EDGE('',*,*,#283,.F.);
/*    335 */ #314=ORIENTED_EDGE('',*,*,#300,.F.);
/*    336 */ #315=EDGE_LOOP('',(#311,#312,#313,#314));
/*    337 */ #316=FACE_BOUND('',#315,.F.);
/*    338 */ #317=CARTESIAN_POINT('',(-0.75,0.88,-0.9));
/*    339 */ #318=VERTEX_POINT('',#317);
/*    340 */ #319=CARTESIAN_POINT('',(-1.05,0.88,-0.9));
/*    341 */ #320=VERTEX_POINT('',#319);
/*    342 */ #321=CARTESIAN_POINT('',(-0.9,0.88,-0.9));
/*    343 */ #322=DIRECTION('',(0.0,-1.0,0.0));
/*    344 */ #323=DIRECTION('',(1.0,0.0,0.0));
/*    345 */ #324=AXIS2_PLACEMENT_3D('',#321,#322,#323);
/*    346 */ #325=CIRCLE('',#324,0.15);
/*    347 */ #326=EDGE_CURVE('',#318,#320,#325,.T.);
/*    348 */ #327=ORIENTED_EDGE('',*,*,#326,.F.);
/*    349 */ #328=CARTESIAN_POINT('',(-0.9,0.88,-0.9));
/*    350 */ #329=DIRECTION('',(0.0,-1.0,0.0));
/*    351 */ #330=DIRECTION('',(-1.0,0.0,0.0));
/*    352 */ #331=AXIS2_PLACEMENT_3D('',#328,#329,#330);
/*    353 */ #332=CIRCLE('',#331,0.15);
/*    354 */ #333=EDGE_CURVE('',#320,#318,#332,.T.);
/*    355 */ #334=ORIENTED_EDGE('',*,*,#333,.F.);
/*    356 */ #335=EDGE_LOOP('',(#327,#334));
/*    357 */ #336=FACE_BOUND('',#335,.F.);
/*    358 */ #337=ADVANCED_FACE('',(#316,#336),#310,.T.);
/*    359 */ #338=CARTESIAN_POINT('',(-0.9,0.88,-0.9));
/*    360 */ #339=DIRECTION('',(0.0,-1.0,0.0));
/*    361 */ #340=DIRECTION('',(1.0,0.0,0.0));
/*    362 */ #341=AXIS2_PLACEMENT_3D('',#338,#339,#340);
/*    363 */ #342=CYLINDRICAL_SURFACE('',#341,0.15);
/*    364 */ #343=ORIENTED_EDGE('',*,*,#326,.T.);
/*    365 */ #344=CARTESIAN_POINT('',(-1.05,0.78,-0.9));
/*    366 */ #345=VERTEX_POINT('',#344);
/*    367 */ #346=CARTESIAN_POINT('',(-1.05,0.88,-0.9));
/*    368 */ #347=DIRECTION('',(0.0,-1.0,0.0));
/*    369 */ #348=VECTOR('',#347,1.0);
/*    370 */ #349=LINE('',#346,#348);
/*    371 */ #350=EDGE_CURVE('',#320,#345,#349,.T.);
/*    372 */ #351=ORIENTED_EDGE('',*,*,#350,.T.);
/*    373 */ #352=CARTESIAN_POINT('',(-0.75,0.78,-0.9));
/*    374 */ #353=VERTEX_POINT('',#352);
/*    375 */ #354=CARTESIAN_POINT('',(-0.9,0.78,-0.9));
/*    376 */ #355=DIRECTION('',(0.0,-1.0,0.0));
/*    377 */ #356=DIRECTION('',(1.0,0.0,0.0));
/*    378 */ #357=AXIS2_PLACEMENT_3D('',#354,#355,#356);
/*    379 */ #358=CIRCLE('',#357,0.15);
/*    380 */ #359=EDGE_CURVE('',#353,#345,#358,.T.);
/*    381 */ #360=ORIENTED_EDGE('',*,*,#359,.F.);
/*    382 */ #361=CARTESIAN_POINT('',(-0.75,0.88,-0.9));
/*    383 */ #362=DIRECTION('',(0.0,-1.0,0.0));
/*    384 */ #363=VECTOR('',#362,1.0);
/*    385 */ #364=LINE('',#361,#363);
/*    386 */ #365=EDGE_CURVE('',#318,#353,#364,.T.);
/*    387 */ #366=ORIENTED_EDGE('',*,*,#365,.F.);
/*    388 */ #367=EDGE_LOOP('',(#343,#351,#360,#366));
/*    389 */ #368=FACE_BOUND('',#367,.F.);
/*    390 */ #369=ADVANCED_FACE('',(#368),#342,.F.);
/*    391 */ #370=CARTESIAN_POINT('',(-0.9,0.88,-0.9));
/*    392 */ #371=DIRECTION('',(0.0,-1.0,0.0));
/*    393 */ #372=DIRECTION('',(1.0,0.0,0.0));
/*    394 */ #373=AXIS2_PLACEMENT_3D('',#370,#371,#372);
/*    395 */ #374=CYLINDRICAL_SURFACE('',#373,0.15);
/*    396 */ #375=ORIENTED_EDGE('',*,*,#333,.T.);
/*    397 */ #376=ORIENTED_EDGE('',*,*,#365,.T.);
/*    398 */ #377=CARTESIAN_POINT('',(-0.9,0.78,-0.9));
/*    399 */ #378=DIRECTION('',(0.0,-1.0,0.0));
/*    400 */ #379=DIRECTION('',(-1.0,0.0,0.0));
/*    401 */ #380=AXIS2_PLACEMENT_3D('',#377,#378,#379);
/*    402 */ #381=CIRCLE('',#380,0.15);
/*    403 */ #382=EDGE_CURVE('',#345,#353,#381,.T.);
/*    404 */ #383=ORIENTED_EDGE('',*,*,#382,.F.);
/*    405 */ #384=ORIENTED_EDGE('',*,*,#350,.F.);
/*    406 */ #385=EDGE_LOOP('',(#375,#376,#383,#384));
/*    407 */ #386=FACE_BOUND('',#385,.F.);
/*    408 */ #387=ADVANCED_FACE('',(#386),#374,.F.);
/*    409 */ #388=CARTESIAN_POINT('',(-0.9,0.78,-0.9));
/*    410 */ #389=DIRECTION('',(0.0,-1.0,0.0));
/*    411 */ #390=DIRECTION('',(1.0,0.0,0.0));
/*    412 */ #391=AXIS2_PLACEMENT_3D('',#388,#389,#390);
/*    413 */ #392=PLANE('',#391);
/*    414 */ #393=ORIENTED_EDGE('',*,*,#359,.T.);
/*    415 */ #394=ORIENTED_EDGE('',*,*,#382,.T.);
/*    416 */ #395=EDGE_LOOP('',(#393,#394));
/*    417 */ #396=FACE_BOUND('',#395,.F.);
/*    418 */ #397=ADVANCED_FACE('',(#396),#392,.F.);
/*    419 */ #398=CLOSED_SHELL('',(#209,#240,#264,#288,#305,#337,#369,#387,#397));
/*    420 */ #399=MANIFOLD_SOLID_BREP('',#398);
/*    421 */ #400=ADVANCED_BREP_SHAPE_REPRESENTATION('3d bound volume shape',(#399,#165),#401);
/*    422 */ #401=(GEOMETRIC_REPRESENTATION_CONTEXT(3)GLOBAL_UNCERTAINTY_ASSIGNED_CONTEXT((#10,
/*    423 */      #11,#12))GLOBAL_UNIT_ASSIGNED_CONTEXT((#2,#8,#9))REPRESENTATION_CONTEXT('unit_context3D',
/*    424 */      'unit_context3D'));
/*    425 */ #402=CARTESIAN_POINT('',(0.0,0.0,0.0));
/*    426 */ #403=DIRECTION('',(0.0,1.0,0.0));
/*    427 */ #404=DIRECTION('',(1.0,0.0,0.0));
/*    428 */ #405=AXIS2_PLACEMENT_3D('',#402,#403,#404);
/*    429 */ #406=PLANE('',#405);
/*    430 */ #407=CARTESIAN_POINT('',(0.35,0.0,0.1));
/*    431 */ #408=VERTEX_POINT('',#407);
/*    432 */ #409=CARTESIAN_POINT('',(0.1,0.0,0.35));
/*    433 */ #410=VERTEX_POINT('',#409);
/*    434 */ #411=CARTESIAN_POINT('',(0.35,0.0,0.1));
/*    435 */ #412=DIRECTION('',(-0.707106781186548,0.0,0.707106781186548));
/*    436 */ #413=VECTOR('',#412,1.0);
/*    437 */ #414=LINE('',#411,#413);
/*    438 */ #415=EDGE_CURVE('',#408,#410,#414,.T.);
/*    439 */ #416=ORIENTED_EDGE('',*,*,#415,.F.);
/*    440 */ #417=CARTESIAN_POINT('',(0.35,0.0,-0.35));
/*    441 */ #418=VERTEX_POINT('',#417);
/*    442 */ #419=CARTESIAN_POINT('',(0.35,0.0,0.1));
/*    443 */ #420=DIRECTION('',(0.0,0.0,-1.0));
/*    444 */ #421=VECTOR('',#420,1.0);
/*    445 */ #422=LINE('',#419,#421);
/*    446 */ #423=EDGE_CURVE('',#408,#418,#422,.T.);
/*    447 */ #424=ORIENTED_EDGE('',*,*,#423,.T.);
/*    448 */ #425=CARTESIAN_POINT('',(-0.35,0.0,-0.35));
/*    449 */ #426=VERTEX_POINT('',#425);
/*    450 */ #427=CARTESIAN_POINT('',(0.35,0.0,-0.35));
/*    451 */ #428=DIRECTION('',(-1.0,0.0,0.0));
/*    452 */ #429=VECTOR('',#428,1.0);
/*    453 */ #430=LINE('',#427,#429);
/*    454 */ #431=EDGE_CURVE('',#418,#426,#430,.T.);
/*    455 */ #432=ORIENTED_EDGE('',*,*,#431,.T.);
/*    456 */ #433=CARTESIAN_POINT('',(-0.35,0.0,0.35));
/*    457 */ #434=VERTEX_POINT('',#433);
/*    458 */ #435=CARTESIAN_POINT('',(-0.35,0.0,-0.35));
/*    459 */ #436=DIRECTION('',(0.0,0.0,1.0));
/*    460 */ #437=VECTOR('',#436,1.0);
/*    461 */ #438=LINE('',#435,#437);
/*    462 */ #439=EDGE_CURVE('',#426,#434,#438,.T.);
/*    463 */ #440=ORIENTED_EDGE('',*,*,#439,.T.);
/*    464 */ #441=CARTESIAN_POINT('',(-0.35,0.0,0.35));
/*    465 */ #442=DIRECTION('',(1.0,0.0,0.0));
/*    466 */ #443=VECTOR('',#442,1.0);
/*    467 */ #444=LINE('',#441,#443);
/*    468 */ #445=EDGE_CURVE('',#434,#410,#444,.T.);
/*    469 */ #446=ORIENTED_EDGE('',*,*,#445,.T.);
/*    470 */ #447=EDGE_LOOP('',(#416,#424,#432,#440,#446));
/*    471 */ #448=FACE_BOUND('',#447,.F.);
/*    472 */ #449=ADVANCED_FACE('',(#448),#406,.F.);
/*    473 */ #450=CARTESIAN_POINT('',(0.225,0.1,0.225));
/*    474 */ #451=DIRECTION('',(0.707106781186548,0.0,0.707106781186548));
/*    475 */ #452=DIRECTION('',(-0.707106781186548,0.0,0.707106781186548));
/*    476 */ #453=AXIS2_PLACEMENT_3D('',#450,#451,#452);
/*    477 */ #454=PLANE('',#453);
/*    478 */ #455=ORIENTED_EDGE('',*,*,#415,.T.);
/*    479 */ #456=CARTESIAN_POINT('',(0.1,0.2,0.35));
/*    480 */ #457=VERTEX_POINT('',#456);
/*    481 */ #458=CARTESIAN_POINT('',(0.1,0.2,0.35));
/*    482 */ #459=DIRECTION('',(0.0,-1.0,0.0));
/*    483 */ #460=VECTOR('',#459,1.0);
/*    484 */ #461=LINE('',#458,#460);
/*    485 */ #462=EDGE_CURVE('',#457,#410,#461,.T.);
/*    486 */ #463=ORIENTED_EDGE('',*,*,#462,.F.);
/*    487 */ #464=CARTESIAN_POINT('',(0.35,0.2,0.1));
/*    488 */ #465=VERTEX_POINT('',#464);
/*    489 */ #466=CARTESIAN_POINT('',(0.1,0.2,0.35));
/*    490 */ #467=DIRECTION('',(0.707106781186548,0.0,-0.707106781186548));
/*    491 */ #468=VECTOR('',#467,1.0);
/*    492 */ #469=LINE('',#466,#468);
/*    493 */ #470=EDGE_CURVE('',#457,#465,#469,.T.);
/*    494 */ #471=ORIENTED_EDGE('',*,*,#470,.T.);
/*    495 */ #472=CARTESIAN_POINT('',(0.35,0.2,0.1));
/*    496 */ #473=DIRECTION('',(0.0,-1.0,0.0));
/*    497 */ #474=VECTOR('',#473,1.0);
/*    498 */ #475=LINE('',#472,#474);
/*    499 */ #476=EDGE_CURVE('',#465,#408,#475,.T.);
/*    500 */ #477=ORIENTED_EDGE('',*,*,#476,.T.);
/*    501 */ #478=EDGE_LOOP('',(#455,#463,#471,#477));
/*    502 */ #479=FACE_BOUND('',#478,.F.);
/*    503 */ #480=ADVANCED_FACE('',(#479),#454,.T.);
/*    504 */ #481=CARTESIAN_POINT('',(-0.35,0.0,0.35));
/*    505 */ #482=DIRECTION('',(0.0,0.0,1.0));
/*    506 */ #483=DIRECTION('',(1.0,0.0,-0.0));
/*    507 */ #484=AXIS2_PLACEMENT_3D('',#481,#482,#483);
/*    508 */ #485=PLANE('',#484);
/*    509 */ #486=ORIENTED_EDGE('',*,*,#462,.T.);
/*    510 */ #487=ORIENTED_EDGE('',*,*,#445,.F.);
/*    511 */ #488=CARTESIAN_POINT('',(-0.35,0.2,0.35));
/*    512 */ #489=VERTEX_POINT('',#488);
/*    513 */ #490=CARTESIAN_POINT('',(-0.35,0.0,0.35));
/*    514 */ #491=DIRECTION('',(0.0,1.0,0.0));
/*    515 */ #492=VECTOR('',#491,1.0);
/*    516 */ #493=LINE('',#490,#492);
/*    517 */ #494=EDGE_CURVE('',#434,#489,#493,.T.);
/*    518 */ #495=ORIENTED_EDGE('',*,*,#494,.T.);
/*    519 */ #496=CARTESIAN_POINT('',(-0.35,0.2,0.35));
/*    520 */ #497=DIRECTION('',(1.0,0.0,0.0));
/*    521 */ #498=VECTOR('',#497,1.0);
/*    522 */ #499=LINE('',#496,#498);
/*    523 */ #500=EDGE_CURVE('',#489,#457,#499,.T.);
/*    524 */ #501=ORIENTED_EDGE('',*,*,#500,.T.);
/*    525 */ #502=EDGE_LOOP('',(#486,#487,#495,#501));
/*    526 */ #503=FACE_BOUND('',#502,.F.);
/*    527 */ #504=ADVANCED_FACE('',(#503),#485,.T.);
/*    528 */ #505=CARTESIAN_POINT('',(-0.35,0.0,-0.35));
/*    529 */ #506=DIRECTION('',(-1.0,0.0,0.0));
/*    530 */ #507=DIRECTION('',(0.0,0.0,1.0));
/*    531 */ #508=AXIS2_PLACEMENT_3D('',#505,#506,#507);
/*    532 */ #509=PLANE('',#508);
/*    533 */ #510=ORIENTED_EDGE('',*,*,#439,.F.);
/*    534 */ #511=CARTESIAN_POINT('',(-0.35,0.2,-0.35));
/*    535 */ #512=VERTEX_POINT('',#511);
/*    536 */ #513=CARTESIAN_POINT('',(-0.35,0.0,-0.35));
/*    537 */ #514=DIRECTION('',(0.0,1.0,0.0));
/*    538 */ #515=VECTOR('',#514,1.0);
/*    539 */ #516=LINE('',#513,#515);
/*    540 */ #517=EDGE_CURVE('',#426,#512,#516,.T.);
/*    541 */ #518=ORIENTED_EDGE('',*,*,#517,.T.);
/*    542 */ #519=CARTESIAN_POINT('',(-0.35,0.2,-0.35));
/*    543 */ #520=DIRECTION('',(0.0,0.0,1.0));
/*    544 */ #521=VECTOR('',#520,1.0);
/*    545 */ #522=LINE('',#519,#521);
/*    546 */ #523=EDGE_CURVE('',#512,#489,#522,.T.);
/*    547 */ #524=ORIENTED_EDGE('',*,*,#523,.T.);
/*    548 */ #525=ORIENTED_EDGE('',*,*,#494,.F.);
/*    549 */ #526=EDGE_LOOP('',(#510,#518,#524,#525));
/*    550 */ #527=FACE_BOUND('',#526,.F.);
/*    551 */ #528=ADVANCED_FACE('',(#527),#509,.T.);
/*    552 */ #529=CARTESIAN_POINT('',(0.35,0.0,-0.35));
/*    553 */ #530=DIRECTION('',(0.0,0.0,-1.0));
/*    554 */ #531=DIRECTION('',(-1.0,0.0,0.0));
/*    555 */ #532=AXIS2_PLACEMENT_3D('',#529,#530,#531);
/*    556 */ #533=PLANE('',#532);
/*    557 */ #534=ORIENTED_EDGE('',*,*,#431,.F.);
/*    558 */ #535=CARTESIAN_POINT('',(0.35,0.2,-0.35));
/*    559 */ #536=VERTEX_POINT('',#535);
/*    560 */ #537=CARTESIAN_POINT('',(0.35,0.0,-0.35));
/*    561 */ #538=DIRECTION('',(0.0,1.0,0.0));
/*    562 */ #539=VECTOR('',#538,1.0);
/*    563 */ #540=LINE('',#537,#539);
/*    564 */ #541=EDGE_CURVE('',#418,#536,#540,.T.);
/*    565 */ #542=ORIENTED_EDGE('',*,*,#541,.T.);
/*    566 */ #543=CARTESIAN_POINT('',(0.35,0.2,-0.35));
/*    567 */ #544=DIRECTION('',(-1.0,0.0,0.0));
/*    568 */ #545=VECTOR('',#544,1.0);
/*    569 */ #546=LINE('',#543,#545);
/*    570 */ #547=EDGE_CURVE('',#536,#512,#546,.T.);
/*    571 */ #548=ORIENTED_EDGE('',*,*,#547,.T.);
/*    572 */ #549=ORIENTED_EDGE('',*,*,#517,.F.);
/*    573 */ #550=EDGE_LOOP('',(#534,#542,#548,#549));
/*    574 */ #551=FACE_BOUND('',#550,.F.);
/*    575 */ #552=ADVANCED_FACE('',(#551),#533,.T.);
/*    576 */ #553=CARTESIAN_POINT('',(0.35,0.0,0.35));
/*    577 */ #554=DIRECTION('',(1.0,0.0,0.0));
/*    578 */ #555=DIRECTION('',(0.0,0.0,-1.0));
/*    579 */ #556=AXIS2_PLACEMENT_3D('',#553,#554,#555);
/*    580 */ #557=PLANE('',#556);
/*    581 */ #558=ORIENTED_EDGE('',*,*,#476,.F.);
/*    582 */ #559=CARTESIAN_POINT('',(0.35,0.2,0.1));
/*    583 */ #560=DIRECTION('',(0.0,0.0,-1.0));
/*    584 */ #561=VECTOR('',#560,1.0);
/*    585 */ #562=LINE('',#559,#561);
/*    586 */ #563=EDGE_CURVE('',#465,#536,#562,.T.);
/*    587 */ #564=ORIENTED_EDGE('',*,*,#563,.T.);
/*    588 */ #565=ORIENTED_EDGE('',*,*,#541,.F.);
/*    589 */ #566=ORIENTED_EDGE('',*,*,#423,.F.);
/*    590 */ #567=EDGE_LOOP('',(#558,#564,#565,#566));
/*    591 */ #568=FACE_BOUND('',#567,.F.);
/*    592 */ #569=ADVANCED_FACE('',(#568),#557,.T.);
/*    593 */ #570=CARTESIAN_POINT('',(0.0,0.2,0.0));
/*    594 */ #571=DIRECTION('',(0.0,1.0,0.0));
/*    595 */ #572=DIRECTION('',(1.0,0.0,0.0));
/*    596 */ #573=AXIS2_PLACEMENT_3D('',#570,#571,#572);
/*    597 */ #574=PLANE('',#573);
/*    598 */ #575=ORIENTED_EDGE('',*,*,#470,.F.);
/*    599 */ #576=ORIENTED_EDGE('',*,*,#500,.F.);
/*    600 */ #577=ORIENTED_EDGE('',*,*,#523,.F.);
/*    601 */ #578=ORIENTED_EDGE('',*,*,#547,.F.);
/*    602 */ #579=ORIENTED_EDGE('',*,*,#563,.F.);
/*    603 */ #580=EDGE_LOOP('',(#575,#576,#577,#578,#579));
/*    604 */ #581=FACE_BOUND('',#580,.F.);
/*    605 */ #582=ADVANCED_FACE('',(#581),#574,.T.);
/*    606 */ #583=CLOSED_SHELL('',(#449,#480,#504,#528,#552,#569,#582));
/*    607 */ #584=MANIFOLD_SOLID_BREP('',#583);
/*    608 */ #585=ADVANCED_BREP_SHAPE_REPRESENTATION('3d bound volume shape',(#584,#165),#630);
/*    609 */ #587=PRODUCT_DEFINITION_CONTEXT('part definition',#588,'');
/*    610 */ #588=APPLICATION_CONTEXT('package model');
/*    611 */ #589=APPLICATION_PROTOCOL_DEFINITION('','electronic_assembly_interconnect_and_packaging_design',
/*    612 */      2009,#588);
/*    613 */ #590=PRODUCT_DEFINITION_FORMATION('MO-220_VEEB product definition',$,#591);
/*    614 */ #591=PRODUCT('MO-220_VEEB','MO-220_VEEB',$,(#594));
/*    615 */ #593=PRODUCT_RELATED_PRODUCT_CATEGORY('part',$,(#591));
/*    616 */ #594=PRODUCT_CONTEXT('',#588,'');
/*    617 */ #595=REPRESENTATION_CONTEXT('parameter values','parameter');
/*    618 */ #596=PRODUCT_SPECIFIC_PARAMETER_VALUE_ASSIGNMENT('Category',$,'',$,(#591));
/*    619 */ #597=PROPERTY_DEFINITION('Category','assigned parameter',#596);
/*    620 */ #598=PARAMETER_ASSIGNMENT(#599,#598,'Category',(#601),#595);
/*    621 */ #599=MODEL_PARAMETER('','Category',$);
/*    622 */ #600=PROPERTY_DEFINITION_REPRESENTATION(#597,#598);
/*    623 */ #601=DESCRIPTIVE_REPRESENTATION_ITEM('text','PQFN');
/*    624 */ #602=PRODUCT_SPECIFIC_PARAMETER_VALUE_ASSIGNMENT('Contact Dimensions|Toe-to-Toe2|Nom',
/*    625 */      $,'',$,(#591));
/*    626 */ #603=PROPERTY_DEFINITION('Contact Dimensions|Toe-to-Toe2|Nom','assigned parameter',
/*    627 */      #602);
/*    628 */ #604=PARAMETER_ASSIGNMENT(#605,#604,'Contact Dimensions|Toe-to-Toe2|Nom',(#607),
/*    629 */      #595);
/*    630 */ #605=MODEL_PARAMETER('','Contact Dimensions|Toe-to-Toe2|Nom',$);
/*    631 */ #606=PROPERTY_DEFINITION_REPRESENTATION(#603,#604);
/*    632 */ #607=MEASURE_REPRESENTATION_ITEM('',LENGTH_MEASURE(3.0),#2);
/*    633 */ #608=PRODUCT_SPECIFIC_PARAMETER_VALUE_ASSIGNMENT('Contact Dimensions|Toe-to-Toe|Nom',
/*    634 */      $,'',$,(#591));
/*    635 */ #609=PROPERTY_DEFINITION('Contact Dimensions|Toe-to-Toe|Nom','assigned parameter',
/*    636 */      #608);
/*    637 */ #610=PARAMETER_ASSIGNMENT(#611,#610,'Contact Dimensions|Toe-to-Toe|Nom',(#613),#595);
/*    638 */ #611=MODEL_PARAMETER('','Contact Dimensions|Toe-to-Toe|Nom',$);
/*    639 */ #612=PROPERTY_DEFINITION_REPRESENTATION(#609,#610);
/*    640 */ #613=MEASURE_REPRESENTATION_ITEM('',LENGTH_MEASURE(3.0),#2);
/*    641 */ #614=PRODUCT_SPECIFIC_PARAMETER_VALUE_ASSIGNMENT('Contact Dimensions|Toe-to-Toe|Tol',
/*    642 */      $,'',$,(#591));
/*    643 */ #615=PROPERTY_DEFINITION('Contact Dimensions|Toe-to-Toe|Tol','assigned parameter',
/*    644 */      #614);
/*    645 */ #616=PARAMETER_ASSIGNMENT(#617,#616,'Contact Dimensions|Toe-to-Toe|Tol',(#619),#595);
/*    646 */ #617=MODEL_PARAMETER('','Contact Dimensions|Toe-to-Toe|Tol',$);
/*    647 */ #618=PROPERTY_DEFINITION_REPRESENTATION(#615,#616);
/*    648 */ #619=MEASURE_REPRESENTATION_ITEM('',LENGTH_MEASURE(0.15),#2);
/*    649 */ #620=PRODUCT_SPECIFIC_PARAMETER_VALUE_ASSIGNMENT('Contact Dimensions|Width|Nom',
/*    650 */      $,'',$,(#591));
/*    651 */ #621=PROPERTY_DEFINITION('Contact Dimensions|Width|Nom','assigned parameter',#620);
/*    652 */ #622=PARAMETER_ASSIGNMENT(#623,#622,'Contact Dimensions|Width|Nom',(#625),#595);
/*    653 */ #623=MODEL_PARAMETER('','Contact Dimensions|Width|Nom',$);
/*    654 */ #624=PROPERTY_DEFINITION_REPRESENTATION(#621,#622);
/*    655 */ #625=MEASURE_REPRESENTATION_ITEM('',LENGTH_MEASURE(0.4),#2);
/*    656 */ #628=REPRESENTATION_CONTEXT('description context','description');
/*    657 */ #629=SHAPE_REPRESENTATION('3d bound volume shape',(#660,#699,#709,#719,#729,#742,
/*    658 */      #787),#630);
/*    659 */ #630=(GEOMETRIC_REPRESENTATION_CONTEXT(3)GLOBAL_UNCERTAINTY_ASSIGNED_CONTEXT((#10,
/*    660 */      #11,#12))GLOBAL_UNIT_ASSIGNED_CONTEXT((#2,#8,#9))REPRESENTATION_CONTEXT('unit_context3D',
/*    661 */      'unit_context3D'));
/*    662 */ #631=DESCRIPTION_ATTRIBUTE('pu3dsm',#629);
/*    663 */ #632=REPRESENTATION_RELATIONSHIP('',$,#629,#633);
/*    664 */ #633=REPRESENTATION('',(#634),#628);
/*    665 */ #634=DESCRIPTIVE_REPRESENTATION_ITEM('design','');
/*    666 */ #635=REPRESENTATION_RELATIONSHIP('shape environment',$,#629,#636);
/*    667 */ #636=REPRESENTATION('shape environment',(#637),#628);
/*    668 */ #637=DESCRIPTIVE_REPRESENTATION_ITEM('manufacturing','');
/*    669 */ #638=REPRESENTATION_RELATIONSHIP('shape extent',$,#629,#639);
/*    670 */ #639=REPRESENTATION('shape extent',(#640),#628);
/*    671 */ #640=DESCRIPTIVE_REPRESENTATION_ITEM('envelope','');
/*    672 */ #641=REPRESENTATION_RELATIONSHIP('shape material condition',$,#629,#642);
/*    673 */ #642=REPRESENTATION('shape material condition',(#643),#628);
/*    674 */ #643=DESCRIPTIVE_REPRESENTATION_ITEM('nominal_material_condition','');
/*    675 */ #644=REPRESENTATION_RELATIONSHIP('shape approximation level',$,#629,#645);
/*    676 */ #645=REPRESENTATION('shape approximation level',(#646),#628);
/*    677 */ #646=DESCRIPTIVE_REPRESENTATION_ITEM('is unknown','');
/*    678 */ #647=SHAPE_DEFINITION_REPRESENTATION(#3,#629);
/*    679 */ #648=PACKAGE_BODY('Body','part generic feature',#3,.F.);
/*    680 */ #649=MATERIAL_DESIGNATION_WITH_CONDUCTIVITY_CLASSIFICATION('unknown non conductive material',
/*    681 */      (#648));
/*    682 */ #650=APPLIED_CLASSIFICATION_ASSIGNMENT(#652,#651,(#649));
/*    683 */ #651=CLASSIFICATION_ROLE('conductive',$);
/*    684 */ #652=CLASS('electrical conductivity','non conductive');
/*    685 */ #653=ID_ATTRIBUTE('electrical conductivity',#652);
/*    686 */ #654=CARTESIAN_POINT('',(0.0,0.0,0.02));
/*    687 */ #655=DIRECTION('',(0.0,-1.0,0.0));
/*    688 */ #656=DIRECTION('',(1.0,0.0,0.0));
/*    689 */ #657=AXIS2_PLACEMENT_3D('',#654,#655,#656);
/*    690 */ #658=PROPERTY_DEFINITION('shape for package body',$,#648);
/*    691 */ #659=SHAPE_DEFINITION_REPRESENTATION(#658,#400);
/*    692 */ #660=USAGE_CONCEPT_USAGE_RELATIONSHIP('',#661,#657,'',$,#648,#629,*);
/*    693 */ #661=REPRESENTATION_MAP(#165,#400);
/*    694 */ #662=PACKAGE_TERMINAL_TEMPLATE_DEFINITION('MO-220-Terminal',$,'MO-220-Terminal',
/*    695 */      $);
/*    696 */ #663=PROPERTY_DEFINITION('custom lead form','Flat No-Lead Edge',#662);
/*    697 */ #664=PROPERTY_DEFINITION('seating plane intersection','surface intersection',#662);
/*    698 */ #665=MATERIAL_DESIGNATION_WITH_CONDUCTIVITY_CLASSIFICATION('unknown conductive material',
/*    699 */      (#662));
/*    700 */ #666=APPLIED_CLASSIFICATION_ASSIGNMENT(#668,#667,(#665));
/*    701 */ #667=CLASSIFICATION_ROLE('terminal core material','terminal core material');
/*    702 */ #668=CLASS('conductive','terminal core material');
/*    703 */ #669=ID_ATTRIBUTE('conductive',#668);
/*    704 */ #670=MATERIAL_DESIGNATION_WITH_CONDUCTIVITY_CLASSIFICATION('unknown conductive material',
/*    705 */      (#662));
/*    706 */ #671=APPLIED_CLASSIFICATION_ASSIGNMENT(#673,#672,(#670));
/*    707 */ #672=CLASSIFICATION_ROLE('terminal surface material','terminal surface material');
/*    708 */ #673=CLASS('conductive','terminal surface material');
/*    709 */ #674=ID_ATTRIBUTE('conductive',#673);
/*    710 */ #675=PACKAGE_TERMINAL_TEMPLATE_DEFINITION('MO-220-HeatSink',$,'MO-220-HeatSink',
/*    711 */      $);
/*    712 */ #676=PROPERTY_DEFINITION('custom lead form','Flat Thermal',#675);
/*    713 */ #677=PROPERTY_DEFINITION('seating plane intersection','surface intersection',#675);
/*    714 */ #678=MATERIAL_DESIGNATION_WITH_CONDUCTIVITY_CLASSIFICATION('unknown conductive material',
/*    715 */      (#675));
/*    716 */ #679=APPLIED_CLASSIFICATION_ASSIGNMENT(#681,#680,(#678));
/*    717 */ #680=CLASSIFICATION_ROLE('terminal core material','terminal core material');
/*    718 */ #681=CLASS('conductive','terminal core material');
/*    719 */ #682=ID_ATTRIBUTE('conductive',#681);
/*    720 */ #683=MATERIAL_DESIGNATION_WITH_CONDUCTIVITY_CLASSIFICATION('unknown conductive material',
/*    721 */      (#675));
/*    722 */ #684=APPLIED_CLASSIFICATION_ASSIGNMENT(#686,#685,(#683));
/*    723 */ #685=CLASSIFICATION_ROLE('terminal surface material','terminal surface material');
/*    724 */ #686=CLASS('conductive','terminal surface material');
/*    725 */ #687=ID_ATTRIBUTE('conductive',#686);
/*    726 */ #688=PACKAGE_TERMINAL('2','part generic feature',#3,.F.);
/*    727 */ #689=PROPERTY_DEFINITION('terminal definition',$,#688);
/*    728 */ #690=PROPERTY_DEFINITION('terminal definition',$,#662);
/*    729 */ #691=PROPERTY_DEFINITION_RELATIONSHIP('definition','',#690,#689);
/*    730 */ #692=CARTESIAN_POINT('',(0.0,-1.5,0.0));
/*    731 */ #693=DIRECTION('',(0.0,-1.0,0.0));
/*    732 */ #694=DIRECTION('',(1.0,0.0,0.0));
/*    733 */ #695=AXIS2_PLACEMENT_3D('',#692,#693,#694);
/*    734 */ #696=PRODUCT_DEFINITION_SHAPE('shape for package_terminal',$,#662);
/*    735 */ #697=SHAPE_DEFINITION_REPRESENTATION(#696,#164);
/*    736 */ #698=DESCRIPTION_ATTRIBUTE('part feature template shape model',#164);
/*    737 */ #699=USAGE_CONCEPT_USAGE_RELATIONSHIP('',#700,#695,'',$,#688,#629,*);
/*    738 */ #700=REPRESENTATION_MAP(#165,#164);
/*    739 */ #701=PACKAGE_TERMINAL('4','part generic feature',#3,.F.);
/*    740 */ #702=PROPERTY_DEFINITION('terminal definition',$,#701);
/*    741 */ #703=PROPERTY_DEFINITION('terminal definition',$,#662);
/*    742 */ #704=PROPERTY_DEFINITION_RELATIONSHIP('definition','',#703,#702);
/*    743 */ #705=CARTESIAN_POINT('',(0.0,1.5,0.0));
/*    744 */ #706=DIRECTION('',(0.0,1.0,-0.0));
/*    745 */ #707=DIRECTION('',(-1.0,0.0,0.0));
/*    746 */ #708=AXIS2_PLACEMENT_3D('',#705,#706,#707);
/*    747 */ #709=USAGE_CONCEPT_USAGE_RELATIONSHIP('',#710,#708,'',$,#701,#629,*);
/*    748 */ #710=REPRESENTATION_MAP(#165,#164);
/*    749 */ #711=PRIMARY_REFERENCE_TERMINAL('1','part generic feature',#3,.F.);
/*    750 */ #712=PROPERTY_DEFINITION('terminal definition',$,#711);
/*    751 */ #713=PROPERTY_DEFINITION('terminal definition',$,#662);
/*    752 */ #714=PROPERTY_DEFINITION_RELATIONSHIP('definition','',#713,#712);
/*    753 */ #715=CARTESIAN_POINT('',(-1.5,0.0,0.0));
/*    754 */ #716=DIRECTION('',(-1.0,0.0,0.0));
/*    755 */ #717=DIRECTION('',(0.0,-1.0,0.0));
/*    756 */ #718=AXIS2_PLACEMENT_3D('',#715,#716,#717);
/*    757 */ #719=USAGE_CONCEPT_USAGE_RELATIONSHIP('',#720,#718,'',$,#711,#629,*);
/*    758 */ #720=REPRESENTATION_MAP(#165,#164);
/*    759 */ #721=PACKAGE_TERMINAL('3','part generic feature',#3,.F.);
/*    760 */ #722=PROPERTY_DEFINITION('terminal definition',$,#721);
/*    761 */ #723=PROPERTY_DEFINITION('terminal definition',$,#662);
/*    762 */ #724=PROPERTY_DEFINITION_RELATIONSHIP('definition','',#723,#722);
/*    763 */ #725=CARTESIAN_POINT('',(1.5,0.0,0.0));
/*    764 */ #726=DIRECTION('',(1.0,0.0,0.0));
/*    765 */ #727=DIRECTION('',(0.0,1.0,0.0));
/*    766 */ #728=AXIS2_PLACEMENT_3D('',#725,#726,#727);
/*    767 */ #729=USAGE_CONCEPT_USAGE_RELATIONSHIP('',#730,#728,'',$,#721,#629,*);
/*    768 */ #730=REPRESENTATION_MAP(#165,#164);
/*    769 */ #731=PACKAGE_TERMINAL('5','part generic feature',#3,.F.);
/*    770 */ #732=PROPERTY_DEFINITION('terminal definition',$,#731);
/*    771 */ #733=PROPERTY_DEFINITION('terminal definition',$,#675);
/*    772 */ #734=PROPERTY_DEFINITION_RELATIONSHIP('definition','',#733,#732);
/*    773 */ #735=CARTESIAN_POINT('',(0.0,0.0,0.0));
/*    774 */ #736=DIRECTION('',(0.0,1.0,-0.0));
/*    775 */ #737=DIRECTION('',(-1.0,0.0,0.0));
/*    776 */ #738=AXIS2_PLACEMENT_3D('',#735,#736,#737);
/*    777 */ #739=PRODUCT_DEFINITION_SHAPE('shape for package_terminal',$,#675);
/*    778 */ #740=SHAPE_DEFINITION_REPRESENTATION(#739,#585);
/*    779 */ #741=DESCRIPTION_ATTRIBUTE('part feature template shape model',#585);
/*    780 */ #742=USAGE_CONCEPT_USAGE_RELATIONSHIP('',#743,#738,'',$,#731,#629,*);
/*    781 */ #743=REPRESENTATION_MAP(#165,#585);
/*    782 */ #774=SEATING_PLANE('seating plane','seating plane feature',#3,.F.);
/*    783 */ #775=SHAPE_REPRESENTATION('',(#780,#784),#630);
/*    784 */ #776=CARTESIAN_POINT('',(0.0,0.0,0.0));
/*    785 */ #777=DIRECTION('',(0.0,0.0,1.0));
/*    786 */ #778=DIRECTION('',(1.0,0.0,-0.0));
/*    787 */ #779=AXIS2_PLACEMENT_3D('',#776,#777,#778);
/*    788 */ #780=PLANE('',#779);
/*    789 */ #781=CARTESIAN_POINT('',(0.0,0.0,0.0));
/*    790 */ #782=DIRECTION('',(0.0,0.0,1.0));
/*    791 */ #783=DIRECTION('',(1.0,0.0,-0.0));
/*    792 */ #784=AXIS2_PLACEMENT_3D('',#781,#782,#783);
/*    793 */ #785=PROPERTY_DEFINITION('shape for seating plane',$,#774);
/*    794 */ #786=SHAPE_DEFINITION_REPRESENTATION(#785,#775);
/*    795 */ #787=USAGE_CONCEPT_USAGE_RELATIONSHIP('',#788,#165,'',$,#774,#629,*);
/*    796 */ #788=REPRESENTATION_MAP(#784,#775);
/*    797 */ #789=FOOTPRINT_DEFINITION('Footprint',$,#794,#790,'',$,*);
/*    798 */ #790=PRODUCT_DEFINITION_CONTEXT('part definition',#588,'');
/*    799 */ #791=PRODUCT_DEFINITION_CONTEXT_ASSOCIATION(#789,#793,#792);
/*    800 */ #792=PRODUCT_DEFINITION_CONTEXT_ROLE('part definition type',$);
/*    801 */ #793=PRODUCT_DEFINITION_CONTEXT('template definition',#588,'');
/*    802 */ #794=PRODUCT_DEFINITION_FORMATION('1',$,#795);
/*    803 */ #795=PRODUCT('Footprint','template',$,(#797));
/*    804 */ #796=PRODUCT_RELATED_PRODUCT_CATEGORY('template model',$,(#795));
/*    805 */ #797=PRODUCT_CONTEXT('template model',#588,'');
/*    806 */ #798=PROPERTY_DEFINITION('location','top',#789);
/*    807 */ #799=SHAPE_REPRESENTATION('ppsm',(#801),#13);
/*    808 */ #800=DESCRIPTION_ATTRIBUTE('footprint definition shape model',#799);
/*    809 */ #801=AXIS2_PLACEMENT_2D('origin',#802,#803);
/*    810 */ #802=CARTESIAN_POINT('',(0.0,0.0));
/*    811 */ #803=DIRECTION('',(1.0,0.0));
/*    812 */ #804=SHAPE_DEFINITION_REPRESENTATION(#789,#799);
/*    813 */ #805=PROPERTY_DEFINITION_RELATIONSHIP('reference package','',#3,#789);
/*    814 */ #806=SHAPE_REPRESENTATION('ppsm',(#807,#824,#839,#854,#869,#885),#13);
/*    815 */ #807=AXIS2_PLACEMENT_2D('origin',#808,#809);
/*    816 */ #808=CARTESIAN_POINT('',(0.0,0.0));
/*    817 */ #809=DIRECTION('',(1.0,0.0));
/*    818 */ #811=(GEOMETRIC_REPRESENTATION_CONTEXT(2)GLOBAL_UNCERTAINTY_ASSIGNED_CONTEXT((#10,
/*    819 */      #11,#12))GLOBAL_UNIT_ASSIGNED_CONTEXT((#2,#8,#9))REPRESENTATION_CONTEXT('unit_context2D',
/*    820 */      'unit_context2D'));
/*    821 */ #812=SINGLE_AREA_CSG_2D_SHAPE_REPRESENTATION('ppsm',(#823,#820),#811);
/*    822 */ #813=AREA_WITH_OUTER_BOUNDARY('',#814,.T.);
/*    823 */ #814=POLYLINE('',(#815,#816,#817,#818,#819));
/*    824 */ #815=CARTESIAN_POINT('',(0.15,-1.5));
/*    825 */ #816=CARTESIAN_POINT('',(0.15,-0.95));
/*    826 */ #817=CARTESIAN_POINT('',(-0.15,-0.95));
/*    827 */ #818=CARTESIAN_POINT('',(-0.15,-1.5));
/*    828 */ #819=CARTESIAN_POINT('',(0.15,-1.5));
/*    829 */ #820=CSG_PRIMITIVE_SOLID_2D('',#813);
/*    830 */ #821=CARTESIAN_POINT('',(0.0,0.0));
/*    831 */ #822=DIRECTION('',(1.0,0.0));
/*    832 */ #823=AXIS2_PLACEMENT_2D('',#821,#822);
/*    833 */ #824=USAGE_CONCEPT_USAGE_RELATIONSHIP('',#825,#807,'',$,#688,#806,*);
/*    834 */ #825=REPRESENTATION_MAP(#823,#812);
/*    835 */ #826=(GEOMETRIC_REPRESENTATION_CONTEXT(2)GLOBAL_UNCERTAINTY_ASSIGNED_CONTEXT((#10,
/*    836 */      #11,#12))GLOBAL_UNIT_ASSIGNED_CONTEXT((#2,#8,#9))REPRESENTATION_CONTEXT('unit_context2D',
/*    837 */      'unit_context2D'));
/*    838 */ #827=SINGLE_AREA_CSG_2D_SHAPE_REPRESENTATION('ppsm',(#838,#835),#826);
/*    839 */ #828=AREA_WITH_OUTER_BOUNDARY('',#829,.T.);
/*    840 */ #829=POLYLINE('',(#830,#831,#832,#833,#834));
/*    841 */ #830=CARTESIAN_POINT('',(-0.15,1.5));
/*    842 */ #831=CARTESIAN_POINT('',(-0.15,0.95));
/*    843 */ #832=CARTESIAN_POINT('',(0.15,0.95));
/*    844 */ #833=CARTESIAN_POINT('',(0.15,1.5));
/*    845 */ #834=CARTESIAN_POINT('',(-0.15,1.5));
/*    846 */ #835=CSG_PRIMITIVE_SOLID_2D('',#828);
/*    847 */ #836=CARTESIAN_POINT('',(0.0,0.0));
/*    848 */ #837=DIRECTION('',(1.0,0.0));
/*    849 */ #838=AXIS2_PLACEMENT_2D('',#836,#837);
/*    850 */ #839=USAGE_CONCEPT_USAGE_RELATIONSHIP('',#840,#807,'',$,#701,#806,*);
/*    851 */ #840=REPRESENTATION_MAP(#838,#827);
/*    852 */ #841=(GEOMETRIC_REPRESENTATION_CONTEXT(2)GLOBAL_UNCERTAINTY_ASSIGNED_CONTEXT((#10,
/*    853 */      #11,#12))GLOBAL_UNIT_ASSIGNED_CONTEXT((#2,#8,#9))REPRESENTATION_CONTEXT('unit_context2D',
/*    854 */      'unit_context2D'));
/*    855 */ #842=SINGLE_AREA_CSG_2D_SHAPE_REPRESENTATION('ppsm',(#853,#850),#841);
/*    856 */ #843=AREA_WITH_OUTER_BOUNDARY('',#844,.T.);
/*    857 */ #844=POLYLINE('',(#845,#846,#847,#848,#849));
/*    858 */ #845=CARTESIAN_POINT('',(-1.5,-0.15));
/*    859 */ #846=CARTESIAN_POINT('',(-0.95,-0.15));
/*    860 */ #847=CARTESIAN_POINT('',(-0.95,0.15));
/*    861 */ #848=CARTESIAN_POINT('',(-1.5,0.15));
/*    862 */ #849=CARTESIAN_POINT('',(-1.5,-0.15));
/*    863 */ #850=CSG_PRIMITIVE_SOLID_2D('',#843);
/*    864 */ #851=CARTESIAN_POINT('',(0.0,0.0));
/*    865 */ #852=DIRECTION('',(1.0,0.0));
/*    866 */ #853=AXIS2_PLACEMENT_2D('',#851,#852);
/*    867 */ #854=USAGE_CONCEPT_USAGE_RELATIONSHIP('',#855,#807,'',$,#711,#806,*);
/*    868 */ #855=REPRESENTATION_MAP(#853,#842);
/*    869 */ #856=(GEOMETRIC_REPRESENTATION_CONTEXT(2)GLOBAL_UNCERTAINTY_ASSIGNED_CONTEXT((#10,
/*    870 */      #11,#12))GLOBAL_UNIT_ASSIGNED_CONTEXT((#2,#8,#9))REPRESENTATION_CONTEXT('unit_context2D',
/*    871 */      'unit_context2D'));
/*    872 */ #857=SINGLE_AREA_CSG_2D_SHAPE_REPRESENTATION('ppsm',(#868,#865),#856);
/*    873 */ #858=AREA_WITH_OUTER_BOUNDARY('',#859,.T.);
/*    874 */ #859=POLYLINE('',(#860,#861,#862,#863,#864));
/*    875 */ #860=CARTESIAN_POINT('',(1.5,0.15));
/*    876 */ #861=CARTESIAN_POINT('',(0.95,0.15));
/*    877 */ #862=CARTESIAN_POINT('',(0.95,-0.15));
/*    878 */ #863=CARTESIAN_POINT('',(1.5,-0.15));
/*    879 */ #864=CARTESIAN_POINT('',(1.5,0.15));
/*    880 */ #865=CSG_PRIMITIVE_SOLID_2D('',#858);
/*    881 */ #866=CARTESIAN_POINT('',(0.0,0.0));
/*    882 */ #867=DIRECTION('',(1.0,0.0));
/*    883 */ #868=AXIS2_PLACEMENT_2D('',#866,#867);
/*    884 */ #869=USAGE_CONCEPT_USAGE_RELATIONSHIP('',#870,#807,'',$,#721,#806,*);
/*    885 */ #870=REPRESENTATION_MAP(#868,#857);
/*    886 */ #871=(GEOMETRIC_REPRESENTATION_CONTEXT(2)GLOBAL_UNCERTAINTY_ASSIGNED_CONTEXT((#10,
/*    887 */      #11,#12))GLOBAL_UNIT_ASSIGNED_CONTEXT((#2,#8,#9))REPRESENTATION_CONTEXT('unit_context2D',
/*    888 */      'unit_context2D'));
/*    889 */ #872=SINGLE_AREA_CSG_2D_SHAPE_REPRESENTATION('ppsm',(#884,#881),#871);
/*    890 */ #873=AREA_WITH_OUTER_BOUNDARY('',#874,.T.);
/*    891 */ #874=POLYLINE('',(#875,#876,#877,#878,#879,#880));
/*    892 */ #875=CARTESIAN_POINT('',(-0.1,0.35));
/*    893 */ #876=CARTESIAN_POINT('',(-0.35,0.1));
/*    894 */ #877=CARTESIAN_POINT('',(-0.35,-0.35));
/*    895 */ #878=CARTESIAN_POINT('',(0.35,-0.35));
/*    896 */ #879=CARTESIAN_POINT('',(0.35,0.35));
/*    897 */ #880=CARTESIAN_POINT('',(-0.1,0.35));
/*    898 */ #881=CSG_PRIMITIVE_SOLID_2D('',#873);
/*    899 */ #882=CARTESIAN_POINT('',(0.0,0.0));
/*    900 */ #883=DIRECTION('',(1.0,0.0));
/*    901 */ #884=AXIS2_PLACEMENT_2D('',#882,#883);
/*    902 */ #885=USAGE_CONCEPT_USAGE_RELATIONSHIP('',#886,#807,'',$,#731,#806,*);
/*    903 */ #886=REPRESENTATION_MAP(#884,#872);
/*    904 */ #902=DESCRIPTION_ATTRIBUTE('pupsm',#806);
/*    905 */ #903=ID_ATTRIBUTE('contacts_representation',#806);
/*    906 */ #904=SHAPE_DEFINITION_REPRESENTATION(#3,#806);
/*    907 */ #905=REPRESENTATION_RELATIONSHIP('predefined shape purpose',$,#806,#906);
/*    908 */ #906=REPRESENTATION('predefined shape purpose',(#907),#628);
/*    909 */ #907=DESCRIPTIVE_REPRESENTATION_ITEM('physical extent','contacts');
/*    910 */ #908=REPRESENTATION_RELATIONSHIP('shape environment',$,#806,#909);
/*    911 */ #909=REPRESENTATION('shape environment',(#910),#628);
/*    912 */ #910=DESCRIPTIVE_REPRESENTATION_ITEM('manufacturing','');
/*    913 */ #911=REPRESENTATION_RELATIONSHIP('shape extent',$,#806,#912);
/*    914 */ #912=REPRESENTATION('shape extent',(#913),#628);
/*    915 */ #913=DESCRIPTIVE_REPRESENTATION_ITEM('envelope','');
/*    916 */ #914=REPRESENTATION_RELATIONSHIP('shape material condition',$,#806,#915);
/*    917 */ #915=REPRESENTATION('shape material condition',(#916),#628);
/*    918 */ #916=DESCRIPTIVE_REPRESENTATION_ITEM('nominal_material_condition','');
/*    919 */ #917=REPRESENTATION_RELATIONSHIP('shape approximation level',$,#806,#918);
/*    920 */ #918=REPRESENTATION('shape approximation level',(#919),#628);
/*    921 */ #919=DESCRIPTIVE_REPRESENTATION_ITEM('is unknown','');
/*    922 */ #920=COORDINATED_GEOMETRIC_RELATIONSHIP_WITH_2D_3D_PLACEMENT_TRANSFORMATION('',$,
/*    923 */      #7,#629,#921);
/*    924 */ #921=AXIS_PLACEMENT_2D_3D_MAPPING('',$,#6,#784);
/*    925 */ #922=PRODUCT_DEFINITION_CONTEXT('physical design usage',$,$);
/*    926 */ #923=PRODUCT_DEFINITION_CONTEXT_ASSOCIATION(#3,#922,#924);
/*    927 */ #924=PRODUCT_DEFINITION_CONTEXT_ROLE('part definition type',$);
/*    928 */ #925=SHAPE_ASPECT('',$,#3,.T.);
/*    929 */ #926=ID_ATTRIBUTE('terminal bottom pin 5',#925);
/*    930 */ #927=CHAIN_BASED_GEOMETRIC_ITEM_SPECIFIC_USAGE('','terminal bottom pin 5',#925,*,
/*    931 */      #53,(#629,#585),(#742));
/*    932 */ #928=SHAPE_ASPECT('',$,#3,.T.);
/*    933 */ #929=ID_ATTRIBUTE('terminal bottom pin 3',#928);
/*    934 */ #930=CHAIN_BASED_GEOMETRIC_ITEM_SPECIFIC_USAGE('','terminal bottom pin 3',#928,*,
/*    935 */      #53,(#629,#164),(#729));
/*    936 */ #931=SHAPE_ASPECT('',$,#3,.T.);
/*    937 */ #932=ID_ATTRIBUTE('terminal bottom pin 1',#931);
/*    938 */ #933=CHAIN_BASED_GEOMETRIC_ITEM_SPECIFIC_USAGE('','terminal bottom pin 1',#931,*,
/*    939 */      #53,(#629,#164),(#719));
/*    940 */ #934=SHAPE_ASPECT('',$,#3,.T.);
/*    941 */ #935=ID_ATTRIBUTE('terminal bottom pin 4',#934);
/*    942 */ #936=CHAIN_BASED_GEOMETRIC_ITEM_SPECIFIC_USAGE('','terminal bottom pin 4',#934,*,
/*    943 */      #53,(#629,#164),(#709));
/*    944 */ #937=SHAPE_ASPECT('',$,#3,.T.);
/*    945 */ #938=ID_ATTRIBUTE('terminal bottom pin 2',#937);
/*    946 */ #939=CHAIN_BASED_GEOMETRIC_ITEM_SPECIFIC_USAGE('','terminal bottom pin 2',#937,*,
/*    947 */      #53,(#629,#164),(#699));
/*    948 */ #940=SHAPE_ASPECT('',$,#3,.T.);
/*    949 */ #941=ID_ATTRIBUTE('terminal width f1 pin 5',#940);
/*    950 */ #942=CHAIN_BASED_GEOMETRIC_ITEM_SPECIFIC_USAGE('','terminal width f1 pin 5',#940,
/*    951 */      *,#108,(#629,#585),(#742));
/*    952 */ #943=SHAPE_ASPECT('',$,#3,.T.);
/*    953 */ #944=ID_ATTRIBUTE('terminal width f1 pin 3',#943);
/*    954 */ #945=CHAIN_BASED_GEOMETRIC_ITEM_SPECIFIC_USAGE('','terminal width f1 pin 3',#943,
/*    955 */      *,#108,(#629,#164),(#729));
/*    956 */ #946=SHAPE_ASPECT('',$,#3,.T.);
/*    957 */ #947=ID_ATTRIBUTE('terminal width f1 pin 1',#946);
/*    958 */ #948=CHAIN_BASED_GEOMETRIC_ITEM_SPECIFIC_USAGE('','terminal width f1 pin 1',#946,
/*    959 */      *,#108,(#629,#164),(#719));
/*    960 */ #949=SHAPE_ASPECT('',$,#3,.T.);
/*    961 */ #950=ID_ATTRIBUTE('terminal width f1 pin 4',#949);
/*    962 */ #951=CHAIN_BASED_GEOMETRIC_ITEM_SPECIFIC_USAGE('','terminal width f1 pin 4',#949,
/*    963 */      *,#108,(#629,#164),(#709));
/*    964 */ #952=SHAPE_ASPECT('',$,#3,.T.);
/*    965 */ #953=ID_ATTRIBUTE('terminal width f1 pin 2',#952);
/*    966 */ #954=CHAIN_BASED_GEOMETRIC_ITEM_SPECIFIC_USAGE('','terminal width f1 pin 2',#952,
/*    967 */      *,#108,(#629,#164),(#699));
/*    968 */ #955=SHAPE_ASPECT('',$,#3,.T.);
/*    969 */ #956=ID_ATTRIBUTE('terminal toe pin 5',#955);
/*    970 */ #957=CHAIN_BASED_GEOMETRIC_ITEM_SPECIFIC_USAGE('','terminal toe pin 5',#955,*,#84,
/*    971 */      (#629,#585),(#742));
/*    972 */ #958=SHAPE_ASPECT('',$,#3,.T.);
/*    973 */ #959=ID_ATTRIBUTE('terminal toe pin 3',#958);
/*    974 */ #960=CHAIN_BASED_GEOMETRIC_ITEM_SPECIFIC_USAGE('','terminal toe pin 3',#958,*,#84,
/*    975 */      (#629,#164),(#729));
/*    976 */ #961=SHAPE_ASPECT('',$,#3,.T.);
/*    977 */ #962=ID_ATTRIBUTE('terminal toe pin 1',#961);
/*    978 */ #963=CHAIN_BASED_GEOMETRIC_ITEM_SPECIFIC_USAGE('','terminal toe pin 1',#961,*,#84,
/*    979 */      (#629,#164),(#719));
/*    980 */ #964=SHAPE_ASPECT('',$,#3,.T.);
/*    981 */ #965=ID_ATTRIBUTE('terminal toe pin 4',#964);
/*    982 */ #966=CHAIN_BASED_GEOMETRIC_ITEM_SPECIFIC_USAGE('','terminal toe pin 4',#964,*,#84,
/*    983 */      (#629,#164),(#709));
/*    984 */ #967=SHAPE_ASPECT('',$,#3,.T.);
/*    985 */ #968=ID_ATTRIBUTE('terminal toe pin 2',#967);
/*    986 */ #969=CHAIN_BASED_GEOMETRIC_ITEM_SPECIFIC_USAGE('','terminal toe pin 2',#967,*,#84,
/*    987 */      (#629,#164),(#699));
/*    988 */ #970=SHAPE_ASPECT('',$,#3,.T.);
/*    989 */ #971=ID_ATTRIBUTE('terminal width f2 pin 5',#970);
/*    990 */ #972=CHAIN_BASED_GEOMETRIC_ITEM_SPECIFIC_USAGE('','terminal width f2 pin 5',#970,
/*    991 */      *,#149,(#629,#585),(#742));
/*    992 */ #973=SHAPE_ASPECT('',$,#3,.T.);
/*    993 */ #974=ID_ATTRIBUTE('terminal width f2 pin 3',#973);
/*    994 */ #975=CHAIN_BASED_GEOMETRIC_ITEM_SPECIFIC_USAGE('','terminal width f2 pin 3',#973,
/*    995 */      *,#149,(#629,#164),(#729));
/*    996 */ #976=SHAPE_ASPECT('',$,#3,.T.);
/*    997 */ #977=ID_ATTRIBUTE('terminal width f2 pin 1',#976);
/*    998 */ #978=CHAIN_BASED_GEOMETRIC_ITEM_SPECIFIC_USAGE('','terminal width f2 pin 1',#976,
/*    999 */      *,#149,(#629,#164),(#719));
/*   1000 */ #979=SHAPE_ASPECT('',$,#3,.T.);
/*   1001 */ #980=ID_ATTRIBUTE('terminal width f2 pin 4',#979);
/*   1002 */ #981=CHAIN_BASED_GEOMETRIC_ITEM_SPECIFIC_USAGE('','terminal width f2 pin 4',#979,
/*   1003 */      *,#149,(#629,#164),(#709));
/*   1004 */ #982=SHAPE_ASPECT('',$,#3,.T.);
/*   1005 */ #983=ID_ATTRIBUTE('terminal width f2 pin 2',#982);
/*   1006 */ #984=CHAIN_BASED_GEOMETRIC_ITEM_SPECIFIC_USAGE('','terminal width f2 pin 2',#982,
/*   1007 */      *,#149,(#629,#164),(#699));
/*   1008 */ #985=SHAPE_ASPECT('',$,#3,.T.);
/*   1009 */ #986=ID_ATTRIBUTE('body df B f1',#985);
/*   1010 */ #987=CHAIN_BASED_GEOMETRIC_ITEM_SPECIFIC_USAGE('','body df B f1',#985,*,#305,(#629,
/*   1011 */      #400),(#660));
/*   1012 */ #988=SHAPE_ASPECT('',$,#3,.T.);
/*   1013 */ #989=ID_ATTRIBUTE('body top',#988);
/*   1014 */ #990=CHAIN_BASED_GEOMETRIC_ITEM_SPECIFIC_USAGE('','body top',#988,*,#337,(#629,#400),
/*   1015 */      (#660));
/*   1016 */ #991=SHAPE_ASPECT('',$,#3,.T.);
/*   1017 */ #992=ID_ATTRIBUTE('body df B f2',#991);
/*   1018 */ #993=CHAIN_BASED_GEOMETRIC_ITEM_SPECIFIC_USAGE('','body df B f2',#991,*,#264,(#629,
/*   1019 */      #400),(#660));
/*   1020 */ #994=SHAPE_ASPECT('',$,#3,.T.);
/*   1021 */ #995=ID_ATTRIBUTE('body bottom',#994);
/*   1022 */ #996=CHAIN_BASED_GEOMETRIC_ITEM_SPECIFIC_USAGE('','body bottom',#994,*,#209,(#629,
/*   1023 */      #400),(#660));
/*   1024 */ #997=SHAPE_ASPECT('',$,#3,.T.);
/*   1025 */ #998=ID_ATTRIBUTE('body df A f1',#997);
/*   1026 */ #999=CHAIN_BASED_GEOMETRIC_ITEM_SPECIFIC_USAGE('','body df A f1',#997,*,#240,(#629,
/*   1027 */      #400),(#660));
/*   1028 */ #1000=SHAPE_ASPECT('',$,#3,.T.);
/*   1029 */ #1001=ID_ATTRIBUTE('body df A f2',#1000);
/*   1030 */ #1002=CHAIN_BASED_GEOMETRIC_ITEM_SPECIFIC_USAGE('','body df A f2',#1000,*,#288,
/*   1031 */      (#629,#400),(#660));
/*   1032 */ #1003=SHAPE_ASPECT('',$,#3,.T.);
/*   1033 */ #1004=ID_ATTRIBUTE('thermal bottom pin 5',#1003);
/*   1034 */ #1005=CHAIN_BASED_GEOMETRIC_ITEM_SPECIFIC_USAGE('','thermal bottom pin 5',#1003,
/*   1035 */      *,#449,(#629,#585),(#742));
/*   1036 */ #1006=SHAPE_ASPECT('',$,#3,.T.);
/*   1037 */ #1007=ID_ATTRIBUTE('thermal bottom pin 3',#1006);
/*   1038 */ #1008=CHAIN_BASED_GEOMETRIC_ITEM_SPECIFIC_USAGE('','thermal bottom pin 3',#1006,
/*   1039 */      *,#449,(#629,#164),(#729));
/*   1040 */ #1009=SHAPE_ASPECT('',$,#3,.T.);
/*   1041 */ #1010=ID_ATTRIBUTE('thermal bottom pin 1',#1009);
/*   1042 */ #1011=CHAIN_BASED_GEOMETRIC_ITEM_SPECIFIC_USAGE('','thermal bottom pin 1',#1009,
/*   1043 */      *,#449,(#629,#164),(#719));
/*   1044 */ #1012=SHAPE_ASPECT('',$,#3,.T.);
/*   1045 */ #1013=ID_ATTRIBUTE('thermal bottom pin 4',#1012);
/*   1046 */ #1014=CHAIN_BASED_GEOMETRIC_ITEM_SPECIFIC_USAGE('','thermal bottom pin 4',#1012,
/*   1047 */      *,#449,(#629,#164),(#709));
/*   1048 */ #1015=SHAPE_ASPECT('',$,#3,.T.);
/*   1049 */ #1016=ID_ATTRIBUTE('thermal bottom pin 2',#1015);
/*   1050 */ #1017=CHAIN_BASED_GEOMETRIC_ITEM_SPECIFIC_USAGE('','thermal bottom pin 2',#1015,
/*   1051 */      *,#449,(#629,#164),(#699));
/*   1052 */ #1018=SHAPE_ASPECT('',$,#3,.T.);
/*   1053 */ #1019=ID_ATTRIBUTE('thermal D2 f1 pin 5',#1018);
/*   1054 */ #1020=CHAIN_BASED_GEOMETRIC_ITEM_SPECIFIC_USAGE('','thermal D2 f1 pin 5',#1018,*,
/*   1055 */      #569,(#629,#585),(#742));
/*   1056 */ #1021=SHAPE_ASPECT('',$,#3,.T.);
/*   1057 */ #1022=ID_ATTRIBUTE('thermal D2 f1 pin 3',#1021);
/*   1058 */ #1023=CHAIN_BASED_GEOMETRIC_ITEM_SPECIFIC_USAGE('','thermal D2 f1 pin 3',#1021,*,
/*   1059 */      #569,(#629,#164),(#729));
/*   1060 */ #1024=SHAPE_ASPECT('',$,#3,.T.);
/*   1061 */ #1025=ID_ATTRIBUTE('thermal D2 f1 pin 1',#1024);
/*   1062 */ #1026=CHAIN_BASED_GEOMETRIC_ITEM_SPECIFIC_USAGE('','thermal D2 f1 pin 1',#1024,*,
/*   1063 */      #569,(#629,#164),(#719));
/*   1064 */ #1027=SHAPE_ASPECT('',$,#3,.T.);
/*   1065 */ #1028=ID_ATTRIBUTE('thermal D2 f1 pin 4',#1027);
/*   1066 */ #1029=CHAIN_BASED_GEOMETRIC_ITEM_SPECIFIC_USAGE('','thermal D2 f1 pin 4',#1027,*,
/*   1067 */      #569,(#629,#164),(#709));
/*   1068 */ #1030=SHAPE_ASPECT('',$,#3,.T.);
/*   1069 */ #1031=ID_ATTRIBUTE('thermal D2 f1 pin 2',#1030);
/*   1070 */ #1032=CHAIN_BASED_GEOMETRIC_ITEM_SPECIFIC_USAGE('','thermal D2 f1 pin 2',#1030,*,
/*   1071 */      #569,(#629,#164),(#699));
/*   1072 */ #1033=SHAPE_ASPECT('',$,#3,.T.);
/*   1073 */ #1034=ID_ATTRIBUTE('thermal E2 f1 pin 5',#1033);
/*   1074 */ #1035=CHAIN_BASED_GEOMETRIC_ITEM_SPECIFIC_USAGE('','thermal E2 f1 pin 5',#1033,*,
/*   1075 */      #552,(#629,#585),(#742));
/*   1076 */ #1036=SHAPE_ASPECT('',$,#3,.T.);
/*   1077 */ #1037=ID_ATTRIBUTE('thermal E2 f1 pin 3',#1036);
/*   1078 */ #1038=CHAIN_BASED_GEOMETRIC_ITEM_SPECIFIC_USAGE('','thermal E2 f1 pin 3',#1036,*,
/*   1079 */      #552,(#629,#164),(#729));
/*   1080 */ #1039=SHAPE_ASPECT('',$,#3,.T.);
/*   1081 */ #1040=ID_ATTRIBUTE('thermal E2 f1 pin 1',#1039);
/*   1082 */ #1041=CHAIN_BASED_GEOMETRIC_ITEM_SPECIFIC_USAGE('','thermal E2 f1 pin 1',#1039,*,
/*   1083 */      #552,(#629,#164),(#719));
/*   1084 */ #1042=SHAPE_ASPECT('',$,#3,.T.);
/*   1085 */ #1043=ID_ATTRIBUTE('thermal E2 f1 pin 4',#1042);
/*   1086 */ #1044=CHAIN_BASED_GEOMETRIC_ITEM_SPECIFIC_USAGE('','thermal E2 f1 pin 4',#1042,*,
/*   1087 */      #552,(#629,#164),(#709));
/*   1088 */ #1045=SHAPE_ASPECT('',$,#3,.T.);
/*   1089 */ #1046=ID_ATTRIBUTE('thermal E2 f1 pin 2',#1045);
/*   1090 */ #1047=CHAIN_BASED_GEOMETRIC_ITEM_SPECIFIC_USAGE('','thermal E2 f1 pin 2',#1045,*,
/*   1091 */      #552,(#629,#164),(#699));
/*   1092 */ #1048=SHAPE_ASPECT('',$,#3,.T.);
/*   1093 */ #1049=ID_ATTRIBUTE('thermal D2 f2 pin 5',#1048);
/*   1094 */ #1050=CHAIN_BASED_GEOMETRIC_ITEM_SPECIFIC_USAGE('','thermal D2 f2 pin 5',#1048,*,
/*   1095 */      #528,(#629,#585),(#742));
/*   1096 */ #1051=SHAPE_ASPECT('',$,#3,.T.);
/*   1097 */ #1052=ID_ATTRIBUTE('thermal D2 f2 pin 3',#1051);
/*   1098 */ #1053=CHAIN_BASED_GEOMETRIC_ITEM_SPECIFIC_USAGE('','thermal D2 f2 pin 3',#1051,*,
/*   1099 */      #528,(#629,#164),(#729));
/*   1100 */ #1054=SHAPE_ASPECT('',$,#3,.T.);
/*   1101 */ #1055=ID_ATTRIBUTE('thermal D2 f2 pin 1',#1054);
/*   1102 */ #1056=CHAIN_BASED_GEOMETRIC_ITEM_SPECIFIC_USAGE('','thermal D2 f2 pin 1',#1054,*,
/*   1103 */      #528,(#629,#164),(#719));
/*   1104 */ #1057=SHAPE_ASPECT('',$,#3,.T.);
/*   1105 */ #1058=ID_ATTRIBUTE('thermal D2 f2 pin 4',#1057);
/*   1106 */ #1059=CHAIN_BASED_GEOMETRIC_ITEM_SPECIFIC_USAGE('','thermal D2 f2 pin 4',#1057,*,
/*   1107 */      #528,(#629,#164),(#709));
/*   1108 */ #1060=SHAPE_ASPECT('',$,#3,.T.);
/*   1109 */ #1061=ID_ATTRIBUTE('thermal D2 f2 pin 2',#1060);
/*   1110 */ #1062=CHAIN_BASED_GEOMETRIC_ITEM_SPECIFIC_USAGE('','thermal D2 f2 pin 2',#1060,*,
/*   1111 */      #528,(#629,#164),(#699));
/*   1112 */ #1063=SHAPE_ASPECT('',$,#3,.T.);
/*   1113 */ #1064=ID_ATTRIBUTE('thermal E2 f2 pin 5',#1063);
/*   1114 */ #1065=CHAIN_BASED_GEOMETRIC_ITEM_SPECIFIC_USAGE('','thermal E2 f2 pin 5',#1063,*,
/*   1115 */      #504,(#629,#585),(#742));
/*   1116 */ #1066=SHAPE_ASPECT('',$,#3,.T.);
/*   1117 */ #1067=ID_ATTRIBUTE('thermal E2 f2 pin 3',#1066);
/*   1118 */ #1068=CHAIN_BASED_GEOMETRIC_ITEM_SPECIFIC_USAGE('','thermal E2 f2 pin 3',#1066,*,
/*   1119 */      #504,(#629,#164),(#729));
/*   1120 */ #1069=SHAPE_ASPECT('',$,#3,.T.);
/*   1121 */ #1070=ID_ATTRIBUTE('thermal E2 f2 pin 1',#1069);
/*   1122 */ #1071=CHAIN_BASED_GEOMETRIC_ITEM_SPECIFIC_USAGE('','thermal E2 f2 pin 1',#1069,*,
/*   1123 */      #504,(#629,#164),(#719));
/*   1124 */ #1072=SHAPE_ASPECT('',$,#3,.T.);
/*   1125 */ #1073=ID_ATTRIBUTE('thermal E2 f2 pin 4',#1072);
/*   1126 */ #1074=CHAIN_BASED_GEOMETRIC_ITEM_SPECIFIC_USAGE('','thermal E2 f2 pin 4',#1072,*,
/*   1127 */      #504,(#629,#164),(#709));
/*   1128 */ #1075=SHAPE_ASPECT('',$,#3,.T.);
/*   1129 */ #1076=ID_ATTRIBUTE('thermal E2 f2 pin 2',#1075);
/*   1130 */ #1077=CHAIN_BASED_GEOMETRIC_ITEM_SPECIFIC_USAGE('','thermal E2 f2 pin 2',#1075,*,
/*   1131 */      #504,(#629,#164),(#699));
/*   1132 */ #1078=(COMPOSITE_SHAPE_ASPECT()COMPOSITE_UNIT_SHAPE_ASPECT()DATUM_FEATURE()
/*   1133 */      DIMENSIONAL_SIZE(#1078,'length')DIMENSIONAL_SIZE_WITH_DATUM_FEATURE()
/*   1134 */      SHAPE_ASPECT($,'feature of size',#3,.T.)SYMMETRIC_SHAPE_ASPECT());
/*   1135 */ #1079=ID_ATTRIBUTE('dimension D and datum feature A',#1078);
/*   1136 */ #1080=SHAPE_ASPECT_RELATIONSHIP('',$,#1078,#1000);
/*   1137 */ #1081=SHAPE_ASPECT_RELATIONSHIP('',$,#1078,#997);
/*   1138 */ #1082=DIMENSIONAL_CHARACTERISTIC_REPRESENTATION(#1078,#1083);
/*   1139 */ #1083=SHAPE_DIMENSION_REPRESENTATION('',(#1086,#1088),#1084);
/*   1140 */ #1084=REPRESENTATION_CONTEXT('dimension context','dimension');
/*   1141 */ #1085=ID_ATTRIBUTE('D',#1083);
/*   1142 */ #1086=(LENGTH_MEASURE_WITH_UNIT()MEASURE_REPRESENTATION_ITEM()MEASURE_WITH_UNIT(LENGTH_MEASURE(
/*   1143 */      3.0),#1087)REPRESENTATION_ITEM(''));
/*   1144 */ #1087=(LENGTH_UNIT()NAMED_UNIT(*)SI_UNIT(.MILLI.,.METRE.));
/*   1145 */ #1088=DESCRIPTIVE_REPRESENTATION_ITEM('dimensional note','theoretical');
/*   1146 */ #1089=DATUM('','plane',#3,.F.,'A');
/*   1147 */ #1090=SHAPE_ASPECT_RELATIONSHIP('',$,#1078,#1089);
/*   1148 */ #1091=(COMPOSITE_SHAPE_ASPECT()COMPOSITE_UNIT_SHAPE_ASPECT()DATUM_FEATURE()
/*   1149 */      DIMENSIONAL_SIZE(#1091,'length')DIMENSIONAL_SIZE_WITH_DATUM_FEATURE()
/*   1150 */      SHAPE_ASPECT($,'feature of size',#3,.T.)SYMMETRIC_SHAPE_ASPECT());
/*   1151 */ #1092=ID_ATTRIBUTE('dimension E and datum feature B',#1091);
/*   1152 */ #1093=SHAPE_ASPECT_RELATIONSHIP('',$,#1091,#985);
/*   1153 */ #1094=SHAPE_ASPECT_RELATIONSHIP('',$,#1091,#991);
/*   1154 */ #1095=DIMENSIONAL_CHARACTERISTIC_REPRESENTATION(#1091,#1096);
/*   1155 */ #1096=SHAPE_DIMENSION_REPRESENTATION('',(#1098,#1099),#1084);
/*   1156 */ #1097=ID_ATTRIBUTE('E',#1096);
/*   1157 */ #1098=(LENGTH_MEASURE_WITH_UNIT()MEASURE_REPRESENTATION_ITEM()MEASURE_WITH_UNIT(LENGTH_MEASURE(
/*   1158 */      3.0),#1087)REPRESENTATION_ITEM(''));
/*   1159 */ #1099=DESCRIPTIVE_REPRESENTATION_ITEM('dimensional note','theoretical');
/*   1160 */ #1100=DATUM('','plane',#3,.F.,'B');
/*   1161 */ #1101=SHAPE_ASPECT_RELATIONSHIP('',$,#1091,#1100);
/*   1162 */ #1102=COMPOSITE_UNIT_SHAPE_ASPECT('','multiple elements',#3,.T.);
/*   1163 */ #1103=ID_ATTRIBUTE('bottom all pins',#1102);
/*   1164 */ #1104=SHAPE_ASPECT_RELATIONSHIP('',$,#1102,#928);
/*   1165 */ #1105=SHAPE_ASPECT_RELATIONSHIP('',$,#1102,#1003);
/*   1166 */ #1106=SHAPE_ASPECT_RELATIONSHIP('',$,#1102,#937);
/*   1167 */ #1107=SHAPE_ASPECT_RELATIONSHIP('',$,#1102,#931);
/*   1168 */ #1108=SHAPE_ASPECT_RELATIONSHIP('',$,#1102,#934);
/*   1169 */ #1109=(DATUM_FEATURE()DERIVED_SHAPE_ASPECT()GEOMETRIC_ALIGNMENT()SHAPE_ASPECT('geometric alignment plane',
/*   1170 */      'datum feature C',#3,.T.));
/*   1171 */ #1110=PLANE('',#1111);
/*   1172 */ #1111=AXIS2_PLACEMENT_3D('',#1112,#1113,#1114);
/*   1173 */ #1112=CARTESIAN_POINT('',(0.0,0.0,0.0));
/*   1174 */ #1113=DIRECTION('',(0.0,0.0,1.0));
/*   1175 */ #1114=DIRECTION('',(1.0,0.0,0.0));
/*   1176 */ #1115=CONSTRUCTIVE_GEOMETRY_REPRESENTATION('',(#1110,#1152,#1165,#1178,#1191,#1242,
/*   1177 */      #1271),#630);
/*   1178 */ #1116=CONSTRUCTIVE_GEOMETRY_REPRESENTATION_RELATIONSHIP('',$,#629,#1115);
/*   1179 */ #1117=GEOMETRIC_ITEM_SPECIFIC_USAGE('',$,#1109,#1115,#1110);
/*   1180 */ #1118=SHAPE_ASPECT_DERIVING_RELATIONSHIP('',$,#1109,#1102);
/*   1181 */ #1119=DATUM('','plane',#3,.F.,'C');
/*   1182 */ #1120=SHAPE_ASPECT_RELATIONSHIP('',$,#1109,#1119);
/*   1183 */ #1121=COMPOSITE_GROUP_SHAPE_ASPECT('','multiple elements',#3,.T.);
/*   1184 */ #1122=ID_ATTRIBUTE('bottom all pins group',#1121);
/*   1185 */ #1123=SHAPE_ASPECT_RELATIONSHIP('',$,#1121,#928);
/*   1186 */ #1124=SHAPE_ASPECT_RELATIONSHIP('',$,#1121,#1003);
/*   1187 */ #1125=SHAPE_ASPECT_RELATIONSHIP('',$,#1121,#937);
/*   1188 */ #1126=SHAPE_ASPECT_RELATIONSHIP('',$,#1121,#931);
/*   1189 */ #1127=SHAPE_ASPECT_RELATIONSHIP('',$,#1121,#934);
/*   1190 */ #1128=(GEOMETRIC_TOLERANCE('terminal bottom surface profile',$,#1131,#1121)
/*   1191 */      GEOMETRIC_TOLERANCE_WITH_DATUM_REFERENCE((#1129))
/*   1192 */      SURFACE_PROFILE_TOLERANCE());
/*   1193 */ #1129=DATUM_SYSTEM('datum system of terminal bottom surface profile',$,#3,.F.,(#1130));
/*   1194 */ #1130=DATUM_REFERENCE_COMPARTMENT('terminal bottom surface profile C',$,#3,.F.,#1119,
/*   1195 */      $);
/*   1196 */ #1131=LENGTH_MEASURE_WITH_UNIT(LENGTH_MEASURE(0.08),#1087);
/*   1197 */ #1132=PARALLELISM_TOLERANCE('body top parallelism',$,#1135,#988,(#1133));
/*   1198 */ #1133=DATUM_SYSTEM('datum system of body top parallelism',$,#3,.F.,(#1134));
/*   1199 */ #1134=DATUM_REFERENCE_COMPARTMENT('body top parallelism C',$,#3,.F.,#1119,$);
/*   1200 */ #1135=LENGTH_MEASURE_WITH_UNIT(LENGTH_MEASURE(0.1),#1087);
/*   1201 */ #1136=COMPOSITE_GROUP_SHAPE_ASPECT('','multiple elements',#3,.T.);
/*   1202 */ #1137=ID_ATTRIBUTE('all body sides',#1136);
/*   1203 */ #1138=SHAPE_ASPECT_RELATIONSHIP('',$,#1136,#1000);
/*   1204 */ #1139=SHAPE_ASPECT_RELATIONSHIP('',$,#1136,#997);
/*   1205 */ #1140=SHAPE_ASPECT_RELATIONSHIP('',$,#1136,#985);
/*   1206 */ #1141=SHAPE_ASPECT_RELATIONSHIP('',$,#1136,#991);
/*   1207 */ #1142=(GEOMETRIC_TOLERANCE('body side profile',$,#1145,#1136)
/*   1208 */      GEOMETRIC_TOLERANCE_WITH_DATUM_REFERENCE((#1143))
/*   1209 */      SURFACE_PROFILE_TOLERANCE());
/*   1210 */ #1143=DATUM_SYSTEM('datum system of body side profile',$,#3,.F.,(#1144));
/*   1211 */ #1144=DATUM_REFERENCE_COMPARTMENT('body side profile C',$,#3,.F.,#1119,$);
/*   1212 */ #1145=LENGTH_MEASURE_WITH_UNIT(LENGTH_MEASURE(0.1),#1087);
/*   1213 */ #1146=(COMPOSITE_SHAPE_ASPECT()COMPOSITE_UNIT_SHAPE_ASPECT()SHAPE_ASPECT($,'feature of size',
/*   1214 */      #3,.T.)SYMMETRIC_SHAPE_ASPECT());
/*   1215 */ #1147=ID_ATTRIBUTE('pin 1 width feature of size',#1146);
/*   1216 */ #1148=SHAPE_ASPECT_RELATIONSHIP('',$,#1146,#946);
/*   1217 */ #1149=SHAPE_ASPECT_RELATIONSHIP('',$,#1146,#976);
/*   1218 */ #1150=CENTRE_OF_SYMMETRY('centre plane',$,#3,.F.);
/*   1219 */ #1151=ID_ATTRIBUTE('pin 1 centre_of_symmetry',#1150);
/*   1220 */ #1152=PLANE('',#1153);
/*   1221 */ #1153=AXIS2_PLACEMENT_3D('',#1154,#1155,#1156);
/*   1222 */ #1154=CARTESIAN_POINT('',(0.0,0.0,0.0));
/*   1223 */ #1155=DIRECTION('',(0.0,1.0,0.0));
/*   1224 */ #1156=DIRECTION('',(1.0,0.0,0.0));
/*   1225 */ #1157=GEOMETRIC_ITEM_SPECIFIC_USAGE('',$,#1150,#1115,#1152);
/*   1226 */ #1158=SHAPE_ASPECT_DERIVING_RELATIONSHIP('',$,#1150,#1146);
/*   1227 */ #1159=(COMPOSITE_SHAPE_ASPECT()COMPOSITE_UNIT_SHAPE_ASPECT()SHAPE_ASPECT($,'feature of size',
/*   1228 */      #3,.T.)SYMMETRIC_SHAPE_ASPECT());
/*   1229 */ #1160=ID_ATTRIBUTE('pin 2 width feature of size',#1159);
/*   1230 */ #1161=SHAPE_ASPECT_RELATIONSHIP('',$,#1159,#982);
/*   1231 */ #1162=SHAPE_ASPECT_RELATIONSHIP('',$,#1159,#952);
/*   1232 */ #1163=CENTRE_OF_SYMMETRY('centre plane',$,#3,.F.);
/*   1233 */ #1164=ID_ATTRIBUTE('pin 2 centre_of_symmetry',#1163);
/*   1234 */ #1165=PLANE('',#1166);
/*   1235 */ #1166=AXIS2_PLACEMENT_3D('',#1167,#1168,#1169);
/*   1236 */ #1167=CARTESIAN_POINT('',(0.0,0.0,0.0));
/*   1237 */ #1168=DIRECTION('',(1.0,0.0,0.0));
/*   1238 */ #1169=DIRECTION('',(0.0,1.0,0.0));
/*   1239 */ #1170=GEOMETRIC_ITEM_SPECIFIC_USAGE('',$,#1163,#1115,#1165);
/*   1240 */ #1171=SHAPE_ASPECT_DERIVING_RELATIONSHIP('',$,#1163,#1159);
/*   1241 */ #1172=(COMPOSITE_SHAPE_ASPECT()COMPOSITE_UNIT_SHAPE_ASPECT()SHAPE_ASPECT($,'feature of size',
/*   1242 */      #3,.T.)SYMMETRIC_SHAPE_ASPECT());
/*   1243 */ #1173=ID_ATTRIBUTE('pin 3 width feature of size',#1172);
/*   1244 */ #1174=SHAPE_ASPECT_RELATIONSHIP('',$,#1172,#973);
/*   1245 */ #1175=SHAPE_ASPECT_RELATIONSHIP('',$,#1172,#943);
/*   1246 */ #1176=CENTRE_OF_SYMMETRY('centre plane',$,#3,.F.);
/*   1247 */ #1177=ID_ATTRIBUTE('pin 3 centre_of_symmetry',#1176);
/*   1248 */ #1178=PLANE('',#1179);
/*   1249 */ #1179=AXIS2_PLACEMENT_3D('',#1180,#1181,#1182);
/*   1250 */ #1180=CARTESIAN_POINT('',(0.0,0.0,0.0));
/*   1251 */ #1181=DIRECTION('',(0.0,1.0,0.0));
/*   1252 */ #1182=DIRECTION('',(1.0,0.0,0.0));
/*   1253 */ #1183=GEOMETRIC_ITEM_SPECIFIC_USAGE('',$,#1176,#1115,#1178);
/*   1254 */ #1184=SHAPE_ASPECT_DERIVING_RELATIONSHIP('',$,#1176,#1172);
/*   1255 */ #1185=(COMPOSITE_SHAPE_ASPECT()COMPOSITE_UNIT_SHAPE_ASPECT()SHAPE_ASPECT($,'feature of size',
/*   1256 */      #3,.T.)SYMMETRIC_SHAPE_ASPECT());
/*   1257 */ #1186=ID_ATTRIBUTE('pin 4 width feature of size',#1185);
/*   1258 */ #1187=SHAPE_ASPECT_RELATIONSHIP('',$,#1185,#979);
/*   1259 */ #1188=SHAPE_ASPECT_RELATIONSHIP('',$,#1185,#949);
/*   1260 */ #1189=CENTRE_OF_SYMMETRY('centre plane',$,#3,.F.);
/*   1261 */ #1190=ID_ATTRIBUTE('pin 4 centre_of_symmetry',#1189);
/*   1262 */ #1191=PLANE('',#1192);
/*   1263 */ #1192=AXIS2_PLACEMENT_3D('',#1193,#1194,#1195);
/*   1264 */ #1193=CARTESIAN_POINT('',(0.0,0.0,0.0));
/*   1265 */ #1194=DIRECTION('',(0.0,1.0,0.0));
/*   1266 */ #1195=DIRECTION('',(1.0,0.0,0.0));
/*   1267 */ #1196=GEOMETRIC_ITEM_SPECIFIC_USAGE('',$,#1189,#1115,#1191);
/*   1268 */ #1197=SHAPE_ASPECT_DERIVING_RELATIONSHIP('',$,#1189,#1185);
/*   1269 */ #1198=COMPOSITE_GROUP_SHAPE_ASPECT('','multiple elements',#3,.T.);
/*   1270 */ #1199=ID_ATTRIBUTE('all pins centres',#1198);
/*   1271 */ #1200=SHAPE_ASPECT_RELATIONSHIP('',$,#1198,#1150);
/*   1272 */ #1201=SHAPE_ASPECT_RELATIONSHIP('',$,#1198,#1176);
/*   1273 */ #1202=SHAPE_ASPECT_RELATIONSHIP('',$,#1198,#1163);
/*   1274 */ #1203=SHAPE_ASPECT_RELATIONSHIP('',$,#1198,#1189);
/*   1275 */ #1204=(GEOMETRIC_TOLERANCE('terminal centre plane position',$,#1209,#1198)
/*   1276 */      GEOMETRIC_TOLERANCE_WITH_DATUM_REFERENCE((#1205))
/*   1277 */      MODIFIED_GEOMETRIC_TOLERANCE(.LEAST_MATERIAL_CONDITION.)
/*   1278 */      POSITION_TOLERANCE());
/*   1279 */ #1205=DATUM_SYSTEM('datum system of terminal centre plane position',$,#3,.F.,(#1206,
/*   1280 */      #1207,#1208));
/*   1281 */ #1206=DATUM_REFERENCE_COMPARTMENT('terminal centre plane position C',$,#3,.F.,#1119,
/*   1282 */      $);
/*   1283 */ #1207=DATUM_REFERENCE_COMPARTMENT('terminal centre plane position A',$,#3,.F.,#1089,
/*   1284 */      $);
/*   1285 */ #1208=DATUM_REFERENCE_COMPARTMENT('terminal centre plane position B',$,#3,.F.,#1100,
/*   1286 */      $);
/*   1287 */ #1209=LENGTH_MEASURE_WITH_UNIT(LENGTH_MEASURE(0.07),#1087);
/*   1288 */ #1210=COMPOSITE_GROUP_SHAPE_ASPECT('','multiple elements',#3,.T.);
/*   1289 */ #1211=ID_ATTRIBUTE('all pins width feature of size',#1210);
/*   1290 */ #1212=SHAPE_ASPECT_RELATIONSHIP('',$,#1210,#1172);
/*   1291 */ #1213=SHAPE_ASPECT_RELATIONSHIP('',$,#1210,#1185);
/*   1292 */ #1214=SHAPE_ASPECT_RELATIONSHIP('',$,#1210,#1159);
/*   1293 */ #1215=SHAPE_ASPECT_RELATIONSHIP('',$,#1210,#1146);
/*   1294 */ #1216=DIMENSIONAL_SIZE(#1210,'length');
/*   1295 */ #1217=DIMENSIONAL_CHARACTERISTIC_REPRESENTATION(#1216,#1218);
/*   1296 */ #1218=SHAPE_DIMENSION_REPRESENTATION('',(#1220,#1222,#1224),#1084);
/*   1297 */ #1219=ID_ATTRIBUTE('b',#1218);
/*   1298 */ #1220=(LENGTH_MEASURE_WITH_UNIT()MEASURE_REPRESENTATION_ITEM()MEASURE_WITH_UNIT(LENGTH_MEASURE(
/*   1299 */      0.3),#1087)QUALIFIED_REPRESENTATION_ITEM((#1221))REPRESENTATION_ITEM(''));
/*   1300 */ #1221=TYPE_QUALIFIER('average');
/*   1301 */ #1222=(LENGTH_MEASURE_WITH_UNIT()MEASURE_REPRESENTATION_ITEM()MEASURE_WITH_UNIT(LENGTH_MEASURE(
/*   1302 */      0.25),#1087)QUALIFIED_REPRESENTATION_ITEM((#1223))REPRESENTATION_ITEM(''));
/*   1303 */ #1223=TYPE_QUALIFIER('minimum');
/*   1304 */ #1224=(LENGTH_MEASURE_WITH_UNIT()MEASURE_REPRESENTATION_ITEM()MEASURE_WITH_UNIT(LENGTH_MEASURE(
/*   1305 */      0.35),#1087)QUALIFIED_REPRESENTATION_ITEM((#1225))REPRESENTATION_ITEM(''));
/*   1306 */ #1225=TYPE_QUALIFIER('maximum');
/*   1307 */ #1226=DIMENSIONAL_SIZE(#1227,'length');
/*   1308 */ #1227=(COMPOSITE_SHAPE_ASPECT()COMPOSITE_UNIT_SHAPE_ASPECT()SHAPE_ASPECT($,'feature of size',
/*   1309 */      #3,.T.)SYMMETRIC_SHAPE_ASPECT());
/*   1310 */ #1228=ID_ATTRIBUTE('dim D2 feature of size',#1227);
/*   1311 */ #1229=SHAPE_ASPECT_RELATIONSHIP('',$,#1227,#1018);
/*   1312 */ #1230=SHAPE_ASPECT_RELATIONSHIP('',$,#1227,#1048);
/*   1313 */ #1231=DIMENSIONAL_CHARACTERISTIC_REPRESENTATION(#1226,#1232);
/*   1314 */ #1232=SHAPE_DIMENSION_REPRESENTATION('',(#1234,#1236,#1238),#1084);
/*   1315 */ #1233=ID_ATTRIBUTE('D2',#1232);
/*   1316 */ #1234=(LENGTH_MEASURE_WITH_UNIT()MEASURE_REPRESENTATION_ITEM()MEASURE_WITH_UNIT(LENGTH_MEASURE(
/*   1317 */      1.25),#1087)QUALIFIED_REPRESENTATION_ITEM((#1235))REPRESENTATION_ITEM(''));
/*   1318 */ #1235=TYPE_QUALIFIER('maximum');
/*   1319 */ #1236=(LENGTH_MEASURE_WITH_UNIT()MEASURE_REPRESENTATION_ITEM()MEASURE_WITH_UNIT(LENGTH_MEASURE(
/*   1320 */      0.7),#1087)QUALIFIED_REPRESENTATION_ITEM((#1237))REPRESENTATION_ITEM(''));
/*   1321 */ #1237=TYPE_QUALIFIER('average');
/*   1322 */ #1238=(LENGTH_MEASURE_WITH_UNIT()MEASURE_REPRESENTATION_ITEM()MEASURE_WITH_UNIT(LENGTH_MEASURE(
/*   1323 */      0.25),#1087)QUALIFIED_REPRESENTATION_ITEM((#1239))REPRESENTATION_ITEM(''));
/*   1324 */ #1239=TYPE_QUALIFIER('minimum');
/*   1325 */ #1240=CENTRE_OF_SYMMETRY('centre plane',$,#3,.F.);
/*   1326 */ #1241=ID_ATTRIBUTE('dim D2 centre_of_symmetry',#1240);
/*   1327 */ #1242=PLANE('',#1243);
/*   1328 */ #1243=AXIS2_PLACEMENT_3D('',#1244,#1245,#1246);
/*   1329 */ #1244=CARTESIAN_POINT('',(0.0,0.0,0.0));
/*   1330 */ #1245=DIRECTION('',(1.0,0.0,0.0));
/*   1331 */ #1246=DIRECTION('',(0.0,1.0,0.0));
/*   1332 */ #1247=GEOMETRIC_ITEM_SPECIFIC_USAGE('',$,#1240,#1115,#1242);
/*   1333 */ #1248=SHAPE_ASPECT_DERIVING_RELATIONSHIP('',$,#1240,#1227);
/*   1334 */ #1249=(GEOMETRIC_TOLERANCE('dim D2 center position',$,#1254,#1240)
/*   1335 */      GEOMETRIC_TOLERANCE_WITH_DATUM_REFERENCE((#1250))
/*   1336 */      MODIFIED_GEOMETRIC_TOLERANCE(.LEAST_MATERIAL_CONDITION.)
/*   1337 */      POSITION_TOLERANCE());
/*   1338 */ #1250=DATUM_SYSTEM('datum system of dim D2 center position',$,#3,.F.,(#1251,#1252,
/*   1339 */      #1253));
/*   1340 */ #1251=DATUM_REFERENCE_COMPARTMENT('dim D2 center position C',$,#3,.F.,#1119,(SIMPLE_DATUM_REFERENCE_MODIFIER(
/*   1341 */      .MAXIMUM_MATERIAL_REQUIREMENT.)));
/*   1342 */ #1252=DATUM_REFERENCE_COMPARTMENT('dim D2 center position B',$,#3,.F.,#1100,$);
/*   1343 */ #1253=DATUM_REFERENCE_COMPARTMENT('dim D2 center position A',$,#3,.F.,#1089,$);
/*   1344 */ #1254=LENGTH_MEASURE_WITH_UNIT(LENGTH_MEASURE(0.1),#1087);
/*   1345 */ #1255=DIMENSIONAL_SIZE(#1256,'length');
/*   1346 */ #1256=(COMPOSITE_SHAPE_ASPECT()COMPOSITE_UNIT_SHAPE_ASPECT()SHAPE_ASPECT($,'feature of size',
/*   1347 */      #3,.T.)SYMMETRIC_SHAPE_ASPECT());
/*   1348 */ #1257=ID_ATTRIBUTE('dim E2 feature of size',#1256);
/*   1349 */ #1258=SHAPE_ASPECT_RELATIONSHIP('',$,#1256,#1063);
/*   1350 */ #1259=SHAPE_ASPECT_RELATIONSHIP('',$,#1256,#1033);
/*   1351 */ #1260=DIMENSIONAL_CHARACTERISTIC_REPRESENTATION(#1255,#1261);
/*   1352 */ #1261=SHAPE_DIMENSION_REPRESENTATION('',(#1263,#1265,#1267),#1084);
/*   1353 */ #1262=ID_ATTRIBUTE('E2',#1261);
/*   1354 */ #1263=(LENGTH_MEASURE_WITH_UNIT()MEASURE_REPRESENTATION_ITEM()MEASURE_WITH_UNIT(LENGTH_MEASURE(
/*   1355 */      0.7),#1087)QUALIFIED_REPRESENTATION_ITEM((#1264))REPRESENTATION_ITEM(''));
/*   1356 */ #1264=TYPE_QUALIFIER('average');
/*   1357 */ #1265=(LENGTH_MEASURE_WITH_UNIT()MEASURE_REPRESENTATION_ITEM()MEASURE_WITH_UNIT(LENGTH_MEASURE(
/*   1358 */      0.25),#1087)QUALIFIED_REPRESENTATION_ITEM((#1266))REPRESENTATION_ITEM(''));
/*   1359 */ #1266=TYPE_QUALIFIER('minimum');
/*   1360 */ #1267=(LENGTH_MEASURE_WITH_UNIT()MEASURE_REPRESENTATION_ITEM()MEASURE_WITH_UNIT(LENGTH_MEASURE(
/*   1361 */      1.25),#1087)QUALIFIED_REPRESENTATION_ITEM((#1268))REPRESENTATION_ITEM(''));
/*   1362 */ #1268=TYPE_QUALIFIER('maximum');
/*   1363 */ #1269=CENTRE_OF_SYMMETRY('centre plane',$,#3,.F.);
/*   1364 */ #1270=ID_ATTRIBUTE('dim E2 centre_of_symmetry',#1269);
/*   1365 */ #1271=PLANE('',#1272);
/*   1366 */ #1272=AXIS2_PLACEMENT_3D('',#1273,#1274,#1275);
/*   1367 */ #1273=CARTESIAN_POINT('',(0.0,0.0,0.0));
/*   1368 */ #1274=DIRECTION('',(0.0,1.0,0.0));
/*   1369 */ #1275=DIRECTION('',(1.0,0.0,0.0));
/*   1370 */ #1276=GEOMETRIC_ITEM_SPECIFIC_USAGE('',$,#1269,#1115,#1271);
/*   1371 */ #1277=SHAPE_ASPECT_DERIVING_RELATIONSHIP('',$,#1269,#1256);
/*   1372 */ #1278=(GEOMETRIC_TOLERANCE('dim E2 center position',$,#1283,#1269)
/*   1373 */      GEOMETRIC_TOLERANCE_WITH_DATUM_REFERENCE((#1279))
/*   1374 */      MODIFIED_GEOMETRIC_TOLERANCE(.LEAST_MATERIAL_CONDITION.)
/*   1375 */      POSITION_TOLERANCE());
/*   1376 */ #1279=DATUM_SYSTEM('datum system of dim E2 center position',$,#3,.F.,(#1280,#1281,
/*   1377 */      #1282));
/*   1378 */ #1280=DATUM_REFERENCE_COMPARTMENT('dim E2 center position C',$,#3,.F.,#1119,(SIMPLE_DATUM_REFERENCE_MODIFIER(
/*   1379 */      .MAXIMUM_MATERIAL_REQUIREMENT.)));
/*   1380 */ #1281=DATUM_REFERENCE_COMPARTMENT('dim E2 center position B',$,#3,.F.,#1100,$);
/*   1381 */ #1282=DATUM_REFERENCE_COMPARTMENT('dim E2 center position A',$,#3,.F.,#1089,$);
/*   1382 */ #1283=LENGTH_MEASURE_WITH_UNIT(LENGTH_MEASURE(0.1),

------------------------------------------------------------------------------------------------
 Operation terminated successfully.
------------------------------------------------------------------------------------------------

