

/******************************************************************************************
* ReadStepFile diagnostics.
* Date:                           Thu Jul 18 16:48:27 2013
* Produced by:                    The EXPRESS Data Manager Version 5.01.0100.103 : 1 Nov 2012
* Module:                         EDMstepFileFactory/EDMstandAlone
* Host:                           tom8dd8
* Database:                       C:\Temp\edm_2012\2012_08
* Database version:               5207
* Database creation date:         Fri Aug 10 08:09:20 2012
* Model to populate:              DataRepository.TO-236_AA_with_gdt
* Header model to populate:       
* Step file name:                 Z:\Documents\2011\NIST AP210 GD&T Deliverables 9-30-11 - models and report\AP210 Package Models and JEDEC Documents_2013_june_update\TO-236_AA_with_gdt.stp
* EDMuser:                        sdai-user
* EDMgroup:                       sdai-group
* License ID and type:            4858 : Education license. Expiry date: 14 Mar 2016
* EDMstepFileFactory options:     0201000100
******************************************************************************************/
/*      1 */ ISO-10303-21;
/*      2 */ HEADER;
/*      3 */ /* Generated by software containing
/*      4 */  * JSDAI (TM) from LKSoft (www.lksoft.com, www.jsdai.net)
/*      5 */  * JSDAI Runtime Version 4.0.0 (Build 270, 2010-02-16T15:19:10)
/*      6 */  */
/*      7 */ FILE_DESCRIPTION(
/*      8 */ /* description */ ('AP210 Package Model'),
/*      9 */ /* implementation_level */ '2;1');
/*     10 */ FILE_NAME(
/*     11 */ /* name */ 'TO-236_AA_annotation_pin_all.stp',
/*     12 */ /* time_stamp */ '2011-09-04T21:24:17',
/*     13 */ /* author */ (''),
/*     14 */ /* organization */ (''),
/*     15 */ /* preprocessor_version */ '',
/*     16 */ /* originating_system */ '',
/*     17 */ /* authorization */ '');
/*     18 */ FILE_SCHEMA(('AP210_ELECTRONIC_ASSEMBLY_INTERCONNECT_AND_PACKAGING_DESIGN_MIM_LF'));
/*     19 */ ENDSEC;
/*     20 */ DATA;
/*     21 */ #1=DIMENSIONAL_EXPONENTS(1.0,0.0,0.0,0.0,0.0,0.0,0.0);
/*     22 */ #2=(LENGTH_UNIT()NAMED_UNIT(*)SI_UNIT(.MILLI.,.METRE.));
/*     23 */ #3=PACKAGE('',$,#789,#786,'TO-236_AA',$,*);
/*     24 */ #4=DIRECTION('',(1.0,0.0));
/*     25 */ #5=CARTESIAN_POINT('',(0.0,0.0));
/*     26 */ #6=AXIS2_PLACEMENT_2D('csys2d',#5,#4);
/*     27 */ #7=SHAPE_REPRESENTATION('global 2d representation',(#6),#13);
/*     28 */ #8=(NAMED_UNIT(*)SI_UNIT($,.STERADIAN.)SOLID_ANGLE_UNIT());
/*     29 */ #9=(NAMED_UNIT(*)PLANE_ANGLE_UNIT()SI_UNIT($,.RADIAN.));
/*     30 */ #10=UNCERTAINTY_MEASURE_WITH_UNIT(LENGTH_MEASURE(0.01),#2,'',$);
/*     31 */ #11=UNCERTAINTY_MEASURE_WITH_UNIT(SOLID_ANGLE_MEASURE(0.0010),#8,'',$);
/*     32 */ #12=UNCERTAINTY_MEASURE_WITH_UNIT(PLANE_ANGLE_MEASURE(0.0010),#9,'',$);
/*     33 */ #13=(GEOMETRIC_REPRESENTATION_CONTEXT(2)GLOBAL_UNCERTAINTY_ASSIGNED_CONTEXT((#10,
/*     34 */      #11,#12))GLOBAL_UNIT_ASSIGNED_CONTEXT((#2,#8,#9))REPRESENTATION_CONTEXT('unit_context2D',
/*     35 */      'unit_context2D'));
/*     36 */ #14=CARTESIAN_POINT('',(0.0,-0.475,0.0));
/*     37 */ #15=DIRECTION('',(0.0,1.0,0.0));
/*     38 */ #16=DIRECTION('',(1.0,0.0,0.0));
/*     39 */ #17=AXIS2_PLACEMENT_3D('',#14,#15,#16);
/*     40 */ #18=PLANE('',#17);
/*     41 */ #19=CARTESIAN_POINT('',(-1.408442884825,-0.475,-0.6084428848252));
/*     42 */ #20=VERTEX_POINT('',#19);
/*     43 */ #21=CARTESIAN_POINT('',(1.408442884825,-0.475,-0.6084428848252));
/*     44 */ #22=VERTEX_POINT('',#21);
/*     45 */ #23=CARTESIAN_POINT('',(-1.408442884825,-0.475,-0.6084428848252));
/*     46 */ #24=DIRECTION('',(1.0,0.0,0.0));
/*     47 */ #25=VECTOR('',#24,1.0);
/*     48 */ #26=LINE('',#23,#25);
/*     49 */ #27=EDGE_CURVE('',#20,#22,#26,.T.);
/*     50 */ #28=ORIENTED_EDGE('',*,*,#27,.F.);
/*     51 */ #29=CARTESIAN_POINT('',(-1.408442884825,-0.475,0.6084428848252));
/*     52 */ #30=VERTEX_POINT('',#29);
/*     53 */ #31=CARTESIAN_POINT('',(-1.408442884825,-0.475,0.6084428848252));
/*     54 */ #32=DIRECTION('',(0.0,0.0,-1.0));
/*     55 */ #33=VECTOR('',#32,1.0);
/*     56 */ #34=LINE('',#31,#33);
/*     57 */ #35=EDGE_CURVE('',#30,#20,#34,.T.);
/*     58 */ #36=ORIENTED_EDGE('',*,*,#35,.F.);
/*     59 */ #37=CARTESIAN_POINT('',(1.408442884825,-0.475,0.6084428848252));
/*     60 */ #38=VERTEX_POINT('',#37);
/*     61 */ #39=CARTESIAN_POINT('',(1.408442884825,-0.475,0.6084428848252));
/*     62 */ #40=DIRECTION('',(-1.0,0.0,0.0));
/*     63 */ #41=VECTOR('',#40,1.0);
/*     64 */ #42=LINE('',#39,#41);
/*     65 */ #43=EDGE_CURVE('',#38,#30,#42,.T.);
/*     66 */ #44=ORIENTED_EDGE('',*,*,#43,.F.);
/*     67 */ #45=CARTESIAN_POINT('',(1.408442884825,-0.475,-0.6084428848252));
/*     68 */ #46=DIRECTION('',(0.0,0.0,1.0));
/*     69 */ #47=VECTOR('',#46,1.0);
/*     70 */ #48=LINE('',#45,#47);
/*     71 */ #49=EDGE_CURVE('',#22,#38,#48,.T.);
/*     72 */ #50=ORIENTED_EDGE('',*,*,#49,.F.);
/*     73 */ #51=EDGE_LOOP('',(#28,#36,#44,#50));
/*     74 */ #52=FACE_BOUND('',#51,.F.);
/*     75 */ #53=ADVANCED_FACE('',(#52),#18,.F.);
/*     76 */ #54=CARTESIAN_POINT('',(0.0,-0.2375,-0.6292214424126));
/*     77 */ #55=DIRECTION('',(0.0,-0.0871557427476639,-0.996194698091745));
/*     78 */ #56=DIRECTION('',(0.0,0.996194698091745,-0.0871557427476639));
/*     79 */ #57=AXIS2_PLACEMENT_3D('',#54,#55,#56);
/*     80 */ #58=PLANE('',#57);
/*     81 */ #59=CARTESIAN_POINT('',(-1.45,0.0,-0.65));
/*     82 */ #60=VERTEX_POINT('',#59);
/*     83 */ #61=CARTESIAN_POINT('',(1.45,0.0,-0.65));
/*     84 */ #62=VERTEX_POINT('',#61);
/*     85 */ #63=CARTESIAN_POINT('',(-1.45,0.0,-0.65));
/*     86 */ #64=DIRECTION('',(1.0,0.0,0.0));
/*     87 */ #65=VECTOR('',#64,1.0);
/*     88 */ #66=LINE('',#63,#65);
/*     89 */ #67=EDGE_CURVE('',#60,#62,#66,.T.);
/*     90 */ #68=ORIENTED_EDGE('',*,*,#67,.F.);
/*     91 */ #69=CARTESIAN_POINT('',(-1.45,0.0,-0.65));
/*     92 */ #70=DIRECTION('',(0.0868265938642471,-0.992432509138967,0.0868265938642471));
/*     93 */ #71=VECTOR('',#70,1.0);
/*     94 */ #72=LINE('',#69,#71);
/*     95 */ #73=EDGE_CURVE('',#60,#20,#72,.T.);
/*     96 */ #74=ORIENTED_EDGE('',*,*,#73,.T.);
/*     97 */ #75=ORIENTED_EDGE('',*,*,#27,.T.);
/*     98 */ #76=CARTESIAN_POINT('',(1.408442884825,-0.475,-0.6084428848252));
/*     99 */ #77=DIRECTION('',(0.0868265938642471,0.992432509138967,-0.0868265938642471));
/*    100 */ #78=VECTOR('',#77,1.0);
/*    101 */ #79=LINE('',#76,#78);
/*    102 */ #80=EDGE_CURVE('',#22,#62,#79,.T.);
/*    103 */ #81=ORIENTED_EDGE('',*,*,#80,.T.);
/*    104 */ #82=EDGE_LOOP('',(#68,#74,#75,#81));
/*    105 */ #83=FACE_BOUND('',#82,.F.);
/*    106 */ #84=ADVANCED_FACE('',(#83),#58,.T.);
/*    107 */ #85=CARTESIAN_POINT('',(1.45,-0.475,-0.65));
/*    108 */ #86=DIRECTION('',(0.0,0.0,-1.0));
/*    109 */ #87=DIRECTION('',(-1.0,0.0,0.0));
/*    110 */ #88=AXIS2_PLACEMENT_3D('',#85,#86,#87);
/*    111 */ #89=PLANE('',#88);
/*    112 */ #90=ORIENTED_EDGE('',*,*,#67,.T.);
/*    113 */ #91=CARTESIAN_POINT('',(1.45,0.12,-0.65));
/*    114 */ #92=VERTEX_POINT('',#91);
/*    115 */ #93=CARTESIAN_POINT('',(1.45,0.0,-0.65));
/*    116 */ #94=DIRECTION('',(0.0,1.0,0.0));
/*    117 */ #95=VECTOR('',#94,1.0);
/*    118 */ #96=LINE('',#93,#95);
/*    119 */ #97=EDGE_CURVE('',#62,#92,#96,.T.);
/*    120 */ #98=ORIENTED_EDGE('',*,*,#97,.T.);
/*    121 */ #99=CARTESIAN_POINT('',(-1.45,0.12,-0.65));
/*    122 */ #100=VERTEX_POINT('',#99);
/*    123 */ #101=CARTESIAN_POINT('',(1.45,0.12,-0.65));
/*    124 */ #102=DIRECTION('',(-1.0,0.0,0.0));
/*    125 */ #103=VECTOR('',#102,1.0);
/*    126 */ #104=LINE('',#101,#103);
/*    127 */ #105=EDGE_CURVE('',#92,#100,#104,.T.);
/*    128 */ #106=ORIENTED_EDGE('',*,*,#105,.T.);
/*    129 */ #107=CARTESIAN_POINT('',(-1.45,0.0,-0.65));
/*    130 */ #108=DIRECTION('',(0.0,1.0,0.0));
/*    131 */ #109=VECTOR('',#108,1.0);
/*    132 */ #110=LINE('',#107,#109);
/*    133 */ #111=EDGE_CURVE('',#60,#100,#110,.T.);
/*    134 */ #112=ORIENTED_EDGE('',*,*,#111,.F.);
/*    135 */ #113=EDGE_LOOP('',(#90,#98,#106,#112));
/*    136 */ #114=FACE_BOUND('',#113,.F.);
/*    137 */ #115=ADVANCED_FACE('',(#114),#89,.T.);
/*    138 */ #116=CARTESIAN_POINT('',(1.45,-0.475,0.65));
/*    139 */ #117=DIRECTION('',(1.0,0.0,0.0));
/*    140 */ #118=DIRECTION('',(0.0,0.0,-1.0));
/*    141 */ #119=AXIS2_PLACEMENT_3D('',#116,#117,#118);
/*    142 */ #120=PLANE('',#119);
/*    143 */ #121=CARTESIAN_POINT('',(1.45,0.0,0.65));
/*    144 */ #122=VERTEX_POINT('',#121);
/*    145 */ #123=CARTESIAN_POINT('',(1.45,0.0,-0.65));
/*    146 */ #124=DIRECTION('',(0.0,0.0,1.0));
/*    147 */ #125=VECTOR('',#124,1.0);
/*    148 */ #126=LINE('',#123,#125);
/*    149 */ #127=EDGE_CURVE('',#62,#122,#126,.T.);
/*    150 */ #128=ORIENTED_EDGE('',*,*,#127,.T.);
/*    151 */ #129=CARTESIAN_POINT('',(1.45,0.12,0.65));
/*    152 */ #130=VERTEX_POINT('',#129);
/*    153 */ #131=CARTESIAN_POINT('',(1.45,0.0,0.65));
/*    154 */ #132=DIRECTION('',(0.0,1.0,0.0));
/*    155 */ #133=VECTOR('',#132,1.0);
/*    156 */ #134=LINE('',#131,#133);
/*    157 */ #135=EDGE_CURVE('',#122,#130,#134,.T.);
/*    158 */ #136=ORIENTED_EDGE('',*,*,#135,.T.);
/*    159 */ #137=CARTESIAN_POINT('',(1.45,0.12,0.65));
/*    160 */ #138=DIRECTION('',(0.0,0.0,-1.0));
/*    161 */ #139=VECTOR('',#138,1.0);
/*    162 */ #140=LINE('',#137,#139);
/*    163 */ #141=EDGE_CURVE('',#130,#92,#140,.T.);
/*    164 */ #142=ORIENTED_EDGE('',*,*,#141,.T.);
/*    165 */ #143=ORIENTED_EDGE('',*,*,#97,.F.);
/*    166 */ #144=EDGE_LOOP('',(#128,#136,#142,#143));
/*    167 */ #145=FACE_BOUND('',#144,.F.);
/*    168 */ #146=ADVANCED_FACE('',(#145),#120,.T.);
/*    169 */ #147=CARTESIAN_POINT('',(1.429221442413,-0.2375,0.0));
/*    170 */ #148=DIRECTION('',(0.996194698091745,-0.0871557427476639,0.0));
/*    171 */ #149=DIRECTION('',(0.0871557427476639,0.996194698091745,0.0));
/*    172 */ #150=AXIS2_PLACEMENT_3D('',#147,#148,#149);
/*    173 */ #151=PLANE('',#150);
/*    174 */ #152=ORIENTED_EDGE('',*,*,#49,.T.);
/*    175 */ #153=CARTESIAN_POINT('',(1.45,0.0,0.65));
/*    176 */ #154=DIRECTION('',(-0.0868265938642471,-0.992432509138967,-0.0868265938642471));
/*    177 */ #155=VECTOR('',#154,1.0);
/*    178 */ #156=LINE('',#153,#155);
/*    179 */ #157=EDGE_CURVE('',#122,#38,#156,.T.);
/*    180 */ #158=ORIENTED_EDGE('',*,*,#157,.F.);
/*    181 */ #159=ORIENTED_EDGE('',*,*,#127,.F.);
/*    182 */ #160=ORIENTED_EDGE('',*,*,#80,.F.);
/*    183 */ #161=EDGE_LOOP('',(#152,#158,#159,#160));
/*    184 */ #162=FACE_BOUND('',#161,.F.);
/*    185 */ #163=ADVANCED_FACE('',(#162),#151,.T.);
/*    186 */ #164=CARTESIAN_POINT('',(0.0,-0.2375,0.6292214424126));
/*    187 */ #165=DIRECTION('',(0.0,-0.0871557427476639,0.996194698091745));
/*    188 */ #166=DIRECTION('',(0.0,0.996194698091745,0.0871557427476639));
/*    189 */ #167=AXIS2_PLACEMENT_3D('',#164,#165,#166);
/*    190 */ #168=PLANE('',#167);
/*    191 */ #169=ORIENTED_EDGE('',*,*,#43,.T.);
/*    192 */ #170=CARTESIAN_POINT('',(-1.45,0.0,0.65));
/*    193 */ #171=VERTEX_POINT('',#170);
/*    194 */ #172=CARTESIAN_POINT('',(-1.45,0.0,0.65));
/*    195 */ #173=DIRECTION('',(0.0868265938642471,-0.992432509138967,-0.0868265938642471));
/*    196 */ #174=VECTOR('',#173,1.0);
/*    197 */ #175=LINE('',#172,#174);
/*    198 */ #176=EDGE_CURVE('',#171,#30,#175,.T.);
/*    199 */ #177=ORIENTED_EDGE('',*,*,#176,.F.);
/*    200 */ #178=CARTESIAN_POINT('',(1.45,0.0,0.65));
/*    201 */ #179=DIRECTION('',(-1.0,0.0,0.0));
/*    202 */ #180=VECTOR('',#179,1.0);
/*    203 */ #181=LINE('',#178,#180);
/*    204 */ #182=EDGE_CURVE('',#122,#171,#181,.T.);
/*    205 */ #183=ORIENTED_EDGE('',*,*,#182,.F.);
/*    206 */ #184=ORIENTED_EDGE('',*,*,#157,.T.);
/*    207 */ #185=EDGE_LOOP('',(#169,#177,#183,#184));
/*    208 */ #186=FACE_BOUND('',#185,.F.);
/*    209 */ #187=ADVANCED_FACE('',(#186),#168,.T.);
/*    210 */ #188=CARTESIAN_POINT('',(-1.429221442413,-0.2375,0.0));
/*    211 */ #189=DIRECTION('',(-0.996194698091745,-0.0871557427476639,0.0));
/*    212 */ #190=DIRECTION('',(-0.0871557427476639,0.996194698091745,0.0));
/*    213 */ #191=AXIS2_PLACEMENT_3D('',#188,#189,#190);
/*    214 */ #192=PLANE('',#191);
/*    215 */ #193=CARTESIAN_POINT('',(-1.45,0.0,0.65));
/*    216 */ #194=DIRECTION('',(0.0,0.0,-1.0));
/*    217 */ #195=VECTOR('',#194,1.0);
/*    218 */ #196=LINE('',#193,#195);
/*    219 */ #197=EDGE_CURVE('',#171,#60,#196,.T.);
/*    220 */ #198=ORIENTED_EDGE('',*,*,#197,.F.);
/*    221 */ #199=ORIENTED_EDGE('',*,*,#176,.T.);
/*    222 */ #200=ORIENTED_EDGE('',*,*,#35,.T.);
/*    223 */ #201=ORIENTED_EDGE('',*,*,#73,.F.);
/*    224 */ #202=EDGE_LOOP('',(#198,#199,#200,#201));
/*    225 */ #203=FACE_BOUND('',#202,.F.);
/*    226 */ #204=ADVANCED_FACE('',(#203),#192,.T.);
/*    227 */ #205=CARTESIAN_POINT('',(-1.45,-0.475,-0.65));
/*    228 */ #206=DIRECTION('',(-1.0,0.0,0.0));
/*    229 */ #207=DIRECTION('',(0.0,0.0,1.0));
/*    230 */ #208=AXIS2_PLACEMENT_3D('',#205,#206,#207);
/*    231 */ #209=PLANE('',#208);
/*    232 */ #210=ORIENTED_EDGE('',*,*,#197,.T.);
/*    233 */ #211=ORIENTED_EDGE('',*,*,#111,.T.);
/*    234 */ #212=CARTESIAN_POINT('',(-1.45,0.12,0.65));
/*    235 */ #213=VERTEX_POINT('',#212);
/*    236 */ #214=CARTESIAN_POINT('',(-1.45,0.12,-0.65));
/*    237 */ #215=DIRECTION('',(0.0,0.0,1.0));
/*    238 */ #216=VECTOR('',#215,1.0);
/*    239 */ #217=LINE('',#214,#216);
/*    240 */ #218=EDGE_CURVE('',#100,#213,#217,.T.);
/*    241 */ #219=ORIENTED_EDGE('',*,*,#218,.T.);
/*    242 */ #220=CARTESIAN_POINT('',(-1.45,0.0,0.65));
/*    243 */ #221=DIRECTION('',(0.0,1.0,0.0));
/*    244 */ #222=VECTOR('',#221,1.0);
/*    245 */ #223=LINE('',#220,#222);
/*    246 */ #224=EDGE_CURVE('',#171,#213,#223,.T.);
/*    247 */ #225=ORIENTED_EDGE('',*,*,#224,.F.);
/*    248 */ #226=EDGE_LOOP('',(#210,#211,#219,#225));
/*    249 */ #227=FACE_BOUND('',#226,.F.);
/*    250 */ #228=ADVANCED_FACE('',(#227),#209,.T.);
/*    251 */ #229=CARTESIAN_POINT('',(-1.45,0.12,-0.65));
/*    252 */ #230=DIRECTION('',(-0.996194698091745,0.0871557427476639,0.0));
/*    253 */ #231=DIRECTION('',(0.0,0.0,1.0));
/*    254 */ #232=AXIS2_PLACEMENT_3D('',#229,#230,#231);
/*    255 */ #233=PLANE('',#232);
/*    256 */ #234=CARTESIAN_POINT('',(-1.408442884825,0.595,0.6084428848252));
/*    257 */ #235=VERTEX_POINT('',#234);
/*    258 */ #236=CARTESIAN_POINT('',(-1.408442884825,0.595,-0.6084428848252));
/*    259 */ #237=VERTEX_POINT('',#236);
/*    260 */ #238=CARTESIAN_POINT('',(-1.408442884825,0.595,0.6084428848252));
/*    261 */ #239=DIRECTION('',(0.0,0.0,-1.0));
/*    262 */ #240=VECTOR('',#239,1.0);
/*    263 */ #241=LINE('',#238,#240);
/*    264 */ #242=EDGE_CURVE('',#235,#237,#241,.T.);
/*    265 */ #243=ORIENTED_EDGE('',*,*,#242,.F.);
/*    266 */ #244=CARTESIAN_POINT('',(-1.45,0.12,0.65));
/*    267 */ #245=DIRECTION('',(0.0868265938642471,0.992432509138967,-0.0868265938642471));
/*    268 */ #246=VECTOR('',#245,1.0);
/*    269 */ #247=LINE('',#244,#246);
/*    270 */ #248=EDGE_CURVE('',#213,#235,#247,.T.);
/*    271 */ #249=ORIENTED_EDGE('',*,*,#248,.F.);
/*    272 */ #250=ORIENTED_EDGE('',*,*,#218,.F.);
/*    273 */ #251=CARTESIAN_POINT('',(-1.45,0.12,-0.65));
/*    274 */ #252=DIRECTION('',(0.0868265938642471,0.992432509138967,0.0868265938642471));
/*    275 */ #253=VECTOR('',#252,1.0);
/*    276 */ #254=LINE('',#251,#253);
/*    277 */ #255=EDGE_CURVE('',#100,#237,#254,.T.);
/*    278 */ #256=ORIENTED_EDGE('',*,*,#255,.T.);
/*    279 */ #257=EDGE_LOOP('',(#243,#249,#250,#256));
/*    280 */ #258=FACE_BOUND('',#257,.F.);
/*    281 */ #259=ADVANCED_FACE('',(#258),#233,.T.);
/*    282 */ #260=CARTESIAN_POINT('',(0.0,0.595,0.0));
/*    283 */ #261=DIRECTION('',(0.0,1.0,0.0));
/*    284 */ #262=DIRECTION('',(1.0,0.0,0.0));
/*    285 */ #263=AXIS2_PLACEMENT_3D('',#260,#261,#262);
/*    286 */ #264=PLANE('',#263);
/*    287 */ #265=ORIENTED_EDGE('',*,*,#242,.T.);
/*    288 */ #266=CARTESIAN_POINT('',(1.408442884825,0.595,-0.6084428848252));
/*    289 */ #267=VERTEX_POINT('',#266);
/*    290 */ #268=CARTESIAN_POINT('',(-1.408442884825,0.595,-0.6084428848252));
/*    291 */ #269=DIRECTION('',(1.0,0.0,0.0));
/*    292 */ #270=VECTOR('',#269,1.0);
/*    293 */ #271=LINE('',#268,#270);
/*    294 */ #272=EDGE_CURVE('',#237,#267,#271,.T.);
/*    295 */ #273=ORIENTED_EDGE('',*,*,#272,.T.);
/*    296 */ #274=CARTESIAN_POINT('',(1.408442884825,0.595,0.6084428848252));
/*    297 */ #275=VERTEX_POINT('',#274);
/*    298 */ #276=CARTESIAN_POINT('',(1.408442884825,0.595,0.6084428848252));
/*    299 */ #277=DIRECTION('',(0.0,0.0,-1.0));
/*    300 */ #278=VECTOR('',#277,1.0);
/*    301 */ #279=LINE('',#276,#278);
/*    302 */ #280=EDGE_CURVE('',#275,#267,#279,.T.);
/*    303 */ #281=ORIENTED_EDGE('',*,*,#280,.F.);
/*    304 */ #282=CARTESIAN_POINT('',(-1.408442884825,0.595,0.6084428848252));
/*    305 */ #283=DIRECTION('',(1.0,0.0,0.0));
/*    306 */ #284=VECTOR('',#283,1.0);
/*    307 */ #285=LINE('',#282,#284);
/*    308 */ #286=EDGE_CURVE('',#235,#275,#285,.T.);
/*    309 */ #287=ORIENTED_EDGE('',*,*,#286,.F.);
/*    310 */ #288=EDGE_LOOP('',(#265,#273,#281,#287));
/*    311 */ #289=FACE_BOUND('',#288,.F.);
/*    312 */ #290=ADVANCED_FACE('',(#289),#264,.T.);
/*    313 */ #291=CARTESIAN_POINT('',(1.45,0.12,-0.65));
/*    314 */ #292=DIRECTION('',(0.0,0.0871557427476639,-0.996194698091745));
/*    315 */ #293=DIRECTION('',(-1.0,0.0,0.0));
/*    316 */ #294=AXIS2_PLACEMENT_3D('',#291,#292,#293);
/*    317 */ #295=PLANE('',#294);
/*    318 */ #296=ORIENTED_EDGE('',*,*,#272,.F.);
/*    319 */ #297=ORIENTED_EDGE('',*,*,#255,.F.);
/*    320 */ #298=ORIENTED_EDGE('',*,*,#105,.F.);
/*    321 */ #299=CARTESIAN_POINT('',(1.45,0.12,-0.65));
/*    322 */ #300=DIRECTION('',(-0.0868265938642471,0.992432509138967,0.0868265938642471));
/*    323 */ #301=VECTOR('',#300,1.0);
/*    324 */ #302=LINE('',#299,#301);
/*    325 */ #303=EDGE_CURVE('',#92,#267,#302,.T.);
/*    326 */ #304=ORIENTED_EDGE('',*,*,#303,.T.);
/*    327 */ #305=EDGE_LOOP('',(#296,#297,#298,#304));
/*    328 */ #306=FACE_BOUND('',#305,.F.);
/*    329 */ #307=ADVANCED_FACE('',(#306),#295,.T.);
/*    330 */ #308=CARTESIAN_POINT('',(1.45,0.12,0.65));
/*    331 */ #309=DIRECTION('',(0.996194698091745,0.0871557427476639,0.0));
/*    332 */ #310=DIRECTION('',(0.0,0.0,-1.0));
/*    333 */ #311=AXIS2_PLACEMENT_3D('',#308,#309,#310);
/*    334 */ #312=PLANE('',#311);
/*    335 */ #313=ORIENTED_EDGE('',*,*,#280,.T.);
/*    336 */ #314=ORIENTED_EDGE('',*,*,#303,.F.);
/*    337 */ #315=ORIENTED_EDGE('',*,*,#141,.F.);
/*    338 */ #316=CARTESIAN_POINT('',(1.45,0.12,0.65));
/*    339 */ #317=DIRECTION('',(-0.0868265938642471,0.992432509138967,-0.0868265938642471));
/*    340 */ #318=VECTOR('',#317,1.0);
/*    341 */ #319=LINE('',#316,#318);
/*    342 */ #320=EDGE_CURVE('',#130,#275,#319,.T.);
/*    343 */ #321=ORIENTED_EDGE('',*,*,#320,.T.);
/*    344 */ #322=EDGE_LOOP('',(#313,#314,#315,#321));
/*    345 */ #323=FACE_BOUND('',#322,.F.);
/*    346 */ #324=ADVANCED_FACE('',(#323),#312,.T.);
/*    347 */ #325=CARTESIAN_POINT('',(-1.45,0.12,0.65));
/*    348 */ #326=DIRECTION('',(0.0,0.0871557427476639,0.996194698091745));
/*    349 */ #327=DIRECTION('',(1.0,0.0,-0.0));
/*    350 */ #328=AXIS2_PLACEMENT_3D('',#325,#326,#327);
/*    351 */ #329=PLANE('',#328);
/*    352 */ #330=ORIENTED_EDGE('',*,*,#286,.T.);
/*    353 */ #331=ORIENTED_EDGE('',*,*,#320,.F.);
/*    354 */ #332=CARTESIAN_POINT('',(-1.45,0.12,0.65));
/*    355 */ #333=DIRECTION('',(1.0,0.0,0.0));
/*    356 */ #334=VECTOR('',#333,1.0);
/*    357 */ #335=LINE('',#332,#334);
/*    358 */ #336=EDGE_CURVE('',#213,#130,#335,.T.);
/*    359 */ #337=ORIENTED_EDGE('',*,*,#336,.F.);
/*    360 */ #338=ORIENTED_EDGE('',*,*,#248,.T.);
/*    361 */ #339=EDGE_LOOP('',(#330,#331,#337,#338));
/*    362 */ #340=FACE_BOUND('',#339,.F.);
/*    363 */ #341=ADVANCED_FACE('',(#340),#329,.T.);
/*    364 */ #342=CARTESIAN_POINT('',(-1.45,-0.475,0.65));
/*    365 */ #343=DIRECTION('',(0.0,0.0,1.0));
/*    366 */ #344=DIRECTION('',(1.0,0.0,-0.0));
/*    367 */ #345=AXIS2_PLACEMENT_3D('',#342,#343,#344);
/*    368 */ #346=PLANE('',#345);
/*    369 */ #347=ORIENTED_EDGE('',*,*,#182,.T.);
/*    370 */ #348=ORIENTED_EDGE('',*,*,#224,.T.);
/*    371 */ #349=ORIENTED_EDGE('',*,*,#336,.T.);
/*    372 */ #350=ORIENTED_EDGE('',*,*,#135,.F.);
/*    373 */ #351=EDGE_LOOP('',(#347,#348,#349,#350));
/*    374 */ #352=FACE_BOUND('',#351,.F.);
/*    375 */ #353=ADVANCED_FACE('',(#352),#346,.T.);
/*    376 */ #354=CLOSED_SHELL('',(#53,#84,#115,#146,#163,#187,#204,#228,#259,#290,#307,#324,
/*    377 */      #341,#353));
/*    378 */ #355=MANIFOLD_SOLID_BREP('',#354);
/*    379 */ #356=ADVANCED_BREP_SHAPE_REPRESENTATION('3d bound volume shape',(#355,#357),#361);
/*    380 */ #357=AXIS2_PLACEMENT_3D('origin',#358,#359,#360);
/*    381 */ #358=CARTESIAN_POINT('',(0.0,0.0,0.0));
/*    382 */ #359=DIRECTION('',(0.0,0.0,1.0));
/*    383 */ #360=DIRECTION('',(1.0,0.0,0.0));
/*    384 */ #361=(GEOMETRIC_REPRESENTATION_CONTEXT(3)GLOBAL_UNCERTAINTY_ASSIGNED_CONTEXT((#10,
/*    385 */      #11,#12))GLOBAL_UNIT_ASSIGNED_CONTEXT((#2,#8,#9))REPRESENTATION_CONTEXT('unit_context3D',
/*    386 */      'unit_context3D'));
/*    387 */ #362=CARTESIAN_POINT('',(0.0,0.0,0.0));
/*    388 */ #363=DIRECTION('',(1.0,0.0,0.0));
/*    389 */ #364=DIRECTION('',(0.0,-1.0,0.0));
/*    390 */ #365=AXIS2_PLACEMENT_3D('',#362,#363,#364);
/*    391 */ #366=PLANE('',#365);
/*    392 */ #367=CARTESIAN_POINT('',(0.0,0.12,0.0));
/*    393 */ #368=VERTEX_POINT('',#367);
/*    394 */ #369=CARTESIAN_POINT('',(0.0,0.0,0.0));
/*    395 */ #370=VERTEX_POINT('',#369);
/*    396 */ #371=CARTESIAN_POINT('',(0.0,0.12,0.0));
/*    397 */ #372=DIRECTION('',(0.0,-1.0,0.0));
/*    398 */ #373=VECTOR('',#372,1.0);
/*    399 */ #374=LINE('',#371,#373);
/*    400 */ #375=EDGE_CURVE('',#368,#370,#374,.T.);
/*    401 */ #376=ORIENTED_EDGE('',*,*,#375,.T.);
/*    402 */ #377=CARTESIAN_POINT('',(0.0,0.0,-0.002480623969597));
/*    403 */ #378=VERTEX_POINT('',#377);
/*    404 */ #379=CARTESIAN_POINT('',(0.0,0.0,0.0));
/*    405 */ #380=DIRECTION('',(0.0,0.0,-1.0));
/*    406 */ #381=VECTOR('',#380,1.0);
/*    407 */ #382=LINE('',#379,#381);
/*    408 */ #383=EDGE_CURVE('',#370,#378,#382,.T.);
/*    409 */ #384=ORIENTED_EDGE('',*,*,#383,.T.);
/*    410 */ #385=CARTESIAN_POINT('',(0.0,-0.0386040201319,-0.04245625705036));
/*    411 */ #386=VERTEX_POINT('',#385);
/*    412 */ #387=CARTESIAN_POINT('',(0.0,-0.04,-0.002480623969597));
/*    413 */ #388=DIRECTION('',(-1.0,0.0,0.0));
/*    414 */ #389=DIRECTION('',(0.0,1.0,0.0));
/*    415 */ #390=AXIS2_PLACEMENT_3D('',#387,#388,#389);
/*    416 */ #391=CIRCLE('',#390,0.04);
/*    417 */ #392=EDGE_CURVE('',#378,#386,#391,.T.);
/*    418 */ #393=ORIENTED_EDGE('',*,*,#392,.T.);
/*    419 */ #394=CARTESIAN_POINT('',(0.0,-0.3978098203536,-0.055));
/*    420 */ #395=VERTEX_POINT('',#394);
/*    421 */ #396=CARTESIAN_POINT('',(0.0,-0.0386040201319,-0.04245625705036));
/*    422 */ #397=DIRECTION('',(0.0,-0.999390827019096,-0.0348994967024999));
/*    423 */ #398=VECTOR('',#397,1.0);
/*    424 */ #399=LINE('',#396,#398);
/*    425 */ #400=EDGE_CURVE('',#386,#395,#399,.T.);
/*    426 */ #401=ORIENTED_EDGE('',*,*,#400,.T.);
/*    427 */ #402=CARTESIAN_POINT('',(0.0,-0.5518361489227,-0.203741496524));
/*    428 */ #403=VERTEX_POINT('',#402);
/*    429 */ #404=CARTESIAN_POINT('',(0.0,-0.3922259008812,-0.2149025323231));
/*    430 */ #405=DIRECTION('',(1.0,0.0,0.0));
/*    431 */ #406=DIRECTION('',(0.0,-0.0348994967024999,0.999390827019096));
/*    432 */ #407=AXIS2_PLACEMENT_3D('',#404,#405,#406);
/*    433 */ #408=CIRCLE('',#407,0.16);
/*    434 */ #409=EDGE_CURVE('',#395,#403,#408,.T.);
/*    435 */ #410=ORIENTED_EDGE('',*,*,#409,.T.);
/*    436 */ #411=CARTESIAN_POINT('',(0.0,-0.575,-0.535));
/*    437 */ #412=VERTEX_POINT('',#411);
/*    438 */ #413=CARTESIAN_POINT('',(0.0,-0.5518361489227,-0.203741496524));
/*    439 */ #414=DIRECTION('',(0.0,-0.0697564737441217,-0.997564050259825));
/*    440 */ #415=VECTOR('',#414,1.0);
/*    441 */ #416=LINE('',#413,#415);
/*    442 */ #417=EDGE_CURVE('',#403,#412,#416,.T.);
/*    443 */ #418=ORIENTED_EDGE('',*,*,#417,.T.);
/*    444 */ #419=CARTESIAN_POINT('',(0.0,-0.4552923139688,-0.5433707768493));
/*    445 */ #420=VERTEX_POINT('',#419);
/*    446 */ #421=CARTESIAN_POINT('',(0.0,-0.575,-0.535));
/*    447 */ #422=DIRECTION('',(0.0,0.997564050259824,-0.0697564737441317));
/*    448 */ #423=VECTOR('',#422,1.0);
/*    449 */ #424=LINE('',#421,#423);
/*    450 */ #425=EDGE_CURVE('',#412,#420,#424,.T.);
/*    451 */ #426=ORIENTED_EDGE('',*,*,#425,.T.);
/*    452 */ #427=CARTESIAN_POINT('',(0.0,-0.4321284628916,-0.2121122733733));
/*    453 */ #428=VERTEX_POINT('',#427);
/*    454 */ #429=CARTESIAN_POINT('',(0.0,-0.4552923139688,-0.5433707768493));
/*    455 */ #430=DIRECTION('',(0.0,0.0697564737441217,0.997564050259825));
/*    456 */ #431=VECTOR('',#430,1.0);
/*    457 */ #432=LINE('',#429,#431);
/*    458 */ #433=EDGE_CURVE('',#420,#428,#432,.T.);
/*    459 */ #434=ORIENTED_EDGE('',*,*,#433,.T.);
/*    460 */ #435=CARTESIAN_POINT('',(0.0,-0.3936218807493,-0.1749268992423));
/*    461 */ #436=VERTEX_POINT('',#435);
/*    462 */ #437=CARTESIAN_POINT('',(0.0,-0.3922259008812,-0.2149025323231));
/*    463 */ #438=DIRECTION('',(-1.0,0.0,0.0));
/*    464 */ #439=DIRECTION('',(0.0,-0.997564050259824,0.0697564737441317));
/*    465 */ #440=AXIS2_PLACEMENT_3D('',#437,#438,#439);
/*    466 */ #441=CIRCLE('',#440,0.04);
/*    467 */ #442=EDGE_CURVE('',#428,#436,#441,.T.);
/*    468 */ #443=ORIENTED_EDGE('',*,*,#442,.T.);
/*    469 */ #444=CARTESIAN_POINT('',(0.0,-0.0344160805276,-0.1623831562927));
/*    470 */ #445=VERTEX_POINT('',#444);
/*    471 */ #446=CARTESIAN_POINT('',(0.0,-0.3936218807493,-0.1749268992423));
/*    472 */ #447=DIRECTION('',(0.0,0.999390827019096,0.0348994967024999));
/*    473 */ #448=VECTOR('',#447,1.0);
/*    474 */ #449=LINE('',#446,#448);
/*    475 */ #450=EDGE_CURVE('',#436,#445,#449,.T.);
/*    476 */ #451=ORIENTED_EDGE('',*,*,#450,.T.);
/*    477 */ #452=CARTESIAN_POINT('',(0.0,0.12,-0.002480623969597));
/*    478 */ #453=VERTEX_POINT('',#452);
/*    479 */ #454=CARTESIAN_POINT('',(0.0,-0.04,-0.002480623969597));
/*    480 */ #455=DIRECTION('',(1.0,0.0,0.0));
/*    481 */ #456=DIRECTION('',(0.0,0.0348994967024999,-0.999390827019096));
/*    482 */ #457=AXIS2_PLACEMENT_3D('',#454,#455,#456);
/*    483 */ #458=CIRCLE('',#457,0.16);
/*    484 */ #459=EDGE_CURVE('',#445,#453,#458,.T.);
/*    485 */ #460=ORIENTED_EDGE('',*,*,#459,.T.);
/*    486 */ #461=CARTESIAN_POINT('',(0.0,0.12,-0.002480623969597));
/*    487 */ #462=DIRECTION('',(0.0,0.0,1.0));
/*    488 */ #463=VECTOR('',#462,1.0);
/*    489 */ #464=LINE('',#461,#463);
/*    490 */ #465=EDGE_CURVE('',#453,#368,#464,.T.);
/*    491 */ #466=ORIENTED_EDGE('',*,*,#465,.T.);
/*    492 */ #467=EDGE_LOOP('',(#376,#384,#393,#401,#410,#418,#426,#434,#443,#451,#460,#466));
/*    493 */ #468=FACE_BOUND('',#467,.F.);
/*    494 */ #469=ADVANCED_FACE('',(#468),#366,.F.);
/*    495 */ #470=CARTESIAN_POINT('',(0.0,0.12,0.0));
/*    496 */ #471=DIRECTION('',(0.0,0.0,1.0));
/*    497 */ #472=DIRECTION('',(0.0,-1.0,0.0));
/*    498 */ #473=AXIS2_PLACEMENT_3D('',#470,#471,#472);
/*    499 */ #474=PLANE('',#473);
/*    500 */ #475=ORIENTED_EDGE('',*,*,#375,.F.);
/*    501 */ #476=CARTESIAN_POINT('',(0.4,0.12,0.0));
/*    502 */ #477=VERTEX_POINT('',#476);
/*    503 */ #478=CARTESIAN_POINT('',(0.0,0.12,0.0));
/*    504 */ #479=DIRECTION('',(1.0,0.0,0.0));
/*    505 */ #480=VECTOR('',#479,1.0);
/*    506 */ #481=LINE('',#478,#480);
/*    507 */ #482=EDGE_CURVE('',#368,#477,#481,.T.);
/*    508 */ #483=ORIENTED_EDGE('',*,*,#482,.T.);
/*    509 */ #484=CARTESIAN_POINT('',(0.4,0.0,0.0));
/*    510 */ #485=VERTEX_POINT('',#484);
/*    511 */ #486=CARTESIAN_POINT('',(0.4,0.12,0.0));
/*    512 */ #487=DIRECTION('',(0.0,-1.0,0.0));
/*    513 */ #488=VECTOR('',#487,1.0);
/*    514 */ #489=LINE('',#486,#488);
/*    515 */ #490=EDGE_CURVE('',#477,#485,#489,.T.);
/*    516 */ #491=ORIENTED_EDGE('',*,*,#490,.T.);
/*    517 */ #492=CARTESIAN_POINT('',(0.0,0.0,0.0));
/*    518 */ #493=DIRECTION('',(1.0,0.0,0.0));
/*    519 */ #494=VECTOR('',#493,1.0);
/*    520 */ #495=LINE('',#492,#494);
/*    521 */ #496=EDGE_CURVE('',#370,#485,#495,.T.);
/*    522 */ #497=ORIENTED_EDGE('',*,*,#496,.F.);
/*    523 */ #498=EDGE_LOOP('',(#475,#483,#491,#497));
/*    524 */ #499=FACE_BOUND('',#498,.F.);
/*    525 */ #500=ADVANCED_FACE('',(#499),#474,.T.);
/*    526 */ #501=CARTESIAN_POINT('',(0.0,0.12,-0.002480623969597));
/*    527 */ #502=DIRECTION('',(0.0,1.0,0.0));
/*    528 */ #503=DIRECTION('',(0.0,-0.0,1.0));
/*    529 */ #504=AXIS2_PLACEMENT_3D('',#501,#502,#503);
/*    530 */ #505=PLANE('',#504);
/*    531 */ #506=ORIENTED_EDGE('',*,*,#465,.F.);
/*    532 */ #507=CARTESIAN_POINT('',(0.4,0.12,-0.002480623969597));
/*    533 */ #508=VERTEX_POINT('',#507);
/*    534 */ #509=CARTESIAN_POINT('',(0.0,0.12,-0.002480623969597));
/*    535 */ #510=DIRECTION('',(1.0,0.0,0.0));
/*    536 */ #511=VECTOR('',#510,1.0);
/*    537 */ #512=LINE('',#509,#511);
/*    538 */ #513=EDGE_CURVE('',#453,#508,#512,.T.);
/*    539 */ #514=ORIENTED_EDGE('',*,*,#513,.T.);
/*    540 */ #515=CARTESIAN_POINT('',(0.4,0.12,-0.002480623969597));
/*    541 */ #516=DIRECTION('',(0.0,0.0,1.0));
/*    542 */ #517=VECTOR('',#516,1.0);
/*    543 */ #518=LINE('',#515,#517);
/*    544 */ #519=EDGE_CURVE('',#508,#477,#518,.T.);
/*    545 */ #520=ORIENTED_EDGE('',*,*,#519,.T.);
/*    546 */ #521=ORIENTED_EDGE('',*,*,#482,.F.);
/*    547 */ #522=EDGE_LOOP('',(#506,#514,#520,#521));
/*    548 */ #523=FACE_BOUND('',#522,.F.);
/*    549 */ #524=ADVANCED_FACE('',(#523),#505,.T.);
/*    550 */ #525=CARTESIAN_POINT('',(0.0,-0.04,-0.002480623969597));
/*    551 */ #526=DIRECTION('',(1.0,0.0,0.0));
/*    552 */ #527=DIRECTION('',(0.0,-1.0,0.0));
/*    553 */ #528=AXIS2_PLACEMENT_3D('',#525,#526,#527);
/*    554 */ #529=CYLINDRICAL_SURFACE('',#528,0.16);
/*    555 */ #530=ORIENTED_EDGE('',*,*,#459,.T.);
/*    556 */ #531=ORIENTED_EDGE('',*,*,#513,.T.);
/*    557 */ #532=CARTESIAN_POINT('',(0.4,-0.0344160805276,-0.1623831562927));
/*    558 */ #533=VERTEX_POINT('',#532);
/*    559 */ #534=CARTESIAN_POINT('',(0.4,-0.04,-0.002480623969597));
/*    560 */ #535=DIRECTION('',(1.0,0.0,0.0));
/*    561 */ #536=DIRECTION('',(0.0,0.0348994967024999,-0.999390827019096));
/*    562 */ #537=AXIS2_PLACEMENT_3D('',#534,#535,#536);
/*    563 */ #538=CIRCLE('',#537,0.16);
/*    564 */ #539=EDGE_CURVE('',#533,#508,#538,.T.);
/*    565 */ #540=ORIENTED_EDGE('',*,*,#539,.F.);
/*    566 */ #541=CARTESIAN_POINT('',(0.0,-0.0344160805276,-0.1623831562927));
/*    567 */ #542=DIRECTION('',(1.0,0.0,0.0));
/*    568 */ #543=VECTOR('',#542,1.0);
/*    569 */ #544=LINE('',#541,#543);
/*    570 */ #545=EDGE_CURVE('',#445,#533,#544,.T.);
/*    571 */ #546=ORIENTED_EDGE('',*,*,#545,.F.);
/*    572 */ #547=EDGE_LOOP('',(#530,#531,#540,#546));
/*    573 */ #548=FACE_BOUND('',#547,.T.);
/*    574 */ #549=ADVANCED_FACE('',(#548),#529,.T.);
/*    575 */ #550=CARTESIAN_POINT('',(0.0,-0.3936218807493,-0.1749268992423));
/*    576 */ #551=DIRECTION('',(0.0,0.0348994967024999,-0.999390827019096));
/*    577 */ #552=DIRECTION('',(0.0,0.999390827019096,0.0348994967024999));
/*    578 */ #553=AXIS2_PLACEMENT_3D('',#550,#551,#552);
/*    579 */ #554=PLANE('',#553);
/*    580 */ #555=ORIENTED_EDGE('',*,*,#450,.F.);
/*    581 */ #556=CARTESIAN_POINT('',(0.4,-0.3936218807493,-0.1749268992423));
/*    582 */ #557=VERTEX_POINT('',#556);
/*    583 */ #558=CARTESIAN_POINT('',(0.0,-0.3936218807493,-0.1749268992423));
/*    584 */ #559=DIRECTION('',(1.0,0.0,0.0));
/*    585 */ #560=VECTOR('',#559,1.0);
/*    586 */ #561=LINE('',#558,#560);
/*    587 */ #562=EDGE_CURVE('',#436,#557,#561,.T.);
/*    588 */ #563=ORIENTED_EDGE('',*,*,#562,.T.);
/*    589 */ #564=CARTESIAN_POINT('',(0.4,-0.3936218807493,-0.1749268992423));
/*    590 */ #565=DIRECTION('',(0.0,0.999390827019096,0.0348994967024999));
/*    591 */ #566=VECTOR('',#565,1.0);
/*    592 */ #567=LINE('',#564,#566);
/*    593 */ #568=EDGE_CURVE('',#557,#533,#567,.T.);
/*    594 */ #569=ORIENTED_EDGE('',*,*,#568,.T.);
/*    595 */ #570=ORIENTED_EDGE('',*,*,#545,.F.);
/*    596 */ #571=EDGE_LOOP('',(#555,#563,#569,#570));
/*    597 */ #572=FACE_BOUND('',#571,.F.);
/*    598 */ #573=ADVANCED_FACE('',(#572),#554,.T.);
/*    599 */ #574=CARTESIAN_POINT('',(0.0,-0.3922259008812,-0.2149025323231));
/*    600 */ #575=DIRECTION('',(1.0,0.0,0.0));
/*    601 */ #576=DIRECTION('',(0.0,-1.0,0.0));
/*    602 */ #577=AXIS2_PLACEMENT_3D('',#574,#575,#576);
/*    603 */ #578=CYLINDRICAL_SURFACE('',#577,0.04);
/*    604 */ #579=ORIENTED_EDGE('',*,*,#442,.F.);
/*    605 */ #580=CARTESIAN_POINT('',(0.4,-0.4321284628916,-0.2121122733733));
/*    606 */ #581=VERTEX_POINT('',#580);
/*    607 */ #582=CARTESIAN_POINT('',(0.0,-0.4321284628916,-0.2121122733733));
/*    608 */ #583=DIRECTION('',(1.0,0.0,0.0));
/*    609 */ #584=VECTOR('',#583,1.0);
/*    610 */ #585=LINE('',#582,#584);
/*    611 */ #586=EDGE_CURVE('',#428,#581,#585,.T.);
/*    612 */ #587=ORIENTED_EDGE('',*,*,#586,.T.);
/*    613 */ #588=CARTESIAN_POINT('',(0.4,-0.3922259008812,-0.2149025323231));
/*    614 */ #589=DIRECTION('',(-1.0,0.0,0.0));
/*    615 */ #590=DIRECTION('',(0.0,-0.997564050259824,0.0697564737441317));
/*    616 */ #591=AXIS2_PLACEMENT_3D('',#588,#589,#590);
/*    617 */ #592=CIRCLE('',#591,0.04);
/*    618 */ #593=EDGE_CURVE('',#581,#557,#592,.T.);
/*    619 */ #594=ORIENTED_EDGE('',*,*,#593,.T.);
/*    620 */ #595=ORIENTED_EDGE('',*,*,#562,.F.);
/*    621 */ #596=EDGE_LOOP('',(#579,#587,#594,#595));
/*    622 */ #597=FACE_BOUND('',#596,.F.);
/*    623 */ #598=ADVANCED_FACE('',(#597),#578,.F.);
/*    624 */ #599=CARTESIAN_POINT('',(0.0,-0.4552923139688,-0.5433707768493));
/*    625 */ #600=DIRECTION('',(0.0,0.997564050259825,-0.0697564737441217));
/*    626 */ #601=DIRECTION('',(0.0,0.0697564737441217,0.997564050259825));
/*    627 */ #602=AXIS2_PLACEMENT_3D('',#599,#600,#601);
/*    628 */ #603=PLANE('',#602);
/*    629 */ #604=ORIENTED_EDGE('',*,*,#433,.F.);
/*    630 */ #605=CARTESIAN_POINT('',(0.4,-0.4552923139688,-0.5433707768493));
/*    631 */ #606=VERTEX_POINT('',#605);
/*    632 */ #607=CARTESIAN_POINT('',(0.0,-0.4552923139688,-0.5433707768493));
/*    633 */ #608=DIRECTION('',(1.0,0.0,0.0));
/*    634 */ #609=VECTOR('',#608,1.0);
/*    635 */ #610=LINE('',#607,#609);
/*    636 */ #611=EDGE_CURVE('',#420,#606,#610,.T.);
/*    637 */ #612=ORIENTED_EDGE('',*,*,#611,.T.);
/*    638 */ #613=CARTESIAN_POINT('',(0.4,-0.4552923139688,-0.5433707768493));
/*    639 */ #614=DIRECTION('',(0.0,0.0697564737441217,0.997564050259825));
/*    640 */ #615=VECTOR('',#614,1.0);
/*    641 */ #616=LINE('',#613,#615);
/*    642 */ #617=EDGE_CURVE('',#606,#581,#616,.T.);
/*    643 */ #618=ORIENTED_EDGE('',*,*,#617,.T.);
/*    644 */ #619=ORIENTED_EDGE('',*,*,#586,.F.);
/*    645 */ #620=EDGE_LOOP('',(#604,#612,#618,#619));
/*    646 */ #621=FACE_BOUND('',#620,.F.);
/*    647 */ #622=ADVANCED_FACE('',(#621),#603,.T.);
/*    648 */ #623=CARTESIAN_POINT('',(0.0,-0.575,-0.535));
/*    649 */ #624=DIRECTION('',(0.0,-0.0697564737441317,-0.997564050259824));
/*    650 */ #625=DIRECTION('',(0.0,0.997564050259824,-0.0697564737441317));
/*    651 */ #626=AXIS2_PLACEMENT_3D('',#623,#624,#625);
/*    652 */ #627=PLANE('',#626);
/*    653 */ #628=ORIENTED_EDGE('',*,*,#425,.F.);
/*    654 */ #629=CARTESIAN_POINT('',(0.4,-0.575,-0.535));
/*    655 */ #630=VERTEX_POINT('',#629);
/*    656 */ #631=CARTESIAN_POINT('',(0.0,-0.575,-0.535));
/*    657 */ #632=DIRECTION('',(1.0,0.0,0.0));
/*    658 */ #633=VECTOR('',#632,1.0);
/*    659 */ #634=LINE('',#631,#633);
/*    660 */ #635=EDGE_CURVE('',#412,#630,#634,.T.);
/*    661 */ #636=ORIENTED_EDGE('',*,*,#635,.T.);
/*    662 */ #637=CARTESIAN_POINT('',(0.4,-0.575,-0.535));
/*    663 */ #638=DIRECTION('',(0.0,0.997564050259824,-0.0697564737441317));
/*    664 */ #639=VECTOR('',#638,1.0);
/*    665 */ #640=LINE('',#637,#639);
/*    666 */ #641=EDGE_CURVE('',#630,#606,#640,.T.);
/*    667 */ #642=ORIENTED_EDGE('',*,*,#641,.T.);
/*    668 */ #643=ORIENTED_EDGE('',*,*,#611,.F.);
/*    669 */ #644=EDGE_LOOP('',(#628,#636,#642,#643));
/*    670 */ #645=FACE_BOUND('',#644,.F.);
/*    671 */ #646=ADVANCED_FACE('',(#645),#627,.T.);
/*    672 */ #647=CARTESIAN_POINT('',(0.0,-0.5518361489227,-0.203741496524));
/*    673 */ #648=DIRECTION('',(0.0,-0.997564050259825,0.0697564737441217));
/*    674 */ #649=DIRECTION('',(0.0,-0.0697564737441217,-0.997564050259825));
/*    675 */ #650=AXIS2_PLACEMENT_3D('',#647,#648,#649);
/*    676 */ #651=PLANE('',#650);
/*    677 */ #652=ORIENTED_EDGE('',*,*,#417,.F.);
/*    678 */ #653=CARTESIAN_POINT('',(0.4,-0.5518361489227,-0.203741496524));
/*    679 */ #654=VERTEX_POINT('',#653);
/*    680 */ #655=CARTESIAN_POINT('',(0.0,-0.5518361489227,-0.203741496524));
/*    681 */ #656=DIRECTION('',(1.0,0.0,0.0));
/*    682 */ #657=VECTOR('',#656,1.0);
/*    683 */ #658=LINE('',#655,#657);
/*    684 */ #659=EDGE_CURVE('',#403,#654,#658,.T.);
/*    685 */ #660=ORIENTED_EDGE('',*,*,#659,.T.);
/*    686 */ #661=CARTESIAN_POINT('',(0.4,-0.5518361489227,-0.203741496524));
/*    687 */ #662=DIRECTION('',(0.0,-0.0697564737441217,-0.997564050259825));
/*    688 */ #663=VECTOR('',#662,1.0);
/*    689 */ #664=LINE('',#661,#663);
/*    690 */ #665=EDGE_CURVE('',#654,#630,#664,.T.);
/*    691 */ #666=ORIENTED_EDGE('',*,*,#665,.T.);
/*    692 */ #667=ORIENTED_EDGE('',*,*,#635,.F.);
/*    693 */ #668=EDGE_LOOP('',(#652,#660,#666,#667));
/*    694 */ #669=FACE_BOUND('',#668,.F.);
/*    695 */ #670=ADVANCED_FACE('',(#669),#651,.T.);
/*    696 */ #671=CARTESIAN_POINT('',(0.0,-0.3922259008812,-0.2149025323231));
/*    697 */ #672=DIRECTION('',(1.0,0.0,0.0));
/*    698 */ #673=DIRECTION('',(0.0,-1.0,0.0));
/*    699 */ #674=AXIS2_PLACEMENT_3D('',#671,#672,#673);
/*    700 */ #675=CYLINDRICAL_SURFACE('',#674,0.16);
/*    701 */ #676=ORIENTED_EDGE('',*,*,#409,.T.);
/*    702 */ #677=ORIENTED_EDGE('',*,*,#659,.T.);
/*    703 */ #678=CARTESIAN_POINT('',(0.4,-0.3978098203536,-0.055));
/*    704 */ #679=VERTEX_POINT('',#678);
/*    705 */ #680=CARTESIAN_POINT('',(0.4,-0.3922259008812,-0.2149025323231));
/*    706 */ #681=DIRECTION('',(1.0,0.0,0.0));
/*    707 */ #682=DIRECTION('',(0.0,-0.0348994967024999,0.999390827019096));
/*    708 */ #683=AXIS2_PLACEMENT_3D('',#680,#681,#682);
/*    709 */ #684=CIRCLE('',#683,0.16);
/*    710 */ #685=EDGE_CURVE('',#679,#654,#684,.T.);
/*    711 */ #686=ORIENTED_EDGE('',*,*,#685,.F.);
/*    712 */ #687=CARTESIAN_POINT('',(0.0,-0.3978098203536,-0.055));
/*    713 */ #688=DIRECTION('',(1.0,0.0,0.0));
/*    714 */ #689=VECTOR('',#688,1.0);
/*    715 */ #690=LINE('',#687,#689);
/*    716 */ #691=EDGE_CURVE('',#395,#679,#690,.T.);
/*    717 */ #692=ORIENTED_EDGE('',*,*,#691,.F.);
/*    718 */ #693=EDGE_LOOP('',(#676,#677,#686,#692));
/*    719 */ #694=FACE_BOUND('',#693,.T.);
/*    720 */ #695=ADVANCED_FACE('',(#694),#675,.T.);
/*    721 */ #696=CARTESIAN_POINT('',(0.0,-0.0386040201319,-0.04245625705036));
/*    722 */ #697=DIRECTION('',(0.0,-0.0348994967024999,0.999390827019096));
/*    723 */ #698=DIRECTION('',(0.0,-0.999390827019096,-0.0348994967024999));
/*    724 */ #699=AXIS2_PLACEMENT_3D('',#696,#697,#698);
/*    725 */ #700=PLANE('',#699);
/*    726 */ #701=ORIENTED_EDGE('',*,*,#400,.F.);
/*    727 */ #702=CARTESIAN_POINT('',(0.4,-0.0386040201319,-0.04245625705036));
/*    728 */ #703=VERTEX_POINT('',#702);
/*    729 */ #704=CARTESIAN_POINT('',(0.0,-0.0386040201319,-0.04245625705036));
/*    730 */ #705=DIRECTION('',(1.0,0.0,0.0));
/*    731 */ #706=VECTOR('',#705,1.0);
/*    732 */ #707=LINE('',#704,#706);
/*    733 */ #708=EDGE_CURVE('',#386,#703,#707,.T.);
/*    734 */ #709=ORIENTED_EDGE('',*,*,#708,.T.);
/*    735 */ #710=CARTESIAN_POINT('',(0.4,-0.0386040201319,-0.04245625705036));
/*    736 */ #711=DIRECTION('',(0.0,-0.999390827019096,-0.0348994967024999));
/*    737 */ #712=VECTOR('',#711,1.0);
/*    738 */ #713=LINE('',#710,#712);
/*    739 */ #714=EDGE_CURVE('',#703,#679,#713,.T.);
/*    740 */ #715=ORIENTED_EDGE('',*,*,#714,.T.);
/*    741 */ #716=ORIENTED_EDGE('',*,*,#691,.F.);
/*    742 */ #717=EDGE_LOOP('',(#701,#709,#715,#716));
/*    743 */ #718=FACE_BOUND('',#717,.F.);
/*    744 */ #719=ADVANCED_FACE('',(#718),#700,.T.);
/*    745 */ #720=CARTESIAN_POINT('',(0.0,-0.04,-0.002480623969597));
/*    746 */ #721=DIRECTION('',(1.0,0.0,0.0));
/*    747 */ #722=DIRECTION('',(0.0,-1.0,0.0));
/*    748 */ #723=AXIS2_PLACEMENT_3D('',#720,#721,#722);
/*    749 */ #724=CYLINDRICAL_SURFACE('',#723,0.04);
/*    750 */ #725=ORIENTED_EDGE('',*,*,#392,.F.);
/*    751 */ #726=CARTESIAN_POINT('',(0.4,0.0,-0.002480623969597));
/*    752 */ #727=VERTEX_POINT('',#726);
/*    753 */ #728=CARTESIAN_POINT('',(0.0,0.0,-0.002480623969597));
/*    754 */ #729=DIRECTION('',(1.0,0.0,0.0));
/*    755 */ #730=VECTOR('',#729,1.0);
/*    756 */ #731=LINE('',#728,#730);
/*    757 */ #732=EDGE_CURVE('',#378,#727,#731,.T.);
/*    758 */ #733=ORIENTED_EDGE('',*,*,#732,.T.);
/*    759 */ #734=CARTESIAN_POINT('',(0.4,-0.04,-0.002480623969597));
/*    760 */ #735=DIRECTION('',(-1.0,0.0,0.0));
/*    761 */ #736=DIRECTION('',(0.0,1.0,0.0));
/*    762 */ #737=AXIS2_PLACEMENT_3D('',#734,#735,#736);
/*    763 */ #738=CIRCLE('',#737,0.04);
/*    764 */ #739=EDGE_CURVE('',#727,#703,#738,.T.);
/*    765 */ #740=ORIENTED_EDGE('',*,*,#739,.T.);
/*    766 */ #741=ORIENTED_EDGE('',*,*,#708,.F.);
/*    767 */ #742=EDGE_LOOP('',(#725,#733,#740,#741));
/*    768 */ #743=FACE_BOUND('',#742,.F.);
/*    769 */ #744=ADVANCED_FACE('',(#743),#724,.F.);
/*    770 */ #745=CARTESIAN_POINT('',(0.0,0.0,0.0));
/*    771 */ #746=DIRECTION('',(0.0,-1.0,0.0));
/*    772 */ #747=DIRECTION('',(0.0,0.0,-1.0));
/*    773 */ #748=AXIS2_PLACEMENT_3D('',#745,#746,#747);
/*    774 */ #749=PLANE('',#748);
/*    775 */ #750=ORIENTED_EDGE('',*,*,#383,.F.);
/*    776 */ #751=ORIENTED_EDGE('',*,*,#496,.T.);
/*    777 */ #752=CARTESIAN_POINT('',(0.4,0.0,0.0));
/*    778 */ #753=DIRECTION('',(0.0,0.0,-1.0));
/*    779 */ #754=VECTOR('',#753,1.0);
/*    780 */ #755=LINE('',#752,#754);
/*    781 */ #756=EDGE_CURVE('',#485,#727,#755,.T.);
/*    782 */ #757=ORIENTED_EDGE('',*,*,#756,.T.);
/*    783 */ #758=ORIENTED_EDGE('',*,*,#732,.F.);
/*    784 */ #759=EDGE_LOOP('',(#750,#751,#757,#758));
/*    785 */ #760=FACE_BOUND('',#759,.F.);
/*    786 */ #761=ADVANCED_FACE('',(#760),#749,.T.);
/*    787 */ #762=CARTESIAN_POINT('',(0.4,0.0,0.0));
/*    788 */ #763=DIRECTION('',(1.0,0.0,0.0));
/*    789 */ #764=DIRECTION('',(0.0,-1.0,0.0));
/*    790 */ #765=AXIS2_PLACEMENT_3D('',#762,#763,#764);
/*    791 */ #766=PLANE('',#765);
/*    792 */ #767=ORIENTED_EDGE('',*,*,#490,.F.);
/*    793 */ #768=ORIENTED_EDGE('',*,*,#519,.F.);
/*    794 */ #769=ORIENTED_EDGE('',*,*,#539,.F.);
/*    795 */ #770=ORIENTED_EDGE('',*,*,#568,.F.);
/*    796 */ #771=ORIENTED_EDGE('',*,*,#593,.F.);
/*    797 */ #772=ORIENTED_EDGE('',*,*,#617,.F.);
/*    798 */ #773=ORIENTED_EDGE('',*,*,#641,.F.);
/*    799 */ #774=ORIENTED_EDGE('',*,*,#665,.F.);
/*    800 */ #775=ORIENTED_EDGE('',*,*,#685,.F.);
/*    801 */ #776=ORIENTED_EDGE('',*,*,#714,.F.);
/*    802 */ #777=ORIENTED_EDGE('',*,*,#739,.F.);
/*    803 */ #778=ORIENTED_EDGE('',*,*,#756,.F.);
/*    804 */ #779=EDGE_LOOP('',(#767,#768,#769,#770,#771,#772,#773,#774,#775,#776,#777,#778));
/*    805 */ #780=FACE_BOUND('',#779,.F.);
/*    806 */ #781=ADVANCED_FACE('',(#780),#766,.T.);
/*    807 */ #782=CLOSED_SHELL('',(#469,#500,#524,#549,#573,#598,#622,#646,#670,#695,#719,#744,
/*    808 */      #761,#781));
/*    809 */ #783=MANIFOLD_SOLID_BREP('',#782);
/*    810 */ #784=ADVANCED_BREP_SHAPE_REPRESENTATION('3d bound volume shape',(#783,#357),#817);
/*    811 */ #786=PRODUCT_DEFINITION_CONTEXT('part definition',#787,'');
/*    812 */ #787=APPLICATION_CONTEXT('package model');
/*    813 */ #788=APPLICATION_PROTOCOL_DEFINITION('','electronic_assembly_interconnect_and_packaging_design',
/*    814 */      2009,#787);
/*    815 */ #789=PRODUCT_DEFINITION_FORMATION('TO-236_AA product definition',$,#790);
/*    816 */ #790=PRODUCT('TO-236_AA','TO-236_AA',$,(#793));
/*    817 */ #792=PRODUCT_RELATED_PRODUCT_CATEGORY('part',$,(#790));
/*    818 */ #793=PRODUCT_CONTEXT('',#787,'');
/*    819 */ #794=REPRESENTATION_CONTEXT('parameter values','parameter');
/*    820 */ #795=PRODUCT_SPECIFIC_PARAMETER_VALUE_ASSIGNMENT('Category',$,'',$,(#790));
/*    821 */ #796=PROPERTY_DEFINITION('Category','assigned parameter',#795);
/*    822 */ #797=PARAMETER_ASSIGNMENT(#798,#797,'Category',(#800),#794);
/*    823 */ #798=MODEL_PARAMETER('','Category',$);
/*    824 */ #799=PROPERTY_DEFINITION_REPRESENTATION(#796,#797);
/*    825 */ #800=DESCRIPTIVE_REPRESENTATION_ITEM('text','SOT');
/*    826 */ #801=PRODUCT_SPECIFIC_PARAMETER_VALUE_ASSIGNMENT('Contact Dimensions|Toe-to-Toe|Max',
/*    827 */      $,'',$,(#790));
/*    828 */ #802=PROPERTY_DEFINITION('Contact Dimensions|Toe-to-Toe|Max','assigned parameter',
/*    829 */      #801);
/*    830 */ #803=PARAMETER_ASSIGNMENT(#804,#803,'Contact Dimensions|Toe-to-Toe|Max',(#806),#794);
/*    831 */ #804=MODEL_PARAMETER('','Contact Dimensions|Toe-to-Toe|Max',$);
/*    832 */ #805=PROPERTY_DEFINITION_REPRESENTATION(#802,#803);
/*    833 */ #806=MEASURE_REPRESENTATION_ITEM('',LENGTH_MEASURE(2.64),#2);
/*    834 */ #807=PRODUCT_SPECIFIC_PARAMETER_VALUE_ASSIGNMENT('Contact Dimensions|Toe-to-Toe|Min',
/*    835 */      $,'',$,(#790));
/*    836 */ #808=PROPERTY_DEFINITION('Contact Dimensions|Toe-to-Toe|Min','assigned parameter',
/*    837 */      #807);
/*    838 */ #809=PARAMETER_ASSIGNMENT(#810,#809,'Contact Dimensions|Toe-to-Toe|Min',(#812),#794);
/*    839 */ #810=MODEL_PARAMETER('','Contact Dimensions|Toe-to-Toe|Min',$);
/*    840 */ #811=PROPERTY_DEFINITION_REPRESENTATION(#808,#809);
/*    841 */ #812=MEASURE_REPRESENTATION_ITEM('',LENGTH_MEASURE(2.1),#2);
/*    842 */ #815=REPRESENTATION_CONTEXT('description context','description');
/*    843 */ #816=SHAPE_REPRESENTATION('3d bound volume shape',(#847,#873,#883,#893,#928),#817);
/*    844 */ #817=(GEOMETRIC_REPRESENTATION_CONTEXT(3)GLOBAL_UNCERTAINTY_ASSIGNED_CONTEXT((#10,
/*    845 */      #11,#12))GLOBAL_UNIT_ASSIGNED_CONTEXT((#2,#8,#9))REPRESENTATION_CONTEXT('unit_context3D',
/*    846 */      'unit_context3D'));
/*    847 */ #818=DESCRIPTION_ATTRIBUTE('pu3dsm',#816);
/*    848 */ #819=REPRESENTATION_RELATIONSHIP('',$,#816,#820);
/*    849 */ #820=REPRESENTATION('',(#821),#815);
/*    850 */ #821=DESCRIPTIVE_REPRESENTATION_ITEM('design','');
/*    851 */ #822=REPRESENTATION_RELATIONSHIP('shape environment',$,#816,#823);
/*    852 */ #823=REPRESENTATION('shape environment',(#824),#815);
/*    853 */ #824=DESCRIPTIVE_REPRESENTATION_ITEM('manufacturing','');
/*    854 */ #825=REPRESENTATION_RELATIONSHIP('shape extent',$,#816,#826);
/*    855 */ #826=REPRESENTATION('shape extent',(#827),#815);
/*    856 */ #827=DESCRIPTIVE_REPRESENTATION_ITEM('envelope','');
/*    857 */ #828=REPRESENTATION_RELATIONSHIP('shape material condition',$,#816,#829);
/*    858 */ #829=REPRESENTATION('shape material condition',(#830),#815);
/*    859 */ #830=DESCRIPTIVE_REPRESENTATION_ITEM('nominal_material_condition','');
/*    860 */ #831=REPRESENTATION_RELATIONSHIP('shape approximation level',$,#816,#832);
/*    861 */ #832=REPRESENTATION('shape approximation level',(#833),#815);
/*    862 */ #833=DESCRIPTIVE_REPRESENTATION_ITEM('is unknown','');
/*    863 */ #834=SHAPE_DEFINITION_REPRESENTATION(#3,#816);
/*    864 */ #835=PACKAGE_BODY('Body','part generic feature',#3,.F.);
/*    865 */ #836=MATERIAL_DESIGNATION_WITH_CONDUCTIVITY_CLASSIFICATION('unknown non conductive material',
/*    866 */      (#835));
/*    867 */ #837=APPLIED_CLASSIFICATION_ASSIGNMENT(#839,#838,(#836));
/*    868 */ #838=CLASSIFICATION_ROLE('conductive',$);
/*    869 */ #839=CLASS('electrical conductivity','non conductive');
/*    870 */ #840=ID_ATTRIBUTE('electrical conductivity',#839);
/*    871 */ #841=CARTESIAN_POINT('',(0.0,0.0,0.575));
/*    872 */ #842=DIRECTION('',(-1.0,0.0,0.0));
/*    873 */ #843=DIRECTION('',(0.0,-1.0,0.0));
/*    874 */ #844=AXIS2_PLACEMENT_3D('',#841,#842,#843);
/*    875 */ #845=PROPERTY_DEFINITION('shape for package body',$,#835);
/*    876 */ #846=SHAPE_DEFINITION_REPRESENTATION(#845,#356);
/*    877 */ #847=USAGE_CONCEPT_USAGE_RELATIONSHIP('',#848,#844,'',$,#835,#816,*);
/*    878 */ #848=REPRESENTATION_MAP(#357,#356);
/*    879 */ #849=PACKAGE_TERMINAL_TEMPLATE_DEFINITION('TO_236_TERMINAL',$,'TO_236_TERMINAL',
/*    880 */      $);
/*    881 */ #850=PROPERTY_DEFINITION('custom lead form','Gull-Wing',#849);
/*    882 */ #851=PROPERTY_DEFINITION('seating plane intersection','surface intersection',#849);
/*    883 */ #852=MATERIAL_DESIGNATION_WITH_CONDUCTIVITY_CLASSIFICATION('unknown conductive material',
/*    884 */      (#849));
/*    885 */ #853=APPLIED_CLASSIFICATION_ASSIGNMENT(#855,#854,(#852));
/*    886 */ #854=CLASSIFICATION_ROLE('terminal core material','terminal core material');
/*    887 */ #855=CLASS('conductive','terminal core material');
/*    888 */ #856=ID_ATTRIBUTE('conductive',#855);
/*    889 */ #857=MATERIAL_DESIGNATION_WITH_CONDUCTIVITY_CLASSIFICATION('unknown conductive material',
/*    890 */      (#849));
/*    891 */ #858=APPLIED_CLASSIFICATION_ASSIGNMENT(#860,#859,(#857));
/*    892 */ #859=CLASSIFICATION_ROLE('terminal surface material','terminal surface material');
/*    893 */ #860=CLASS('conductive','terminal surface material');
/*    894 */ #861=ID_ATTRIBUTE('conductive',#860);
/*    895 */ #862=PACKAGE_TERMINAL('3','part generic feature',#3,.F.);
/*    896 */ #863=PROPERTY_DEFINITION('terminal definition',$,#862);
/*    897 */ #864=PROPERTY_DEFINITION('terminal definition',$,#849);
/*    898 */ #865=PROPERTY_DEFINITION_RELATIONSHIP('definition','',#864,#863);
/*    899 */ #866=CARTESIAN_POINT('',(0.65,0.2,0.575));
/*    900 */ #867=DIRECTION('',(-1.0,0.0,0.0));
/*    901 */ #868=DIRECTION('',(0.0,-1.0,0.0));
/*    902 */ #869=AXIS2_PLACEMENT_3D('',#866,#867,#868);
/*    903 */ #870=PRODUCT_DEFINITION_SHAPE('shape for package_terminal',$,#849);
/*    904 */ #871=SHAPE_DEFINITION_REPRESENTATION(#870,#784);
/*    905 */ #872=DESCRIPTION_ATTRIBUTE('part feature template shape model',#784);
/*    906 */ #873=USAGE_CONCEPT_USAGE_RELATIONSHIP('',#874,#869,'',$,#862,#816,*);
/*    907 */ #874=REPRESENTATION_MAP(#357,#784);
/*    908 */ #875=PRIMARY_REFERENCE_TERMINAL('1','part generic feature',#3,.F.);
/*    909 */ #876=PROPERTY_DEFINITION('terminal definition',$,#875);
/*    910 */ #877=PROPERTY_DEFINITION('terminal definition',$,#849);
/*    911 */ #878=PROPERTY_DEFINITION_RELATIONSHIP('definition','',#877,#876);
/*    912 */ #879=CARTESIAN_POINT('',(-0.65,0.75,0.575));
/*    913 */ #880=DIRECTION('',(1.0,0.0,0.0));
/*    914 */ #881=DIRECTION('',(0.0,1.0,0.0));
/*    915 */ #882=AXIS2_PLACEMENT_3D('',#879,#880,#881);
/*    916 */ #883=USAGE_CONCEPT_USAGE_RELATIONSHIP('',#884,#882,'',$,#875,#816,*);
/*    917 */ #884=REPRESENTATION_MAP(#357,#784);
/*    918 */ #885=PACKAGE_TERMINAL('2','part generic feature',#3,.F.);
/*    919 */ #886=PROPERTY_DEFINITION('terminal definition',$,#885);
/*    920 */ #887=PROPERTY_DEFINITION('terminal definition',$,#849);
/*    921 */ #888=PROPERTY_DEFINITION_RELATIONSHIP('definition','',#887,#886);
/*    922 */ #889=CARTESIAN_POINT('',(-0.65,-1.15,0.575));
/*    923 */ #890=DIRECTION('',(1.0,0.0,0.0));
/*    924 */ #891=DIRECTION('',(0.0,1.0,0.0));
/*    925 */ #892=AXIS2_PLACEMENT_3D('',#889,#890,#891);
/*    926 */ #893=USAGE_CONCEPT_USAGE_RELATIONSHIP('',#894,#892,'',$,#885,#816,*);
/*    927 */ #894=REPRESENTATION_MAP(#357,#784);
/*    928 */ #915=SEATING_PLANE('seating plane','seating plane feature',#3,.F.);
/*    929 */ #916=SHAPE_REPRESENTATION('',(#921,#925),#817);
/*    930 */ #917=CARTESIAN_POINT('',(0.0,0.0,0.0));
/*    931 */ #918=DIRECTION('',(0.0,0.0,1.0));
/*    932 */ #919=DIRECTION('',(1.0,0.0,-0.0));
/*    933 */ #920=AXIS2_PLACEMENT_3D('',#917,#918,#919);
/*    934 */ #921=PLANE('',#920);
/*    935 */ #922=CARTESIAN_POINT('',(0.0,0.0,0.0));
/*    936 */ #923=DIRECTION('',(0.0,0.0,1.0));
/*    937 */ #924=DIRECTION('',(1.0,0.0,-0.0));
/*    938 */ #925=AXIS2_PLACEMENT_3D('',#922,#923,#924);
/*    939 */ #926=PROPERTY_DEFINITION('shape for seating plane',$,#915);
/*    940 */ #927=SHAPE_DEFINITION_REPRESENTATION(#926,#916);
/*    941 */ #928=USAGE_CONCEPT_USAGE_RELATIONSHIP('',#929,#357,'',$,#915,#816,*);
/*    942 */ #929=REPRESENTATION_MAP(#925,#916);
/*    943 */ #930=FOOTPRINT_DEFINITION('Footprint',$,#935,#931,'',$,*);
/*    944 */ #931=PRODUCT_DEFINITION_CONTEXT('part definition',#787,'');
/*    945 */ #932=PRODUCT_DEFINITION_CONTEXT_ASSOCIATION(#930,#934,#933);
/*    946 */ #933=PRODUCT_DEFINITION_CONTEXT_ROLE('part definition type',$);
/*    947 */ #934=PRODUCT_DEFINITION_CONTEXT('template definition',#787,'');
/*    948 */ #935=PRODUCT_DEFINITION_FORMATION('1',$,#936);
/*    949 */ #936=PRODUCT('Footprint','template',$,(#938));
/*    950 */ #937=PRODUCT_RELATED_PRODUCT_CATEGORY('template model',$,(#936));
/*    951 */ #938=PRODUCT_CONTEXT('template model',#787,'');
/*    952 */ #939=PROPERTY_DEFINITION('location','top',#930);
/*    953 */ #940=SHAPE_REPRESENTATION('ppsm',(#942),#13);
/*    954 */ #941=DESCRIPTION_ATTRIBUTE('footprint definition shape model',#940);
/*    955 */ #942=AXIS2_PLACEMENT_2D('origin',#943,#944);
/*    956 */ #943=CARTESIAN_POINT('',(0.0,0.0));
/*    957 */ #944=DIRECTION('',(1.0,0.0));
/*    958 */ #945=SHAPE_DEFINITION_REPRESENTATION(#930,#940);
/*    959 */ #946=PROPERTY_DEFINITION_RELATIONSHIP('reference package','',#3,#930);
/*    960 */ #947=SHAPE_REPRESENTATION('ppsm',(#948,#961,#973,#985),#13);
/*    961 */ #948=AXIS2_PLACEMENT_2D('origin',#949,#950);
/*    962 */ #949=CARTESIAN_POINT('',(0.0,0.0));
/*    963 */ #950=DIRECTION('',(1.0,0.0));
/*    964 */ #951=(GEOMETRIC_REPRESENTATION_CONTEXT(2)GLOBAL_UNCERTAINTY_ASSIGNED_CONTEXT((#10,
/*    965 */      #11,#12))GLOBAL_UNIT_ASSIGNED_CONTEXT((#2,#8,#9))REPRESENTATION_CONTEXT('unit_context2D',
/*    966 */      'unit_context2D'));
/*    967 */ #952=CSG_PRIMITIVE_SOLID_2D('',#953);
/*    968 */ #953=RECTANGULAR_AREA('',#956,0.48254175055737,0.4);
/*    969 */ #954=CARTESIAN_POINT('',(0.943729872983315,0.0));
/*    970 */ #955=DIRECTION('',(1.0,0.0));
/*    971 */ #956=AXIS2_PLACEMENT_2D('',#954,#955);
/*    972 */ #957=SINGLE_BOUNDARY_CSG_2D_SHAPE_REPRESENTATION('ppsm',(#960,#952),#951);
/*    973 */ #958=CARTESIAN_POINT('',(0.0,0.0));
/*    974 */ #959=DIRECTION('',(1.0,0.0));
/*    975 */ #960=AXIS2_PLACEMENT_2D('',#958,#959);
/*    976 */ #961=USAGE_CONCEPT_USAGE_RELATIONSHIP('',#962,#948,'',$,#862,#947,*);
/*    977 */ #962=REPRESENTATION_MAP(#960,#957);
/*    978 */ #963=(GEOMETRIC_REPRESENTATION_CONTEXT(2)GLOBAL_UNCERTAINTY_ASSIGNED_CONTEXT((#10,
/*    979 */      #11,#12))GLOBAL_UNIT_ASSIGNED_CONTEXT((#2,#8,#9))REPRESENTATION_CONTEXT('unit_context2D',
/*    980 */      'unit_context2D'));
/*    981 */ #964=CSG_PRIMITIVE_SOLID_2D('',#965);
/*    982 */ #965=RECTANGULAR_AREA('',#968,0.48254175055737,0.4);
/*    983 */ #966=CARTESIAN_POINT('',(-0.943729872983315,0.95));
/*    984 */ #967=DIRECTION('',(1.0,0.0));
/*    985 */ #968=AXIS2_PLACEMENT_2D('',#966,#967);
/*    986 */ #969=SINGLE_BOUNDARY_CSG_2D_SHAPE_REPRESENTATION('ppsm',(#972,#964),#963);
/*    987 */ #970=CARTESIAN_POINT('',(0.0,0.0));
/*    988 */ #971=DIRECTION('',(1.0,0.0));
/*    989 */ #972=AXIS2_PLACEMENT_2D('',#970,#971);
/*    990 */ #973=USAGE_CONCEPT_USAGE_RELATIONSHIP('',#974,#948,'',$,#875,#947,*);
/*    991 */ #974=REPRESENTATION_MAP(#972,#969);
/*    992 */ #975=(GEOMETRIC_REPRESENTATION_CONTEXT(2)GLOBAL_UNCERTAINTY_ASSIGNED_CONTEXT((#10,
/*    993 */      #11,#12))GLOBAL_UNIT_ASSIGNED_CONTEXT((#2,#8,#9))REPRESENTATION_CONTEXT('unit_context2D',
/*    994 */      'unit_context2D'));
/*    995 */ #976=CSG_PRIMITIVE_SOLID_2D('',#977);
/*    996 */ #977=RECTANGULAR_AREA('',#980,0.48254175055737,0.4);
/*    997 */ #978=CARTESIAN_POINT('',(-0.943729872983315,-0.95));
/*    998 */ #979=DIRECTION('',(1.0,0.0));
/*    999 */ #980=AXIS2_PLACEMENT_2D('',#978,#979);
/*   1000 */ #981=SINGLE_BOUNDARY_CSG_2D_SHAPE_REPRESENTATION('ppsm',(#984,#976),#975);
/*   1001 */ #982=CARTESIAN_POINT('',(0.0,0.0));
/*   1002 */ #983=DIRECTION('',(1.0,0.0));
/*   1003 */ #984=AXIS2_PLACEMENT_2D('',#982,#983);
/*   1004 */ #985=USAGE_CONCEPT_USAGE_RELATIONSHIP('',#986,#948,'',$,#885,#947,*);
/*   1005 */ #986=REPRESENTATION_MAP(#984,#981);
/*   1006 */ #998=DESCRIPTION_ATTRIBUTE('pupsm',#947);
/*   1007 */ #999=ID_ATTRIBUTE('contacts_representation',#947);
/*   1008 */ #1000=SHAPE_DEFINITION_REPRESENTATION(#3,#947);
/*   1009 */ #1001=REPRESENTATION_RELATIONSHIP('predefined shape purpose',$,#947,#1002);
/*   1010 */ #1002=REPRESENTATION('predefined shape purpose',(#1003),#815);
/*   1011 */ #1003=DESCRIPTIVE_REPRESENTATION_ITEM('physical extent','contacts');
/*   1012 */ #1004=REPRESENTATION_RELATIONSHIP('shape environment',$,#947,#1005);
/*   1013 */ #1005=REPRESENTATION('shape environment',(#1006),#815);
/*   1014 */ #1006=DESCRIPTIVE_REPRESENTATION_ITEM('manufacturing','');
/*   1015 */ #1007=REPRESENTATION_RELATIONSHIP('shape extent',$,#947,#1008);
/*   1016 */ #1008=REPRESENTATION('shape extent',(#1009),#815);
/*   1017 */ #1009=DESCRIPTIVE_REPRESENTATION_ITEM('envelope','');
/*   1018 */ #1010=REPRESENTATION_RELATIONSHIP('shape material condition',$,#947,#1011);
/*   1019 */ #1011=REPRESENTATION('shape material condition',(#1012),#815);
/*   1020 */ #1012=DESCRIPTIVE_REPRESENTATION_ITEM('nominal_material_condition','');
/*   1021 */ #1013=REPRESENTATION_RELATIONSHIP('shape approximation level',$,#947,#1014);
/*   1022 */ #1014=REPRESENTATION('shape approximation level',(#1015),#815);
/*   1023 */ #1015=DESCRIPTIVE_REPRESENTATION_ITEM('is unknown','');
/*   1024 */ #1016=COORDINATED_GEOMETRIC_RELATIONSHIP_WITH_2D_3D_PLACEMENT_TRANSFORMATION('',
/*   1025 */      $,#7,#816,#1017);
/*   1026 */ #1017=AXIS_PLACEMENT_2D_3D_MAPPING('',$,#6,#925);
/*   1027 */ #1018=PRODUCT_DEFINITION_CONTEXT('physical design usage',$,$);
/*   1028 */ #1019=PRODUCT_DEFINITION_CONTEXT_ASSOCIATION(#3,#1018,#1020);
/*   1029 */ #1020=PRODUCT_DEFINITION_CONTEXT_ROLE('part definition type',$);
/*   1030 */ #1021=SHAPE_ASPECT('',$,#3,.T.);
/*   1031 */ #1022=ID_ATTRIBUTE('terminal bottom pin 2',#1021);
/*   1032 */ #1023=CHAIN_BASED_GEOMETRIC_ITEM_SPECIFIC_USAGE('','terminal bottom pin 2',#1021,
/*   1033 */      *,#670,(#816,#784),(#893));
/*   1034 */ #1024=SHAPE_ASPECT('',$,#3,.T.);
/*   1035 */ #1025=ID_ATTRIBUTE('terminal bottom pin 1',#1024);
/*   1036 */ #1026=CHAIN_BASED_GEOMETRIC_ITEM_SPECIFIC_USAGE('','terminal bottom pin 1',#1024,
/*   1037 */      *,#670,(#816,#784),(#883));
/*   1038 */ #1027=SHAPE_ASPECT('',$,#3,.T.);
/*   1039 */ #1028=ID_ATTRIBUTE('terminal bottom pin 3',#1027);
/*   1040 */ #1029=CHAIN_BASED_GEOMETRIC_ITEM_SPECIFIC_USAGE('','terminal bottom pin 3',#1027,
/*   1041 */      *,#670,(#816,#784),(#873));
/*   1042 */ #1030=SHAPE_ASPECT('',$,#3,.T.);
/*   1043 */ #1031=ID_ATTRIBUTE('body length f1',#1030);
/*   1044 */ #1032=CHAIN_BASED_GEOMETRIC_ITEM_SPECIFIC_USAGE('','body length f1',#1030,*,#228,
/*   1045 */      (#816,#356),(#847));
/*   1046 */ #1033=SHAPE_ASPECT('',$,#3,.T.);
/*   1047 */ #1034=ID_ATTRIBUTE('body width f2',#1033);
/*   1048 */ #1035=CHAIN_BASED_GEOMETRIC_ITEM_SPECIFIC_USAGE('','body width f2',#1033,*,#353,
/*   1049 */      (#816,#356),(#847));
/*   1050 */ #1036=SHAPE_ASPECT('',$,#3,.T.);
/*   1051 */ #1037=ID_ATTRIBUTE('body length f2',#1036);
/*   1052 */ #1038=CHAIN_BASED_GEOMETRIC_ITEM_SPECIFIC_USAGE('','body length f2',#1036,*,#146,
/*   1053 */      (#816,#356),(#847));
/*   1054 */ #1039=SHAPE_ASPECT('',$,#3,.T.);
/*   1055 */ #1040=ID_ATTRIBUTE('terminal width f1 pin 2',#1039);
/*   1056 */ #1041=CHAIN_BASED_GEOMETRIC_ITEM_SPECIFIC_USAGE('','terminal width f1 pin 2',#1039,
/*   1057 */      *,#781,(#816,#784),(#893));
/*   1058 */ #1042=SHAPE_ASPECT('',$,#3,.T.);
/*   1059 */ #1043=ID_ATTRIBUTE('terminal width f1 pin 1',#1042);
/*   1060 */ #1044=CHAIN_BASED_GEOMETRIC_ITEM_SPECIFIC_USAGE('','terminal width f1 pin 1',#1042,
/*   1061 */      *,#781,(#816,#784),(#883));
/*   1062 */ #1045=SHAPE_ASPECT('',$,#3,.T.);
/*   1063 */ #1046=ID_ATTRIBUTE('terminal width f1 pin 3',#1045);
/*   1064 */ #1047=CHAIN_BASED_GEOMETRIC_ITEM_SPECIFIC_USAGE('','terminal width f1 pin 3',#1045,
/*   1065 */      *,#781,(#816,#784),(#873));
/*   1066 */ #1048=SHAPE_ASPECT('',$,#3,.T.);
/*   1067 */ #1049=ID_ATTRIBUTE('body width f1',#1048);
/*   1068 */ #1050=CHAIN_BASED_GEOMETRIC_ITEM_SPECIFIC_USAGE('','body width f1',#1048,*,#115,
/*   1069 */      (#816,#356),(#847));
/*   1070 */ #1051=SHAPE_ASPECT('',$,#3,.T.);
/*   1071 */ #1052=ID_ATTRIBUTE('terminal width f2 pin 2',#1051);
/*   1072 */ #1053=CHAIN_BASED_GEOMETRIC_ITEM_SPECIFIC_USAGE('','terminal width f2 pin 2',#1051,
/*   1073 */      *,#469,(#816,#784),(#893));
/*   1074 */ #1054=SHAPE_ASPECT('',$,#3,.T.);
/*   1075 */ #1055=ID_ATTRIBUTE('terminal width f2 pin 1',#1054);
/*   1076 */ #1056=CHAIN_BASED_GEOMETRIC_ITEM_SPECIFIC_USAGE('','terminal width f2 pin 1',#1054,
/*   1077 */      *,#469,(#816,#784),(#883));
/*   1078 */ #1057=SHAPE_ASPECT('',$,#3,.T.);
/*   1079 */ #1058=ID_ATTRIBUTE('terminal width f2 pin 3',#1057);
/*   1080 */ #1059=CHAIN_BASED_GEOMETRIC_ITEM_SPECIFIC_USAGE('','terminal width f2 pin 3',#1057,
/*   1081 */      *,#469,(#816,#784),(#873));
/*   1082 */ #1060=SHAPE_ASPECT('',$,#3,.T.);
/*   1083 */ #1061=ID_ATTRIBUTE('terminal toe pin 2',#1060);
/*   1084 */ #1062=CHAIN_BASED_GEOMETRIC_ITEM_SPECIFIC_USAGE('','terminal toe pin 2',#1060,*,
/*   1085 */      #646,(#816,#784),(#893));
/*   1086 */ #1063=SHAPE_ASPECT('',$,#3,.T.);
/*   1087 */ #1064=ID_ATTRIBUTE('terminal toe pin 1',#1063);
/*   1088 */ #1065=CHAIN_BASED_GEOMETRIC_ITEM_SPECIFIC_USAGE('','terminal toe pin 1',#1063,*,
/*   1089 */      #646,(#816,#784),(#883));
/*   1090 */ #1066=SHAPE_ASPECT('',$,#3,.T.);
/*   1091 */ #1067=ID_ATTRIBUTE('terminal toe pin 3',#1066);
/*   1092 */ #1068=CHAIN_BASED_GEOMETRIC_ITEM_SPECIFIC_USAGE('','terminal toe pin 3',#1066,*,
/*   1093 */      #646,(#816,#784),(#873));
/*   1094 */ #1069=SHAPE_ASPECT('',$,#3,.T.);
/*   1095 */ #1070=ID_ATTRIBUTE('body bottom',#1069);
/*   1096 */ #1071=CHAIN_BASED_GEOMETRIC_ITEM_SPECIFIC_USAGE('','body bottom',#1069,*,#53,(#816,
/*   1097 */      #356),(#847));
/*   1098 */ #1072=SHAPE_ASPECT('',$,#3,.T.);
/*   1099 */ #1073=ID_ATTRIBUTE('body top',#1072);
/*   1100 */ #1074=CHAIN_BASED_GEOMETRIC_ITEM_SPECIFIC_USAGE('','body top',#1072,*,#290,(#816,
/*   1101 */      #356),(#847));
/*   1102 */ #1075=(COMPOSITE_SHAPE_ASPECT()COMPOSITE_UNIT_SHAPE_ASPECT()DATUM_FEATURE()
/*   1103 */      DIMENSIONAL_SIZE(#1075,'length')DIMENSIONAL_SIZE_WITH_DATUM_FEATURE()
/*   1104 */      SHAPE_ASPECT($,'feature of size',#3,.T.)SYMMETRIC_SHAPE_ASPECT());
/*   1105 */ #1076=ID_ATTRIBUTE('dimension D and datum feature A',#1075);
/*   1106 */ #1077=SHAPE_ASPECT_RELATIONSHIP('',$,#1075,#1030);
/*   1107 */ #1078=SHAPE_ASPECT_RELATIONSHIP('',$,#1075,#1036);
/*   1108 */ #1079=DIMENSIONAL_CHARACTERISTIC_REPRESENTATION(#1075,#1080);
/*   1109 */ #1080=SHAPE_DIMENSION_REPRESENTATION('',(#1083,#1086,#1088),#1081);
/*   1110 */ #1081=REPRESENTATION_CONTEXT('dimension context','dimension');
/*   1111 */ #1082=ID_ATTRIBUTE('D',#1080);
/*   1112 */ #1083=(LENGTH_MEASURE_WITH_UNIT()MEASURE_REPRESENTATION_ITEM()MEASURE_WITH_UNIT(LENGTH_MEASURE(
/*   1113 */      3.04),#1084)QUALIFIED_REPRESENTATION_ITEM((#1085))REPRESENTATION_ITEM(''));
/*   1114 */ #1084=(LENGTH_UNIT()NAMED_UNIT(*)SI_UNIT(.MILLI.,.METRE.));
/*   1115 */ #1085=TYPE_QUALIFIER('maximum');
/*   1116 */ #1086=(LENGTH_MEASURE_WITH_UNIT()MEASURE_REPRESENTATION_ITEM()MEASURE_WITH_UNIT(LENGTH_MEASURE(
/*   1117 */      2.8),#1084)QUALIFIED_REPRESENTATION_ITEM((#1087))REPRESENTATION_ITEM(''));
/*   1118 */ #1087=TYPE_QUALIFIER('minimum');
/*   1119 */ #1088=(LENGTH_MEASURE_WITH_UNIT()MEASURE_REPRESENTATION_ITEM()MEASURE_WITH_UNIT(LENGTH_MEASURE(
/*   1120 */      2.9),#1084)QUALIFIED_REPRESENTATION_ITEM((#1089))REPRESENTATION_ITEM(''));
/*   1121 */ #1089=TYPE_QUALIFIER('average');
/*   1122 */ #1090=DATUM('','plane',#3,.F.,'A');
/*   1123 */ #1091=SHAPE_ASPECT_RELATIONSHIP('',$,#1075,#1090);
/*   1124 */ #1092=(COMPOSITE_SHAPE_ASPECT()COMPOSITE_UNIT_SHAPE_ASPECT()DATUM_FEATURE()
/*   1125 */      DIMENSIONAL_SIZE(#1092,'length')DIMENSIONAL_SIZE_WITH_DATUM_FEATURE()
/*   1126 */      SHAPE_ASPECT($,'feature of size',#3,.T.)SYMMETRIC_SHAPE_ASPECT());
/*   1127 */ #1093=ID_ATTRIBUTE('dimension E1 and datum feature B',#1092);
/*   1128 */ #1094=SHAPE_ASPECT_RELATIONSHIP('',$,#1092,#1048);
/*   1129 */ #1095=SHAPE_ASPECT_RELATIONSHIP('',$,#1092,#1033);
/*   1130 */ #1096=DIMENSIONAL_CHARACTERISTIC_REPRESENTATION(#1092,#1097);
/*   1131 */ #1097=SHAPE_DIMENSION_REPRESENTATION('',(#1099,#1101,#1103),#1081);
/*   1132 */ #1098=ID_ATTRIBUTE('E1',#1097);
/*   1133 */ #1099=(LENGTH_MEASURE_WITH_UNIT()MEASURE_REPRESENTATION_ITEM()MEASURE_WITH_UNIT(LENGTH_MEASURE(
/*   1134 */      1.3),#1084)QUALIFIED_REPRESENTATION_ITEM((#1100))REPRESENTATION_ITEM(''));
/*   1135 */ #1100=TYPE_QUALIFIER('average');
/*   1136 */ #1101=(LENGTH_MEASURE_WITH_UNIT()MEASURE_REPRESENTATION_ITEM()MEASURE_WITH_UNIT(LENGTH_MEASURE(
/*   1137 */      1.4),#1084)QUALIFIED_REPRESENTATION_ITEM((#1102))REPRESENTATION_ITEM(''));
/*   1138 */ #1102=TYPE_QUALIFIER('maximum');
/*   1139 */ #1103=(LENGTH_MEASURE_WITH_UNIT()MEASURE_REPRESENTATION_ITEM()MEASURE_WITH_UNIT(LENGTH_MEASURE(
/*   1140 */      1.2),#1084)QUALIFIED_REPRESENTATION_ITEM((#1104))REPRESENTATION_ITEM(''));
/*   1141 */ #1104=TYPE_QUALIFIER('minimum');
/*   1142 */ #1105=DATUM('','plane',#3,.F.,'B');
/*   1143 */ #1106=SHAPE_ASPECT_RELATIONSHIP('',$,#1092,#1105);
/*   1144 */ #1107=COMPOSITE_GROUP_SHAPE_ASPECT('','multiple elements',#3,.T.);
/*   1145 */ #1108=ID_ATTRIBUTE('toe all pins',#1107);
/*   1146 */ #1109=SHAPE_ASPECT_RELATIONSHIP('',$,#1107,#1060);
/*   1147 */ #1110=SHAPE_ASPECT_RELATIONSHIP('',$,#1107,#1063);
/*   1148 */ #1111=SHAPE_ASPECT_RELATIONSHIP('',$,#1107,#1066);
/*   1149 */ #1112=(COMPOSITE_SHAPE_ASPECT()COMPOSITE_UNIT_SHAPE_ASPECT()DATUM_FEATURE()
/*   1150 */      SHAPE_ASPECT($,$,#3,.T.));
/*   1151 */ #1113=ID_ATTRIBUTE('bottom all pins',#1112);
/*   1152 */ #1114=SHAPE_ASPECT_RELATIONSHIP('',$,#1112,#1027);
/*   1153 */ #1115=SHAPE_ASPECT_RELATIONSHIP('',$,#1112,#1021);
/*   1154 */ #1116=SHAPE_ASPECT_RELATIONSHIP('',$,#1112,#1024);
/*   1155 */ #1117=(DERIVED_SHAPE_ASPECT()SEATING_PLANE()SHAPE_ASPECT('tangent plane',$,#3,.T.)
/*   1156 */      TANGENT());
/*   1157 */ #1118=ID_ATTRIBUTE('tangent to datum feature C',#1117);
/*   1158 */ #1119=PLANE('',#1120);
/*   1159 */ #1120=AXIS2_PLACEMENT_3D('',#1121,#1122,#1123);
/*   1160 */ #1121=CARTESIAN_POINT('',(0.0,0.0,0.0));
/*   1161 */ #1122=DIRECTION('',(0.0,0.0,1.0));
/*   1162 */ #1123=DIRECTION('',(1.0,0.0,0.0));
/*   1163 */ #1124=CONSTRUCTIVE_GEOMETRY_REPRESENTATION('',(#1119,#1149,#1168,#1181,#1194),#817);
/*   1164 */ #1125=CONSTRUCTIVE_GEOMETRY_REPRESENTATION_RELATIONSHIP('',$,#816,#1124);
/*   1165 */ #1126=GEOMETRIC_ITEM_SPECIFIC_USAGE('',$,#1117,#1124,#1119);
/*   1166 */ #1127=SHAPE_ASPECT_DERIVING_RELATIONSHIP('',$,#1117,#1112);
/*   1167 */ #1128=DATUM('','plane',#3,.F.,'C');
/*   1168 */ #1129=SHAPE_ASPECT_RELATIONSHIP('',$,#1112,#1128);
/*   1169 */ #1130=(GEOMETRIC_TOLERANCE('terminal bottom surface profile',$,#1133,#1112)
/*   1170 */      GEOMETRIC_TOLERANCE_WITH_DATUM_REFERENCE((#1131))
/*   1171 */      SURFACE_PROFILE_TOLERANCE());
/*   1172 */ #1131=DATUM_SYSTEM('datum system of terminal bottom surface profile',$,#3,.F.,(#1132));
/*   1173 */ #1132=DATUM_REFERENCE_COMPARTMENT('terminal bottom surface profile C',$,#3,.F.,#1128,
/*   1174 */      $);
/*   1175 */ #1133=LENGTH_MEASURE_WITH_UNIT(LENGTH_MEASURE(0.1),#1084);
/*   1176 */ #1134=DIMENSIONAL_SIZE(#1135,'length');
/*   1177 */ #1135=(COMPOSITE_SHAPE_ASPECT()COMPOSITE_UNIT_SHAPE_ASPECT()SHAPE_ASPECT($,'feature of size',
/*   1178 */      #3,.T.)SYMMETRIC_SHAPE_ASPECT());
/*   1179 */ #1136=ID_ATTRIBUTE('dim E feature of size',#1135);
/*   1180 */ #1137=SHAPE_ASPECT_RELATIONSHIP('',$,#1135,#1060);
/*   1181 */ #1138=SHAPE_ASPECT_RELATIONSHIP('',$,#1135,#1063);
/*   1182 */ #1139=SHAPE_ASPECT_RELATIONSHIP('',$,#1135,#1066);
/*   1183 */ #1140=DIMENSIONAL_CHARACTERISTIC_REPRESENTATION(#1134,#1141);
/*   1184 */ #1141=SHAPE_DIMENSION_REPRESENTATION('',(#1143,#1145),#1081);
/*   1185 */ #1142=ID_ATTRIBUTE('E',#1141);
/*   1186 */ #1143=(LENGTH_MEASURE_WITH_UNIT()MEASURE_REPRESENTATION_ITEM()MEASURE_WITH_UNIT(LENGTH_MEASURE(
/*   1187 */      2.1),#1084)QUALIFIED_REPRESENTATION_ITEM((#1144))REPRESENTATION_ITEM(''));
/*   1188 */ #1144=TYPE_QUALIFIER('minimum');
/*   1189 */ #1145=(LENGTH_MEASURE_WITH_UNIT()MEASURE_REPRESENTATION_ITEM()MEASURE_WITH_UNIT(LENGTH_MEASURE(
/*   1190 */      2.64),#1084)QUALIFIED_REPRESENTATION_ITEM((#1146))REPRESENTATION_ITEM(''));
/*   1191 */ #1146=TYPE_QUALIFIER('maximum');
/*   1192 */ #1147=CENTRE_OF_SYMMETRY('centre plane',$,#3,.F.);
/*   1193 */ #1148=ID_ATTRIBUTE('dim E centre_of_symmetry',#1147);
/*   1194 */ #1149=PLANE('',#1150);
/*   1195 */ #1150=AXIS2_PLACEMENT_3D('',#1151,#1152,#1153);
/*   1196 */ #1151=CARTESIAN_POINT('',(0.0,0.0,0.0));
/*   1197 */ #1152=DIRECTION('',(1.0,0.0,0.0));
/*   1198 */ #1153=DIRECTION('',(0.0,1.0,0.0));
/*   1199 */ #1154=GEOMETRIC_ITEM_SPECIFIC_USAGE('',$,#1147,#1124,#1149);
/*   1200 */ #1155=SHAPE_ASPECT_DERIVING_RELATIONSHIP('',$,#1147,#1135);
/*   1201 */ #1156=(GEOMETRIC_TOLERANCE('dim E center position',$,#1161,#1147)
/*   1202 */      GEOMETRIC_TOLERANCE_WITH_DATUM_REFERENCE((#1157))
/*   1203 */      MODIFIED_GEOMETRIC_TOLERANCE(.LEAST_MATERIAL_CONDITION.)
/*   1204 */      POSITION_TOLERANCE());
/*   1205 */ #1157=DATUM_SYSTEM('datum system of dim E center position',$,#3,.F.,(#1158,#1159,
/*   1206 */      #1160));
/*   1207 */ #1158=DATUM_REFERENCE_COMPARTMENT('dim E center position C',$,#3,.F.,#1128,(SIMPLE_DATUM_REFERENCE_MODIFIER(
/*   1208 */      .MAXIMUM_MATERIAL_REQUIREMENT.)));
/*   1209 */ #1159=DATUM_REFERENCE_COMPARTMENT('dim E center position A',$,#3,.F.,#1090,$);
/*   1210 */ #1160=DATUM_REFERENCE_COMPARTMENT('dim E center position B',$,#3,.F.,#1105,$);
/*   1211 */ #1161=LENGTH_MEASURE_WITH_UNIT(LENGTH_MEASURE(0.15),#1084);
/*   1212 */ #1162=(COMPOSITE_SHAPE_ASPECT()COMPOSITE_UNIT_SHAPE_ASPECT()SHAPE_ASPECT($,'feature of size',
/*   1213 */      #3,.T.)SYMMETRIC_SHAPE_ASPECT());
/*   1214 */ #1163=ID_ATTRIBUTE('pin 1 width feature of size',#1162);
/*   1215 */ #1164=SHAPE_ASPECT_RELATIONSHIP('',$,#1162,#1042);
/*   1216 */ #1165=SHAPE_ASPECT_RELATIONSHIP('',$,#1162,#1054);
/*   1217 */ #1166=CENTRE_OF_SYMMETRY('centre plane',$,#3,.F.);
/*   1218 */ #1167=ID_ATTRIBUTE('pin 1 centre_of_symmetry',#1166);
/*   1219 */ #1168=PLANE('',#1169);
/*   1220 */ #1169=AXIS2_PLACEMENT_3D('',#1170,#1171,#1172);
/*   1221 */ #1170=CARTESIAN_POINT('',(0.0,0.95,0.0));
/*   1222 */ #1171=DIRECTION('',(0.0,1.0,0.0));
/*   1223 */ #1172=DIRECTION('',(1.0,0.0,0.0));
/*   1224 */ #1173=GEOMETRIC_ITEM_SPECIFIC_USAGE('',$,#1166,#1124,#1168);
/*   1225 */ #1174=SHAPE_ASPECT_DERIVING_RELATIONSHIP('',$,#1166,#1162);
/*   1226 */ #1175=(COMPOSITE_SHAPE_ASPECT()COMPOSITE_UNIT_SHAPE_ASPECT()SHAPE_ASPECT($,'feature of size',
/*   1227 */      #3,.T.)SYMMETRIC_SHAPE_ASPECT());
/*   1228 */ #1176=ID_ATTRIBUTE('pin 2 width feature of size',#1175);
/*   1229 */ #1177=SHAPE_ASPECT_RELATIONSHIP('',$,#1175,#1051);
/*   1230 */ #1178=SHAPE_ASPECT_RELATIONSHIP('',$,#1175,#1039);
/*   1231 */ #1179=CENTRE_OF_SYMMETRY('centre plane',$,#3,.F.);
/*   1232 */ #1180=ID_ATTRIBUTE('pin 2 centre_of_symmetry',#1179);
/*   1233 */ #1181=PLANE('',#1182);
/*   1234 */ #1182=AXIS2_PLACEMENT_3D('',#1183,#1184,#1185);
/*   1235 */ #1183=CARTESIAN_POINT('',(0.0,-0.95,0.0));
/*   1236 */ #1184=DIRECTION('',(0.0,1.0,0.0));
/*   1237 */ #1185=DIRECTION('',(1.0,0.0,0.0));
/*   1238 */ #1186=GEOMETRIC_ITEM_SPECIFIC_USAGE('',$,#1179,#1124,#1181);
/*   1239 */ #1187=SHAPE_ASPECT_DERIVING_RELATIONSHIP('',$,#1179,#1175);
/*   1240 */ #1188=(COMPOSITE_SHAPE_ASPECT()COMPOSITE_UNIT_SHAPE_ASPECT()SHAPE_ASPECT($,'feature of size',
/*   1241 */      #3,.T.)SYMMETRIC_SHAPE_ASPECT());
/*   1242 */ #1189=ID_ATTRIBUTE('pin 3 width feature of size',#1188);
/*   1243 */ #1190=SHAPE_ASPECT_RELATIONSHIP('',$,#1188,#1057);
/*   1244 */ #1191=SHAPE_ASPECT_RELATIONSHIP('',$,#1188,#1045);
/*   1245 */ #1192=CENTRE_OF_SYMMETRY('centre plane',$,#3,.F.);
/*   1246 */ #1193=ID_ATTRIBUTE('pin 3 centre_of_symmetry',#1192);
/*   1247 */ #1194=PLANE('',#1195);
/*   1248 */ #1195=AXIS2_PLACEMENT_3D('',#1196,#1197,#1198);
/*   1249 */ #1196=CARTESIAN_POINT('',(0.0,0.0,0.0));
/*   1250 */ #1197=DIRECTION('',(0.0,1.0,0.0));
/*   1251 */ #1198=DIRECTION('',(1.0,0.0,0.0));
/*   1252 */ #1199=GEOMETRIC_ITEM_SPECIFIC_USAGE('',$,#1192,#1124,#1194);
/*   1253 */ #1200=SHAPE_ASPECT_DERIVING_RELATIONSHIP('',$,#1192,#1188);
/*   1254 */ #1201=DIMENSIONAL_LOCATION('linear distance',$,#1192,#1179);
/*   1255 */ #1202=DIMENSIONAL_CHARACTERISTIC_REPRESENTATION(#1201,#1203);
/*   1256 */ #1203=SHAPE_DIMENSION_REPRESENTATION('',(#1205,#1206),#1081);
/*   1257 */ #1204=ID_ATTRIBUTE('e',#1203);
/*   1258 */ #1205=(LENGTH_MEASURE_WITH_UNIT()MEASURE_REPRESENTATION_ITEM()MEASURE_WITH_UNIT(LENGTH_MEASURE(
/*   1259 */      0.95),#1084)REPRESENTATION_ITEM(''));
/*   1260 */ #1206=DESCRIPTIVE_REPRESENTATION_ITEM('dimensional note','theoretical');
/*   1261 */ #1207=DIMENSIONAL_LOCATION('linear distance',$,#1166,#1179);
/*   1262 */ #1208=DIMENSIONAL_CHARACTERISTIC_REPRESENTATION(#1207,#1209);
/*   1263 */ #1209=SHAPE_DIMENSION_REPRESENTATION('',(#1211,#1212),#1081);
/*   1264 */ #1210=ID_ATTRIBUTE('e1',#1209);
/*   1265 */ #1211=(LENGTH_MEASURE_WITH_UNIT()MEASURE_REPRESENTATION_ITEM()MEASURE_WITH_UNIT(LENGTH_MEASURE(
/*   1266 */      1.9),#1084)REPRESENTATION_ITEM(''));
/*   1267 */ #1212=DESCRIPTIVE_REPRESENTATION_ITEM('dimensional note','theoretical');
/*   1268 */ #1213=DIMENSIONAL_SIZE(#1214,'length');
/*   1269 */ #1214=(COMPOSITE_SHAPE_ASPECT()COMPOSITE_UNIT_SHAPE_ASPECT()SHAPE_ASPECT($,'feature of size',
/*   1270 */      #3,.T.)SYMMETRIC_SHAPE_ASPECT());
/*   1271 */ #1215=ID_ATTRIBUTE('dim A2 feature of size',#1214);
/*   1272 */ #1216=SHAPE_ASPECT_RELATIONSHIP('',$,#1214,#1072);
/*   1273 */ #1217=SHAPE_ASPECT_RELATIONSHIP('',$,#1214,#1069);
/*   1274 */ #1218=DIMENSIONAL_CHARACTERISTIC_REPRESENTATION(#1213,#1219);
/*   1275 */ #1219=SHAPE_DIMENSION_REPRESENTATION('',(#1221,#1223,#1225),#1081);
/*   1276 */ #1220=ID_ATTRIBUTE('A2',#1219);
/*   1277 */ #1221=(LENGTH_MEASURE_WITH_UNIT()MEASURE_REPRESENTATION_ITEM()MEASURE_WITH_UNIT(LENGTH_MEASURE(
/*   1278 */      0.7),#1084)QUALIFIED_REPRESENTATION_ITEM((#1222))REPRESENTATION_ITEM(''));
/*   1279 */ #1222=TYPE_QUALIFIER('minimum');
/*   1280 */ #1223=(LENGTH_MEASURE_WITH_UNIT()MEASURE_REPRESENTATION_ITEM()MEASURE_WITH_UNIT(LENGTH_MEASURE(
/*   1281 */      0.85),#1084)QUALIFIED_REPRESENTATION_ITEM((#1224))REPRESENTATION_ITEM(''));
/*   1282 */ #1224=TYPE_QUALIFIER('average');
/*   1283 */ #1225=(LENGTH_MEASURE_WITH_UNIT()MEASURE_REPRESENTATION_ITEM()MEASURE_WITH_UNIT(LENGTH_MEASURE(
/*   1284 */      1.02),#1084)QUALIFIED_REPRESENTATION_ITEM((#1226))REPRESENTATION_ITEM(''));
/*   1285 */ #1226=TYPE_QUALIFIER('maximum');
/*   1286 */ #1227=DIMENSIONAL_LOCATION('linear distance',$,#1072,#1112);
/*   1287 */ #1228=DIMENSIONAL_CHARACTERISTIC_REPRESENTATION(#1227,#1229);
/*   1288 */ #1229=SHAPE_DIMENSION_REPRESENTATION('',(#1231,#1233),#1081);
/*   1289 */ #1230=ID_ATTRIBUTE('A',#1229);
/*   1290 */ #1231=(LENGTH_MEASURE_WITH_UNIT()MEASURE_REPRESENTATION_ITEM()MEASURE_WITH_UNIT(LENGTH_MEASURE(
/*   1291 */      1.17),#1084)QUALIFIED_REPRESENTATION_ITEM((#1232))REPRESENTATION_ITEM(''));
/*   1292 */ #1232=TYPE_QUALIFIER('maximum');
/*   1293 */ #1233=(LENGTH_MEASURE_WITH_UNIT()MEASURE_REPRESENTATION_ITEM()MEASURE_WITH_UNIT(LENGTH_MEASURE(
/*   1294 */      0.7),#1084)QUALIFIED_REPRESENTATION_ITEM((#1234))REPRESENTATION_ITEM(''));
/*   1295 */ #1234=TYPE_QUALIFIER('minimum');
/*   1296 */ #1235=DIMENSIONAL_LOCATION('linear distance',$,#1069,#1112);
/*   1297 */ #1236=DIMENSIONAL_CHARACTERISTIC_REPRESENTATION(#1235,#1237);
/*   1298 */ #1237=SHAPE_DIMENSION_REPRESENTATION('',(#1239,#1241),#1081);
/*   1299 */ #1238=ID_ATTRIBUTE('A1',#1237);
/*   1300 */ #1239=(LENGTH_MEASURE_WITH_UNIT()MEASURE_REPRESENTATION_ITEM()MEASURE_WITH_UNIT(LENGTH_MEASURE(
/*   1301 */      0.05),#1084)QUALIFIED_REPRESENTATION_ITEM((#1240))REPRESENTATION_ITEM(''));
/*   1302 */ #1240=TYPE_QUALIFIER('minimum');
/*   1303 */ #1241=(LENGTH_MEASURE_WITH_UNIT()MEASURE_REPRESENTATION_ITEM()MEASURE_WITH_UNIT(LENGTH_MEASURE(
/*   1304 */      0.15),#1084)QUALIFIED_REPRESENTATION_ITEM((#1242))REPRESENTATION_ITEM(''));
/*   1305 */ #1242=TYPE_QUALIFIER('maximum');
/*   1306 */ #1243=COMPOSITE_GROUP_SHAPE_ASPECT('','multiple elements',#3,.T.);
/*   1307 */ #1244=ID_ATTRIBUTE('all pins centres',#1243);
/*   1308 */ #1245=SHAPE_ASPECT_RELATIONSHIP('',$,#1243,#1166);
/*   1309 */ #1246=SHAPE_ASPECT_RELATIONSHIP('',$,#1243,#1192);
/*   1310 */ #1247=SHAPE_ASPECT_RELATIONSHIP('',$,#1243,#1179);
/*   1311 */ #1248=(GEOMETRIC_TOLERANCE('terminal centre plane position',$,#1249,#1243)
/*   1312 */      MODIFIED_GEOMETRIC_TOLERANCE(.LEAST_MATERIAL_CONDITION.)
/*   1313 */      POSITION_TOLERANCE());
/*   1314 */ #1249=LENGTH_MEASURE_WITH_UNIT(LENGTH_MEASURE(0.2),#1084);
/*   1315 */ #1250=COMPOSITE_GROUP_SHAPE_ASPECT('','multiple elements',#3,.T.);
/*   1316 */ #1251=ID_ATTRIBUTE('all pins width feature of size',#1250);
/*   1317 */ #1252=SHAPE_ASPECT_RELATIONSHIP('',$,#1250,#1188);
/*   1318 */ #1253=SHAPE_ASPECT_RELATIONSHIP('',$,#1250,#1175);
/*   1319 */ #1254=SHAPE_ASPECT_RELATIONSHIP('',$,#1250,#1162);
/*   1320 */ #1255=DIMENSIONAL_SIZE(#1250,'length');
/*   1321 */ #1256=DIMENSIONAL_CHARACTERISTIC_REPRESENTATION(#1255,#1257);
/*   1322 */ #1257=SHAPE_DIMENSION_REPRESENTATION('',(#1259,#1261),#1081);
/*   1323 */ #1258=ID_ATTRIBUTE('b',#1257);
/*   1324 */ #1259=(LENGTH_MEASURE_WITH_UNIT()MEASURE_REPRESENTATION_ITEM()MEASURE_WITH_UNIT(LENGTH_MEASURE(
/*   1325 */      0.5),#1084)QUALIFIED_REPRESENTATION_ITEM((#1260))REPRESENTATION_ITEM(''));
/*   1326 */ #1260=TYPE_QUALIFIER('maximum');
/*   1327 */ #1261=(LENGTH_MEASURE_WITH_UNIT()MEASURE_REPRESENTATION_ITEM()MEASURE_WITH_UNIT(LENGTH_MEASURE(
/*   1328 */      0.3),#1084)QUALIFIED_REPRESENTATION_ITEM((#1262))REPRESENTATION_ITEM(''));
/*   1329 */ 

------------------------------------------------------------------------------------------------
 Operation terminated successfully.
------------------------------------------------------------------------------------------------

