

/******************************************************************************************
* ReadStepFile diagnostics.
* Date:                           Thu Jul 18 16:07:12 2013
* Produced by:                    The EXPRESS Data Manager Version 5.01.0100.103 : 1 Nov 2012
* Module:                         EDMstepFileFactory/EDMstandAlone
* Host:                           tom8dd8
* Database:                       C:\Temp\edm_2012\2012_08
* Database version:               5207
* Database creation date:         Fri Aug 10 08:09:20 2012
* Model to populate:              DataRepository.DO-214_AB_with_gdt
* Header model to populate:       
* Step file name:                 Z:\Documents\2011\NIST AP210 GD&T Deliverables 9-30-11 - models and report\AP210 Package Models and JEDEC Documents_2013_june_update\DO-214_AB_with_gdt.stp
* EDMuser:                        sdai-user
* EDMgroup:                       sdai-group
* License ID and type:            4858 : Education license. Expiry date: 14 Mar 2016
* EDMstepFileFactory options:     0201000100
******************************************************************************************/
/*      1 */ ISO-10303-21;
/*      2 */ HEADER;
/*      3 */ /* Generated by software containing
/*      4 */  * JSDAI (TM) from LKSoft (www.lksoft.com, www.jsdai.net)
/*      5 */  * JSDAI Runtime Version 4.0.0 (Build 270, 2010-02-16T15:19:10)
/*      6 */  */
/*      7 */ FILE_DESCRIPTION(
/*      8 */ /* description */ ('AP210 Package Model'),
/*      9 */ /* implementation_level */ '2;1');
/*     10 */ FILE_NAME(
/*     11 */ /* name */ 'DO-214_AB_annotation.stp',
/*     12 */ /* time_stamp */ '2011-09-05T12:44:39',
/*     13 */ /* author */ (''),
/*     14 */ /* organization */ (''),
/*     15 */ /* preprocessor_version */ '',
/*     16 */ /* originating_system */ '',
/*     17 */ /* authorization */ '');
/*     18 */ FILE_SCHEMA(('AP210_ELECTRONIC_ASSEMBLY_INTERCONNECT_AND_PACKAGING_DESIGN_MIM_LF'));
/*     19 */ ENDSEC;
/*     20 */ DATA;
/*     21 */ #1=DIMENSIONAL_EXPONENTS(1.0,0.0,0.0,0.0,0.0,0.0,0.0);
/*     22 */ #2=(LENGTH_UNIT()NAMED_UNIT(*)SI_UNIT(.MILLI.,.METRE.));
/*     23 */ #3=PACKAGE('',$,#1001,#998,'DO-214_AB',$,*);
/*     24 */ #4=DIRECTION('',(1.0,0.0));
/*     25 */ #5=CARTESIAN_POINT('',(0.0,0.0));
/*     26 */ #6=AXIS2_PLACEMENT_2D('csys2d',#5,#4);
/*     27 */ #7=SHAPE_REPRESENTATION('global 2d representation',(#6),#13);
/*     28 */ #8=(NAMED_UNIT(*)SI_UNIT($,.STERADIAN.)SOLID_ANGLE_UNIT());
/*     29 */ #9=(NAMED_UNIT(*)PLANE_ANGLE_UNIT()SI_UNIT($,.RADIAN.));
/*     30 */ #10=UNCERTAINTY_MEASURE_WITH_UNIT(LENGTH_MEASURE(0.01),#2,'',$);
/*     31 */ #11=UNCERTAINTY_MEASURE_WITH_UNIT(SOLID_ANGLE_MEASURE(0.0010),#8,'',$);
/*     32 */ #12=UNCERTAINTY_MEASURE_WITH_UNIT(PLANE_ANGLE_MEASURE(0.0010),#9,'',$);
/*     33 */ #13=(GEOMETRIC_REPRESENTATION_CONTEXT(2)GLOBAL_UNCERTAINTY_ASSIGNED_CONTEXT((#10,
/*     34 */      #11,#12))GLOBAL_UNIT_ASSIGNED_CONTEXT((#2,#8,#9))REPRESENTATION_CONTEXT('unit_context2D',
/*     35 */      'unit_context2D'));
/*     36 */ #14=CARTESIAN_POINT('',(-3.435,-2.8230866,-0.00999999999999979));
/*     37 */ #15=DIRECTION('',(0.0,-0.994521892293079,-0.104528492526168));
/*     38 */ #16=DIRECTION('',(0.0,-0.104528492526168,0.994521892293079));
/*     39 */ #17=AXIS2_PLACEMENT_3D('',#14,#15,#16);
/*     40 */ #18=PLANE('',#17);
/*     41 */ #19=CARTESIAN_POINT('',(2.275,-2.84253088902692,0.175));
/*     42 */ #20=VERTEX_POINT('',#19);
/*     43 */ #21=CARTESIAN_POINT('',(3.31753088902692,-2.84253088902692,0.175));
/*     44 */ #22=VERTEX_POINT('',#21);
/*     45 */ #23=CARTESIAN_POINT('',(-1.7175,-2.84253088902692,0.175));
/*     46 */ #24=DIRECTION('',(1.0,0.0,-0.0));
/*     47 */ #25=VECTOR('',#24,1.0);
/*     48 */ #26=LINE('',#23,#25);
/*     49 */ #27=EDGE_CURVE('',#20,#22,#26,.T.);
/*     50 */ #28=ORIENTED_EDGE('',*,*,#27,.T.);
/*     51 */ #29=CARTESIAN_POINT('',(3.425,-2.95,1.1975));
/*     52 */ #30=VERTEX_POINT('',#29);
/*     53 */ #31=CARTESIAN_POINT('',(3.29321933890454,-2.81821933890454,-0.0563088828505469));
/*     54 */ #32=DIRECTION('',(0.103962079969953,-0.103962079969953,0.989132838326907));
/*     55 */ #33=VECTOR('',#32,1.0);
/*     56 */ #34=LINE('',#31,#33);
/*     57 */ #35=EDGE_CURVE('',#22,#30,#34,.T.);
/*     58 */ #36=ORIENTED_EDGE('',*,*,#35,.T.);
/*     59 */ #37=CARTESIAN_POINT('',(-3.425,-2.95,1.1975));
/*     60 */ #38=VERTEX_POINT('',#37);
/*     61 */ #39=CARTESIAN_POINT('',(-3.435,-2.95,1.1975));
/*     62 */ #40=DIRECTION('',(1.0,0.0,0.0));
/*     63 */ #41=VECTOR('',#40,1.0);
/*     64 */ #42=LINE('',#39,#41);
/*     65 */ #43=EDGE_CURVE('',#38,#30,#42,.T.);
/*     66 */ #44=ORIENTED_EDGE('',*,*,#43,.F.);
/*     67 */ #45=CARTESIAN_POINT('',(-3.31753088902692,-2.84253088902692,0.175));
/*     68 */ #46=VERTEX_POINT('',#45);
/*     69 */ #47=CARTESIAN_POINT('',(-3.26757435799297,-2.79257435799297,-0.30030450861364));
/*     70 */ #48=DIRECTION('',(-0.103962079969953,-0.103962079969953,0.989132838326907));
/*     71 */ #49=VECTOR('',#48,1.0);
/*     72 */ #50=LINE('',#47,#49);
/*     73 */ #51=EDGE_CURVE('',#46,#38,#50,.T.);
/*     74 */ #52=ORIENTED_EDGE('',*,*,#51,.F.);
/*     75 */ #53=CARTESIAN_POINT('',(-2.275,-2.84253088902692,0.175));
/*     76 */ #54=VERTEX_POINT('',#53);
/*     77 */ #55=CARTESIAN_POINT('',(-1.7175,-2.84253088902692,0.175));
/*     78 */ #56=DIRECTION('',(1.0,0.0,-0.0));
/*     79 */ #57=VECTOR('',#56,1.0);
/*     80 */ #58=LINE('',#55,#57);
/*     81 */ #59=EDGE_CURVE('',#46,#54,#58,.T.);
/*     82 */ #60=ORIENTED_EDGE('',*,*,#59,.T.);
/*     83 */ #61=CARTESIAN_POINT('',(-2.275,-2.8241376426501,0.0));
/*     84 */ #62=VERTEX_POINT('',#61);
/*     85 */ #63=CARTESIAN_POINT('',(-2.275,-2.79206741336944,-0.305127763155032));
/*     86 */ #64=DIRECTION('',(0.0,0.104528492526168,-0.994521892293079));
/*     87 */ #65=VECTOR('',#64,1.0);
/*     88 */ #66=LINE('',#63,#65);
/*     89 */ #67=EDGE_CURVE('',#54,#62,#66,.T.);
/*     90 */ #68=ORIENTED_EDGE('',*,*,#67,.T.);
/*     91 */ #69=CARTESIAN_POINT('',(2.275,-2.8241376426501,0.0));
/*     92 */ #70=VERTEX_POINT('',#69);
/*     93 */ #71=CARTESIAN_POINT('',(-1.7175,-2.8241376426501,0.0));
/*     94 */ #72=DIRECTION('',(1.0,0.0,-0.0));
/*     95 */ #73=VECTOR('',#72,1.0);
/*     96 */ #74=LINE('',#71,#73);
/*     97 */ #75=EDGE_CURVE('',#62,#70,#74,.T.);
/*     98 */ #76=ORIENTED_EDGE('',*,*,#75,.T.);
/*     99 */ #77=CARTESIAN_POINT('',(2.275,-2.82429972033133,0.00154206569268879));
/*    100 */ #78=DIRECTION('',(0.0,-0.104528492526168,0.994521892293079));
/*    101 */ #79=VECTOR('',#78,1.0);
/*    102 */ #80=LINE('',#77,#79);
/*    103 */ #81=EDGE_CURVE('',#70,#20,#80,.T.);
/*    104 */ #82=ORIENTED_EDGE('',*,*,#81,.T.);
/*    105 */ #83=EDGE_LOOP('',(#28,#36,#44,#52,#60,#68,#76,#82));
/*    106 */ #84=FACE_BOUND('',#83,.T.);
/*    107 */ #85=ADVANCED_FACE('',(#84),#18,.T.);
/*    108 */ #86=CARTESIAN_POINT('',(0.0,0.0,0.175));
/*    109 */ #87=DIRECTION('',(0.0,0.0,1.0));
/*    110 */ #88=DIRECTION('',(1.0,0.0,-0.0));
/*    111 */ #89=AXIS2_PLACEMENT_3D('',#86,#87,#88);
/*    112 */ #90=PLANE('',#89);
/*    113 */ #91=CARTESIAN_POINT('',(3.31753088902692,2.84253088902692,0.175));
/*    114 */ #92=VERTEX_POINT('',#91);
/*    115 */ #93=CARTESIAN_POINT('',(3.31753088902692,1.48,0.175));
/*    116 */ #94=DIRECTION('',(-0.0,1.0,0.0));
/*    117 */ #95=VECTOR('',#94,1.0);
/*    118 */ #96=LINE('',#93,#95);
/*    119 */ #97=EDGE_CURVE('',#22,#92,#96,.T.);
/*    120 */ #98=ORIENTED_EDGE('',*,*,#97,.T.);
/*    121 */ #99=CARTESIAN_POINT('',(2.275,2.84253088902692,0.175));
/*    122 */ #100=VERTEX_POINT('',#99);
/*    123 */ #101=CARTESIAN_POINT('',(-1.7175,2.84253088902692,0.175));
/*    124 */ #102=DIRECTION('',(-1.0,0.0,0.0));
/*    125 */ #103=VECTOR('',#102,1.0);
/*    126 */ #104=LINE('',#101,#103);
/*    127 */ #105=EDGE_CURVE('',#92,#100,#104,.T.);
/*    128 */ #106=ORIENTED_EDGE('',*,*,#105,.T.);
/*    129 */ #107=CARTESIAN_POINT('',(2.275,-2.95,0.175));
/*    130 */ #108=DIRECTION('',(0.0,1.0,0.0));
/*    131 */ #109=VECTOR('',#108,1.0);
/*    132 */ #110=LINE('',#107,#109);
/*    133 */ #111=EDGE_CURVE('',#20,#100,#110,.T.);
/*    134 */ #112=ORIENTED_EDGE('',*,*,#111,.F.);
/*    135 */ #113=ORIENTED_EDGE('',*,*,#27,.T.);
/*    136 */ #114=EDGE_LOOP('',(#98,#106,#112,#113));
/*    137 */ #115=FACE_BOUND('',#114,.F.);
/*    138 */ #116=ADVANCED_FACE('',(#115),#90,.F.);
/*    139 */ #117=CARTESIAN_POINT('',(2.275,-2.95,0.0));
/*    140 */ #118=DIRECTION('',(-1.0,0.0,0.0));
/*    141 */ #119=DIRECTION('',(0.0,1.0,0.0));
/*    142 */ #120=AXIS2_PLACEMENT_3D('',#117,#118,#119);
/*    143 */ #121=PLANE('',#120);
/*    144 */ #122=ORIENTED_EDGE('',*,*,#111,.T.);
/*    145 */ #123=CARTESIAN_POINT('',(2.275,2.8241376426501,0.0));
/*    146 */ #124=VERTEX_POINT('',#123);
/*    147 */ #125=CARTESIAN_POINT('',(2.275,2.85552411336944,0.298622236844968));
/*    148 */ #126=DIRECTION('',(-0.0,-0.104528492526168,-0.994521892293079));
/*    149 */ #127=VECTOR('',#126,1.0);
/*    150 */ #128=LINE('',#125,#127);
/*    151 */ #129=EDGE_CURVE('',#100,#124,#128,.T.);
/*    152 */ #130=ORIENTED_EDGE('',*,*,#129,.T.);
/*    153 */ #131=CARTESIAN_POINT('',(2.275,-2.95,0.0));
/*    154 */ #132=DIRECTION('',(0.0,1.0,0.0));
/*    155 */ #133=VECTOR('',#132,1.0);
/*    156 */ #134=LINE('',#131,#133);
/*    157 */ #135=EDGE_CURVE('',#70,#124,#134,.T.);
/*    158 */ #136=ORIENTED_EDGE('',*,*,#135,.F.);
/*    159 */ #137=ORIENTED_EDGE('',*,*,#81,.T.);
/*    160 */ #138=EDGE_LOOP('',(#122,#130,#136,#137));
/*    161 */ #139=FACE_BOUND('',#138,.F.);
/*    162 */ #140=ADVANCED_FACE('',(#139),#121,.F.);
/*    163 */ #141=CARTESIAN_POINT('',(0.0,0.0,0.0));
/*    164 */ #142=DIRECTION('',(0.0,0.0,1.0));
/*    165 */ #143=DIRECTION('',(1.0,0.0,-0.0));
/*    166 */ #144=AXIS2_PLACEMENT_3D('',#141,#142,#143);
/*    167 */ #145=PLANE('',#144);
/*    168 */ #146=ORIENTED_EDGE('',*,*,#135,.T.);
/*    169 */ #147=CARTESIAN_POINT('',(-2.275,2.8241376426501,0.0));
/*    170 */ #148=VERTEX_POINT('',#147);
/*    171 */ #149=CARTESIAN_POINT('',(-1.7175,2.8241376426501,0.0));
/*    172 */ #150=DIRECTION('',(-1.0,0.0,0.0));
/*    173 */ #151=VECTOR('',#150,1.0);
/*    174 */ #152=LINE('',#149,#151);
/*    175 */ #153=EDGE_CURVE('',#124,#148,#152,.T.);
/*    176 */ #154=ORIENTED_EDGE('',*,*,#153,.T.);
/*    177 */ #155=CARTESIAN_POINT('',(-2.275,2.95,0.0));
/*    178 */ #156=DIRECTION('',(0.0,-1.0,0.0));
/*    179 */ #157=VECTOR('',#156,1.0);
/*    180 */ #158=LINE('',#155,#157);
/*    181 */ #159=EDGE_CURVE('',#148,#62,#158,.T.);
/*    182 */ #160=ORIENTED_EDGE('',*,*,#159,.T.);
/*    183 */ #161=ORIENTED_EDGE('',*,*,#75,.T.);
/*    184 */ #162=EDGE_LOOP('',(#146,#154,#160,#161));
/*    185 */ #163=FACE_BOUND('',#162,.F.);
/*    186 */ #164=ADVANCED_FACE('',(#163),#145,.F.);
/*    187 */ #165=CARTESIAN_POINT('',(-2.275,2.95,0.0));
/*    188 */ #166=DIRECTION('',(1.0,0.0,0.0));
/*    189 */ #167=DIRECTION('',(0.0,-1.0,0.0));
/*    190 */ #168=AXIS2_PLACEMENT_3D('',#165,#166,#167);
/*    191 */ #169=PLANE('',#168);
/*    192 */ #170=ORIENTED_EDGE('',*,*,#159,.F.);
/*    193 */ #171=CARTESIAN_POINT('',(-2.275,2.84253088902692,0.175));
/*    194 */ #172=VERTEX_POINT('',#171);
/*    195 */ #173=CARTESIAN_POINT('',(-2.275,2.88775642033133,0.605292065692689));
/*    196 */ #174=DIRECTION('',(-0.0,0.104528492526168,0.994521892293079));
/*    197 */ #175=VECTOR('',#174,1.0);
/*    198 */ #176=LINE('',#173,#175);
/*    199 */ #177=EDGE_CURVE('',#148,#172,#176,.T.);
/*    200 */ #178=ORIENTED_EDGE('',*,*,#177,.T.);
/*    201 */ #179=CARTESIAN_POINT('',(-2.275,2.95,0.175));
/*    202 */ #180=DIRECTION('',(0.0,-1.0,0.0));
/*    203 */ #181=VECTOR('',#180,1.0);
/*    204 */ #182=LINE('',#179,#181);
/*    205 */ #183=EDGE_CURVE('',#172,#54,#182,.T.);
/*    206 */ #184=ORIENTED_EDGE('',*,*,#183,.T.);
/*    207 */ #185=ORIENTED_EDGE('',*,*,#67,.T.);
/*    208 */ #186=EDGE_LOOP('',(#170,#178,#184,#185));
/*    209 */ #187=FACE_BOUND('',#186,.F.);
/*    210 */ #188=ADVANCED_FACE('',(#187),#169,.F.);
/*    211 */ #189=CARTESIAN_POINT('',(0.0,0.0,0.175));
/*    212 */ #190=DIRECTION('',(0.0,0.0,1.0));
/*    213 */ #191=DIRECTION('',(1.0,0.0,-0.0));
/*    214 */ #192=AXIS2_PLACEMENT_3D('',#189,#190,#191);
/*    215 */ #193=PLANE('',#192);
/*    216 */ #194=ORIENTED_EDGE('',*,*,#183,.F.);
/*    217 */ #195=CARTESIAN_POINT('',(-3.31753088902692,2.84253088902692,0.175));
/*    218 */ #196=VERTEX_POINT('',#195);
/*    219 */ #197=CARTESIAN_POINT('',(-1.7175,2.84253088902692,0.175));
/*    220 */ #198=DIRECTION('',(-1.0,0.0,0.0));
/*    221 */ #199=VECTOR('',#198,1.0);
/*    222 */ #200=LINE('',#197,#199);
/*    223 */ #201=EDGE_CURVE('',#172,#196,#200,.T.);
/*    224 */ #202=ORIENTED_EDGE('',*,*,#201,.T.);
/*    225 */ #203=CARTESIAN_POINT('',(-3.31753088902692,1.48,0.175));
/*    226 */ #204=DIRECTION('',(0.0,-1.0,0.0));
/*    227 */ #205=VECTOR('',#204,1.0);
/*    228 */ #206=LINE('',#203,#205);
/*    229 */ #207=EDGE_CURVE('',#196,#46,#206,.T.);
/*    230 */ #208=ORIENTED_EDGE('',*,*,#207,.T.);
/*    231 */ #209=ORIENTED_EDGE('',*,*,#59,.T.);
/*    232 */ #210=EDGE_LOOP('',(#194,#202,#208,#209));
/*    233 */ #211=FACE_BOUND('',#210,.F.);
/*    234 */ #212=ADVANCED_FACE('',(#211),#193,.F.);
/*    235 */ #213=CARTESIAN_POINT('',(-3.2980866,2.96,-0.00999999999999979));
/*    236 */ #214=DIRECTION('',(-0.994521892293079,-0.0,-0.104528492526168));
/*    237 */ #215=DIRECTION('',(-0.104528492526168,0.0,0.994521892293079));
/*    238 */ #216=AXIS2_PLACEMENT_3D('',#213,#214,#215);
/*    239 */ #217=PLANE('',#216);
/*    240 */ #218=CARTESIAN_POINT('',(-3.425,2.95,1.1975));
/*    241 */ #219=VERTEX_POINT('',#218);
/*    242 */ #220=CARTESIAN_POINT('',(-3.425,2.96,1.1975));
/*    243 */ #221=DIRECTION('',(0.0,-1.0,0.0));
/*    244 */ #222=VECTOR('',#221,1.0);
/*    245 */ #223=LINE('',#220,#222);
/*    246 */ #224=EDGE_CURVE('',#219,#38,#223,.T.);
/*    247 */ #225=ORIENTED_EDGE('',*,*,#224,.F.);
/*    248 */ #226=CARTESIAN_POINT('',(-3.36233722839293,2.88733722839293,0.601303721943167));
/*    249 */ #227=DIRECTION('',(0.103962079969953,-0.103962079969953,-0.989132838326907));
/*    250 */ #228=VECTOR('',#227,1.0);
/*    251 */ #229=LINE('',#226,#228);
/*    252 */ #230=EDGE_CURVE('',#219,#196,#229,.T.);
/*    253 */ #231=ORIENTED_EDGE('',*,*,#230,.T.);
/*    254 */ #232=ORIENTED_EDGE('',*,*,#207,.T.);
/*    255 */ #233=ORIENTED_EDGE('',*,*,#51,.T.);
/*    256 */ #234=EDGE_LOOP('',(#225,#231,#232,#233));
/*    257 */ #235=FACE_BOUND('',#234,.T.);
/*    258 */ #236=ADVANCED_FACE('',(#235),#217,.T.);
/*    259 */ #237=CARTESIAN_POINT('',(-3.425,-2.95,0.175));
/*    260 */ #238=DIRECTION('',(0.0,1.0,0.0));
/*    261 */ #239=DIRECTION('',(1.0,0.0,0.0));
/*    262 */ #240=AXIS2_PLACEMENT_3D('',#237,#238,#239);
/*    263 */ #241=PLANE('',#240);
/*    264 */ #242=ORIENTED_EDGE('',*,*,#43,.F.);
/*    265 */ #243=CARTESIAN_POINT('',(-3.425,-2.95,1.4775));
/*    266 */ #244=VERTEX_POINT('',#243);
/*    267 */ #245=CARTESIAN_POINT('',(-3.425,-2.95,0.175));
/*    268 */ #246=DIRECTION('',(0.0,0.0,1.0));
/*    269 */ #247=VECTOR('',#246,1.0);
/*    270 */ #248=LINE('',#245,#247);
/*    271 */ #249=EDGE_CURVE('',#38,#244,#248,.T.);
/*    272 */ #250=ORIENTED_EDGE('',*,*,#249,.T.);
/*    273 */ #251=CARTESIAN_POINT('',(3.425,-2.95,1.4775));
/*    274 */ #252=VERTEX_POINT('',#251);
/*    275 */ #253=CARTESIAN_POINT('',(-3.435,-2.95,1.4775));
/*    276 */ #254=DIRECTION('',(1.0,0.0,0.0));
/*    277 */ #255=VECTOR('',#254,1.0);
/*    278 */ #256=LINE('',#253,#255);
/*    279 */ #257=EDGE_CURVE('',#244,#252,#256,.T.);
/*    280 */ #258=ORIENTED_EDGE('',*,*,#257,.T.);
/*    281 */ #259=CARTESIAN_POINT('',(3.425,-2.95,0.175));
/*    282 */ #260=DIRECTION('',(0.0,0.0,1.0));
/*    283 */ #261=VECTOR('',#260,1.0);
/*    284 */ #262=LINE('',#259,#261);
/*    285 */ #263=EDGE_CURVE('',#30,#252,#262,.T.);
/*    286 */ #264=ORIENTED_EDGE('',*,*,#263,.F.);
/*    287 */ #265=EDGE_LOOP('',(#242,#250,#258,#264));
/*    288 */ #266=FACE_BOUND('',#265,.F.);
/*    289 */ #267=ADVANCED_FACE('',(#266),#241,.F.);
/*    290 */ #268=CARTESIAN_POINT('',(3.425,2.96,1.1975));
/*    291 */ #269=DIRECTION('',(0.994521892293079,0.0,-0.104528492526168));
/*    292 */ #270=DIRECTION('',(-0.104528492526168,-0.0,-0.994521892293079));
/*    293 */ #271=AXIS2_PLACEMENT_3D('',#268,#269,#270);
/*    294 */ #272=PLANE('',#271);
/*    295 */ #273=ORIENTED_EDGE('',*,*,#97,.T.);
/*    296 */ #274=CARTESIAN_POINT('',(3.425,2.95,1.1975));
/*    297 */ #275=VERTEX_POINT('',#274);
/*    298 */ #276=CARTESIAN_POINT('',(3.3879822093045,2.9129822093045,0.84529934770626));
/*    299 */ #277=DIRECTION('',(0.103962079969953,0.103962079969953,0.989132838326907));
/*    300 */ #278=VECTOR('',#277,1.0);
/*    301 */ #279=LINE('',#276,#278);
/*    302 */ #280=EDGE_CURVE('',#92,#275,#279,.T.);
/*    303 */ #281=ORIENTED_EDGE('',*,*,#280,.T.);
/*    304 */ #282=CARTESIAN_POINT('',(3.425,2.96,1.1975));
/*    305 */ #283=DIRECTION('',(0.0,-1.0,0.0));
/*    306 */ #284=VECTOR('',#283,1.0);
/*    307 */ #285=LINE('',#282,#284);
/*    308 */ #286=EDGE_CURVE('',#275,#30,#285,.T.);
/*    309 */ #287=ORIENTED_EDGE('',*,*,#286,.T.);
/*    310 */ #288=ORIENTED_EDGE('',*,*,#35,.F.);
/*    311 */ #289=EDGE_LOOP('',(#273,#281,#287,#288));
/*    312 */ #290=FACE_BOUND('',#289,.T.);
/*    313 */ #291=ADVANCED_FACE('',(#290),#272,.T.);
/*    314 */ #292=CARTESIAN_POINT('',(-3.435,2.95,1.1975));
/*    315 */ #293=DIRECTION('',(0.0,0.994521892293079,-0.104528492526168));
/*    316 */ #294=DIRECTION('',(0.0,-0.104528492526168,-0.994521892293079));
/*    317 */ #295=AXIS2_PLACEMENT_3D('',#292,#293,#294);
/*    318 */ #296=PLANE('',#295);
/*    319 */ #297=ORIENTED_EDGE('',*,*,#105,.T.);
/*    320 */ #298=ORIENTED_EDGE('',*,*,#129,.T.);
/*    321 */ #299=ORIENTED_EDGE('',*,*,#153,.T.);
/*    322 */ #300=ORIENTED_EDGE('',*,*,#177,.T.);
/*    323 */ #301=ORIENTED_EDGE('',*,*,#201,.T.);
/*    324 */ #302=ORIENTED_EDGE('',*,*,#230,.F.);
/*    325 */ #303=CARTESIAN_POINT('',(-3.435,2.95,1.1975));
/*    326 */ #304=DIRECTION('',(1.0,0.0,0.0));
/*    327 */ #305=VECTOR('',#304,1.0);
/*    328 */ #306=LINE('',#303,#305);
/*    329 */ #307=EDGE_CURVE('',#219,#275,#306,.T.);
/*    330 */ #308=ORIENTED_EDGE('',*,*,#307,.T.);
/*    331 */ #309=ORIENTED_EDGE('',*,*,#280,.F.);
/*    332 */ #310=EDGE_LOOP('',(#297,#298,#299,#300,#301,#302,#308,#309));
/*    333 */ #311=FACE_BOUND('',#310,.T.);
/*    334 */ #312=ADVANCED_FACE('',(#311),#296,.T.);
/*    335 */ #313=CARTESIAN_POINT('',(-3.425,2.95,0.175));
/*    336 */ #314=DIRECTION('',(1.0,0.0,0.0));
/*    337 */ #315=DIRECTION('',(0.0,-1.0,0.0));
/*    338 */ #316=AXIS2_PLACEMENT_3D('',#313,#314,#315);
/*    339 */ #317=PLANE('',#316);
/*    340 */ #318=ORIENTED_EDGE('',*,*,#224,.F.);
/*    341 */ #319=CARTESIAN_POINT('',(-3.425,2.95,1.4775));
/*    342 */ #320=VERTEX_POINT('',#319);
/*    343 */ #321=CARTESIAN_POINT('',(-3.425,2.95,0.175));
/*    344 */ #322=DIRECTION('',(0.0,0.0,1.0));
/*    345 */ #323=VECTOR('',#322,1.0);
/*    346 */ #324=LINE('',#321,#323);
/*    347 */ #325=EDGE_CURVE('',#219,#320,#324,.T.);
/*    348 */ #326=ORIENTED_EDGE('',*,*,#325,.T.);
/*    349 */ #327=CARTESIAN_POINT('',(-3.425,2.96,1.4775));
/*    350 */ #328=DIRECTION('',(0.0,-1.0,0.0));
/*    351 */ #329=VECTOR('',#328,1.0);
/*    352 */ #330=LINE('',#327,#329);
/*    353 */ #331=EDGE_CURVE('',#320,#244,#330,.T.);
/*    354 */ #332=ORIENTED_EDGE('',*,*,#331,.T.);
/*    355 */ #333=ORIENTED_EDGE('',*,*,#249,.F.);
/*    356 */ #334=EDGE_LOOP('',(#318,#326,#332,#333));
/*    357 */ #335=FACE_BOUND('',#334,.F.);
/*    358 */ #336=ADVANCED_FACE('',(#335),#317,.F.);
/*    359 */ #337=CARTESIAN_POINT('',(3.425,-2.95,0.175));
/*    360 */ #338=DIRECTION('',(-1.0,0.0,0.0));
/*    361 */ #339=DIRECTION('',(0.0,1.0,0.0));
/*    362 */ #340=AXIS2_PLACEMENT_3D('',#337,#338,#339);
/*    363 */ #341=PLANE('',#340);
/*    364 */ #342=ORIENTED_EDGE('',*,*,#286,.T.);
/*    365 */ #343=ORIENTED_EDGE('',*,*,#263,.T.);
/*    366 */ #344=CARTESIAN_POINT('',(3.425,2.95,1.4775));
/*    367 */ #345=VERTEX_POINT('',#344);
/*    368 */ #346=CARTESIAN_POINT('',(3.425,2.96,1.4775));
/*    369 */ #347=DIRECTION('',(0.0,-1.0,0.0));
/*    370 */ #348=VECTOR('',#347,1.0);
/*    371 */ #349=LINE('',#346,#348);
/*    372 */ #350=EDGE_CURVE('',#345,#252,#349,.T.);
/*    373 */ #351=ORIENTED_EDGE('',*,*,#350,.F.);
/*    374 */ #352=CARTESIAN_POINT('',(3.425,2.95,0.175));
/*    375 */ #353=DIRECTION('',(0.0,0.0,1.0));
/*    376 */ #354=VECTOR('',#353,1.0);
/*    377 */ #355=LINE('',#352,#354);
/*    378 */ #356=EDGE_CURVE('',#275,#345,#355,.T.);
/*    379 */ #357=ORIENTED_EDGE('',*,*,#356,.F.);
/*    380 */ #358=EDGE_LOOP('',(#342,#343,#351,#357));
/*    381 */ #359=FACE_BOUND('',#358,.F.);
/*    382 */ #360=ADVANCED_FACE('',(#359),#341,.F.);
/*    383 */ #361=CARTESIAN_POINT('',(-3.435,-2.95,1.4775));
/*    384 */ #362=DIRECTION('',(0.0,-0.99452189766248,0.104528441439731));
/*    385 */ #363=DIRECTION('',(0.0,0.104528441439731,0.99452189766248));
/*    386 */ #364=AXIS2_PLACEMENT_3D('',#361,#362,#363);
/*    387 */ #365=PLANE('',#364);
/*    388 */ #366=ORIENTED_EDGE('',*,*,#257,.T.);
/*    389 */ #367=CARTESIAN_POINT('',(3.31753094213075,-2.84253094213075,2.5));
/*    390 */ #368=VERTEX_POINT('',#367);
/*    391 */ #369=CARTESIAN_POINT('',(3.30231665662078,-2.82731665662078,2.64475428781434));
/*    392 */ #370=DIRECTION('',(-0.103962029709495,0.103962029709495,0.989132848892081));
/*    393 */ #371=VECTOR('',#370,1.0);
/*    394 */ #372=LINE('',#369,#371);
/*    395 */ #373=EDGE_CURVE('',#252,#368,#372,.T.);
/*    396 */ #374=ORIENTED_EDGE('',*,*,#373,.T.);
/*    397 */ #375=CARTESIAN_POINT('',(-3.31753094213075,-2.84253094213075,2.5));
/*    398 */ #376=VERTEX_POINT('',#375);
/*    399 */ #377=CARTESIAN_POINT('',(-1.7175,-2.84253094213075,2.5));
/*    400 */ #378=DIRECTION('',(1.0,0.0,-0.0));
/*    401 */ #379=VECTOR('',#378,1.0);
/*    402 */ #380=LINE('',#377,#379);
/*    403 */ #381=EDGE_CURVE('',#376,#368,#380,.T.);
/*    404 */ #382=ORIENTED_EDGE('',*,*,#381,.F.);
/*    405 */ #383=CARTESIAN_POINT('',(-3.39311609431711,-2.91811609431711,1.78085516293831));
/*    406 */ #384=DIRECTION('',(0.103962029709495,0.103962029709495,0.989132848892081));
/*    407 */ #385=VECTOR('',#384,1.0);
/*    408 */ #386=LINE('',#383,#385);
/*    409 */ #387=EDGE_CURVE('',#244,#376,#386,.T.);
/*    410 */ #388=ORIENTED_EDGE('',*,*,#387,.F.);
/*    411 */ #389=EDGE_LOOP('',(#366,#374,#382,#388));
/*    412 */ #390=FACE_BOUND('',#389,.T.);
/*    413 */ #391=ADVANCED_FACE('',(#390),#365,.T.);
/*    414 */ #392=CARTESIAN_POINT('',(3.425,2.95,0.175));
/*    415 */ #393=DIRECTION('',(0.0,-1.0,0.0));
/*    416 */ #394=DIRECTION('',(-1.0,0.0,0.0));
/*    417 */ #395=AXIS2_PLACEMENT_3D('',#392,#393,#394);
/*    418 */ #396=PLANE('',#395);
/*    419 */ #397=ORIENTED_EDGE('',*,*,#307,.T.);
/*    420 */ #398=ORIENTED_EDGE('',*,*,#356,.T.);
/*    421 */ #399=CARTESIAN_POINT('',(-3.435,2.95,1.4775));
/*    422 */ #400=DIRECTION('',(1.0,0.0,0.0));
/*    423 */ #401=VECTOR('',#400,1.0);
/*    424 */ #402=LINE('',#399,#401);
/*    425 */ #403=EDGE_CURVE('',#320,#345,#402,.T.);
/*    426 */ #404=ORIENTED_EDGE('',*,*,#403,.F.);
/*    427 */ #405=ORIENTED_EDGE('',*,*,#325,.F.);
/*    428 */ #406=EDGE_LOOP('',(#397,#398,#404,#405));
/*    429 */ #407=FACE_BOUND('',#406,.F.);
/*    430 */ #408=ADVANCED_FACE('',(#407),#396,.F.);
/*    431 */ #409=CARTESIAN_POINT('',(-3.425,2.96,1.4775));
/*    432 */ #410=DIRECTION('',(-0.99452189766248,0.0,0.104528441439731));
/*    433 */ #411=DIRECTION('',(0.104528441439731,0.0,0.99452189766248));
/*    434 */ #412=AXIS2_PLACEMENT_3D('',#409,#410,#411);
/*    435 */ #413=PLANE('',#412);
/*    436 */ #414=CARTESIAN_POINT('',(-3.31753094213075,2.84253094213075,2.5));
/*    437 */ #415=VERTEX_POINT('',#414);
/*    438 */ #416=CARTESIAN_POINT('',(-3.31753094213075,1.48,2.5));
/*    439 */ #417=DIRECTION('',(0.0,-1.0,0.0));
/*    440 */ #418=VECTOR('',#417,1.0);
/*    441 */ #419=LINE('',#416,#418);
/*    442 */ #420=EDGE_CURVE('',#415,#376,#419,.T.);
/*    443 */ #421=ORIENTED_EDGE('',*,*,#420,.F.);
/*    444 */ #422=CARTESIAN_POINT('',(-3.37143447927911,2.89643447927911,1.98714199391926));
/*    445 */ #423=DIRECTION('',(-0.103962029709495,0.103962029709495,-0.989132848892081));
/*    446 */ #424=VECTOR('',#423,1.0);
/*    447 */ #425=LINE('',#422,#424);
/*    448 */ #426=EDGE_CURVE('',#415,#320,#425,.T.);
/*    449 */ #427=ORIENTED_EDGE('',*,*,#426,.T.);
/*    450 */ #428=ORIENTED_EDGE('',*,*,#331,.T.);
/*    451 */ #429=ORIENTED_EDGE('',*,*,#387,.T.);
/*    452 */ #430=EDGE_LOOP('',(#421,#427,#428,#429));
/*    453 */ #431=FACE_BOUND('',#430,.T.);
/*    454 */ #432=ADVANCED_FACE('',(#431),#413,.T.);
/*    455 */ #433=CARTESIAN_POINT('',(3.3164799,2.96,2.51));
/*    456 */ #434=DIRECTION('',(0.99452189766248,0.0,0.104528441439731));
/*    457 */ #435=DIRECTION('',(0.104528441439731,0.0,-0.99452189766248));
/*    458 */ #436=AXIS2_PLACEMENT_3D('',#433,#434,#435);
/*    459 */ #437=PLANE('',#436);
/*    460 */ #438=ORIENTED_EDGE('',*,*,#350,.F.);
/*    461 */ #439=CARTESIAN_POINT('',(3.31753094213075,2.84253094213075,2.5));
/*    462 */ #440=VERTEX_POINT('',#439);
/*    463 */ #441=CARTESIAN_POINT('',(3.28063504158278,2.80563504158278,2.8510411187953));
/*    464 */ #442=DIRECTION('',(-0.103962029709495,-0.103962029709495,0.989132848892081));
/*    465 */ #443=VECTOR('',#442,1.0);
/*    466 */ #444=LINE('',#441,#443);
/*    467 */ #445=EDGE_CURVE('',#345,#440,#444,.T.);
/*    468 */ #446=ORIENTED_EDGE('',*,*,#445,.T.);
/*    469 */ #447=CARTESIAN_POINT('',(3.31753094213075,1.48,2.5));
/*    470 */ #448=DIRECTION('',(0.0,1.0,0.0));
/*    471 */ #449=VECTOR('',#448,1.0);
/*    472 */ #450=LINE('',#447,#449);
/*    473 */ #451=EDGE_CURVE('',#368,#440,#450,.T.);
/*    474 */ #452=ORIENTED_EDGE('',*,*,#451,.F.);
/*    475 */ #453=ORIENTED_EDGE('',*,*,#373,.F.);
/*    476 */ #454=EDGE_LOOP('',(#438,#446,#452,#453));
/*    477 */ #455=FACE_BOUND('',#454,.T.);
/*    478 */ #456=ADVANCED_FACE('',(#455),#437,.T.);
/*    479 */ #457=CARTESIAN_POINT('',(0.0,0.0,2.5));
/*    480 */ #458=DIRECTION('',(0.0,0.0,1.0));
/*    481 */ #459=DIRECTION('',(1.0,0.0,-0.0));
/*    482 */ #460=AXIS2_PLACEMENT_3D('',#457,#458,#459);
/*    483 */ #461=PLANE('',#460);
/*    484 */ #462=CARTESIAN_POINT('',(-2.4325309,2.2525309,2.5));
/*    485 */ #463=VERTEX_POINT('',#462);
/*    486 */ #464=CARTESIAN_POINT('',(-3.0225309,2.2525309,2.5));
/*    487 */ #465=VERTEX_POINT('',#464);
/*    488 */ #466=CARTESIAN_POINT('',(-2.7275309,2.2525309,2.5));
/*    489 */ #467=DIRECTION('',(0.0,0.0,-1.0));
/*    490 */ #468=DIRECTION('',(0.0,1.0,0.0));
/*    491 */ #469=AXIS2_PLACEMENT_3D('',#466,#467,#468);
/*    492 */ #470=CIRCLE('',#469,0.295);
/*    493 */ #471=EDGE_CURVE('',#463,#465,#470,.T.);
/*    494 */ #472=ORIENTED_EDGE('',*,*,#471,.T.);
/*    495 */ #473=CARTESIAN_POINT('',(-2.7275309,2.2525309,2.5));
/*    496 */ #474=DIRECTION('',(0.0,0.0,-1.0));
/*    497 */ #475=DIRECTION('',(0.0,1.0,0.0));
/*    498 */ #476=AXIS2_PLACEMENT_3D('',#473,#474,#475);
/*    499 */ #477=CIRCLE('',#476,0.295);
/*    500 */ #478=EDGE_CURVE('',#465,#463,#477,.T.);
/*    501 */ #479=ORIENTED_EDGE('',*,*,#478,.T.);
/*    502 */ #480=EDGE_LOOP('',(#472,#479));
/*    503 */ #481=FACE_BOUND('',#480,.T.);
/*    504 */ #482=ORIENTED_EDGE('',*,*,#451,.T.);
/*    505 */ #483=CARTESIAN_POINT('',(-1.7175,2.84253094213075,2.5));
/*    506 */ #484=DIRECTION('',(-1.0,0.0,0.0));
/*    507 */ #485=VECTOR('',#484,1.0);
/*    508 */ #486=LINE('',#483,#485);
/*    509 */ #487=EDGE_CURVE('',#440,#415,#486,.T.);
/*    510 */ #488=ORIENTED_EDGE('',*,*,#487,.T.);
/*    511 */ #489=ORIENTED_EDGE('',*,*,#420,.T.);
/*    512 */ #490=ORIENTED_EDGE('',*,*,#381,.T.);
/*    513 */ #491=EDGE_LOOP('',(#482,#488,#489,#490));
/*    514 */ #492=FACE_BOUND('',#491,.T.);
/*    515 */ #493=ADVANCED_FACE('',(#481,#492),#461,.T.);
/*    516 */ #494=CARTESIAN_POINT('',(-3.435,2.8414799,2.51));
/*    517 */ #495=DIRECTION('',(0.0,0.99452189766248,0.104528441439731));
/*    518 */ #496=DIRECTION('',(0.0,0.104528441439731,-0.99452189766248));
/*    519 */ #497=AXIS2_PLACEMENT_3D('',#494,#495,#496);
/*    520 */ #498=PLANE('',#497);
/*    521 */ #499=ORIENTED_EDGE('',*,*,#426,.F.);
/*    522 */ #500=ORIENTED_EDGE('',*,*,#487,.F.);
/*    523 */ #501=ORIENTED_EDGE('',*,*,#445,.F.);
/*    524 */ #502=ORIENTED_EDGE('',*,*,#403,.F.);
/*    525 */ #503=EDGE_LOOP('',(#499,#500,#501,#502));
/*    526 */ #504=FACE_BOUND('',#503,.T.);
/*    527 */ #505=ADVANCED_FACE('',(#504),#498,.T.);
/*    528 */ #506=CARTESIAN_POINT('',(-2.7275309,2.2525309,2.375));
/*    529 */ #507=DIRECTION('',(0.0,0.0,-1.0));
/*    530 */ #508=DIRECTION('',(1.0,0.0,0.0));
/*    531 */ #509=AXIS2_PLACEMENT_3D('',#506,#507,#508);
/*    532 */ #510=CYLINDRICAL_SURFACE('',#509,0.295);
/*    533 */ #511=CARTESIAN_POINT('',(-3.0225309,2.2525309,2.375));
/*    534 */ #512=VERTEX_POINT('',#511);
/*    535 */ #513=CARTESIAN_POINT('',(-3.0225309,2.2525309,2.375));
/*    536 */ #514=DIRECTION('',(0.0,0.0,1.0));
/*    537 */ #515=VECTOR('',#514,1.0);
/*    538 */ #516=LINE('',#513,#515);
/*    539 */ #517=EDGE_CURVE('',#512,#465,#516,.T.);
/*    540 */ #518=ORIENTED_EDGE('',*,*,#517,.F.);
/*    541 */ #519=CARTESIAN_POINT('',(-2.4325309,2.2525309,2.375));
/*    542 */ #520=VERTEX_POINT('',#519);
/*    543 */ #521=CARTESIAN_POINT('',(-2.7275309,2.2525309,2.375));
/*    544 */ #522=DIRECTION('',(0.0,0.0,1.0));
/*    545 */ #523=DIRECTION('',(1.0,0.0,-0.0));
/*    546 */ #524=AXIS2_PLACEMENT_3D('',#521,#522,#523);
/*    547 */ #525=CIRCLE('',#524,0.295);
/*    548 */ #526=EDGE_CURVE('',#512,#520,#525,.T.);
/*    549 */ #527=ORIENTED_EDGE('',*,*,#526,.T.);
/*    550 */ #528=CARTESIAN_POINT('',(-2.4325309,2.2525309,2.375));
/*    551 */ #529=DIRECTION('',(0.0,0.0,1.0));
/*    552 */ #530=VECTOR('',#529,1.0);
/*    553 */ #531=LINE('',#528,#530);
/*    554 */ #532=EDGE_CURVE('',#520,#463,#531,.T.);
/*    555 */ #533=ORIENTED_EDGE('',*,*,#532,.T.);
/*    556 */ #534=ORIENTED_EDGE('',*,*,#471,.T.);
/*    557 */ #535=EDGE_LOOP('',(#518,#527,#533,#534));
/*    558 */ #536=FACE_BOUND('',#535,.F.);
/*    559 */ #537=ADVANCED_FACE('',(#536),#510,.F.);
/*    560 */ #538=CARTESIAN_POINT('',(-2.7275309,2.2525309,2.375));
/*    561 */ #539=DIRECTION('',(0.0,0.0,-1.0));
/*    562 */ #540=DIRECTION('',(1.0,0.0,0.0));
/*    563 */ #541=AXIS2_PLACEMENT_3D('',#538,#539,#540);
/*    564 */ #542=CYLINDRICAL_SURFACE('',#541,0.295);
/*    565 */ #543=ORIENTED_EDGE('',*,*,#532,.F.);
/*    566 */ #544=CARTESIAN_POINT('',(-2.7275309,2.2525309,2.375));
/*    567 */ #545=DIRECTION('',(0.0,0.0,1.0));
/*    568 */ #546=DIRECTION('',(1.0,0.0,-0.0));
/*    569 */ #547=AXIS2_PLACEMENT_3D('',#544,#545,#546);
/*    570 */ #548=CIRCLE('',#547,0.295);
/*    571 */ #549=EDGE_CURVE('',#520,#512,#548,.T.);
/*    572 */ #550=ORIENTED_EDGE('',*,*,#549,.T.);
/*    573 */ #551=ORIENTED_EDGE('',*,*,#517,.T.);
/*    574 */ #552=ORIENTED_EDGE('',*,*,#478,.T.);
/*    575 */ #553=EDGE_LOOP('',(#543,#550,#551,#552));
/*    576 */ #554=FACE_BOUND('',#553,.F.);
/*    577 */ #555=ADVANCED_FACE('',(#554),#542,.F.);
/*    578 */ #556=CARTESIAN_POINT('',(0.0,0.0,2.375));
/*    579 */ #557=DIRECTION('',(0.0,0.0,1.0));
/*    580 */ #558=DIRECTION('',(1.0,0.0,-0.0));
/*    581 */ #559=AXIS2_PLACEMENT_3D('',#556,#557,#558);
/*    582 */ #560=PLANE('',#559);
/*    583 */ #561=ORIENTED_EDGE('',*,*,#549,.T.);
/*    584 */ #562=ORIENTED_EDGE('',*,*,#526,.T.);
/*    585 */ #563=EDGE_LOOP('',(#561,#562));
/*    586 */ #564=FACE_BOUND('',#563,.T.);
/*    587 */ #565=ADVANCED_FACE('',(#564),#560,.T.);
/*    588 */ #566=CLOSED_SHELL('',(#85,#116,#140,#164,#188,#212,#236,#267,#291,#312,#336,#360,
/*    589 */      #391,#408,#432,#456,#493,#505,#537,#555,#565));
/*    590 */ #567=MANIFOLD_SOLID_BREP('',#566);
/*    591 */ #568=ADVANCED_BREP_SHAPE_REPRESENTATION('3d bound volume shape',(#567,#569),#573);
/*    592 */ #569=AXIS2_PLACEMENT_3D('origin',#570,#571,#572);
/*    593 */ #570=CARTESIAN_POINT('',(0.0,0.0,0.0));
/*    594 */ #571=DIRECTION('',(0.0,0.0,1.0));
/*    595 */ #572=DIRECTION('',(1.0,0.0,0.0));
/*    596 */ #573=(GEOMETRIC_REPRESENTATION_CONTEXT(3)GLOBAL_UNCERTAINTY_ASSIGNED_CONTEXT((#10,
/*    597 */      #11,#12))GLOBAL_UNIT_ASSIGNED_CONTEXT((#2,#8,#9))REPRESENTATION_CONTEXT('unit_context3D',
/*    598 */      'unit_context3D'));
/*    599 */ #574=CARTESIAN_POINT('',(-0.0,0.0,0.0));
/*    600 */ #575=DIRECTION('',(0.0,-1.0,0.0));
/*    601 */ #576=DIRECTION('',(-1.0,0.0,0.0));
/*    602 */ #577=AXIS2_PLACEMENT_3D('',#574,#575,#576);
/*    603 */ #578=PLANE('',#577);
/*    604 */ #579=CARTESIAN_POINT('',(0.0,0.0,0.0));
/*    605 */ #580=VERTEX_POINT('',#579);
/*    606 */ #581=CARTESIAN_POINT('',(0.0,0.0,3.075));
/*    607 */ #582=VERTEX_POINT('',#581);
/*    608 */ #583=CARTESIAN_POINT('',(0.0,0.0,0.0));
/*    609 */ #584=DIRECTION('',(0.0,0.0,1.0));
/*    610 */ #585=VECTOR('',#584,1.0);
/*    611 */ #586=LINE('',#583,#585);
/*    612 */ #587=EDGE_CURVE('',#580,#582,#586,.T.);
/*    613 */ #588=ORIENTED_EDGE('',*,*,#587,.T.);
/*    614 */ #589=CARTESIAN_POINT('',(-0.12,-2.77555781675272E-17,3.075));
/*    615 */ #590=VERTEX_POINT('',#589);
/*    616 */ #591=CARTESIAN_POINT('',(0.0,0.0,3.075));
/*    617 */ #592=DIRECTION('',(-1.0,0.0,0.0));
/*    618 */ #593=VECTOR('',#592,1.0);
/*    619 */ #594=LINE('',#591,#593);
/*    620 */ #595=EDGE_CURVE('',#582,#590,#594,.T.);
/*    621 */ #596=ORIENTED_EDGE('',*,*,#595,.T.);
/*    622 */ #597=CARTESIAN_POINT('',(-0.12,-2.77555781675272E-17,0.0));
/*    623 */ #598=VERTEX_POINT('',#597);
/*    624 */ #599=CARTESIAN_POINT('',(-0.12,-2.77555781675272E-17,0.0));
/*    625 */ #600=DIRECTION('',(0.0,0.0,1.0));
/*    626 */ #601=VECTOR('',#600,1.0);
/*    627 */ #602=LINE('',#599,#601);
/*    628 */ #603=EDGE_CURVE('',#598,#590,#602,.T.);
/*    629 */ #604=ORIENTED_EDGE('',*,*,#603,.F.);
/*    630 */ #605=CARTESIAN_POINT('',(-0.0,-0.0,0.0));
/*    631 */ #606=DIRECTION('',(-1.0,0.0,0.0));
/*    632 */ #607=VECTOR('',#606,1.0);
/*    633 */ #608=LINE('',#605,#607);
/*    634 */ #609=EDGE_CURVE('',#580,#598,#608,.T.);
/*    635 */ #610=ORIENTED_EDGE('',*,*,#609,.F.);
/*    636 */ #611=EDGE_LOOP('',(#588,#596,#604,#610));
/*    637 */ #612=FACE_BOUND('',#611,.F.);
/*    638 */ #613=ADVANCED_FACE('',(#612),#578,.F.);
/*    639 */ #614=CARTESIAN_POINT('',(-0.12,-0.43,0.0));
/*    640 */ #615=DIRECTION('',(-0.0,0.0,-1.0));
/*    641 */ #616=DIRECTION('',(1.0,0.0,0.0));
/*    642 */ #617=AXIS2_PLACEMENT_3D('',#614,#615,#616);
/*    643 */ #618=CYLINDRICAL_SURFACE('',#617,0.43);
/*    644 */ #619=CARTESIAN_POINT('',(-0.55,-0.43,0.0));
/*    645 */ #620=VERTEX_POINT('',#619);
/*    646 */ #621=CARTESIAN_POINT('',(-0.12,-0.43,0.0));
/*    647 */ #622=DIRECTION('',(0.0,-0.0,1.0));
/*    648 */ #623=DIRECTION('',(1.0,0.0,0.0));
/*    649 */ #624=AXIS2_PLACEMENT_3D('',#621,#622,#623);
/*    650 */ #625=CIRCLE('',#624,0.43);
/*    651 */ #626=EDGE_CURVE('',#598,#620,#625,.T.);
/*    652 */ #627=ORIENTED_EDGE('',*,*,#626,.T.);
/*    653 */ #628=CARTESIAN_POINT('',(-0.55,-0.43,3.075));
/*    654 */ #629=VERTEX_POINT('',#628);
/*    655 */ #630=CARTESIAN_POINT('',(-0.55,-0.43,0.0));
/*    656 */ #631=DIRECTION('',(0.0,0.0,1.0));
/*    657 */ #632=VECTOR('',#631,1.0);
/*    658 */ #633=LINE('',#630,#632);
/*    659 */ #634=EDGE_CURVE('',#620,#629,#633,.T.);
/*    660 */ #635=ORIENTED_EDGE('',*,*,#634,.T.);
/*    661 */ #636=CARTESIAN_POINT('',(-0.12,-0.43,3.075));
/*    662 */ #637=DIRECTION('',(0.0,-0.0,1.0));
/*    663 */ #638=DIRECTION('',(1.0,0.0,0.0));
/*    664 */ #639=AXIS2_PLACEMENT_3D('',#636,#637,#638);
/*    665 */ #640=CIRCLE('',#639,0.43);
/*    666 */ #641=EDGE_CURVE('',#590,#629,#640,.T.);
/*    667 */ #642=ORIENTED_EDGE('',*,*,#641,.F.);
/*    668 */ #643=ORIENTED_EDGE('',*,*,#603,.F.);
/*    669 */ #644=EDGE_LOOP('',(#627,#635,#642,#643));
/*    670 */ #645=FACE_BOUND('',#644,.T.);
/*    671 */ #646=ADVANCED_FACE('',(#645),#618,.T.);
/*    672 */ #647=CARTESIAN_POINT('',(-0.55,-0.43,0.0));
/*    673 */ #648=DIRECTION('',(1.0,0.0,-0.0));
/*    674 */ #649=DIRECTION('',(0.0,-1.0,0.0));
/*    675 */ #650=AXIS2_PLACEMENT_3D('',#647,#648,#649);
/*    676 */ #651=PLANE('',#650);
/*    677 */ #652=ORIENTED_EDGE('',*,*,#634,.T.);
/*    678 */ #653=CARTESIAN_POINT('',(-0.549999989906494,-1.1461027,3.075));
/*    679 */ #654=VERTEX_POINT('',#653);
/*    680 */ #655=CARTESIAN_POINT('',(-0.55,-0.43,3.075));
/*    681 */ #656=DIRECTION('',(0.0,-1.0,0.0));
/*    682 */ #657=VECTOR('',#656,1.0);
/*    683 */ #658=LINE('',#655,#657);
/*    684 */ #659=EDGE_CURVE('',#629,#654,#658,.T.);
/*    685 */ #660=ORIENTED_EDGE('',*,*,#659,.T.);
/*    686 */ #661=CARTESIAN_POINT('',(-0.549999989906494,-1.1461027,0.0));
/*    687 */ #662=VERTEX_POINT('',#661);
/*    688 */ #663=CARTESIAN_POINT('',(-0.549999989906494,-1.1461027,0.0));
/*    689 */ #664=DIRECTION('',(0.0,0.0,1.0));
/*    690 */ #665=VECTOR('',#664,1.0);
/*    691 */ #666=LINE('',#663,#665);
/*    692 */ #667=EDGE_CURVE('',#662,#654,#666,.T.);
/*    693 */ #668=ORIENTED_EDGE('',*,*,#667,.F.);
/*    694 */ #669=CARTESIAN_POINT('',(-0.55,-0.43,0.0));
/*    695 */ #670=DIRECTION('',(0.0,-1.0,0.0));
/*    696 */ #671=VECTOR('',#670,1.0);
/*    697 */ #672=LINE('',#669,#671);
/*    698 */ #673=EDGE_CURVE('',#620,#662,#672,.T.);
/*    699 */ #674=ORIENTED_EDGE('',*,*,#673,.F.);
/*    700 */ #675=EDGE_LOOP('',(#652,#660,#668,#674));
/*    701 */ #676=FACE_BOUND('',#675,.F.);
/*    702 */ #677=ADVANCED_FACE('',(#676),#651,.F.);
/*    703 */ #678=CARTESIAN_POINT('',(-0.12,-1.1461027,0.0));
/*    704 */ #679=DIRECTION('',(-0.0,0.0,-1.0));
/*    705 */ #680=DIRECTION('',(1.0,0.0,0.0));
/*    706 */ #681=AXIS2_PLACEMENT_3D('',#678,#679,#680);
/*    707 */ #682=CYLINDRICAL_SURFACE('',#681,0.429999979812987);
/*    708 */ #683=CARTESIAN_POINT('',(-0.149995300704088,-1.57505521006892,0.0));
/*    709 */ #684=VERTEX_POINT('',#683);
/*    710 */ #685=CARTESIAN_POINT('',(-0.12,-1.1461027,0.0));
/*    711 */ #686=DIRECTION('',(0.0,-0.0,1.0));
/*    712 */ #687=DIRECTION('',(1.0,0.0,0.0));
/*    713 */ #688=AXIS2_PLACEMENT_3D('',#685,#686,#687);
/*    714 */ #689=CIRCLE('',#688,0.429999979812987);
/*    715 */ #690=EDGE_CURVE('',#662,#684,#689,.T.);
/*    716 */ #691=ORIENTED_EDGE('',*,*,#690,.T.);
/*    717 */ #692=CARTESIAN_POINT('',(-0.149995300704088,-1.57505521006892,3.075));
/*    718 */ #693=VERTEX_POINT('',#692);
/*    719 */ #694=CARTESIAN_POINT('',(-0.149995300704088,-1.57505521006892,0.0));
/*    720 */ #695=DIRECTION('',(0.0,0.0,1.0));
/*    721 */ #696=VECTOR('',#695,1.0);
/*    722 */ #697=LINE('',#694,#696);
/*    723 */ #698=EDGE_CURVE('',#684,#693,#697,.T.);
/*    724 */ #699=ORIENTED_EDGE('',*,*,#698,.T.);
/*    725 */ #700=CARTESIAN_POINT('',(-0.12,-1.1461027,3.075));
/*    726 */ #701=DIRECTION('',(0.0,-0.0,1.0));
/*    727 */ #702=DIRECTION('',(1.0,0.0,0.0));
/*    728 */ #703=AXIS2_PLACEMENT_3D('',#700,#701,#702);
/*    729 */ #704=CIRCLE('',#703,0.429999979812987);
/*    730 */ #705=EDGE_CURVE('',#654,#693,#704,.T.);
/*    731 */ #706=ORIENTED_EDGE('',*,*,#705,.F.);
/*    732 */ #707=ORIENTED_EDGE('',*,*,#667,.F.);
/*    733 */ #708=EDGE_LOOP('',(#691,#699,#706,#707));
/*    734 */ #709=FACE_BOUND('',#708,.T.);
/*    735 */ #710=ADVANCED_FACE('',(#709),#682,.T.);
/*    736 */ #711=CARTESIAN_POINT('',(-0.1499953,-1.5750552,0.0));
/*    737 */ #712=DIRECTION('',(0.0697564998173298,0.997564048436608,-0.0));
/*    738 */ #713=DIRECTION('',(0.997564048436608,-0.0697564998173298,0.0));
/*    739 */ #714=AXIS2_PLACEMENT_3D('',#711,#712,#713);
/*    740 */ #715=PLANE('',#714);
/*    741 */ #716=ORIENTED_EDGE('',*,*,#698,.T.);
/*    742 */ #717=CARTESIAN_POINT('',(0.6,-1.6275,3.075));
/*    743 */ #718=VERTEX_POINT('',#717);
/*    744 */ #719=CARTESIAN_POINT('',(-0.1499953,-1.5750552,3.075));
/*    745 */ #720=DIRECTION('',(0.997564048436608,-0.0697564998173298,0.0));
/*    746 */ #721=VECTOR('',#720,1.0);
/*    747 */ #722=LINE('',#719,#721);
/*    748 */ #723=EDGE_CURVE('',#693,#718,#722,.T.);
/*    749 */ #724=ORIENTED_EDGE('',*,*,#723,.T.);
/*    750 */ #725=CARTESIAN_POINT('',(0.6,-1.6275,0.0));
/*    751 */ #726=VERTEX_POINT('',#725);
/*    752 */ #727=CARTESIAN_POINT('',(0.6,-1.6275,0.0));
/*    753 */ #728=DIRECTION('',(0.0,0.0,1.0));
/*    754 */ #729=VECTOR('',#728,1.0);
/*    755 */ #730=LINE('',#727,#729);
/*    756 */ #731=EDGE_CURVE('',#726,#718,#730,.T.);
/*    757 */ #732=ORIENTED_EDGE('',*,*,#731,.F.);
/*    758 */ #733=CARTESIAN_POINT('',(-0.1499953,-1.5750552,0.0));
/*    759 */ #734=DIRECTION('',(0.997564048436608,-0.0697564998173298,0.0));
/*    760 */ #735=VECTOR('',#734,1.0);
/*    761 */ #736=LINE('',#733,#735);
/*    762 */ #737=EDGE_CURVE('',#684,#726,#736,.T.);
/*    763 */ #738=ORIENTED_EDGE('',*,*,#737,.F.);
/*    764 */ #739=EDGE_LOOP('',(#716,#724,#732,#738));
/*    765 */ #740=FACE_BOUND('',#739,.F.);
/*    766 */ #741=ADVANCED_FACE('',(#740),#715,.F.);
/*    767 */ #742=CARTESIAN_POINT('',(0.6,-1.6275,0.0));
/*    768 */ #743=DIRECTION('',(-0.997564052811105,0.0697564372591084,0.0));
/*    769 */ #744=DIRECTION('',(0.0697564372591084,0.997564052811105,0.0));
/*    770 */ #745=AXIS2_PLACEMENT_3D('',#742,#743,#744);
/*    771 */ #746=PLANE('',#745);
/*    772 */ #747=ORIENTED_EDGE('',*,*,#731,.T.);
/*    773 */ #748=CARTESIAN_POINT('',(0.6195318,-1.3481821,3.075));
/*    774 */ #749=VERTEX_POINT('',#748);
/*    775 */ #750=CARTESIAN_POINT('',(0.6,-1.6275,3.075));
/*    776 */ #751=DIRECTION('',(0.0697564372591084,0.997564052811105,0.0));
/*    777 */ #752=VECTOR('',#751,1.0);
/*    778 */ #753=LINE('',#750,#752);
/*    779 */ #754=EDGE_CURVE('',#718,#749,#753,.T.);
/*    780 */ #755=ORIENTED_EDGE('',*,*,#754,.T.);
/*    781 */ #756=CARTESIAN_POINT('',(0.6195318,-1.3481821,0.0));
/*    782 */ #757=VERTEX_POINT('',#756);
/*    783 */ #758=CARTESIAN_POINT('',(0.6195318,-1.3481821,0.0));
/*    784 */ #759=DIRECTION('',(0.0,0.0,1.0));
/*    785 */ #760=VECTOR('',#759,1.0);
/*    786 */ #761=LINE('',#758,#760);
/*    787 */ #762=EDGE_CURVE('',#757,#749,#761,.T.);
/*    788 */ #763=ORIENTED_EDGE('',*,*,#762,.F.);
/*    789 */ #764=CARTESIAN_POINT('',(0.6,-1.6275,0.0));
/*    790 */ #765=DIRECTION('',(0.0697564372591084,0.997564052811105,0.0));
/*    791 */ #766=VECTOR('',#765,1.0);
/*    792 */ #767=LINE('',#764,#766);
/*    793 */ #768=EDGE_CURVE('',#726,#757,#767,.T.);
/*    794 */ #769=ORIENTED_EDGE('',*,*,#768,.F.);
/*    795 */ #770=EDGE_LOOP('',(#747,#755,#763,#769));
/*    796 */ #771=FACE_BOUND('',#770,.F.);
/*    797 */ #772=ADVANCED_FACE('',(#771),#746,.F.);
/*    798 */ #773=CARTESIAN_POINT('',(0.6195318,-1.3481821,0.0));
/*    799 */ #774=DIRECTION('',(-0.0898177004002205,-0.995958222364179,0.0));
/*    800 */ #775=DIRECTION('',(-0.995958222364179,0.0898177004002205,0.0));
/*    801 */ #776=AXIS2_PLACEMENT_3D('',#773,#774,#775);
/*    802 */ #777=PLANE('',#776);
/*    803 */ #778=ORIENTED_EDGE('',*,*,#762,.T.);
/*    804 */ #779=CARTESIAN_POINT('',(-0.133472698418925,-1.28027448246804,3.075));
/*    805 */ #780=VERTEX_POINT('',#779);
/*    806 */ #781=CARTESIAN_POINT('',(0.6195318,-1.3481821,3.075));
/*    807 */ #782=DIRECTION('',(-0.995958222364179,0.0898177004002205,0.0));
/*    808 */ #783=VECTOR('',#782,1.0);
/*    809 */ #784=LINE('',#781,#783);
/*    810 */ #785=EDGE_CURVE('',#749,#780,#784,.T.);
/*    811 */ #786=ORIENTED_EDGE('',*,*,#785,.T.);
/*    812 */ #787=CARTESIAN_POINT('',(-0.133472698418925,-1.28027448246804,0.0));
/*    813 */ #788=VERTEX_POINT('',#787);
/*    814 */ #789=CARTESIAN_POINT('',(-0.133472698418925,-1.28027448246804,0.0));
/*    815 */ #790=DIRECTION('',(0.0,0.0,1.0));
/*    816 */ #791=VECTOR('',#790,1.0);
/*    817 */ #792=LINE('',#789,#791);
/*    818 */ #793=EDGE_CURVE('',#788,#780,#792,.T.);
/*    819 */ #794=ORIENTED_EDGE('',*,*,#793,.F.);
/*    820 */ #795=CARTESIAN_POINT('',(0.6195318,-1.3481821,0.0));
/*    821 */ #796=DIRECTION('',(-0.995958222364179,0.0898177004002205,0.0));
/*    822 */ #797=VECTOR('',#796,1.0);
/*    823 */ #798=LINE('',#795,#797);
/*    824 */ #799=EDGE_CURVE('',#757,#788,#798,.T.);
/*    825 */ #800=ORIENTED_EDGE('',*,*,#799,.F.);
/*    826 */ #801=EDGE_LOOP('',(#778,#786,#794,#800));
/*    827 */ #802=FACE_BOUND('',#801,.F.);
/*    828 */ #803=ADVANCED_FACE('',(#802),#777,.F.);
/*    829 */ #804=CARTESIAN_POINT('',(-0.12,-1.1308807,0.0));
/*    830 */ #805=DIRECTION('',(-0.0,0.0,-1.0));
/*    831 */ #806=DIRECTION('',(1.0,0.0,0.0));
/*    832 */ #807=AXIS2_PLACEMENT_3D('',#804,#805,#806);
/*    833 */ #808=CYLINDRICAL_SURFACE('',#807,0.150000035206208);
/*    834 */ #809=CARTESIAN_POINT('',(-0.270000017603104,-1.1308807,0.0));
/*    835 */ #810=VERTEX_POINT('',#809);
/*    836 */ #811=CARTESIAN_POINT('',(-0.12,-1.1308807,0.0));
/*    837 */ #812=DIRECTION('',(0.0,-0.0,1.0));
/*    838 */ #813=DIRECTION('',(1.0,0.0,0.0));
/*    839 */ #814=AXIS2_PLACEMENT_3D('',#811,#812,#813);
/*    840 */ #815=CIRCLE('',#814,0.150000035206208);
/*    841 */ #816=EDGE_CURVE('',#810,#788,#815,.T.);
/*    842 */ #817=ORIENTED_EDGE('',*,*,#816,.T.);
/*    843 */ #818=ORIENTED_EDGE('',*,*,#793,.T.);
/*    844 */ #819=CARTESIAN_POINT('',(-0.270000017603104,-1.1308807,3.075));
/*    845 */ #820=VERTEX_POINT('',#819);
/*    846 */ #821=CARTESIAN_POINT('',(-0.12,-1.1308807,3.075));
/*    847 */ #822=DIRECTION('',(0.0,-0.0,1.0));
/*    848 */ #823=DIRECTION('',(1.0,0.0,0.0));
/*    849 */ #824=AXIS2_PLACEMENT_3D('',#821,#822,#823);
/*    850 */ #825=CIRCLE('',#824,0.150000035206208);
/*    851 */ #826=EDGE_CURVE('',#820,#780,#825,.T.);
/*    852 */ #827=ORIENTED_EDGE('',*,*,#826,.F.);
/*    853 */ #828=CARTESIAN_POINT('',(-0.270000017603104,-1.1308807,0.0));
/*    854 */ #829=DIRECTION('',(0.0,0.0,1.0));
/*    855 */ #830=VECTOR('',#829,1.0);
/*    856 */ #831=LINE('',#828,#830);
/*    857 */ #832=EDGE_CURVE('',#810,#820,#831,.T.);
/*    858 */ #833=ORIENTED_EDGE('',*,*,#832,.F.);
/*    859 */ #834=EDGE_LOOP('',(#817,#818,#827,#833));
/*    860 */ #835=FACE_BOUND('',#834,.F.);
/*    861 */ #836=ADVANCED_FACE('',(#835),#808,.F.);
/*    862 */ #837=CARTESIAN_POINT('',(-0.27,-1.1308807,0.0));
/*    863 */ #838=DIRECTION('',(-1.0,0.0,0.0));
/*    864 */ #839=DIRECTION('',(0.0,1.0,0.0));
/*    865 */ #840=AXIS2_PLACEMENT_3D('',#837,#838,#839);
/*    866 */ #841=PLANE('',#840);
/*    867 */ #842=ORIENTED_EDGE('',*,*,#832,.T.);
/*    868 */ #843=CARTESIAN_POINT('',(-0.27,-0.43,3.075));
/*    869 */ #844=VERTEX_POINT('',#843);
/*    870 */ #845=CARTESIAN_POINT('',(-0.27,-1.1308807,3.075));
/*    871 */ #846=DIRECTION('',(0.0,1.0,0.0));
/*    872 */ #847=VECTOR('',#846,1.0);
/*    873 */ #848=LINE('',#845,#847);
/*    874 */ #849=EDGE_CURVE('',#820,#844,#848,.T.);
/*    875 */ #850=ORIENTED_EDGE('',*,*,#849,.T.);
/*    876 */ #851=CARTESIAN_POINT('',(-0.27,-0.43,0.0));
/*    877 */ #852=VERTEX_POINT('',#851);
/*    878 */ #853=CARTESIAN_POINT('',(-0.27,-0.43,0.0));
/*    879 */ #854=DIRECTION('',(0.0,0.0,1.0));
/*    880 */ #855=VECTOR('',#854,1.0);
/*    881 */ #856=LINE('',#853,#855);
/*    882 */ #857=EDGE_CURVE('',#852,#844,#856,.T.);
/*    883 */ #858=ORIENTED_EDGE('',*,*,#857,.F.);
/*    884 */ #859=CARTESIAN_POINT('',(-0.27,-1.1308807,0.0));
/*    885 */ #860=DIRECTION('',(0.0,1.0,0.0));
/*    886 */ #861=VECTOR('',#860,1.0);
/*    887 */ #862=LINE('',#859,#861);
/*    888 */ #863=EDGE_CURVE('',#810,#852,#862,.T.);
/*    889 */ #864=ORIENTED_EDGE('',*,*,#863,.F.);
/*    890 */ #865=EDGE_LOOP('',(#842,#850,#858,#864));
/*    891 */ #866=FACE_BOUND('',#865,.F.);
/*    892 */ #867=ADVANCED_FACE('',(#866),#841,.F.);
/*    893 */ #868=CARTESIAN_POINT('',(-0.12,-0.43,0.0));
/*    894 */ #869=DIRECTION('',(-0.0,0.0,-1.0));
/*    895 */ #870=DIRECTION('',(1.0,0.0,0.0));
/*    896 */ #871=AXIS2_PLACEMENT_3D('',#868,#869,#870);
/*    897 */ #872=CYLINDRICAL_SURFACE('',#871,0.15);
/*    898 */ #873=CARTESIAN_POINT('',(-0.12,-0.28,0.0));
/*    899 */ #874=VERTEX_POINT('',#873);
/*    900 */ #875=CARTESIAN_POINT('',(-0.12,-0.43,0.0));
/*    901 */ #876=DIRECTION('',(0.0,-0.0,1.0));
/*    902 */ #877=DIRECTION('',(1.0,0.0,0.0));
/*    903 */ #878=AXIS2_PLACEMENT_3D('',#875,#876,#877);
/*    904 */ #879=CIRCLE('',#878,0.15);
/*    905 */ #880=EDGE_CURVE('',#874,#852,#879,.T.);
/*    906 */ #881=ORIENTED_EDGE('',*,*,#880,.T.);
/*    907 */ #882=ORIENTED_EDGE('',*,*,#857,.T.);
/*    908 */ #883=CARTESIAN_POINT('',(-0.12,-0.28,3.075));
/*    909 */ #884=VERTEX_POINT('',#883);
/*    910 */ #885=CARTESIAN_POINT('',(-0.12,-0.43,3.075));
/*    911 */ #886=DIRECTION('',(0.0,-0.0,1.0));
/*    912 */ #887=DIRECTION('',(1.0,0.0,0.0));
/*    913 */ #888=AXIS2_PLACEMENT_3D('',#885,#886,#887);
/*    914 */ #889=CIRCLE('',#888,0.15);
/*    915 */ #890=EDGE_CURVE('',#884,#844,#889,.T.);
/*    916 */ #891=ORIENTED_EDGE('',*,*,#890,.F.);
/*    917 */ #892=CARTESIAN_POINT('',(-0.12,-0.28,0.0));
/*    918 */ #893=DIRECTION('',(0.0,0.0,1.0));
/*    919 */ #894=VECTOR('',#893,1.0);
/*    920 */ #895=LINE('',#892,#894);
/*    921 */ #896=EDGE_CURVE('',#874,#884,#895,.T.);
/*    922 */ #897=ORIENTED_EDGE('',*,*,#896,.F.);
/*    923 */ #898=EDGE_LOOP('',(#881,#882,#891,#897));
/*    924 */ #899=FACE_BOUND('',#898,.F.);
/*    925 */ #900=ADVANCED_FACE('',(#899),#872,.F.);
/*    926 */ #901=CARTESIAN_POINT('',(-0.12,-0.28,0.0));
/*    927 */ #902=DIRECTION('',(0.0,1.0,0.0));
/*    928 */ #903=DIRECTION('',(1.0,0.0,0.0));
/*    929 */ #904=AXIS2_PLACEMENT_3D('',#901,#902,#903);
/*    930 */ #905=PLANE('',#904);
/*    931 */ #906=ORIENTED_EDGE('',*,*,#896,.T.);
/*    932 */ #907=CARTESIAN_POINT('',(0.0,-0.28,3.075));
/*    933 */ #908=VERTEX_POINT('',#907);
/*    934 */ #909=CARTESIAN_POINT('',(-0.12,-0.28,3.075));
/*    935 */ #910=DIRECTION('',(1.0,0.0,0.0));
/*    936 */ #911=VECTOR('',#910,1.0);
/*    937 */ #912=LINE('',#909,#911);
/*    938 */ #913=EDGE_CURVE('',#884,#908,#912,.T.);
/*    939 */ #914=ORIENTED_EDGE('',*,*,#913,.T.);
/*    940 */ #915=CARTESIAN_POINT('',(0.0,-0.28,0.0));
/*    941 */ #916=VERTEX_POINT('',#915);
/*    942 */ #917=CARTESIAN_POINT('',(0.0,-0.28,0.0));
/*    943 */ #918=DIRECTION('',(0.0,0.0,1.0));
/*    944 */ #919=VECTOR('',#918,1.0);
/*    945 */ #920=LINE('',#917,#919);
/*    946 */ #921=EDGE_CURVE('',#916,#908,#920,.T.);
/*    947 */ #922=ORIENTED_EDGE('',*,*,#921,.F.);
/*    948 */ #923=CARTESIAN_POINT('',(-0.12,-0.28,0.0));
/*    949 */ #924=DIRECTION('',(1.0,0.0,0.0));
/*    950 */ #925=VECTOR('',#924,1.0);
/*    951 */ #926=LINE('',#923,#925);
/*    952 */ #927=EDGE_CURVE('',#874,#916,#926,.T.);
/*    953 */ #928=ORIENTED_EDGE('',*,*,#927,.F.);
/*    954 */ #929=EDGE_LOOP('',(#906,#914,#922,#928));
/*    955 */ #930=FACE_BOUND('',#929,.F.);
/*    956 */ #931=ADVANCED_FACE('',(#930),#905,.F.);
/*    957 */ #932=CARTESIAN_POINT('',(0.0,-0.28,0.0));
/*    958 */ #933=DIRECTION('',(-1.0,0.0,0.0));
/*    959 */ #934=DIRECTION('',(0.0,1.0,0.0));
/*    960 */ #935=AXIS2_PLACEMENT_3D('',#932,#933,#934);
/*    961 */ #936=PLANE('',#935);
/*    962 */ #937=ORIENTED_EDGE('',*,*,#921,.T.);
/*    963 */ #938=CARTESIAN_POINT('',(0.0,-0.28,3.075));
/*    964 */ #939=DIRECTION('',(0.0,1.0,0.0));
/*    965 */ #940=VECTOR('',#939,1.0);
/*    966 */ #941=LINE('',#938,#940);
/*    967 */ #942=EDGE_CURVE('',#908,#582,#941,.T.);
/*    968 */ #943=ORIENTED_EDGE('',*,*,#942,.T.);
/*    969 */ #944=ORIENTED_EDGE('',*,*,#587,.F.);
/*    970 */ #945=CARTESIAN_POINT('',(-0.0,-0.28,0.0));
/*    971 */ #946=DIRECTION('',(0.0,1.0,0.0));
/*    972 */ #947=VECTOR('',#946,1.0);
/*    973 */ #948=LINE('',#945,#947);
/*    974 */ #949=EDGE_CURVE('',#916,#580,#948,.T.);
/*    975 */ #950=ORIENTED_EDGE('',*,*,#949,.F.);
/*    976 */ #951=EDGE_LOOP('',(#937,#943,#944,#950));
/*    977 */ #952=FACE_BOUND('',#951,.F.);
/*    978 */ #953=ADVANCED_FACE('',(#952),#936,.F.);
/*    979 */ #954=CARTESIAN_POINT('',(0.0,0.0,0.0));
/*    980 */ #955=DIRECTION('',(0.0,0.0,1.0));
/*    981 */ #956=DIRECTION('',(1.0,0.0,-0.0));
/*    982 */ #957=AXIS2_PLACEMENT_3D('',#954,#955,#956);
/*    983 */ #958=PLANE('',#957);
/*    984 */ #959=ORIENTED_EDGE('',*,*,#609,.T.);
/*    985 */ #960=ORIENTED_EDGE('',*,*,#626,.T.);
/*    986 */ #961=ORIENTED_EDGE('',*,*,#673,.T.);
/*    987 */ #962=ORIENTED_EDGE('',*,*,#690,.T.);
/*    988 */ #963=ORIENTED_EDGE('',*,*,#737,.T.);
/*    989 */ #964=ORIENTED_EDGE('',*,*,#768,.T.);
/*    990 */ #965=ORIENTED_EDGE('',*,*,#799,.T.);
/*    991 */ #966=ORIENTED_EDGE('',*,*,#816,.F.);
/*    992 */ #967=ORIENTED_EDGE('',*,*,#863,.T.);
/*    993 */ #968=ORIENTED_EDGE('',*,*,#880,.F.);
/*    994 */ #969=ORIENTED_EDGE('',*,*,#927,.T.);
/*    995 */ #970=ORIENTED_EDGE('',*,*,#949,.T.);
/*    996 */ #971=EDGE_LOOP('',(#959,#960,#961,#962,#963,#964,#965,#966,#967,#968,#969,#970));
/*    997 */ #972=FACE_BOUND('',#971,.F.);
/*    998 */ #973=ADVANCED_FACE('',(#972),#958,.F.);
/*    999 */ #974=CARTESIAN_POINT('',(0.0,0.0,3.075));
/*   1000 */ #975=DIRECTION('',(0.0,0.0,1.0));
/*   1001 */ #976=DIRECTION('',(1.0,0.0,-0.0));
/*   1002 */ #977=AXIS2_PLACEMENT_3D('',#974,#975,#976);
/*   1003 */ #978=PLANE('',#977);
/*   1004 */ #979=ORIENTED_EDGE('',*,*,#595,.T.);
/*   1005 */ #980=ORIENTED_EDGE('',*,*,#641,.T.);
/*   1006 */ #981=ORIENTED_EDGE('',*,*,#659,.T.);
/*   1007 */ #982=ORIENTED_EDGE('',*,*,#705,.T.);
/*   1008 */ #983=ORIENTED_EDGE('',*,*,#723,.T.);
/*   1009 */ #984=ORIENTED_EDGE('',*,*,#754,.T.);
/*   1010 */ #985=ORIENTED_EDGE('',*,*,#785,.T.);
/*   1011 */ #986=ORIENTED_EDGE('',*,*,#826,.F.);
/*   1012 */ #987=ORIENTED_EDGE('',*,*,#849,.T.);
/*   1013 */ #988=ORIENTED_EDGE('',*,*,#890,.F.);
/*   1014 */ #989=ORIENTED_EDGE('',*,*,#913,.T.);
/*   1015 */ #990=ORIENTED_EDGE('',*,*,#942,.T.);
/*   1016 */ #991=EDGE_LOOP('',(#979,#980,#981,#982,#983,#984,#985,#986,#987,#988,#989,#990));
/*   1017 */ #992=FACE_BOUND('',#991,.T.);
/*   1018 */ #993=ADVANCED_FACE('',(#992),#978,.T.);
/*   1019 */ #994=CLOSED_SHELL('',(#613,#646,#677,#710,#741,#772,#803,#836,#867,#900,#931,#953,
/*   1020 */      #973,#993));
/*   1021 */ #995=MANIFOLD_SOLID_BREP('',#994);
/*   1022 */ #996=ADVANCED_BREP_SHAPE_REPRESENTATION('3d bound volume shape',(#995,#569),#1023);
/*   1023 */ #998=PRODUCT_DEFINITION_CONTEXT('part definition',#999,'');
/*   1024 */ #999=APPLICATION_CONTEXT('package model');
/*   1025 */ #1000=APPLICATION_PROTOCOL_DEFINITION('','electronic_assembly_interconnect_and_packaging_design',
/*   1026 */      2009,#999);
/*   1027 */ #1001=PRODUCT_DEFINITION_FORMATION('DO-214_AB product definition',$,#1002);
/*   1028 */ #1002=PRODUCT('DO-214_AB','DO-214_AB',$,(#1005));
/*   1029 */ #1004=PRODUCT_RELATED_PRODUCT_CATEGORY('part',$,(#1002));
/*   1030 */ #1005=PRODUCT_CONTEXT('',#999,'');
/*   1031 */ #1006=REPRESENTATION_CONTEXT('parameter values','parameter');
/*   1032 */ #1007=PRODUCT_SPECIFIC_PARAMETER_VALUE_ASSIGNMENT('Category',$,'',$,(#1002));
/*   1033 */ #1008=PROPERTY_DEFINITION('Category','assigned parameter',#1007);
/*   1034 */ #1009=PARAMETER_ASSIGNMENT(#1010,#1009,'Category',(#1012),#1006);
/*   1035 */ #1010=MODEL_PARAMETER('','Category',$);
/*   1036 */ #1011=PROPERTY_DEFINITION_REPRESENTATION(#1008,#1009);
/*   1037 */ #1012=DESCRIPTIVE_REPRESENTATION_ITEM('text','DO-214');
/*   1038 */ #1013=PRODUCT_SPECIFIC_PARAMETER_VALUE_ASSIGNMENT('Gage Plane Offset',$,'',$,(#1002));
/*   1039 */ #1014=PROPERTY_DEFINITION('Gage Plane Offset','assigned parameter',#1013);
/*   1040 */ #1015=PARAMETER_ASSIGNMENT(#1016,#1015,'Gage Plane Offset',(#1018),#1006);
/*   1041 */ #1016=MODEL_PARAMETER('','Gage Plane Offset',$);
/*   1042 */ #1017=PROPERTY_DEFINITION_REPRESENTATION(#1014,#1015);
/*   1043 */ #1018=MEASURE_REPRESENTATION_ITEM('',LENGTH_MEASURE(0.45),#2);
/*   1044 */ #1021=REPRESENTATION_CONTEXT('description context','description');
/*   1045 */ #1022=SHAPE_REPRESENTATION('3d bound volume shape',(#1053,#1079,#1089,#1129),#1023);
/*   1046 */ #1023=(GEOMETRIC_REPRESENTATION_CONTEXT(3)GLOBAL_UNCERTAINTY_ASSIGNED_CONTEXT((#10,
/*   1047 */      #11,#12))GLOBAL_UNIT_ASSIGNED_CONTEXT((#2,#8,#9))REPRESENTATION_CONTEXT('unit_context3D',
/*   1048 */      'unit_context3D'));
/*   1049 */ #1024=DESCRIPTION_ATTRIBUTE('pu3dsm',#1022);
/*   1050 */ #1025=REPRESENTATION_RELATIONSHIP('',$,#1022,#1026);
/*   1051 */ #1026=REPRESENTATION('',(#1027),#1021);
/*   1052 */ #1027=DESCRIPTIVE_REPRESENTATION_ITEM('design','');
/*   1053 */ #1028=REPRESENTATION_RELATIONSHIP('shape environment',$,#1022,#1029);
/*   1054 */ #1029=REPRESENTATION('shape environment',(#1030),#1021);
/*   1055 */ #1030=DESCRIPTIVE_REPRESENTATION_ITEM('manufacturing','');
/*   1056 */ #1031=REPRESENTATION_RELATIONSHIP('shape extent',$,#1022,#1032);
/*   1057 */ #1032=REPRESENTATION('shape extent',(#1033),#1021);
/*   1058 */ #1033=DESCRIPTIVE_REPRESENTATION_ITEM('envelope','');
/*   1059 */ #1034=REPRESENTATION_RELATIONSHIP('shape material condition',$,#1022,#1035);
/*   1060 */ #1035=REPRESENTATION('shape material condition',(#1036),#1021);
/*   1061 */ #1036=DESCRIPTIVE_REPRESENTATION_ITEM('nominal_material_condition','');
/*   1062 */ #1037=REPRESENTATION_RELATIONSHIP('shape approximation level',$,#1022,#1038);
/*   1063 */ #1038=REPRESENTATION('shape approximation level',(#1039),#1021);
/*   1064 */ #1039=DESCRIPTIVE_REPRESENTATION_ITEM('is unknown','');
/*   1065 */ #1040=SHAPE_DEFINITION_REPRESENTATION(#3,#1022);
/*   1066 */ #1041=PACKAGE_BODY('Body','part generic feature',#3,.F.);
/*   1067 */ #1042=MATERIAL_DESIGNATION_WITH_CONDUCTIVITY_CLASSIFICATION('unknown non conductive material',
/*   1068 */      (#1041));
/*   1069 */ #1043=APPLIED_CLASSIFICATION_ASSIGNMENT(#1045,#1044,(#1042));
/*   1070 */ #1044=CLASSIFICATION_ROLE('conductive',$);
/*   1071 */ #1045=CLASS('electrical conductivity','non conductive');
/*   1072 */ #1046=ID_ATTRIBUTE('electrical conductivity',#1045);
/*   1073 */ #1047=CARTESIAN_POINT('',(0.0,0.0,0.15));
/*   1074 */ #1048=DIRECTION('',(0.0,0.0,1.0));
/*   1075 */ #1049=DIRECTION('',(1.0,0.0,0.0));
/*   1076 */ #1050=AXIS2_PLACEMENT_3D('',#1047,#1048,#1049);
/*   1077 */ #1051=PROPERTY_DEFINITION('shape for package body',$,#1041);
/*   1078 */ #1052=SHAPE_DEFINITION_REPRESENTATION(#1051,#568);
/*   1079 */ #1053=USAGE_CONCEPT_USAGE_RELATIONSHIP('',#1054,#1050,'',$,#1041,#1022,*);
/*   1080 */ #1054=REPRESENTATION_MAP(#569,#568);
/*   1081 */ #1055=PACKAGE_TERMINAL_TEMPLATE_DEFINITION('Ribbon L - Inward - Rounded',$,'Ribbon L - Inward - Rounded',
/*   1082 */      $);
/*   1083 */ #1056=PROPERTY_DEFINITION('custom lead form','Ribbon L - Inward',#1055);
/*   1084 */ #1057=PROPERTY_DEFINITION('seating plane intersection','surface intersection',#1055);
/*   1085 */ #1058=MATERIAL_DESIGNATION_WITH_CONDUCTIVITY_CLASSIFICATION('unknown conductive material',
/*   1086 */      (#1055));
/*   1087 */ #1059=APPLIED_CLASSIFICATION_ASSIGNMENT(#1061,#1060,(#1058));
/*   1088 */ #1060=CLASSIFICATION_ROLE('terminal core material','terminal core material');
/*   1089 */ #1061=CLASS('conductive','terminal core material');
/*   1090 */ #1062=ID_ATTRIBUTE('conductive',#1061);
/*   1091 */ #1063=MATERIAL_DESIGNATION_WITH_CONDUCTIVITY_CLASSIFICATION('unknown conductive material',
/*   1092 */      (#1055));
/*   1093 */ #1064=APPLIED_CLASSIFICATION_ASSIGNMENT(#1066,#1065,(#1063));
/*   1094 */ #1065=CLASSIFICATION_ROLE('terminal surface material','terminal surface material');
/*   1095 */ #1066=CLASS('conductive','terminal surface material');
/*   1096 */ #1067=ID_ATTRIBUTE('conductive',#1066);
/*   1097 */ #1068=PACKAGE_TERMINAL('2','part generic feature',#3,.F.);
/*   1098 */ #1069=PROPERTY_DEFINITION('terminal definition',$,#1068);
/*   1099 */ #1070=PROPERTY_DEFINITION('terminal definition',$,#1055);
/*   1100 */ #1071=PROPERTY_DEFINITION_RELATIONSHIP('definition','',#1070,#1069);
/*   1101 */ #1072=CARTESIAN_POINT('',(3.425,-1.5375,1.6275));
/*   1102 */ #1073=DIRECTION('',(1.22464679914735E-16,1.0,-0.0));
/*   1103 */ #1074=DIRECTION('',(-1.0,1.22464679914735E-16,0.0));
/*   1104 */ #1075=AXIS2_PLACEMENT_3D('',#1072,#1073,#1074);
/*   1105 */ #1076=PRODUCT_DEFINITION_SHAPE('shape for package_terminal',$,#1055);
/*   1106 */ #1077=SHAPE_DEFINITION_REPRESENTATION(#1076,#996);
/*   1107 */ #1078=DESCRIPTION_ATTRIBUTE('part feature template shape model',#996);
/*   1108 */ #1079=USAGE_CONCEPT_USAGE_RELATIONSHIP('',#1080,#1075,'',$,#1068,#1022,*);
/*   1109 */ #1080=REPRESENTATION_MAP(#569,#996);
/*   1110 */ #1081=PRIMARY_REFERENCE_TERMINAL('1','part generic feature',#3,.F.);
/*   1111 */ #1082=PROPERTY_DEFINITION('terminal definition',$,#1081);
/*   1112 */ #1083=PROPERTY_DEFINITION('terminal definition',$,#1055);
/*   1113 */ #1084=PROPERTY_DEFINITION_RELATIONSHIP('definition','',#1083,#1082);
/*   1114 */ #1085=CARTESIAN_POINT('',(-3.425,1.5375,1.6275));
/*   1115 */ #1086=DIRECTION('',(0.0,-1.0,0.0));
/*   1116 */ #1087=DIRECTION('',(1.0,0.0,0.0));
/*   1117 */ #1088=AXIS2_PLACEMENT_3D('',#1085,#1086,#1087);
/*   1118 */ #1089=USAGE_CONCEPT_USAGE_RELATIONSHIP('',#1090,#1088,'',$,#1081,#1022,*);
/*   1119 */ #1090=REPRESENTATION_MAP(#569,#996);
/*   1120 */ #1116=SEATING_PLANE('seating plane','seating plane feature',#3,.F.);
/*   1121 */ #1117=SHAPE_REPRESENTATION('',(#1122,#1126),#1023);
/*   1122 */ #1118=CARTESIAN_POINT('',(0.0,0.0,0.0));
/*   1123 */ #1119=DIRECTION('',(0.0,0.0,1.0));
/*   1124 */ #1120=DIRECTION('',(1.0,0.0,-0.0));
/*   1125 */ #1121=AXIS2_PLACEMENT_3D('',#1118,#1119,#1120);
/*   1126 */ #1122=PLANE('',#1121);
/*   1127 */ #1123=CARTESIAN_POINT('',(0.0,0.0,0.0));
/*   1128 */ #1124=DIRECTION('',(0.0,0.0,1.0));
/*   1129 */ #1125=DIRECTION('',(1.0,0.0,-0.0));
/*   1130 */ #1126=AXIS2_PLACEMENT_3D('',#1123,#1124,#1125);
/*   1131 */ #1127=PROPERTY_DEFINITION('shape for seating plane',$,#1116);
/*   1132 */ #1128=SHAPE_DEFINITION_REPRESENTATION(#1127,#1117);
/*   1133 */ #1129=USAGE_CONCEPT_USAGE_RELATIONSHIP('',#1130,#569,'',$,#1116,#1022,*);
/*   1134 */ #1130=REPRESENTATION_MAP(#1126,#1117);
/*   1135 */ #1131=FOOTPRINT_DEFINITION('Footprint',$,#1136,#1132,'',$,*);
/*   1136 */ #1132=PRODUCT_DEFINITION_CONTEXT('part definition',#999,'');
/*   1137 */ #1133=PRODUCT_DEFINITION_CONTEXT_ASSOCIATION(#1131,#1135,#1134);
/*   1138 */ #1134=PRODUCT_DEFINITION_CONTEXT_ROLE('part definition type',$);
/*   1139 */ #1135=PRODUCT_DEFINITION_CONTEXT('template definition',#999,'');
/*   1140 */ #1136=PRODUCT_DEFINITION_FORMATION('1',$,#1137);
/*   1141 */ #1137=PRODUCT('Footprint','template',$,(#1139));
/*   1142 */ #1138=PRODUCT_RELATED_PRODUCT_CATEGORY('template model',$,(#1137));
/*   1143 */ #1139=PRODUCT_CONTEXT('template model',#999,'');
/*   1144 */ #1140=PROPERTY_DEFINITION('location','top',#1131);
/*   1145 */ #1141=SHAPE_REPRESENTATION('ppsm',(#1143),#13);
/*   1146 */ #1142=DESCRIPTION_ATTRIBUTE('footprint definition shape model',#1141);
/*   1147 */ #1143=AXIS2_PLACEMENT_2D('origin',#1144,#1145);
/*   1148 */ #1144=CARTESIAN_POINT('',(0.0,0.0));
/*   1149 */ #1145=DIRECTION('',(1.0,0.0));
/*   1150 */ #1146=SHAPE_DEFINITION_REPRESENTATION(#1131,#1141);
/*   1151 */ #1147=PROPERTY_DEFINITION_RELATIONSHIP('reference package','',#3,#1131);
/*   1152 */ #1148=SHAPE_REPRESENTATION('ppsm',(#1149,#1175,#1187),#13);
/*   1153 */ #1149=AXIS2_PLACEMENT_2D('origin',#1150,#1151);
/*   1154 */ #1150=CARTESIAN_POINT('',(0.0,0.0));
/*   1155 */ #1151=DIRECTION('',(1.0,0.0));
/*   1156 */ #1165=(GEOMETRIC_REPRESENTATION_CONTEXT(2)GLOBAL_UNCERTAINTY_ASSIGNED_CONTEXT((#10,
/*   1157 */      #11,#12))GLOBAL_UNIT_ASSIGNED_CONTEXT((#2,#8,#9))REPRESENTATION_CONTEXT('unit_context2D',
/*   1158 */      'unit_context2D'));
/*   1159 */ #1166=CSG_PRIMITIVE_SOLID_2D('',#1167);
/*   1160 */ #1167=RECTANGULAR_AREA('',#1170,1.14885,3.075);
/*   1161 */ #1168=CARTESIAN_POINT('',(3.399425,0.0));
/*   1162 */ #1169=DIRECTION('',(1.0,0.0));
/*   1163 */ #1170=AXIS2_PLACEMENT_2D('',#1168,#1169);
/*   1164 */ #1171=SINGLE_BOUNDARY_CSG_2D_SHAPE_REPRESENTATION('ppsm',(#1174,#1166),#1165);
/*   1165 */ #1172=CARTESIAN_POINT('',(0.0,0.0));
/*   1166 */ #1173=DIRECTION('',(1.0,0.0));
/*   1167 */ #1174=AXIS2_PLACEMENT_2D('',#1172,#1173);
/*   1168 */ #1175=USAGE_CONCEPT_USAGE_RELATIONSHIP('',#1176,#1149,'',$,#1068,#1148,*);
/*   1169 */ #1176=REPRESENTATION_MAP(#1174,#1171);
/*   1170 */ #1177=(GEOMETRIC_REPRESENTATION_CONTEXT(2)GLOBAL_UNCERTAINTY_ASSIGNED_CONTEXT((#10,
/*   1171 */      #11,#12))GLOBAL_UNIT_ASSIGNED_CONTEXT((#2,#8,#9))REPRESENTATION_CONTEXT('unit_context2D',
/*   1172 */      'unit_context2D'));
/*   1173 */ #1178=CSG_PRIMITIVE_SOLID_2D('',#1179);
/*   1174 */ #1179=RECTANGULAR_AREA('',#1182,1.14885,3.075);
/*   1175 */ #1180=CARTESIAN_POINT('',(-3.399425,0.0));
/*   1176 */ #1181=DIRECTION('',(1.0,0.0));
/*   1177 */ #1182=AXIS2_PLACEMENT_2D('',#1180,#1181);
/*   1178 */ #1183=SINGLE_BOUNDARY_CSG_2D_SHAPE_REPRESENTATION('ppsm',(#1186,#1178),#1177);
/*   1179 */ #1184=CARTESIAN_POINT('',(0.0,0.0));
/*   1180 */ #1185=DIRECTION('',(1.0,0.0));
/*   1181 */ #1186=AXIS2_PLACEMENT_2D('',#1184,#1185);
/*   1182 */ #1187=USAGE_CONCEPT_USAGE_RELATIONSHIP('',#1188,#1149,'',$,#1081,#1148,*);
/*   1183 */ #1188=REPRESENTATION_MAP(#1186,#1183);
/*   1184 */ #1189=DESCRIPTION_ATTRIBUTE('pupsm',#1148);
/*   1185 */ #1190=ID_ATTRIBUTE('contacts_representation',#1148);
/*   1186 */ #1191=SHAPE_DEFINITION_REPRESENTATION(#3,#1148);
/*   1187 */ #1192=REPRESENTATION_RELATIONSHIP('predefined shape purpose',$,#1148,#1193);
/*   1188 */ #1193=REPRESENTATION('predefined shape purpose',(#1194),#1021);
/*   1189 */ #1194=DESCRIPTIVE_REPRESENTATION_ITEM('physical extent','contacts');
/*   1190 */ #1195=REPRESENTATION_RELATIONSHIP('shape environment',$,#1148,#1196);
/*   1191 */ #1196=REPRESENTATION('shape environment',(#1197),#1021);
/*   1192 */ #1197=DESCRIPTIVE_REPRESENTATION_ITEM('manufacturing','');
/*   1193 */ #1198=REPRESENTATION_RELATIONSHIP('shape extent',$,#1148,#1199);
/*   1194 */ #1199=REPRESENTATION('shape extent',(#1200),#1021);
/*   1195 */ #1200=DESCRIPTIVE_REPRESENTATION_ITEM('envelope','');
/*   1196 */ #1201=REPRESENTATION_RELATIONSHIP('shape material condition',$,#1148,#1202);
/*   1197 */ #1202=REPRESENTATION('shape material condition',(#1203),#1021);
/*   1198 */ #1203=DESCRIPTIVE_REPRESENTATION_ITEM('nominal_material_condition','');
/*   1199 */ #1204=REPRESENTATION_RELATIONSHIP('shape approximation level',$,#1148,#1205);
/*   1200 */ #1205=REPRESENTATION('shape approximation level',(#1206),#1021);
/*   1201 */ #1206=DESCRIPTIVE_REPRESENTATION_ITEM('is unknown','');
/*   1202 */ #1207=COORDINATED_GEOMETRIC_RELATIONSHIP_WITH_2D_3D_PLACEMENT_TRANSFORMATION('',
/*   1203 */      $,#7,#1022,#1208);
/*   1204 */ #1208=AXIS_PLACEMENT_2D_3D_MAPPING('',$,#6,#1126);
/*   1205 */ #1209=PRODUCT_DEFINITION_CONTEXT('physical design usage',$,$);
/*   1206 */ #1210=PRODUCT_DEFINITION_CONTEXT_ASSOCIATION(#3,#1209,#1211);
/*   1207 */ #1211=PRODUCT_DEFINITION_CONTEXT_ROLE('part definition type',$);
/*   1208 */ #1212=SHAPE_ASPECT('',$,#3,.T.);
/*   1209 */ #1213=ID_ATTRIBUTE('terminal thickness pin 1',#1212);
/*   1210 */ #1214=CHAIN_BASED_GEOMETRIC_ITEM_SPECIFIC_USAGE('','terminal thickness pin 1',#1212,
/*   1211 */      *,#803,(#1022,#996),(#1089));
/*   1212 */ #1215=SHAPE_ASPECT('',$,#3,.T.);
/*   1213 */ #1216=ID_ATTRIBUTE('terminal thickness pin 2',#1215);
/*   1214 */ #1217=CHAIN_BASED_GEOMETRIC_ITEM_SPECIFIC_USAGE('','terminal thickness pin 2',#1215,
/*   1215 */      *,#803,(#1022,#996),(#1079));
/*   1216 */ #1218=SHAPE_ASPECT('',$,#3,.T.);
/*   1217 */ #1219=ID_ATTRIBUTE('terminal bottom pin 1',#1218);
/*   1218 */ #1220=CHAIN_BASED_GEOMETRIC_ITEM_SPECIFIC_USAGE('','terminal bottom pin 1',#1218,
/*   1219 */      *,#741,(#1022,#996),(#1089));
/*   1220 */ #1221=SHAPE_ASPECT('',$,#3,.T.);
/*   1221 */ #1222=ID_ATTRIBUTE('terminal bottom pin 2',#1221);
/*   1222 */ #1223=CHAIN_BASED_GEOMETRIC_ITEM_SPECIFIC_USAGE('','terminal bottom pin 2',#1221,
/*   1223 */      *,#741,(#1022,#996),(#1079));
/*   1224 */ #1224=SHAPE_ASPECT('',$,#3,.T.);
/*   1225 */ #1225=ID_ATTRIBUTE('body width f2',#1224);
/*   1226 */ #1226=CHAIN_BASED_GEOMETRIC_ITEM_SPECIFIC_USAGE('','body width f2',#1224,*,#408,
/*   1227 */      (#1022,#568),(#1053));
/*   1228 */ #1227=SHAPE_ASPECT('',$,#3,.T.);
/*   1229 */ #1228=ID_ATTRIBUTE('terminal outside pin 1',#1227);
/*   1230 */ #1229=CHAIN_BASED_GEOMETRIC_ITEM_SPECIFIC_USAGE('','terminal outside pin 1',#1227,
/*   1231 */      *,#677,(#1022,#996),(#1089));
/*   1232 */ #1230=SHAPE_ASPECT('',$,#3,.T.);
/*   1233 */ #1231=ID_ATTRIBUTE('terminal outside pin 2',#1230);
/*   1234 */ #1232=CHAIN_BASED_GEOMETRIC_ITEM_SPECIFIC_USAGE('','terminal outside pin 2',#1230,
/*   1235 */      *,#677,(#1022,#996),(#1079));
/*   1236 */ #1233=SHAPE_ASPECT('',$,#3,.T.);
/*   1237 */ #1234=ID_ATTRIBUTE('body top',#1233);
/*   1238 */ #1235=CHAIN_BASED_GEOMETRIC_ITEM_SPECIFIC_USAGE('','body top',#1233,*,#493,(#1022,
/*   1239 */      #568),(#1053));
/*   1240 */ #1236=SHAPE_ASPECT('',$,#3,.T.);
/*   1241 */ #1237=ID_ATTRIBUTE('body bottom',#1236);
/*   1242 */ #1238=CHAIN_BASED_GEOMETRIC_ITEM_SPECIFIC_USAGE('','body bottom',#1236,*,#164,(#1022,
/*   1243 */      #568),(#1053));
/*   1244 */ #1239=SHAPE_ASPECT('',$,#3,.T.);
/*   1245 */ #1240=ID_ATTRIBUTE('body length f1',#1239);
/*   1246 */ #1241=CHAIN_BASED_GEOMETRIC_ITEM_SPECIFIC_USAGE('','body length f1',#1239,*,#336,
/*   1247 */      (#1022,#568),(#1053));
/*   1248 */ #1242=SHAPE_ASPECT('',$,#3,.T.);
/*   1249 */ #1243=ID_ATTRIBUTE('body width f1',#1242);
/*   1250 */ #1244=CHAIN_BASED_GEOMETRIC_ITEM_SPECIFIC_USAGE('','body width f1',#1242,*,#267,
/*   1251 */      (#1022,#568),(#1053));
/*   1252 */ #1245=SHAPE_ASPECT('',$,#3,.T.);
/*   1253 */ #1246=ID_ATTRIBUTE('body length f2',#1245);
/*   1254 */ #1247=CHAIN_BASED_GEOMETRIC_ITEM_SPECIFIC_USAGE('','body length f2',#1245,*,#360,
/*   1255 */      (#1022,#568),(#1053));
/*   1256 */ #1248=SHAPE_ASPECT('','unified geometric item',#3,.T.);
/*   1257 */ #1249=ID_ATTRIBUTE('body step',#1248);
/*   1258 */ #1250=CHAIN_BASED_GEOMETRIC_ITEM_SPECIFIC_USAGE('','body step',#1248,*,#212,(#1022,
/*   1259 */      #568),(#1053));
/*   1260 */ #1251=CHAIN_BASED_GEOMETRIC_ITEM_SPECIFIC_USAGE('','body step',#1248,*,#116,(#1022,
/*   1261 */      #568),(#1053));
/*   1262 */ #1252=SHAPE_ASPECT('',$,#3,.T.);
/*   1263 */ #1253=ID_ATTRIBUTE('terminal width f1 pin 1',#1252);
/*   1264 */ #1254=CHAIN_BASED_GEOMETRIC_ITEM_SPECIFIC_USAGE('','terminal width f1 pin 1',#1252,
/*   1265 */      *,#993,(#1022,#996),(#1089));
/*   1266 */ #1255=SHAPE_ASPECT('',$,#3,.T.);
/*   1267 */ #1256=ID_ATTRIBUTE('terminal width f1 pin 2',#1255);
/*   1268 */ #1257=CHAIN_BASED_GEOMETRIC_ITEM_SPECIFIC_USAGE('','terminal width f1 pin 2',#1255,
/*   1269 */      *,#993,(#1022,#996),(#1079));
/*   1270 */ #1258=SHAPE_ASPECT('',$,#3,.T.);
/*   1271 */ #1259=ID_ATTRIBUTE('terminal width f2 pin 1',#1258);
/*   1272 */ #1260=CHAIN_BASED_GEOMETRIC_ITEM_SPECIFIC_USAGE('','terminal width f2 pin 1',#1258,
/*   1273 */      *,#973,(#1022,#996),(#1089));
/*   1274 */ #1261=SHAPE_ASPECT('',$,#3,.T.);
/*   1275 */ #1262=ID_ATTRIBUTE('terminal width f2 pin 2',#1261);
/*   1276 */ #1263=CHAIN_BASED_GEOMETRIC_ITEM_SPECIFIC_USAGE('','terminal width f2 pin 2',#1261,
/*   1277 */      *,#973,(#1022,#996),(#1079));
/*   1278 */ #1264=(COMPOSITE_SHAPE_ASPECT()COMPOSITE_UNIT_SHAPE_ASPECT()DATUM_FEATURE()
/*   1279 */      DIMENSIONAL_SIZE(#1264,'length')DIMENSIONAL_SIZE_WITH_DATUM_FEATURE()
/*   1280 */      SHAPE_ASPECT($,'feature of size',#3,.T.)SYMMETRIC_SHAPE_ASPECT());
/*   1281 */ #1265=ID_ATTRIBUTE('dimension D and datum feature A',#1264);
/*   1282 */ #1266=SHAPE_ASPECT_RELATIONSHIP('',$,#1264,#1242);
/*   1283 */ #1267=SHAPE_ASPECT_RELATIONSHIP('',$,#1264,#1224);
/*   1284 */ #1268=DIMENSIONAL_CHARACTERISTIC_REPRESENTATION(#1264,#1269);
/*   1285 */ #1269=SHAPE_DIMENSION_REPRESENTATION('',(#1272,#1275,#1277),#1270);
/*   1286 */ #1270=REPRESENTATION_CONTEXT('dimension context','dimension');
/*   1287 */ #1271=ID_ATTRIBUTE('D',#1269);
/*   1288 */ #1272=(LENGTH_MEASURE_WITH_UNIT()MEASURE_REPRESENTATION_ITEM()MEASURE_WITH_UNIT(LENGTH_MEASURE(
/*   1289 */      5.9),#1273)QUALIFIED_REPRESENTATION_ITEM((#1274))REPRESENTATION_ITEM(''));
/*   1290 */ #1273=(LENGTH_UNIT()NAMED_UNIT(*)SI_UNIT(.MILLI.,.METRE.));
/*   1291 */ #1274=TYPE_QUALIFIER('average');
/*   1292 */ #1275=(LENGTH_MEASURE_WITH_UNIT()MEASURE_REPRESENTATION_ITEM()MEASURE_WITH_UNIT(LENGTH_MEASURE(
/*   1293 */      6.25),#1273)QUALIFIED_REPRESENTATION_ITEM((#1276))REPRESENTATION_ITEM(''));
/*   1294 */ #1276=TYPE_QUALIFIER('maximum');
/*   1295 */ #1277=(LENGTH_MEASURE_WITH_UNIT()MEASURE_REPRESENTATION_ITEM()MEASURE_WITH_UNIT(LENGTH_MEASURE(
/*   1296 */      5.55),#1273)QUALIFIED_REPRESENTATION_ITEM((#1278))REPRESENTATION_ITEM(''));
/*   1297 */ #1278=TYPE_QUALIFIER('minimum');
/*   1298 */ #1279=DATUM('','plane',#3,.F.,'A');
/*   1299 */ #1280=SHAPE_ASPECT_RELATIONSHIP('',$,#1264,#1279);
/*   1300 */ #1281=(COMPOSITE_SHAPE_ASPECT()COMPOSITE_UNIT_SHAPE_ASPECT()DATUM_FEATURE()
/*   1301 */      DIMENSIONAL_SIZE(#1281,'length')DIMENSIONAL_SIZE_WITH_DATUM_FEATURE()
/*   1302 */      SHAPE_ASPECT($,'feature of size',#3,.T.)SYMMETRIC_SHAPE_ASPECT());
/*   1303 */ #1282=ID_ATTRIBUTE('dimension E1 and datum feature B',#1281);
/*   1304 */ #1283=SHAPE_ASPECT_RELATIONSHIP('',$,#1281,#1239);
/*   1305 */ #1284=SHAPE_ASPECT_RELATIONSHIP('',$,#1281,#1245);
/*   1306 */ #1285=DIMENSIONAL_CHARACTERISTIC_REPRESENTATION(#1281,#1286);
/*   1307 */ #1286=SHAPE_DIMENSION_REPRESENTATION('',(#1288,#1290,#1292),#1270);
/*   1308 */ #1287=ID_ATTRIBUTE('E1',#1286);
/*   1309 */ #1288=(LENGTH_MEASURE_WITH_UNIT()MEASURE_REPRESENTATION_ITEM()MEASURE_WITH_UNIT(LENGTH_MEASURE(
/*   1310 */      6.6),#1273)QUALIFIED_REPRESENTATION_ITEM((#1289))REPRESENTATION_ITEM(''));
/*   1311 */ #1289=TYPE_QUALIFIER('minimum');
/*   1312 */ #1290=(LENGTH_MEASURE_WITH_UNIT()MEASURE_REPRESENTATION_ITEM()MEASURE_WITH_UNIT(LENGTH_MEASURE(
/*   1313 */      6.85),#1273)QUALIFIED_REPRESENTATION_ITEM((#1291))REPRESENTATION_ITEM(''));
/*   1314 */ #1291=TYPE_QUALIFIER('average');
/*   1315 */ #1292=(LENGTH_MEASURE_WITH_UNIT()MEASURE_REPRESENTATION_ITEM()MEASURE_WITH_UNIT(LENGTH_MEASURE(
/*   1316 */      7.15),#1273)QUALIFIED_REPRESENTATION_ITEM((#1293))REPRESENTATION_ITEM(''));
/*   1317 */ #1293=TYPE_QUALIFIER('maximum');
/*   1318 */ #1294=DATUM('','plane',#3,.F.,'B');
/*   1319 */ #1295=SHAPE_ASPECT_RELATIONSHIP('',$,#1281,#1294);
/*   1320 */ #1296=(COMPOSITE_SHAPE_ASPECT()COMPOSITE_UNIT_SHAPE_ASPECT()DATUM_FEATURE()
/*   1321 */      SHAPE_ASPECT($,$,#3,.T.));
/*   1322 */ #1297=ID_ATTRIBUTE('bottom all pins',#1296);
/*   1323 */ #1298=SHAPE_ASPECT_RELATIONSHIP('',$,#1296,#1221);
/*   1324 */ #1299=SHAPE_ASPECT_RELATIONSHIP('',$,#1296,#1218);
/*   1325 */ #1300=(DERIVED_SHAPE_ASPECT()SEATING_PLANE()SHAPE_ASPECT('tangent plane',$,#3,.T.)TANGENT());
/*   1326 */ #1301=ID_ATTRIBUTE('tangent to datum feature C',#1300);
/*   1327 */ #1302=PLANE('',#1303);
/*   1328 */ #1303=AXIS2_PLACEMENT_3D('',#1304,#1305,#1306);
/*   1329 */ #1304=CARTESIAN_POINT('',(0.0,0.0,0.0));
/*   1330 */ #1305=DIRECTION('',(0.0,0.0,1.0));
/*   1331 */ #1306=DIRECTION('',(1.0,0.0,0.0));
/*   1332 */ #1307=CONSTRUCTIVE_GEOMETRY_REPRESENTATION('',(#1302,#1329,#1348,#1361),#1023);
/*   1333 */ #1308=CONSTRUCTIVE_GEOMETRY_REPRESENTATION_RELATIONSHIP('',$,#1022,#1307);
/*   1334 */ #1309=GEOMETRIC_ITEM_SPECIFIC_USAGE('',$,#1300,#1307,#1302);
/*   1335 */ #1310=SHAPE_ASPECT_DERIVING_RELATIONSHIP('',$,#1300,#1296);
/*   1336 */ #1311=DATUM('','plane',#3,.F.,'C');
/*   1337 */ #1312=SHAPE_ASPECT_RELATIONSHIP('',$,#1296,#1311);
/*   1338 */ #1313=DIMENSIONAL_SIZE(#1314,'length');
/*   1339 */ #1314=(COMPOSITE_SHAPE_ASPECT()COMPOSITE_UNIT_SHAPE_ASPECT()SHAPE_ASPECT($,'feature of size',
/*   1340 */      #3,.T.)SYMMETRIC_SHAPE_ASPECT());
/*   1341 */ #1315=ID_ATTRIBUTE('dim E feature of size',#1314);
/*   1342 */ #1316=SHAPE_ASPECT_RELATIONSHIP('',$,#1314,#1230);
/*   1343 */ #1317=SHAPE_ASPECT_RELATIONSHIP('',$,#1314,#1227);
/*   1344 */ #1318=DIMENSIONAL_CHARACTERISTIC_REPRESENTATION(#1313,#1319);
/*   1345 */ #1319=SHAPE_DIMENSION_REPRESENTATION('',(#1321,#1323,#1325),#1270);
/*   1346 */ #1320=ID_ATTRIBUTE('E',#1319);
/*   1347 */ #1321=(LENGTH_MEASURE_WITH_UNIT()MEASURE_REPRESENTATION_ITEM()MEASURE_WITH_UNIT(LENGTH_MEASURE(
/*   1348 */      7.95),#1273)QUALIFIED_REPRESENTATION_ITEM((#1322))REPRESENTATION_ITEM(''));
/*   1349 */ #1322=TYPE_QUALIFIER('average');
/*   1350 */ #1323=(LENGTH_MEASURE_WITH_UNIT()MEASURE_REPRESENTATION_ITEM()MEASURE_WITH_UNIT(LENGTH_MEASURE(
/*   1351 */      8.15),#1273)QUALIFIED_REPRESENTATION_ITEM((#1324))REPRESENTATION_ITEM(''));
/*   1352 */ #1324=TYPE_QUALIFIER('maximum');
/*   1353 */ #1325=(LENGTH_MEASURE_WITH_UNIT()MEASURE_REPRESENTATION_ITEM()MEASURE_WITH_UNIT(LENGTH_MEASURE(
/*   1354 */      7.75),#1273)QUALIFIED_REPRESENTATION_ITEM((#1326))REPRESENTATION_ITEM(''));
/*   1355 */ #1326=TYPE_QUALIFIER('minimum');
/*   1356 */ #1327=CENTRE_OF_SYMMETRY('centre plane',$,#3,.F.);
/*   1357 */ #1328=ID_ATTRIBUTE('dim E centre_of_symmetry',#1327);
/*   1358 */ #1329=PLANE('',#1330);
/*   1359 */ #1330=AXIS2_PLACEMENT_3D('',#1331,#1332,#1333);
/*   1360 */ #1331=CARTESIAN_POINT('',(0.0,0.0,0.0));
/*   1361 */ #1332=DIRECTION('',(0.0,1.0,0.0));
/*   1362 */ #1333=DIRECTION('',(1.0,0.0,0.0));
/*   1363 */ #1334=GEOMETRIC_ITEM_SPECIFIC_USAGE('',$,#1327,#1307,#1329);
/*   1364 */ #1335=SHAPE_ASPECT_DERIVING_RELATIONSHIP('',$,#1327,#1314);
/*   1365 */ #1336=(GEOMETRIC_TOLERANCE('dim E center position',$,#1341,#1327)
/*   1366 */      GEOMETRIC_TOLERANCE_WITH_DATUM_REFERENCE((#1337))
/*   1367 */      MODIFIED_GEOMETRIC_TOLERANCE(.LEAST_MATERIAL_CONDITION.)
/*   1368 */      POSITION_TOLERANCE());
/*   1369 */ #1337=DATUM_SYSTEM('datum system of dim E center position',$,#3,.F.,(#1338,#1339,
/*   1370 */      #1340));
/*   1371 */ #1338=DATUM_REFERENCE_COMPARTMENT('dim E center position C',$,#3,.F.,#1311,(SIMPLE_DATUM_REFERENCE_MODIFIER(
/*   1372 */      .MAXIMUM_MATERIAL_REQUIREMENT.)));
/*   1373 */ #1339=DATUM_REFERENCE_COMPARTMENT('dim E center position B',$,#3,.F.,#1294,$);
/*   1374 */ #1340=DATUM_REFERENCE_COMPARTMENT('dim E center position A',$,#3,.F.,#1279,$);
/*   1375 */ #1341=LENGTH_MEASURE_WITH_UNIT(LENGTH_MEASURE(0.13),#1273);
/*   1376 */ #1342=(COMPOSITE_SHAPE_ASPECT()COMPOSITE_UNIT_SHAPE_ASPECT()SHAPE_ASPECT($,'feature of size',
/*   1377 */      #3,.T.)SYMMETRIC_SHAPE_ASPECT());
/*   1378 */ #1343=ID_ATTRIBUTE('pin 1 width feature of size',#1342);
/*   1379 */ #1344=SHAPE_ASPECT_RELATIONSHIP('',$,#1342,#1252);
/*   1380 */ #1345=SHAPE_ASPECT_RELATIONSHIP('',$,#1342,#1258);
/*   1381 */ #1346=CENTRE_OF_SYMMETRY('centre plane',$,#3,.F.);
/*   1382 */ #1347=ID_ATTRIBUTE('pin 1 centre_of_symmetry',#1346);
/*   1383 */ #1348=PLANE('',#1349);
/*   1384 */ #1349=AXIS2_PLACEMENT_3D('',#1350,#1351,#1352);
/*   1385 */ #1350=CARTESIAN_POINT('',(0.0,0.95,0.0));
/*   1386 */ #1351=DIRECTION('',(0.0,1.0,0.0));
/*   1387 */ #1352=DIRECTION('',(1.0,0.0,0.0));
/*   1388 */ #1353=GEOMETRIC_ITEM_SPECIFIC_USAGE('',$,#1346,#1307,#1348);
/*   1389 */ #1354=SHAPE_ASPECT_DERIVING_RELATIONSHIP('',$,#1346,#1342);
/*   1390 */ #1355=(COMPOSITE_SHAPE_ASPECT()COMPOSITE_UNIT_SHAPE_ASPECT()SHAPE_ASPECT($,'feature of size',
/*   1391 */      #3,.T.)SYMMETRIC_SHAPE_ASPECT());
/*   1392 */ #1356=ID_ATTRIBUTE('pin 2 width feature of size',#1355);
/*   1393 */ #1357=SHAPE_ASPECT_RELATIONSHIP('',$,#1355,#1261);
/*   1394 */ #1358=SHAPE_ASPECT_RELATIONSHIP('',$,#1355,#1255);
/*   1395 */ #1359=CENTRE_OF_SYMMETRY('centre plane',$,#3,.F.);
/*   1396 */ #1360=ID_ATTRIBUTE('pin 2 centre_of_symmetry',#1359);
/*   1397 */ #1361=PLANE('',#1362);
/*   1398 */ #1362=AXIS2_PLACEMENT_3D('',#1363,#1364,#1365);
/*   1399 */ #1363=CARTESIAN_POINT('',(0.0,-0.95,0.0));
/*   1400 */ #1364=DIRECTION('',(0.0,1.0,0.0));
/*   1401 */ #1365=DIRECTION('',(1.0,0.0,0.0));
/*   1402 */ #1366=GEOMETRIC_ITEM_SPECIFIC_USAGE('',$,#1359,#1307,#1361);
/*   1403 */ #1367=SHAPE_ASPECT_DERIVING_RELATIONSHIP('',$,#1359,#1355);
/*   1404 */ #1368=COMPOSITE_GROUP_SHAPE_ASPECT('','multiple elements',#3,.T.);
/*   1405 */ #1369=ID_ATTRIBUTE('all pins centres',#1368);
/*   1406 */ #1370=SHAPE_ASPECT_RELATIONSHIP('',$,#1368,#1346);
/*   1407 */ #1371=SHAPE_ASPECT_RELATIONSHIP('',$,#1368,#1359);
/*   1408 */ #1372=(GEOMETRIC_TOLERANCE('terminal centre plane position',$,#1377,#1368)
/*   1409 */      GEOMETRIC_TOLERANCE_WITH_DATUM_REFERENCE((#1373))
/*   1410 */      MODIFIED_GEOMETRIC_TOLERANCE(.LEAST_MATERIAL_CONDITION.)
/*   1411 */      POSITION_TOLERANCE());
/*   1412 */ #1373=DATUM_SYSTEM('datum system of terminal centre plane position',$,#3,.F.,(#1374,
/*   1413 */      #1375,#1376));
/*   1414 */ #1374=DATUM_REFERENCE_COMPARTMENT('terminal centre plane position C',$,#3,.F.,#1311,
/*   1415 */      $);
/*   1416 */ #1375=DATUM_REFERENCE_COMPARTMENT('terminal centre plane position A',$,#3,.F.,#1279,
/*   1417 */      $);
/*   1418 */ #1376=DATUM_REFERENCE_COMPARTMENT('terminal centre plane position B',$,#3,.F.,#1294,
/*   1419 */      $);
/*   1420 */ #1377=LENGTH_MEASURE_WITH_UNIT(LENGTH_MEASURE(0.13),#1273);
/*   1421 */ #1378=COMPOSITE_GROUP_SHAPE_ASPECT('','multiple elements',#3,.T.);
/*   1422 */ #1379=ID_ATTRIBUTE('all pins width feature of size',#1378);
/*   1423 */ #1380=SHAPE_ASPECT_RELATIONSHIP('',$,#1378,#1355);
/*   1424 */ #1381=SHAPE_ASPECT_RELATIONSHIP('',$,#1378,#1342);
/*   1425 */ #1382=DIMENSIONAL_SIZE(#1378,'length');
/*   1426 */ #1383=DIMENSIONAL_CHARACTERISTIC_REPRESENTATION(#1382,#1384);
/*   1427 */ #1384=SHAPE_DIMENSION_REPRESENTATION('',(#1386,#1388),#1270);
/*   1428 */ #1385=ID_ATTRIBUTE('b',#1384);
/*   1429 */ #1386=(LENGTH_MEASURE_WITH_UNIT()MEASURE_REPRESENTATION_ITEM()MEASURE_WITH_UNIT(LENGTH_MEASURE(
/*   1430 */      2.9),#1273)QUALIFIED_REPRESENTATION_ITEM((#1387))REPRESENTATION_ITEM(''));
/*   1431 */ #1387=TYPE_QUALIFIER('minimum');
/*   1432 */ #1388=(LENGTH_MEASURE_WITH_UNIT()MEASURE_REPRESENTATION_ITEM()MEASURE_WITH_UNIT(LENGTH_MEASURE(
/*   1433 */      3.2),#1273)QUALIFIED_REPRESENTATION_ITEM((#1389))REPRESENTATION_ITEM(''));
/*   1434 */ #1389=TYPE_QUALIFIER('maximum');
/*   1435 */ #1390=(COMPOSITE_SHAPE_ASPECT()COMPOSITE_UNIT_SHAPE_ASPECT()SHAPE_ASPECT($,'feature of size',
/*   1436 */      #3,.T.)SYMMETRIC_SHAPE_ASPECT());
/*   1437 */ #1391=ID_ATTRIBUTE('pin 2 thickness feature of size',#1390);
/*   1438 */ #1392=SHAPE_ASPECT_RELATIONSHIP('',$,#1390,#1215);
/*   1439 */ #1393=SHAPE_ASPECT_RELATIONSHIP('',$,#1390,#1221);
/*   1440 */ #1394=(COMPOSITE_SHAPE_ASPECT()COMPOSITE_UNIT_SHAPE_ASPECT()SHAPE_ASPECT($,'feature of size',
/*   1441 */      #3,.T.)SYMMETRIC_SHAPE_ASPECT());
/*   1442 */ #1395=ID_ATTRIBUTE('pin 1 thickness feature of size',#1394);
/*   1443 */ #1396=SHAPE_ASPECT_RELATIONSHIP('',$,#1394,#1212);
/*   1444 */ #1397=SHAPE_ASPECT_RELATIONSHIP('',$,#1394,#1218);
/*   1445 */ #1398=COMPOSITE_GROUP_SHAPE_ASPECT('','multiple elements',#3,.T.);
/*   1446 */ #1399=ID_ATTRIBUTE('all pins thickness feature of size',#1398);
/*   1447 */ #1400=SHAPE_ASPECT_RELATIONSHIP('',$,#1398,#1394);
/*   1448 */ #1401=SHAPE_ASPECT_RELATIONSHIP('',$,#1398,#1390);
/*   1449 */ #1402=DIMENSIONAL_SIZE(#1398,'length');
/*   1450 */ #1403=DIMENSIONAL_CHARACTERISTIC_REPRESENTATION(#1402,#1404);
/*   1451 */ #1404=SHAPE_DIMENSION_REPRESENTATION('',(#1406,#1408),#1270);
/*   1452 */ #1405=ID_ATTRIBUTE('c',#1404);
/*   1453 */ #1406=(LENGTH_MEASURE_WITH_UNIT()MEASURE_REPRESENTATION_ITEM()MEASURE_WITH_UNIT(LENGTH_MEASURE(
/*   1454 */      0.41),#1273)QUALIFIED_REPRESENTATION_ITEM((#1407))REPRESENTATION_ITEM(''));
/*   1455 */ #1407=TYPE_QUALIFIER('maximum');
/*   1456 */ #1408=(LENGTH_MEASURE_WITH_UNIT()MEASURE_REPRESENTATION_ITEM()MEASURE_WITH_UNIT(LENGTH_MEASURE(
/*   1457 */      0.15),#1273)QUALIFIED_REPRESENTATION_ITEM((#1409))REPRESENTATION_ITEM(''));
/*   1458 */ #1409=TYPE_QUALIFIER('minimum');
/*   1459 */ #1410=DIMENSIONAL_SIZE(#1411,'length');
/*   1460 */ #1411=(COMPOSITE_SHAPE_ASPECT()COMPOSITE_UNIT_SHAPE_ASPECT()SHAPE_ASPECT($,'feature of size',
/*   1461 */      #3,.T.)SYMMETRIC_SHAPE_ASPECT());
/*   1462 */ #1412=ID_ATTRIBUTE('dim A1 feature of size',#1411);
/*   1463 */ #1413=SHAPE_ASPECT_RELATIONSHIP('',$,#1411,#1233);
/*   1464 */ #1414=SHAPE_ASPECT_RELATIONSHIP('',$,#1411,#1236);
/*   1465 */ #1415=DIMENSIONAL_CHARACTERISTIC_REPRESENTATION(#1410,#1416);
/*   1466 */ #1416=SHAPE_DIMENSION_REPRESENTATION('',(#1418,#1420,#1422),#1270);
/*   1467 */ #1417=ID_ATTRIBUTE('A1',#1416);
/*   1468 */ #1418=(LENGTH_MEASURE_WITH_UNIT()MEASURE_REPRESENTATION_ITEM()MEASURE_WITH_UNIT(LENGTH_MEASURE(
/*   1469 */      1.9),#1273)QUALIFIED_REPRESENTATION_ITEM((#1419))REPRESENTATION_ITEM(''));
/*   1470 */ #1419=TYPE_QUALIFIER('minimum');
/*   1471 */ #1420=(LENGTH_MEASURE_WITH_UNIT()MEASURE_REPRESENTATION_ITEM()MEASURE_WITH_UNIT(LENGTH_MEASURE(
/*   1472 */      2.45),#1273)QUALIFIED_REPRESENTATION_ITEM((#1421))REPRESENTATION_ITEM(''));
/*   1473 */ #1421=TYPE_QUALIFIER('maximum');
/*   1474 */ #1422=(LENGTH_MEASURE_WITH_UNIT()MEASURE_REPRESENTATION_ITEM()MEASURE_WITH_UNIT(LENGTH_MEASURE(
/*   1475 */      2.15),#1273)QUALIFIED_REPRESENTATION_ITEM((#1423))REPRESENTATION_ITEM(''));
/*   1476 */ #1423=TYPE_QUALIFIER('average');
/*   1477 */ #1424=DIMENSIONAL_LOCATION('linear distance',$,#1233,#1296);
/*   1478 */ #1425=DIMENSIONAL_CHARACTERISTIC_REPRESENTATION(#1424,#1426);
/*   1479 */ #1426=SHAPE_DIMENSION_REPRESENTATION('',(#1428,#1430,#1432),#1270);
/*   1480 */ #1427=ID_ATTRIBUTE('A',#1426);
/*   1481 */ #1428=(LENGTH_MEASURE_WITH_UNIT()MEASURE_REPRESENTATION_ITEM()MEASURE_WITH_UNIT(LENGTH_MEASURE(
/*   1482 */      2.65),#1273)QUALIFIED_REPRESENTATION_ITEM((#1429))REPRESENTATION_ITEM(''));
/*   1483 */ #1429=TYPE_QUALIFIER('maximum');
/*   1484 */ #1430=(LENGTH_MEASURE_WITH_UNIT()MEASURE_REPRESENTATION_ITEM()MEASURE_WITH_UNIT(LENGTH_MEASURE(
/*   1485 */      1.95),#1273)QUALIFIED_REPRESENTATION_ITEM((#1431))REPRESENTATION_ITEM(''));
/*   1486 */ #1431=TYPE_QUALIFIER('minimum');
/*   1487 */ #1432=(LENGTH_MEASURE_WITH_UNIT()MEASURE_REPRESENTATION_ITEM()MEASURE_WITH_UNIT(LENGTH_MEASURE(
/*   1488 */      2.3),#1273)QUALIFIED_REPRESENTATION_ITEM((#1433))REPRESENTATION_ITEM(''));
/*   1489 */ #1433=TYPE_QUALIFIER('average');
/*   1490 */ #1434=DIMENSIONAL_LOCATION('linear distance',$,#1236,#1296);
/*   1491 */ #1435=DIMENSIONAL_CHARACTERISTIC_REPRESENTATION(#1434,#1436);
/*   1492 */ #1436=SHAPE_DIMENSION_REPRESENTATION('',(#1438,#1440,#1442),#1270);
/*   1493 */ #1437=ID_ATTRIBUTE('A2',#1436);
/*   1494 */ #1438=(LENGTH_MEASURE_WITH_UNIT()MEASURE_REPRESENTATION_ITEM()MEASURE_WITH_UNIT(LENGTH_MEASURE(
/*   1495 */      0.2),#1273)QUALIFIED_REPRESENTATION_ITEM((#1439))REPRESENTATION_ITEM(''));
/*   1496 */ #1439=TYPE_QUALIFIER('maximum');
/*   1497 */ #1440=(LENGTH_MEASURE_WITH_UNIT()MEASURE_REPRESENTATION_ITEM()MEASURE_WITH_UNIT(LENGTH_MEASURE(
/*   1498 */      0.15),#1273)QUALIFIED_REPRESENTATION_ITEM((#1441))REPRESENTATION_ITEM(''));
/*   1499 */ #1441=TYPE_QUALIFIER('average');
/*   1500 */ #1442=(LENGTH_MEASURE_WITH_UNIT()MEASURE_REPRESENTATION_ITEM()MEASURE_WITH_UNIT(LENGTH_MEASURE(
/*   1501 */      0.05),#1273)QUALIFIED_REPRESENTATION_ITEM((#1443))REPRESENTATION_ITEM(''));
/*   1502 */ #1443=TYPE_QUALIFIER('minimum');
/*   1503 */ #1444=DIMENSIONAL_LOCATION('linear distance',$,#1248,#1296);
/*   1504 */ #1445=DIMENSIONAL_CHARACTERISTIC_REPRESENTATION(#1444,#1446);
/*   1505 */ #1446=SHAPE_DIMENSION_REPRESENTATION('',(#1448,#1450),#1270);
/*   1506 */ #1447=ID_ATTRIBUTE('A3',#1446);
/*   1507 */ #1448=(LENGTH_MEASURE_WITH_UNIT()MEASURE_REPRESENTATION_ITEM()MEASURE_WITH_UNIT(LENGTH_MEASURE(
/*   1508 */      0.3),#1273)QUALIFIED_REPRESENTATION_ITEM((#1449))REPRESENTATION_ITEM(''));
/*   1509 */ #1449=TYPE_QUALIFIER('maximum');
/*   1510 */ #1450=(LENGTH_MEASURE_WITH_UNIT()MEASURE_REPRESENTATION_ITEM()MEASURE_WITH_UNIT(LENGTH_MEASURE(
/*   1511 */      0.05),#1273)QUALIFIED_REPRESENTATION_ITEM((#1451))REPRESENTATION_ITEM(''));
/*   1512 */ #1451=TYPE_QUALIFIER('minimum');
/*   1513 */ #1452=(GEOMETRIC_TOLERANCE('terminal bottom position',$,#1457,#1296)
/*   1514 */      GEOMETRIC_TOLERANCE_WITH_DATUM_REFERENCE((#1453))
/*   1515 */      MODIFIED_GEOMETRIC_TOLERANCE(.LEAST_MATERIAL_CONDITION.)
/*   1516 */      POSITION_TOLERANCE());
/*   1517 */ #1453=DATUM_SYSTEM('datum system of terminal bottom position',$,#3,.F.,(#1454,#1455,
/*   1518 */      #1456));
/*   1519 */ #1454=DATUM_REFERENCE_COMPARTMENT('terminal bottom position C',$,#3,.F.,#1311,$);
/*   1520 */ #1455=DATUM_REFERENCE_COMPARTMENT('terminal bottom position B',$,#3,.F.,#1294,$);
/*   1521 */ #1456=DATUM_REFERENCE_COMPARTMENT('terminal bottom position A',$,#3,.F.,#1279,$);
/*   1522 */ #1457=LENGTH_MEASURE_WITH_UNIT(LENGTH_MEASURE(0.13),

------------------------------------------------------------------------------------------------
 Operation terminated successfully.
------------------------------------------------------------------------------------------------

