

/******************************************************************************************
* ReadStepFile diagnostics.
* Date:                           Thu Jul 18 16:46:30 2013
* Produced by:                    The EXPRESS Data Manager Version 5.01.0100.103 : 1 Nov 2012
* Module:                         EDMstepFileFactory/EDMstandAlone
* Host:                           tom8dd8
* Database:                       C:\Temp\edm_2012\2012_08
* Database version:               5207
* Database creation date:         Fri Aug 10 08:09:20 2012
* Model to populate:              DataRepository.KOA_0402_1E_RK73B_with_gdt_single_solid
* Header model to populate:       
* Step file name:                 Z:\Documents\2011\NIST AP210 GD&T Deliverables 9-30-11 - models and report\AP210 Package Models and JEDEC Documents_2013_june_update\KOA_0402_1E_RK73B_with_gdt_single_solid.stp
* EDMuser:                        sdai-user
* EDMgroup:                       sdai-group
* License ID and type:            4858 : Education license. Expiry date: 14 Mar 2016
* EDMstepFileFactory options:     0201000100
******************************************************************************************/
/*      1 */ ISO-10303-21;
/*      2 */ HEADER;
/*      3 */ /* Generated by software containing
/*      4 */  * JSDAI (TM) from LKSoft (www.lksoft.com, www.jsdai.net)
/*      5 */  * JSDAI Runtime Version 4.0.0 (Build 270, 2010-02-16T15:19:10)
/*      6 */  */
/*      7 */ FILE_DESCRIPTION(
/*      8 */ /* description */ ('AP210 Package Model'),
/*      9 */ /* implementation_level */ '2;1');
/*     10 */ FILE_NAME(
/*     11 */ /* name */ 'KOA_0402_1E_RK73B_single_solid_annotation.stp',
/*     12 */ /* time_stamp */ '2011-09-06T15:05:07',
/*     13 */ /* author */ (''),
/*     14 */ /* organization */ (''),
/*     15 */ /* preprocessor_version */ '',
/*     16 */ /* originating_system */ '',
/*     17 */ /* authorization */ '');
/*     18 */ FILE_SCHEMA(('AP210_ELECTRONIC_ASSEMBLY_INTERCONNECT_AND_PACKAGING_DESIGN_MIM_LF'));
/*     19 */ ENDSEC;
/*     20 */ DATA;
/*     21 */ #1=DIMENSIONAL_EXPONENTS(1.0,0.0,0.0,0.0,0.0,0.0,0.0);
/*     22 */ #2=(LENGTH_UNIT()NAMED_UNIT(*)SI_UNIT(.MILLI.,.METRE.));
/*     23 */ #3=PACKAGE('',$,#1065,#1062,'KOA_0402_1E_RK73B_single_solid',$,*);
/*     24 */ #4=DIRECTION('',(1.0,0.0));
/*     25 */ #5=CARTESIAN_POINT('',(0.0,0.0));
/*     26 */ #6=AXIS2_PLACEMENT_2D('csys2d',#5,#4);
/*     27 */ #7=SHAPE_REPRESENTATION('global 2d representation',(#6),#13);
/*     28 */ #8=(NAMED_UNIT(*)SI_UNIT($,.STERADIAN.)SOLID_ANGLE_UNIT());
/*     29 */ #9=(NAMED_UNIT(*)PLANE_ANGLE_UNIT()SI_UNIT($,.RADIAN.));
/*     30 */ #10=UNCERTAINTY_MEASURE_WITH_UNIT(LENGTH_MEASURE(0.01),#2,'',$);
/*     31 */ #11=UNCERTAINTY_MEASURE_WITH_UNIT(SOLID_ANGLE_MEASURE(0.0010),#8,'',$);
/*     32 */ #12=UNCERTAINTY_MEASURE_WITH_UNIT(PLANE_ANGLE_MEASURE(0.0010),#9,'',$);
/*     33 */ #13=(GEOMETRIC_REPRESENTATION_CONTEXT(2)GLOBAL_UNCERTAINTY_ASSIGNED_CONTEXT((#10,
/*     34 */      #11,#12))GLOBAL_UNIT_ASSIGNED_CONTEXT((#2,#8,#9))REPRESENTATION_CONTEXT('unit_context2D',
/*     35 */      'unit_context2D'));
/*     36 */ #14=CARTESIAN_POINT('',(0.0,0.0,0.01));
/*     37 */ #15=DIRECTION('',(0.0,0.0,1.0));
/*     38 */ #16=DIRECTION('',(1.0,0.0,-0.0));
/*     39 */ #17=AXIS2_PLACEMENT_3D('',#14,#15,#16);
/*     40 */ #18=PLANE('',#17);
/*     41 */ #19=CARTESIAN_POINT('',(0.25,-0.24,0.01));
/*     42 */ #20=VERTEX_POINT('',#19);
/*     43 */ #21=CARTESIAN_POINT('',(0.25,0.24,0.01));
/*     44 */ #22=VERTEX_POINT('',#21);
/*     45 */ #23=CARTESIAN_POINT('',(0.25,-0.24,0.01));
/*     46 */ #24=DIRECTION('',(0.0,1.0,0.0));
/*     47 */ #25=VECTOR('',#24,1.0);
/*     48 */ #26=LINE('',#23,#25);
/*     49 */ #27=EDGE_CURVE('',#20,#22,#26,.T.);
/*     50 */ #28=ORIENTED_EDGE('',*,*,#27,.T.);
/*     51 */ #29=CARTESIAN_POINT('',(-0.25,0.24,0.01));
/*     52 */ #30=VERTEX_POINT('',#29);
/*     53 */ #31=CARTESIAN_POINT('',(0.25,0.24,0.01));
/*     54 */ #32=DIRECTION('',(-1.0,0.0,0.0));
/*     55 */ #33=VECTOR('',#32,1.0);
/*     56 */ #34=LINE('',#31,#33);
/*     57 */ #35=EDGE_CURVE('',#22,#30,#34,.T.);
/*     58 */ #36=ORIENTED_EDGE('',*,*,#35,.T.);
/*     59 */ #37=CARTESIAN_POINT('',(-0.25,-0.24,0.01));
/*     60 */ #38=VERTEX_POINT('',#37);
/*     61 */ #39=CARTESIAN_POINT('',(-0.25,-0.24,0.01));
/*     62 */ #40=DIRECTION('',(0.0,1.0,0.0));
/*     63 */ #41=VECTOR('',#40,1.0);
/*     64 */ #42=LINE('',#39,#41);
/*     65 */ #43=EDGE_CURVE('',#38,#30,#42,.T.);
/*     66 */ #44=ORIENTED_EDGE('',*,*,#43,.F.);
/*     67 */ #45=CARTESIAN_POINT('',(-0.25,-0.24,0.01));
/*     68 */ #46=DIRECTION('',(1.0,0.0,0.0));
/*     69 */ #47=VECTOR('',#46,1.0);
/*     70 */ #48=LINE('',#45,#47);
/*     71 */ #49=EDGE_CURVE('',#38,#20,#48,.T.);
/*     72 */ #50=ORIENTED_EDGE('',*,*,#49,.T.);
/*     73 */ #51=EDGE_LOOP('',(#28,#36,#44,#50));
/*     74 */ #52=FACE_BOUND('',#51,.F.);
/*     75 */ #53=ADVANCED_FACE('',(#52),#18,.F.);
/*     76 */ #54=CARTESIAN_POINT('',(0.25,0.25,0.0));
/*     77 */ #55=DIRECTION('',(-1.0,0.0,0.0));
/*     78 */ #56=DIRECTION('',(0.0,-1.0,0.0));
/*     79 */ #57=AXIS2_PLACEMENT_3D('',#54,#55,#56);
/*     80 */ #58=PLANE('',#57);
/*     81 */ #59=CARTESIAN_POINT('',(0.25,-0.24,0.0));
/*     82 */ #60=VERTEX_POINT('',#59);
/*     83 */ #61=CARTESIAN_POINT('',(0.25,-0.25,0.01));
/*     84 */ #62=VERTEX_POINT('',#61);
/*     85 */ #63=CARTESIAN_POINT('',(0.25,-0.24,0.01));
/*     86 */ #64=DIRECTION('',(-1.0,0.0,0.0));
/*     87 */ #65=DIRECTION('',(0.0,0.0,-1.0));
/*     88 */ #66=AXIS2_PLACEMENT_3D('',#63,#64,#65);
/*     89 */ #67=CIRCLE('',#66,0.01);
/*     90 */ #68=EDGE_CURVE('',#60,#62,#67,.T.);
/*     91 */ #69=ORIENTED_EDGE('',*,*,#68,.F.);
/*     92 */ #70=CARTESIAN_POINT('',(0.25,0.24,0.0));
/*     93 */ #71=VERTEX_POINT('',#70);
/*     94 */ #72=CARTESIAN_POINT('',(0.25,0.24,0.0));
/*     95 */ #73=DIRECTION('',(0.0,-1.0,0.0));
/*     96 */ #74=VECTOR('',#73,1.0);
/*     97 */ #75=LINE('',#72,#74);
/*     98 */ #76=EDGE_CURVE('',#71,#60,#75,.T.);
/*     99 */ #77=ORIENTED_EDGE('',*,*,#76,.F.);
/*    100 */ #78=CARTESIAN_POINT('',(0.25,0.25,0.01));
/*    101 */ #79=VERTEX_POINT('',#78);
/*    102 */ #80=CARTESIAN_POINT('',(0.25,0.24,0.01));
/*    103 */ #81=DIRECTION('',(-1.0,0.0,0.0));
/*    104 */ #82=DIRECTION('',(0.0,1.0,0.0));
/*    105 */ #83=AXIS2_PLACEMENT_3D('',#80,#81,#82);
/*    106 */ #84=CIRCLE('',#83,0.01);
/*    107 */ #85=EDGE_CURVE('',#79,#71,#84,.T.);
/*    108 */ #86=ORIENTED_EDGE('',*,*,#85,.F.);
/*    109 */ #87=CARTESIAN_POINT('',(0.25,0.25,0.34));
/*    110 */ #88=VERTEX_POINT('',#87);
/*    111 */ #89=CARTESIAN_POINT('',(0.25,0.25,0.01));
/*    112 */ #90=DIRECTION('',(0.0,0.0,1.0));
/*    113 */ #91=VECTOR('',#90,1.0);
/*    114 */ #92=LINE('',#89,#91);
/*    115 */ #93=EDGE_CURVE('',#79,#88,#92,.T.);
/*    116 */ #94=ORIENTED_EDGE('',*,*,#93,.T.);
/*    117 */ #95=CARTESIAN_POINT('',(0.25,0.24,0.35));
/*    118 */ #96=VERTEX_POINT('',#95);
/*    119 */ #97=CARTESIAN_POINT('',(0.25,0.24,0.34));
/*    120 */ #98=DIRECTION('',(-1.0,0.0,0.0));
/*    121 */ #99=DIRECTION('',(0.0,0.0,1.0));
/*    122 */ #100=AXIS2_PLACEMENT_3D('',#97,#98,#99);
/*    123 */ #101=CIRCLE('',#100,0.01);
/*    124 */ #102=EDGE_CURVE('',#96,#88,#101,.T.);
/*    125 */ #103=ORIENTED_EDGE('',*,*,#102,.F.);
/*    126 */ #104=CARTESIAN_POINT('',(0.25,-0.24,0.35));
/*    127 */ #105=VERTEX_POINT('',#104);
/*    128 */ #106=CARTESIAN_POINT('',(0.25,0.24,0.35));
/*    129 */ #107=DIRECTION('',(0.0,-1.0,0.0));
/*    130 */ #108=VECTOR('',#107,1.0);
/*    131 */ #109=LINE('',#106,#108);
/*    132 */ #110=EDGE_CURVE('',#96,#105,#109,.T.);
/*    133 */ #111=ORIENTED_EDGE('',*,*,#110,.T.);
/*    134 */ #112=CARTESIAN_POINT('',(0.25,-0.25,0.34));
/*    135 */ #113=VERTEX_POINT('',#112);
/*    136 */ #114=CARTESIAN_POINT('',(0.25,-0.24,0.34));
/*    137 */ #115=DIRECTION('',(-1.0,0.0,0.0));
/*    138 */ #116=DIRECTION('',(0.0,-1.0,0.0));
/*    139 */ #117=AXIS2_PLACEMENT_3D('',#114,#115,#116);
/*    140 */ #118=CIRCLE('',#117,0.01);
/*    141 */ #119=EDGE_CURVE('',#113,#105,#118,.T.);
/*    142 */ #120=ORIENTED_EDGE('',*,*,#119,.F.);
/*    143 */ #121=CARTESIAN_POINT('',(0.25,-0.25,0.01));
/*    144 */ #122=DIRECTION('',(0.0,0.0,1.0));
/*    145 */ #123=VECTOR('',#122,1.0);
/*    146 */ #124=LINE('',#121,#123);
/*    147 */ #125=EDGE_CURVE('',#62,#113,#124,.T.);
/*    148 */ #126=ORIENTED_EDGE('',*,*,#125,.F.);
/*    149 */ #127=EDGE_LOOP('',(#69,#77,#86,#94,#103,#111,#120,#126));
/*    150 */ #128=FACE_BOUND('',#127,.F.);
/*    151 */ #129=ORIENTED_EDGE('',*,*,#27,.F.);
/*    152 */ #130=CARTESIAN_POINT('',(0.25,-0.24,0.34));
/*    153 */ #131=VERTEX_POINT('',#130);
/*    154 */ #132=CARTESIAN_POINT('',(0.25,-0.24,0.01));
/*    155 */ #133=DIRECTION('',(0.0,0.0,1.0));
/*    156 */ #134=VECTOR('',#133,1.0);
/*    157 */ #135=LINE('',#132,#134);
/*    158 */ #136=EDGE_CURVE('',#20,#131,#135,.T.);
/*    159 */ #137=ORIENTED_EDGE('',*,*,#136,.T.);
/*    160 */ #138=CARTESIAN_POINT('',(0.25,0.24,0.34));
/*    161 */ #139=VERTEX_POINT('',#138);
/*    162 */ #140=CARTESIAN_POINT('',(0.25,-0.24,0.34));
/*    163 */ #141=DIRECTION('',(0.0,1.0,0.0));
/*    164 */ #142=VECTOR('',#141,1.0);
/*    165 */ #143=LINE('',#140,#142);
/*    166 */ #144=EDGE_CURVE('',#131,#139,#143,.T.);
/*    167 */ #145=ORIENTED_EDGE('',*,*,#144,.T.);
/*    168 */ #146=CARTESIAN_POINT('',(0.25,0.24,0.01));
/*    169 */ #147=DIRECTION('',(0.0,0.0,1.0));
/*    170 */ #148=VECTOR('',#147,1.0);
/*    171 */ #149=LINE('',#146,#148);
/*    172 */ #150=EDGE_CURVE('',#22,#139,#149,.T.);
/*    173 */ #151=ORIENTED_EDGE('',*,*,#150,.F.);
/*    174 */ #152=EDGE_LOOP('',(#129,#137,#145,#151));
/*    175 */ #153=FACE_BOUND('',#152,.F.);
/*    176 */ #154=ADVANCED_FACE('',(#128,#153),#58,.T.);
/*    177 */ #155=CARTESIAN_POINT('',(0.8259,-0.24,0.01));
/*    178 */ #156=DIRECTION('',(-1.0,0.0,0.0));
/*    179 */ #157=DIRECTION('',(0.0,0.0,-1.0));
/*    180 */ #158=AXIS2_PLACEMENT_3D('',#155,#156,#157);
/*    181 */ #159=CYLINDRICAL_SURFACE('',#158,0.01);
/*    182 */ #160=ORIENTED_EDGE('',*,*,#68,.F.);
/*    183 */ #161=CARTESIAN_POINT('',(0.49,-0.24,0.0));
/*    184 */ #162=VERTEX_POINT('',#161);
/*    185 */ #163=CARTESIAN_POINT('',(0.49,-0.24,0.0));
/*    186 */ #164=DIRECTION('',(-1.0,0.0,0.0));
/*    187 */ #165=VECTOR('',#164,1.0);
/*    188 */ #166=LINE('',#163,#165);
/*    189 */ #167=EDGE_CURVE('',#162,#60,#166,.T.);
/*    190 */ #168=ORIENTED_EDGE('',*,*,#167,.F.);
/*    191 */ #169=CARTESIAN_POINT('',(0.49,-0.25,0.01));
/*    192 */ #170=VERTEX_POINT('',#169);
/*    193 */ #171=CARTESIAN_POINT('',(0.49,-0.24,0.01));
/*    194 */ #172=DIRECTION('',(1.0,0.0,0.0));
/*    195 */ #173=DIRECTION('',(0.0,-1.0,0.0));
/*    196 */ #174=AXIS2_PLACEMENT_3D('',#171,#172,#173);
/*    197 */ #175=CIRCLE('',#174,0.01);
/*    198 */ #176=EDGE_CURVE('',#170,#162,#175,.T.);
/*    199 */ #177=ORIENTED_EDGE('',*,*,#176,.F.);
/*    200 */ #178=CARTESIAN_POINT('',(0.49,-0.25,0.01));
/*    201 */ #179=DIRECTION('',(-1.0,0.0,0.0));
/*    202 */ #180=VECTOR('',#179,1.0);
/*    203 */ #181=LINE('',#178,#180);
/*    204 */ #182=EDGE_CURVE('',#170,#62,#181,.T.);
/*    205 */ #183=ORIENTED_EDGE('',*,*,#182,.T.);
/*    206 */ #184=EDGE_LOOP('',(#160,#168,#177,#183));
/*    207 */ #185=FACE_BOUND('',#184,.T.);
/*    208 */ #186=ADVANCED_FACE('',(#185),#159,.T.);
/*    209 */ #187=CARTESIAN_POINT('',(0.25,-0.25,0.0));
/*    210 */ #188=DIRECTION('',(0.0,-1.0,0.0));
/*    211 */ #189=DIRECTION('',(1.0,0.0,0.0));
/*    212 */ #190=AXIS2_PLACEMENT_3D('',#187,#188,#189);
/*    213 */ #191=PLANE('',#190);
/*    214 */ #192=ORIENTED_EDGE('',*,*,#182,.T.);
/*    215 */ #193=ORIENTED_EDGE('',*,*,#125,.T.);
/*    216 */ #194=CARTESIAN_POINT('',(0.49,-0.25,0.34));
/*    217 */ #195=VERTEX_POINT('',#194);
/*    218 */ #196=CARTESIAN_POINT('',(0.25,-0.25,0.34));
/*    219 */ #197=DIRECTION('',(1.0,0.0,0.0));
/*    220 */ #198=VECTOR('',#197,1.0);
/*    221 */ #199=LINE('',#196,#198);
/*    222 */ #200=EDGE_CURVE('',#113,#195,#199,.T.);
/*    223 */ #201=ORIENTED_EDGE('',*,*,#200,.T.);
/*    224 */ #202=CARTESIAN_POINT('',(0.49,-0.25,0.34));
/*    225 */ #203=DIRECTION('',(0.0,0.0,-1.0));
/*    226 */ #204=VECTOR('',#203,1.0);
/*    227 */ #205=LINE('',#202,#204);
/*    228 */ #206=EDGE_CURVE('',#195,#170,#205,.T.);
/*    229 */ #207=ORIENTED_EDGE('',*,*,#206,.T.);
/*    230 */ #208=EDGE_LOOP('',(#192,#193,#201,#207));
/*    231 */ #209=FACE_BOUND('',#208,.F.);
/*    232 */ #210=ADVANCED_FACE('',(#209),#191,.T.);
/*    233 */ #211=CARTESIAN_POINT('',(-0.0759,-0.24,0.34));
/*    234 */ #212=DIRECTION('',(1.0,0.0,0.0));
/*    235 */ #213=DIRECTION('',(0.0,0.0,1.0));
/*    236 */ #214=AXIS2_PLACEMENT_3D('',#211,#212,#213);
/*    237 */ #215=CYLINDRICAL_SURFACE('',#214,0.01);
/*    238 */ #216=ORIENTED_EDGE('',*,*,#119,.F.);
/*    239 */ #217=ORIENTED_EDGE('',*,*,#200,.T.);
/*    240 */ #218=CARTESIAN_POINT('',(0.49,-0.24,0.35));
/*    241 */ #219=VERTEX_POINT('',#218);
/*    242 */ #220=CARTESIAN_POINT('',(0.49,-0.24,0.34));
/*    243 */ #221=DIRECTION('',(1.0,0.0,-0.0));
/*    244 */ #222=DIRECTION('',(0.0,0.0,1.0));
/*    245 */ #223=AXIS2_PLACEMENT_3D('',#220,#221,#222);
/*    246 */ #224=CIRCLE('',#223,0.01);
/*    247 */ #225=EDGE_CURVE('',#219,#195,#224,.T.);
/*    248 */ #226=ORIENTED_EDGE('',*,*,#225,.F.);
/*    249 */ #227=CARTESIAN_POINT('',(0.25,-0.24,0.35));
/*    250 */ #228=DIRECTION('',(1.0,0.0,0.0));
/*    251 */ #229=VECTOR('',#228,1.0);
/*    252 */ #230=LINE('',#227,#229);
/*    253 */ #231=EDGE_CURVE('',#105,#219,#230,.T.);
/*    254 */ #232=ORIENTED_EDGE('',*,*,#231,.F.);
/*    255 */ #233=EDGE_LOOP('',(#216,#217,#226,#232));
/*    256 */ #234=FACE_BOUND('',#233,.T.);
/*    257 */ #235=ADVANCED_FACE('',(#234),#215,.T.);
/*    258 */ #236=CARTESIAN_POINT('',(0.25,0.0,0.35));
/*    259 */ #237=DIRECTION('',(0.0,0.0,1.0));
/*    260 */ #238=DIRECTION('',(1.0,0.0,-0.0));
/*    261 */ #239=AXIS2_PLACEMENT_3D('',#236,#237,#238);
/*    262 */ #240=PLANE('',#239);
/*    263 */ #241=CARTESIAN_POINT('',(0.49,0.24,0.35));
/*    264 */ #242=VERTEX_POINT('',#241);
/*    265 */ #243=CARTESIAN_POINT('',(0.49,-0.24,0.35));
/*    266 */ #244=DIRECTION('',(0.0,1.0,0.0));
/*    267 */ #245=VECTOR('',#244,1.0);
/*    268 */ #246=LINE('',#243,#245);
/*    269 */ #247=EDGE_CURVE('',#219,#242,#246,.T.);
/*    270 */ #248=ORIENTED_EDGE('',*,*,#247,.F.);
/*    271 */ #249=ORIENTED_EDGE('',*,*,#231,.F.);
/*    272 */ #250=ORIENTED_EDGE('',*,*,#110,.F.);
/*    273 */ #251=CARTESIAN_POINT('',(0.49,0.24,0.35));
/*    274 */ #252=DIRECTION('',(-1.0,0.0,0.0));
/*    275 */ #253=VECTOR('',#252,1.0);
/*    276 */ #254=LINE('',#251,#253);
/*    277 */ #255=EDGE_CURVE('',#242,#96,#254,.T.);
/*    278 */ #256=ORIENTED_EDGE('',*,*,#255,.F.);
/*    279 */ #257=EDGE_LOOP('',(#248,#249,#250,#256));
/*    280 */ #258=FACE_BOUND('',#257,.F.);
/*    281 */ #259=ADVANCED_FACE('',(#258),#240,.T.);
/*    282 */ #260=CARTESIAN_POINT('',(0.49,-0.9018,0.34));
/*    283 */ #261=DIRECTION('',(0.0,1.0,0.0));
/*    284 */ #262=DIRECTION('',(0.0,-0.0,1.0));
/*    285 */ #263=AXIS2_PLACEMENT_3D('',#260,#261,#262);
/*    286 */ #264=CYLINDRICAL_SURFACE('',#263,0.01);
/*    287 */ #265=CARTESIAN_POINT('',(0.5,-0.24,0.34));
/*    288 */ #266=VERTEX_POINT('',#265);
/*    289 */ #267=CARTESIAN_POINT('',(0.5,0.24,0.34));
/*    290 */ #268=VERTEX_POINT('',#267);
/*    291 */ #269=CARTESIAN_POINT('',(0.5,-0.24,0.34));
/*    292 */ #270=DIRECTION('',(0.0,1.0,0.0));
/*    293 */ #271=VECTOR('',#270,1.0);
/*    294 */ #272=LINE('',#269,#271);
/*    295 */ #273=EDGE_CURVE('',#266,#268,#272,.T.);
/*    296 */ #274=ORIENTED_EDGE('',*,*,#273,.T.);
/*    297 */ #275=CARTESIAN_POINT('',(0.49,0.24,0.34));
/*    298 */ #276=DIRECTION('',(0.0,1.0,0.0));
/*    299 */ #277=DIRECTION('',(0.0,-0.0,1.0));
/*    300 */ #278=AXIS2_PLACEMENT_3D('',#275,#276,#277);
/*    301 */ #279=CIRCLE('',#278,0.01);
/*    302 */ #280=EDGE_CURVE('',#242,#268,#279,.T.);
/*    303 */ #281=ORIENTED_EDGE('',*,*,#280,.F.);
/*    304 */ #282=ORIENTED_EDGE('',*,*,#247,.F.);
/*    305 */ #283=CARTESIAN_POINT('',(0.49,-0.24,0.34));
/*    306 */ #284=DIRECTION('',(0.0,-1.0,0.0));
/*    307 */ #285=DIRECTION('',(1.0,0.0,0.0));
/*    308 */ #286=AXIS2_PLACEMENT_3D('',#283,#284,#285);
/*    309 */ #287=CIRCLE('',#286,0.01);
/*    310 */ #288=EDGE_CURVE('',#266,#219,#287,.T.);
/*    311 */ #289=ORIENTED_EDGE('',*,*,#288,.F.);
/*    312 */ #290=EDGE_LOOP('',(#274,#281,#282,#289));
/*    313 */ #291=FACE_BOUND('',#290,.T.);
/*    314 */ #292=ADVANCED_FACE('',(#291),#264,.T.);
/*    315 */ #293=CARTESIAN_POINT('',(0.5,-0.25,0.0));
/*    316 */ #294=DIRECTION('',(1.0,0.0,0.0));
/*    317 */ #295=DIRECTION('',(-0.0,1.0,0.0));
/*    318 */ #296=AXIS2_PLACEMENT_3D('',#293,#294,#295);
/*    319 */ #297=PLANE('',#296);
/*    320 */ #298=ORIENTED_EDGE('',*,*,#273,.T.);
/*    321 */ #299=CARTESIAN_POINT('',(0.5,0.24,0.01));
/*    322 */ #300=VERTEX_POINT('',#299);
/*    323 */ #301=CARTESIAN_POINT('',(0.5,0.24,0.34));
/*    324 */ #302=DIRECTION('',(0.0,0.0,-1.0));
/*    325 */ #303=VECTOR('',#302,1.0);
/*    326 */ #304=LINE('',#301,#303);
/*    327 */ #305=EDGE_CURVE('',#268,#300,#304,.T.);
/*    328 */ #306=ORIENTED_EDGE('',*,*,#305,.T.);
/*    329 */ #307=CARTESIAN_POINT('',(0.5,-0.24,0.01));
/*    330 */ #308=VERTEX_POINT('',#307);
/*    331 */ #309=CARTESIAN_POINT('',(0.5,0.24,0.01));
/*    332 */ #310=DIRECTION('',(0.0,-1.0,0.0));
/*    333 */ #311=VECTOR('',#310,1.0);
/*    334 */ #312=LINE('',#309,#311);
/*    335 */ #313=EDGE_CURVE('',#300,#308,#312,.T.);
/*    336 */ #314=ORIENTED_EDGE('',*,*,#313,.T.);
/*    337 */ #315=CARTESIAN_POINT('',(0.5,-0.24,0.34));
/*    338 */ #316=DIRECTION('',(0.0,0.0,-1.0));
/*    339 */ #317=VECTOR('',#316,1.0);
/*    340 */ #318=LINE('',#315,#317);
/*    341 */ #319=EDGE_CURVE('',#266,#308,#318,.T.);
/*    342 */ #320=ORIENTED_EDGE('',*,*,#319,.F.);
/*    343 */ #321=EDGE_LOOP('',(#298,#306,#314,#320));
/*    344 */ #322=FACE_BOUND('',#321,.F.);
/*    345 */ #323=ADVANCED_FACE('',(#322),#297,.T.);
/*    346 */ #324=CARTESIAN_POINT('',(0.49,0.24,0.80626));
/*    347 */ #325=DIRECTION('',(0.0,0.0,-1.0));
/*    348 */ #326=DIRECTION('',(0.0,1.0,0.0));
/*    349 */ #327=AXIS2_PLACEMENT_3D('',#324,#325,#326);
/*    350 */ #328=CYLINDRICAL_SURFACE('',#327,0.01);
/*    351 */ #329=CARTESIAN_POINT('',(0.49,0.25,0.34));
/*    352 */ #330=VERTEX_POINT('',#329);
/*    353 */ #331=CARTESIAN_POINT('',(0.49,0.25,0.01));
/*    354 */ #332=VERTEX_POINT('',#331);
/*    355 */ #333=CARTESIAN_POINT('',(0.49,0.25,0.34));
/*    356 */ #334=DIRECTION('',(0.0,0.0,-1.0));
/*    357 */ #335=VECTOR('',#334,1.0);
/*    358 */ #336=LINE('',#333,#335);
/*    359 */ #337=EDGE_CURVE('',#330,#332,#336,.T.);
/*    360 */ #338=ORIENTED_EDGE('',*,*,#337,.F.);
/*    361 */ #339=CARTESIAN_POINT('',(0.49,0.24,0.34));
/*    362 */ #340=DIRECTION('',(0.0,0.0,1.0));
/*    363 */ #341=DIRECTION('',(1.0,0.0,-0.0));
/*    364 */ #342=AXIS2_PLACEMENT_3D('',#339,#340,#341);
/*    365 */ #343=CIRCLE('',#342,0.01);
/*    366 */ #344=EDGE_CURVE('',#268,#330,#343,.T.);
/*    367 */ #345=ORIENTED_EDGE('',*,*,#344,.F.);
/*    368 */ #346=ORIENTED_EDGE('',*,*,#305,.T.);
/*    369 */ #347=CARTESIAN_POINT('',(0.49,0.24,0.01));
/*    370 */ #348=DIRECTION('',(0.0,0.0,-1.0));
/*    371 */ #349=DIRECTION('',(0.0,1.0,0.0));
/*    372 */ #350=AXIS2_PLACEMENT_3D('',#347,#348,#349);
/*    373 */ #351=CIRCLE('',#350,0.01);
/*    374 */ #352=EDGE_CURVE('',#332,#300,#351,.T.);
/*    375 */ #353=ORIENTED_EDGE('',*,*,#352,.F.);
/*    376 */ #354=EDGE_LOOP('',(#338,#345,#346,#353));
/*    377 */ #355=FACE_BOUND('',#354,.T.);
/*    378 */ #356=ADVANCED_FACE('',(#355),#328,.T.);
/*    379 */ #357=CARTESIAN_POINT('',(0.5,0.25,0.0));
/*    380 */ #358=DIRECTION('',(0.0,1.0,0.0));
/*    381 */ #359=DIRECTION('',(-1.0,0.0,0.0));
/*    382 */ #360=AXIS2_PLACEMENT_3D('',#357,#358,#359);
/*    383 */ #361=PLANE('',#360);
/*    384 */ #362=CARTESIAN_POINT('',(0.49,0.25,0.34));
/*    385 */ #363=DIRECTION('',(-1.0,0.0,0.0));
/*    386 */ #364=VECTOR('',#363,1.0);
/*    387 */ #365=LINE('',#362,#364);
/*    388 */ #366=EDGE_CURVE('',#330,#88,#365,.T.);
/*    389 */ #367=ORIENTED_EDGE('',*,*,#366,.T.);
/*    390 */ #368=ORIENTED_EDGE('',*,*,#93,.F.);
/*    391 */ #369=CARTESIAN_POINT('',(0.25,0.25,0.01));
/*    392 */ #370=DIRECTION('',(1.0,0.0,0.0));
/*    393 */ #371=VECTOR('',#370,1.0);
/*    394 */ #372=LINE('',#369,#371);
/*    395 */ #373=EDGE_CURVE('',#79,#332,#372,.T.);
/*    396 */ #374=ORIENTED_EDGE('',*,*,#373,.T.);
/*    397 */ #375=ORIENTED_EDGE('',*,*,#337,.F.);
/*    398 */ #376=EDGE_LOOP('',(#367,#368,#374,#375));
/*    399 */ #377=FACE_BOUND('',#376,.F.);
/*    400 */ #378=ADVANCED_FACE('',(#377),#361,.T.);
/*    401 */ #379=CARTESIAN_POINT('',(0.8259,0.24,0.34));
/*    402 */ #380=DIRECTION('',(-1.0,0.0,0.0));
/*    403 */ #381=DIRECTION('',(0.0,0.0,1.0));
/*    404 */ #382=AXIS2_PLACEMENT_3D('',#379,#380,#381);
/*    405 */ #383=CYLINDRICAL_SURFACE('',#382,0.01);
/*    406 */ #384=ORIENTED_EDGE('',*,*,#102,.F.);
/*    407 */ #385=ORIENTED_EDGE('',*,*,#255,.F.);
/*    408 */ #386=CARTESIAN_POINT('',(0.49,0.24,0.34));
/*    409 */ #387=DIRECTION('',(1.0,0.0,0.0));
/*    410 */ #388=DIRECTION('',(-0.0,1.0,0.0));
/*    411 */ #389=AXIS2_PLACEMENT_3D('',#386,#387,#388);
/*    412 */ #390=CIRCLE('',#389,0.01);
/*    413 */ #391=EDGE_CURVE('',#330,#242,#390,.T.);
/*    414 */ #392=ORIENTED_EDGE('',*,*,#391,.F.);
/*    415 */ #393=ORIENTED_EDGE('',*,*,#366,.T.);
/*    416 */ #394=EDGE_LOOP('',(#384,#385,#392,#393));
/*    417 */ #395=FACE_BOUND('',#394,.T.);
/*    418 */ #396=ADVANCED_FACE('',(#395),#383,.T.);
/*    419 */ #397=CARTESIAN_POINT('',(0.49,0.24,0.34));
/*    420 */ #398=DIRECTION('',(0.0,0.707106781186548,-0.707106781186548));
/*    421 */ #399=DIRECTION('',(0.0,0.707106781186548,0.707106781186548));
/*    422 */ #400=AXIS2_PLACEMENT_3D('',#397,#398,#399);
/*    423 */ #401=SPHERICAL_SURFACE('',#400,0.01);
/*    424 */ #402=ORIENTED_EDGE('',*,*,#344,.T.);
/*    425 */ #403=ORIENTED_EDGE('',*,*,#391,.T.);
/*    426 */ #404=ORIENTED_EDGE('',*,*,#280,.T.);
/*    427 */ #405=EDGE_LOOP('',(#402,#403,#404));
/*    428 */ #406=FACE_BOUND('',#405,.T.);
/*    429 */ #407=ADVANCED_FACE('',(#406),#401,.T.);
/*    430 */ #408=CARTESIAN_POINT('',(-0.0759,0.24,0.01));
/*    431 */ #409=DIRECTION('',(1.0,0.0,0.0));
/*    432 */ #410=DIRECTION('',(0.0,0.0,-1.0));
/*    433 */ #411=AXIS2_PLACEMENT_3D('',#408,#409,#410);
/*    434 */ #412=CYLINDRICAL_SURFACE('',#411,0.01);
/*    435 */ #413=ORIENTED_EDGE('',*,*,#85,.F.);
/*    436 */ #414=ORIENTED_EDGE('',*,*,#373,.T.);
/*    437 */ #415=CARTESIAN_POINT('',(0.49,0.24,0.0));
/*    438 */ #416=VERTEX_POINT('',#415);
/*    439 */ #417=CARTESIAN_POINT('',(0.49,0.24,0.01));
/*    440 */ #418=DIRECTION('',(1.0,0.0,0.0));
/*    441 */ #419=DIRECTION('',(0.0,0.0,-1.0));
/*    442 */ #420=AXIS2_PLACEMENT_3D('',#417,#418,#419);
/*    443 */ #421=CIRCLE('',#420,0.01);
/*    444 */ #422=EDGE_CURVE('',#416,#332,#421,.T.);
/*    445 */ #423=ORIENTED_EDGE('',*,*,#422,.F.);
/*    446 */ #424=CARTESIAN_POINT('',(0.25,0.24,0.0));
/*    447 */ #425=DIRECTION('',(1.0,0.0,0.0));
/*    448 */ #426=VECTOR('',#425,1.0);
/*    449 */ #427=LINE('',#424,#426);
/*    450 */ #428=EDGE_CURVE('',#71,#416,#427,.T.);
/*    451 */ #429=ORIENTED_EDGE('',*,*,#428,.F.);
/*    452 */ #430=EDGE_LOOP('',(#413,#414,#423,#429));
/*    453 */ #431=FACE_BOUND('',#430,.T.);
/*    454 */ #432=ADVANCED_FACE('',(#431),#412,.T.);
/*    455 */ #433=CARTESIAN_POINT('',(0.25,0.0,0.0));
/*    456 */ #434=DIRECTION('',(0.0,0.0,1.0));
/*    457 */ #435=DIRECTION('',(1.0,0.0,-0.0));
/*    458 */ #436=AXIS2_PLACEMENT_3D('',#433,#434,#435);
/*    459 */ #437=PLANE('',#436);
/*    460 */ #438=ORIENTED_EDGE('',*,*,#167,.F.);
/*    461 */ #439=CARTESIAN_POINT('',(0.49,0.24,0.0));
/*    462 */ #440=DIRECTION('',(0.0,-1.0,0.0));
/*    463 */ #441=VECTOR('',#440,1.0);
/*    464 */ #442=LINE('',#439,#441);
/*    465 */ #443=EDGE_CURVE('',#416,#162,#442,.T.);
/*    466 */ #444=ORIENTED_EDGE('',*,*,#443,.F.);
/*    467 */ #445=ORIENTED_EDGE('',*,*,#428,.F.);
/*    468 */ #446=ORIENTED_EDGE('',*,*,#76,.T.);
/*    469 */ #447=EDGE_LOOP('',(#438,#444,#445,#446));
/*    470 */ #448=FACE_BOUND('',#447,.F.);
/*    471 */ #449=ADVANCED_FACE('',(#448),#437,.F.);
/*    472 */ #450=CARTESIAN_POINT('',(0.49,0.9018,0.01));
/*    473 */ #451=DIRECTION('',(0.0,-1.0,0.0));
/*    474 */ #452=DIRECTION('',(0.0,0.0,-1.0));
/*    475 */ #453=AXIS2_PLACEMENT_3D('',#450,#451,#452);
/*    476 */ #454=CYLINDRICAL_SURFACE('',#453,0.01);
/*    477 */ #455=ORIENTED_EDGE('',*,*,#443,.F.);
/*    478 */ #456=CARTESIAN_POINT('',(0.49,0.24,0.01));
/*    479 */ #457=DIRECTION('',(-0.0,1.0,0.0));
/*    480 */ #458=DIRECTION('',(1.0,0.0,0.0));
/*    481 */ #459=AXIS2_PLACEMENT_3D('',#456,#457,#458);
/*    482 */ #460=CIRCLE('',#459,0.01);
/*    483 */ #461=EDGE_CURVE('',#300,#416,#460,.T.);
/*    484 */ #462=ORIENTED_EDGE('',*,*,#461,.F.);
/*    485 */ #463=ORIENTED_EDGE('',*,*,#313,.T.);
/*    486 */ #464=CARTESIAN_POINT('',(0.49,-0.24,0.01));
/*    487 */ #465=DIRECTION('',(0.0,-1.0,0.0));
/*    488 */ #466=DIRECTION('',(0.0,0.0,-1.0));
/*    489 */ #467=AXIS2_PLACEMENT_3D('',#464,#465,#466);
/*    490 */ #468=CIRCLE('',#467,0.01);
/*    491 */ #469=EDGE_CURVE('',#162,#308,#468,.T.);
/*    492 */ #470=ORIENTED_EDGE('',*,*,#469,.F.);
/*    493 */ #471=EDGE_LOOP('',(#455,#462,#463,#470));
/*    494 */ #472=FACE_BOUND('',#471,.T.);
/*    495 */ #473=ADVANCED_FACE('',(#472),#454,.T.);
/*    496 */ #474=CARTESIAN_POINT('',(0.49,-0.24,0.01));
/*    497 */ #475=DIRECTION('',(0.707106781186548,0.707106781186548,0.0));
/*    498 */ #476=DIRECTION('',(0.707106781186548,-0.707106781186548,0.0));
/*    499 */ #477=AXIS2_PLACEMENT_3D('',#474,#475,#476);
/*    500 */ #478=SPHERICAL_SURFACE('',#477,0.01);
/*    501 */ #479=CARTESIAN_POINT('',(0.49,-0.24,0.01));
/*    502 */ #480=DIRECTION('',(0.0,0.0,-1.0));
/*    503 */ #481=DIRECTION('',(1.0,0.0,0.0));
/*    504 */ #482=AXIS2_PLACEMENT_3D('',#479,#480,#481);
/*    505 */ #483=CIRCLE('',#482,0.01);
/*    506 */ #484=EDGE_CURVE('',#308,#170,#483,.T.);
/*    507 */ #485=ORIENTED_EDGE('',*,*,#484,.T.);
/*    508 */ #486=ORIENTED_EDGE('',*,*,#176,.T.);
/*    509 */ #487=ORIENTED_EDGE('',*,*,#469,.T.);
/*    510 */ #488=EDGE_LOOP('',(#485,#486,#487));
/*    511 */ #489=FACE_BOUND('',#488,.T.);
/*    512 */ #490=ADVANCED_FACE('',(#489),#478,.T.);
/*    513 */ #491=CARTESIAN_POINT('',(0.49,-0.24,0.80626));
/*    514 */ #492=DIRECTION('',(0.0,0.0,-1.0));
/*    515 */ #493=DIRECTION('',(1.0,0.0,0.0));
/*    516 */ #494=AXIS2_PLACEMENT_3D('',#491,#492,#493);
/*    517 */ #495=CYLINDRICAL_SURFACE('',#494,0.01);
/*    518 */ #496=ORIENTED_EDGE('',*,*,#319,.F.);
/*    519 */ #497=CARTESIAN_POINT('',(0.49,-0.24,0.34));
/*    520 */ #498=DIRECTION('',(0.0,0.0,1.0));
/*    521 */ #499=DIRECTION('',(0.0,-1.0,0.0));
/*    522 */ #500=AXIS2_PLACEMENT_3D('',#497,#498,#499);
/*    523 */ #501=CIRCLE('',#500,0.01);
/*    524 */ #502=EDGE_CURVE('',#195,#266,#501,.T.);
/*    525 */ #503=ORIENTED_EDGE('',*,*,#502,.F.);
/*    526 */ #504=ORIENTED_EDGE('',*,*,#206,.T.);
/*    527 */ #505=ORIENTED_EDGE('',*,*,#484,.F.);
/*    528 */ #506=EDGE_LOOP('',(#496,#503,#504,#505));
/*    529 */ #507=FACE_BOUND('',#506,.T.);
/*    530 */ #508=ADVANCED_FACE('',(#507),#495,.T.);
/*    531 */ #509=CARTESIAN_POINT('',(0.49,-0.24,0.34));
/*    532 */ #510=DIRECTION('',(0.707106781186548,0.0,-0.707106781186548));
/*    533 */ #511=DIRECTION('',(0.707106781186548,0.0,0.707106781186548));
/*    534 */ #512=AXIS2_PLACEMENT_3D('',#509,#510,#511);
/*    535 */ #513=SPHERICAL_SURFACE('',#512,0.01);
/*    536 */ #514=ORIENTED_EDGE('',*,*,#225,.T.);
/*    537 */ #515=ORIENTED_EDGE('',*,*,#502,.T.);
/*    538 */ #516=ORIENTED_EDGE('',*,*,#288,.T.);
/*    539 */ #517=EDGE_LOOP('',(#514,#515,#516));
/*    540 */ #518=FACE_BOUND('',#517,.T.);
/*    541 */ #519=ADVANCED_FACE('',(#518),#513,.T.);
/*    542 */ #520=CARTESIAN_POINT('',(0.49,0.24,0.01));
/*    543 */ #521=DIRECTION('',(-0.707106781186548,0.707106781186548,0.0));
/*    544 */ #522=DIRECTION('',(0.707106781186548,0.707106781186548,0.0));
/*    545 */ #523=AXIS2_PLACEMENT_3D('',#520,#521,#522);
/*    546 */ #524=SPHERICAL_SURFACE('',#523,0.01);
/*    547 */ #525=ORIENTED_EDGE('',*,*,#461,.T.);
/*    548 */ #526=ORIENTED_EDGE('',*,*,#422,.T.);
/*    549 */ #527=ORIENTED_EDGE('',*,*,#352,.T.);
/*    550 */ #528=EDGE_LOOP('',(#525,#526,#527));
/*    551 */ #529=FACE_BOUND('',#528,.T.);
/*    552 */ #530=ADVANCED_FACE('',(#529),#524,.T.);
/*    553 */ #531=CARTESIAN_POINT('',(-0.25,-0.24,0.01));
/*    554 */ #532=DIRECTION('',(0.0,-1.0,0.0));
/*    555 */ #533=DIRECTION('',(1.0,0.0,0.0));
/*    556 */ #534=AXIS2_PLACEMENT_3D('',#531,#532,#533);
/*    557 */ #535=PLANE('',#534);
/*    558 */ #536=ORIENTED_EDGE('',*,*,#136,.F.);
/*    559 */ #537=ORIENTED_EDGE('',*,*,#49,.F.);
/*    560 */ #538=CARTESIAN_POINT('',(-0.25,-0.24,0.34));
/*    561 */ #539=VERTEX_POINT('',#538);
/*    562 */ #540=CARTESIAN_POINT('',(-0.25,-0.24,0.01));
/*    563 */ #541=DIRECTION('',(0.0,0.0,1.0));
/*    564 */ #542=VECTOR('',#541,1.0);
/*    565 */ #543=LINE('',#540,#542);
/*    566 */ #544=EDGE_CURVE('',#38,#539,#543,.T.);
/*    567 */ #545=ORIENTED_EDGE('',*,*,#544,.T.);
/*    568 */ #546=CARTESIAN_POINT('',(-0.25,-0.24,0.34));
/*    569 */ #547=DIRECTION('',(1.0,0.0,0.0));
/*    570 */ #548=VECTOR('',#547,1.0);
/*    571 */ #549=LINE('',#546,#548);
/*    572 */ #550=EDGE_CURVE('',#539,#131,#549,.T.);
/*    573 */ #551=ORIENTED_EDGE('',*,*,#550,.T.);
/*    574 */ #552=EDGE_LOOP('',(#536,#537,#545,#551));
/*    575 */ #553=FACE_BOUND('',#552,.F.);
/*    576 */ #554=ADVANCED_FACE('',(#553),#535,.T.);
/*    577 */ #555=CARTESIAN_POINT('',(-0.25,-0.25,0.0));
/*    578 */ #556=DIRECTION('',(1.0,0.0,0.0));
/*    579 */ #557=DIRECTION('',(-0.0,1.0,0.0));
/*    580 */ #558=AXIS2_PLACEMENT_3D('',#555,#556,#557);
/*    581 */ #559=PLANE('',#558);
/*    582 */ #560=CARTESIAN_POINT('',(-0.25,0.24,0.0));
/*    583 */ #561=VERTEX_POINT('',#560);
/*    584 */ #562=CARTESIAN_POINT('',(-0.25,0.25,0.01));
/*    585 */ #563=VERTEX_POINT('',#562);
/*    586 */ #564=CARTESIAN_POINT('',(-0.25,0.24,0.01));
/*    587 */ #565=DIRECTION('',(1.0,0.0,0.0));
/*    588 */ #566=DIRECTION('',(0.0,0.0,-1.0));
/*    589 */ #567=AXIS2_PLACEMENT_3D('',#564,#565,#566);
/*    590 */ #568=CIRCLE('',#567,0.01);
/*    591 */ #569=EDGE_CURVE('',#561,#563,#568,.T.);
/*    592 */ #570=ORIENTED_EDGE('',*,*,#569,.F.);
/*    593 */ #571=CARTESIAN_POINT('',(-0.25,-0.24,0.0));
/*    594 */ #572=VERTEX_POINT('',#571);
/*    595 */ #573=CARTESIAN_POINT('',(-0.25,-0.24,0.0));
/*    596 */ #574=DIRECTION('',(0.0,1.0,0.0));
/*    597 */ #575=VECTOR('',#574,1.0);
/*    598 */ #576=LINE('',#573,#575);
/*    599 */ #577=EDGE_CURVE('',#572,#561,#576,.T.);
/*    600 */ #578=ORIENTED_EDGE('',*,*,#577,.F.);
/*    601 */ #579=CARTESIAN_POINT('',(-0.25,-0.25,0.01));
/*    602 */ #580=VERTEX_POINT('',#579);
/*    603 */ #581=CARTESIAN_POINT('',(-0.25,-0.24,0.01));
/*    604 */ #582=DIRECTION('',(1.0,0.0,0.0));
/*    605 */ #583=DIRECTION('',(0.0,-1.0,0.0));
/*    606 */ #584=AXIS2_PLACEMENT_3D('',#581,#582,#583);
/*    607 */ #585=CIRCLE('',#584,0.01);
/*    608 */ #586=EDGE_CURVE('',#580,#572,#585,.T.);
/*    609 */ #587=ORIENTED_EDGE('',*,*,#586,.F.);
/*    610 */ #588=CARTESIAN_POINT('',(-0.25,-0.25,0.34));
/*    611 */ #589=VERTEX_POINT('',#588);
/*    612 */ #590=CARTESIAN_POINT('',(-0.25,-0.25,0.01));
/*    613 */ #591=DIRECTION('',(0.0,0.0,1.0));
/*    614 */ #592=VECTOR('',#591,1.0);
/*    615 */ #593=LINE('',#590,#592);
/*    616 */ #594=EDGE_CURVE('',#580,#589,#593,.T.);
/*    617 */ #595=ORIENTED_EDGE('',*,*,#594,.T.);
/*    618 */ #596=CARTESIAN_POINT('',(-0.25,-0.24,0.35));
/*    619 */ #597=VERTEX_POINT('',#596);
/*    620 */ #598=CARTESIAN_POINT('',(-0.25,-0.24,0.34));
/*    621 */ #599=DIRECTION('',(1.0,0.0,-0.0));
/*    622 */ #600=DIRECTION('',(0.0,0.0,1.0));
/*    623 */ #601=AXIS2_PLACEMENT_3D('',#598,#599,#600);
/*    624 */ #602=CIRCLE('',#601,0.01);
/*    625 */ #603=EDGE_CURVE('',#597,#589,#602,.T.);
/*    626 */ #604=ORIENTED_EDGE('',*,*,#603,.F.);
/*    627 */ #605=CARTESIAN_POINT('',(-0.25,0.24,0.35));
/*    628 */ #606=VERTEX_POINT('',#605);
/*    629 */ #607=CARTESIAN_POINT('',(-0.25,-0.24,0.35));
/*    630 */ #608=DIRECTION('',(0.0,1.0,0.0));
/*    631 */ #609=VECTOR('',#608,1.0);
/*    632 */ #610=LINE('',#607,#609);
/*    633 */ #611=EDGE_CURVE('',#597,#606,#610,.T.);
/*    634 */ #612=ORIENTED_EDGE('',*,*,#611,.T.);
/*    635 */ #613=CARTESIAN_POINT('',(-0.25,0.25,0.34));
/*    636 */ #614=VERTEX_POINT('',#613);
/*    637 */ #615=CARTESIAN_POINT('',(-0.25,0.24,0.34));
/*    638 */ #616=DIRECTION('',(1.0,0.0,0.0));
/*    639 */ #617=DIRECTION('',(-0.0,1.0,0.0));
/*    640 */ #618=AXIS2_PLACEMENT_3D('',#615,#616,#617);
/*    641 */ #619=CIRCLE('',#618,0.01);
/*    642 */ #620=EDGE_CURVE('',#614,#606,#619,.T.);
/*    643 */ #621=ORIENTED_EDGE('',*,*,#620,.F.);
/*    644 */ #622=CARTESIAN_POINT('',(-0.25,0.25,0.01));
/*    645 */ #623=DIRECTION('',(0.0,0.0,1.0));
/*    646 */ #624=VECTOR('',#623,1.0);
/*    647 */ #625=LINE('',#622,#624);
/*    648 */ #626=EDGE_CURVE('',#563,#614,#625,.T.);
/*    649 */ #627=ORIENTED_EDGE('',*,*,#626,.F.);
/*    650 */ #628=EDGE_LOOP('',(#570,#578,#587,#595,#604,#612,#621,#627));
/*    651 */ #629=FACE_BOUND('',#628,.F.);
/*    652 */ #630=ORIENTED_EDGE('',*,*,#43,.T.);
/*    653 */ #631=CARTESIAN_POINT('',(-0.25,0.24,0.34));
/*    654 */ #632=VERTEX_POINT('',#631);
/*    655 */ #633=CARTESIAN_POINT('',(-0.25,0.24,0.01));
/*    656 */ #634=DIRECTION('',(0.0,0.0,1.0));
/*    657 */ #635=VECTOR('',#634,1.0);
/*    658 */ #636=LINE('',#633,#635);
/*    659 */ #637=EDGE_CURVE('',#30,#632,#636,.T.);
/*    660 */ #638=ORIENTED_EDGE('',*,*,#637,.T.);
/*    661 */ #639=CARTESIAN_POINT('',(-0.25,-0.24,0.34));
/*    662 */ #640=DIRECTION('',(0.0,1.0,0.0));
/*    663 */ #641=VECTOR('',#640,1.0);
/*    664 */ #642=LINE('',#639,#641);
/*    665 */ #643=EDGE_CURVE('',#539,#632,#642,.T.);
/*    666 */ #644=ORIENTED_EDGE('',*,*,#643,.F.);
/*    667 */ #645=ORIENTED_EDGE('',*,*,#544,.F.);
/*    668 */ #646=EDGE_LOOP('',(#630,#638,#644,#645));
/*    669 */ #647=FACE_BOUND('',#646,.F.);
/*    670 */ #648=ADVANCED_FACE('',(#629,#647),#559,.T.);
/*    671 */ #649=CARTESIAN_POINT('',(-0.8259,0.24,0.01));
/*    672 */ #650=DIRECTION('',(1.0,0.0,0.0));
/*    673 */ #651=DIRECTION('',(0.0,0.0,-1.0));
/*    674 */ #652=AXIS2_PLACEMENT_3D('',#649,#650,#651);
/*    675 */ #653=CYLINDRICAL_SURFACE('',#652,0.01);
/*    676 */ #654=ORIENTED_EDGE('',*,*,#569,.F.);
/*    677 */ #655=CARTESIAN_POINT('',(-0.49,0.24,0.0));
/*    678 */ #656=VERTEX_POINT('',#655);
/*    679 */ #657=CARTESIAN_POINT('',(-0.49,0.24,0.0));
/*    680 */ #658=DIRECTION('',(1.0,0.0,0.0));
/*    681 */ #659=VECTOR('',#658,1.0);
/*    682 */ #660=LINE('',#657,#659);
/*    683 */ #661=EDGE_CURVE('',#656,#561,#660,.T.);
/*    684 */ #662=ORIENTED_EDGE('',*,*,#661,.F.);
/*    685 */ #663=CARTESIAN_POINT('',(-0.49,0.25,0.01));
/*    686 */ #664=VERTEX_POINT('',#663);
/*    687 */ #665=CARTESIAN_POINT('',(-0.49,0.24,0.01));
/*    688 */ #666=DIRECTION('',(-1.0,0.0,0.0));
/*    689 */ #667=DIRECTION('',(0.0,1.0,0.0));
/*    690 */ #668=AXIS2_PLACEMENT_3D('',#665,#666,#667);
/*    691 */ #669=CIRCLE('',#668,0.01);
/*    692 */ #670=EDGE_CURVE('',#664,#656,#669,.T.);
/*    693 */ #671=ORIENTED_EDGE('',*,*,#670,.F.);
/*    694 */ #672=CARTESIAN_POINT('',(-0.49,0.25,0.01));
/*    695 */ #673=DIRECTION('',(1.0,0.0,0.0));
/*    696 */ #674=VECTOR('',#673,1.0);
/*    697 */ #675=LINE('',#672,#674);
/*    698 */ #676=EDGE_CURVE('',#664,#563,#675,.T.);
/*    699 */ #677=ORIENTED_EDGE('',*,*,#676,.T.);
/*    700 */ #678=EDGE_LOOP('',(#654,#662,#671,#677));
/*    701 */ #679=FACE_BOUND('',#678,.T.);
/*    702 */ #680=ADVANCED_FACE('',(#679),#653,.T.);
/*    703 */ #681=CARTESIAN_POINT('',(-0.25,0.25,0.0));
/*    704 */ #682=DIRECTION('',(0.0,1.0,0.0));
/*    705 */ #683=DIRECTION('',(-1.0,0.0,0.0));
/*    706 */ #684=AXIS2_PLACEMENT_3D('',#681,#682,#683);
/*    707 */ #685=PLANE('',#684);
/*    708 */ #686=ORIENTED_EDGE('',*,*,#676,.T.);
/*    709 */ #687=ORIENTED_EDGE('',*,*,#626,.T.);
/*    710 */ #688=CARTESIAN_POINT('',(-0.49,0.25,0.34));
/*    711 */ #689=VERTEX_POINT('',#688);
/*    712 */ #690=CARTESIAN_POINT('',(-0.25,0.25,0.34));
/*    713 */ #691=DIRECTION('',(-1.0,0.0,0.0));
/*    714 */ #692=VECTOR('',#691,1.0);
/*    715 */ #693=LINE('',#690,#692);
/*    716 */ #694=EDGE_CURVE('',#614,#689,#693,.T.);
/*    717 */ #695=ORIENTED_EDGE('',*,*,#694,.T.);
/*    718 */ #696=CARTESIAN_POINT('',(-0.49,0.25,0.34));
/*    719 */ #697=DIRECTION('',(0.0,0.0,-1.0));
/*    720 */ #698=VECTOR('',#697,1.0);
/*    721 */ #699=LINE('',#696,#698);
/*    722 */ #700=EDGE_CURVE('',#689,#664,#699,.T.);
/*    723 */ #701=ORIENTED_EDGE('',*,*,#700,.T.);
/*    724 */ #702=EDGE_LOOP('',(#686,#687,#695,#701));
/*    725 */ #703=FACE_BOUND('',#702,.F.);
/*    726 */ #704=ADVANCED_FACE('',(#703),#685,.T.);
/*    727 */ #705=CARTESIAN_POINT('',(0.0759,0.24,0.34));
/*    728 */ #706=DIRECTION('',(-1.0,0.0,0.0));
/*    729 */ #707=DIRECTION('',(0.0,0.0,1.0));
/*    730 */ #708=AXIS2_PLACEMENT_3D('',#705,#706,#707);
/*    731 */ #709=CYLINDRICAL_SURFACE('',#708,0.01);
/*    732 */ #710=ORIENTED_EDGE('',*,*,#620,.F.);
/*    733 */ #711=ORIENTED_EDGE('',*,*,#694,.T.);
/*    734 */ #712=CARTESIAN_POINT('',(-0.49,0.24,0.35));
/*    735 */ #713=VERTEX_POINT('',#712);
/*    736 */ #714=CARTESIAN_POINT('',(-0.49,0.24,0.34));
/*    737 */ #715=DIRECTION('',(-1.0,0.0,0.0));
/*    738 */ #716=DIRECTION('',(0.0,0.0,1.0));
/*    739 */ #717=AXIS2_PLACEMENT_3D('',#714,#715,#716);
/*    740 */ #718=CIRCLE('',#717,0.01);
/*    741 */ #719=EDGE_CURVE('',#713,#689,#718,.T.);
/*    742 */ #720=ORIENTED_EDGE('',*,*,#719,.F.);
/*    743 */ #721=CARTESIAN_POINT('',(-0.25,0.24,0.35));
/*    744 */ #722=DIRECTION('',(-1.0,0.0,0.0));
/*    745 */ #723=VECTOR('',#722,1.0);
/*    746 */ #724=LINE('',#721,#723);
/*    747 */ #725=EDGE_CURVE('',#606,#713,#724,.T.);
/*    748 */ #726=ORIENTED_EDGE('',*,*,#725,.F.);
/*    749 */ #727=EDGE_LOOP('',(#710,#711,#720,#726));
/*    750 */ #728=FACE_BOUND('',#727,.T.);
/*    751 */ #729=ADVANCED_FACE('',(#728),#709,.T.);
/*    752 */ #730=CARTESIAN_POINT('',(-0.25,0.0,0.35));
/*    753 */ #731=DIRECTION('',(0.0,0.0,1.0));
/*    754 */ #732=DIRECTION('',(-1.0,0.0,0.0));
/*    755 */ #733=AXIS2_PLACEMENT_3D('',#730,#731,#732);
/*    756 */ #734=PLANE('',#733);
/*    757 */ #735=CARTESIAN_POINT('',(-0.49,-0.24,0.35));
/*    758 */ #736=VERTEX_POINT('',#735);
/*    759 */ #737=CARTESIAN_POINT('',(-0.49,0.24,0.35));
/*    760 */ #738=DIRECTION('',(0.0,-1.0,0.0));
/*    761 */ #739=VECTOR('',#738,1.0);
/*    762 */ #740=LINE('',#737,#739);
/*    763 */ #741=EDGE_CURVE('',#713,#736,#740,.T.);
/*    764 */ #742=ORIENTED_EDGE('',*,*,#741,.F.);
/*    765 */ #743=ORIENTED_EDGE('',*,*,#725,.F.);
/*    766 */ #744=ORIENTED_EDGE('',*,*,#611,.F.);
/*    767 */ #745=CARTESIAN_POINT('',(-0.49,-0.24,0.35));
/*    768 */ #746=DIRECTION('',(1.0,0.0,0.0));
/*    769 */ #747=VECTOR('',#746,1.0);
/*    770 */ #748=LINE('',#745,#747);
/*    771 */ #749=EDGE_CURVE('',#736,#597,#748,.T.);
/*    772 */ #750=ORIENTED_EDGE('',*,*,#749,.F.);
/*    773 */ #751=EDGE_LOOP('',(#742,#743,#744,#750));
/*    774 */ #752=FACE_BOUND('',#751,.F.);
/*    775 */ #753=ADVANCED_FACE('',(#752),#734,.T.);
/*    776 */ #754=CARTESIAN_POINT('',(-0.49,0.9018,0.34));
/*    777 */ #755=DIRECTION('',(0.0,-1.0,0.0));
/*    778 */ #756=DIRECTION('',(0.0,0.0,1.0));
/*    779 */ #757=AXIS2_PLACEMENT_3D('',#754,#755,#756);
/*    780 */ #758=CYLINDRICAL_SURFACE('',#757,0.01);
/*    781 */ #759=CARTESIAN_POINT('',(-0.5,0.24,0.34));
/*    782 */ #760=VERTEX_POINT('',#759);
/*    783 */ #761=CARTESIAN_POINT('',(-0.5,-0.24,0.34));
/*    784 */ #762=VERTEX_POINT('',#761);
/*    785 */ #763=CARTESIAN_POINT('',(-0.5,0.24,0.34));
/*    786 */ #764=DIRECTION('',(0.0,-1.0,0.0));
/*    787 */ #765=VECTOR('',#764,1.0);
/*    788 */ #766=LINE('',#763,#765);
/*    789 */ #767=EDGE_CURVE('',#760,#762,#766,.T.);
/*    790 */ #768=ORIENTED_EDGE('',*,*,#767,.T.);
/*    791 */ #769=CARTESIAN_POINT('',(-0.49,-0.24,0.34));
/*    792 */ #770=DIRECTION('',(0.0,-1.0,0.0));
/*    793 */ #771=DIRECTION('',(0.0,0.0,1.0));
/*    794 */ #772=AXIS2_PLACEMENT_3D('',#769,#770,#771);
/*    795 */ #773=CIRCLE('',#772,0.01);
/*    796 */ #774=EDGE_CURVE('',#736,#762,#773,.T.);
/*    797 */ #775=ORIENTED_EDGE('',*,*,#774,.F.);
/*    798 */ #776=ORIENTED_EDGE('',*,*,#741,.F.);
/*    799 */ #777=CARTESIAN_POINT('',(-0.49,0.24,0.34));
/*    800 */ #778=DIRECTION('',(0.0,1.0,0.0));
/*    801 */ #779=DIRECTION('',(-1.0,0.0,0.0));
/*    802 */ #780=AXIS2_PLACEMENT_3D('',#777,#778,#779);
/*    803 */ #781=CIRCLE('',#780,0.01);
/*    804 */ #782=EDGE_CURVE('',#760,#713,#781,.T.);
/*    805 */ #783=ORIENTED_EDGE('',*,*,#782,.F.);
/*    806 */ #784=EDGE_LOOP('',(#768,#775,#776,#783));
/*    807 */ #785=FACE_BOUND('',#784,.T.);
/*    808 */ #786=ADVANCED_FACE('',(#785),#758,.T.);
/*    809 */ #787=CARTESIAN_POINT('',(-0.5,0.25,0.0));
/*    810 */ #788=DIRECTION('',(-1.0,0.0,0.0));
/*    811 */ #789=DIRECTION('',(0.0,-1.0,0.0));
/*    812 */ #790=AXIS2_PLACEMENT_3D('',#787,#788,#789);
/*    813 */ #791=PLANE('',#790);
/*    814 */ #792=ORIENTED_EDGE('',*,*,#767,.T.);
/*    815 */ #793=CARTESIAN_POINT('',(-0.5,-0.24,0.01));
/*    816 */ #794=VERTEX_POINT('',#793);
/*    817 */ #795=CARTESIAN_POINT('',(-0.5,-0.24,0.34));
/*    818 */ #796=DIRECTION('',(0.0,0.0,-1.0));
/*    819 */ #797=VECTOR('',#796,1.0);
/*    820 */ #798=LINE('',#795,#797);
/*    821 */ #799=EDGE_CURVE('',#762,#794,#798,.T.);
/*    822 */ #800=ORIENTED_EDGE('',*,*,#799,.T.);
/*    823 */ #801=CARTESIAN_POINT('',(-0.5,0.24,0.01));
/*    824 */ #802=VERTEX_POINT('',#801);
/*    825 */ #803=CARTESIAN_POINT('',(-0.5,-0.24,0.01));
/*    826 */ #804=DIRECTION('',(0.0,1.0,0.0));
/*    827 */ #805=VECTOR('',#804,1.0);
/*    828 */ #806=LINE('',#803,#805);
/*    829 */ #807=EDGE_CURVE('',#794,#802,#806,.T.);
/*    830 */ #808=ORIENTED_EDGE('',*,*,#807,.T.);
/*    831 */ #809=CARTESIAN_POINT('',(-0.5,0.24,0.34));
/*    832 */ #810=DIRECTION('',(0.0,0.0,-1.0));
/*    833 */ #811=VECTOR('',#810,1.0);
/*    834 */ #812=LINE('',#809,#811);
/*    835 */ #813=EDGE_CURVE('',#760,#802,#812,.T.);
/*    836 */ #814=ORIENTED_EDGE('',*,*,#813,.F.);
/*    837 */ #815=EDGE_LOOP('',(#792,#800,#808,#814));
/*    838 */ #816=FACE_BOUND('',#815,.F.);
/*    839 */ #817=ADVANCED_FACE('',(#816),#791,.T.);
/*    840 */ #818=CARTESIAN_POINT('',(-0.49,-0.24,0.80626));
/*    841 */ #819=DIRECTION('',(0.0,0.0,-1.0));
/*    842 */ #820=DIRECTION('',(0.0,-1.0,0.0));
/*    843 */ #821=AXIS2_PLACEMENT_3D('',#818,#819,#820);
/*    844 */ #822=CYLINDRICAL_SURFACE('',#821,0.01);
/*    845 */ #823=CARTESIAN_POINT('',(-0.49,-0.25,0.34));
/*    846 */ #824=VERTEX_POINT('',#823);
/*    847 */ #825=CARTESIAN_POINT('',(-0.49,-0.25,0.01));
/*    848 */ #826=VERTEX_POINT('',#825);
/*    849 */ #827=CARTESIAN_POINT('',(-0.49,-0.25,0.34));
/*    850 */ #828=DIRECTION('',(0.0,0.0,-1.0));
/*    851 */ #829=VECTOR('',#828,1.0);
/*    852 */ #830=LINE('',#827,#829);
/*    853 */ #831=EDGE_CURVE('',#824,#826,#830,.T.);
/*    854 */ #832=ORIENTED_EDGE('',*,*,#831,.F.);
/*    855 */ #833=CARTESIAN_POINT('',(-0.49,-0.24,0.34));
/*    856 */ #834=DIRECTION('',(0.0,0.0,1.0));
/*    857 */ #835=DIRECTION('',(-1.0,0.0,0.0));
/*    858 */ #836=AXIS2_PLACEMENT_3D('',#833,#834,#835);
/*    859 */ #837=CIRCLE('',#836,0.01);
/*    860 */ #838=EDGE_CURVE('',#762,#824,#837,.T.);
/*    861 */ #839=ORIENTED_EDGE('',*,*,#838,.F.);
/*    862 */ #840=ORIENTED_EDGE('',*,*,#799,.T.);
/*    863 */ #841=CARTESIAN_POINT('',(-0.49,-0.24,0.01));
/*    864 */ #842=DIRECTION('',(0.0,0.0,-1.0));
/*    865 */ #843=DIRECTION('',(0.0,-1.0,0.0));
/*    866 */ #844=AXIS2_PLACEMENT_3D('',#841,#842,#843);
/*    867 */ #845=CIRCLE('',#844,0.01);
/*    868 */ #846=EDGE_CURVE('',#826,#794,#845,.T.);
/*    869 */ #847=ORIENTED_EDGE('',*,*,#846,.F.);
/*    870 */ #848=EDGE_LOOP('',(#832,#839,#840,#847));
/*    871 */ #849=FACE_BOUND('',#848,.T.);
/*    872 */ #850=ADVANCED_FACE('',(#849),#822,.T.);
/*    873 */ #851=CARTESIAN_POINT('',(-0.5,-0.25,0.0));
/*    874 */ #852=DIRECTION('',(0.0,-1.0,0.0));
/*    875 */ #853=DIRECTION('',(1.0,0.0,0.0));
/*    876 */ #854=AXIS2_PLACEMENT_3D('',#851,#852,#853);
/*    877 */ #855=PLANE('',#854);
/*    878 */ #856=CARTESIAN_POINT('',(-0.49,-0.25,0.34));
/*    879 */ #857=DIRECTION('',(1.0,0.0,0.0));
/*    880 */ #858=VECTOR('',#857,1.0);
/*    881 */ #859=LINE('',#856,#858);
/*    882 */ #860=EDGE_CURVE('',#824,#589,#859,.T.);
/*    883 */ #861=ORIENTED_EDGE('',*,*,#860,.T.);
/*    884 */ #862=ORIENTED_EDGE('',*,*,#594,.F.);
/*    885 */ #863=CARTESIAN_POINT('',(-0.25,-0.25,0.01));
/*    886 */ #864=DIRECTION('',(-1.0,0.0,0.0));
/*    887 */ #865=VECTOR('',#864,1.0);
/*    888 */ #866=LINE('',#863,#865);
/*    889 */ #867=EDGE_CURVE('',#580,#826,#866,.T.);
/*    890 */ #868=ORIENTED_EDGE('',*,*,#867,.T.);
/*    891 */ #869=ORIENTED_EDGE('',*,*,#831,.F.);
/*    892 */ #870=EDGE_LOOP('',(#861,#862,#868,#869));
/*    893 */ #871=FACE_BOUND('',#870,.F.);
/*    894 */ #872=ADVANCED_FACE('',(#871),#855,.T.);
/*    895 */ #873=CARTESIAN_POINT('',(-0.8259,-0.24,0.34));
/*    896 */ #874=DIRECTION('',(1.0,0.0,0.0));
/*    897 */ #875=DIRECTION('',(0.0,0.0,1.0));
/*    898 */ #876=AXIS2_PLACEMENT_3D('',#873,#874,#875);
/*    899 */ #877=CYLINDRICAL_SURFACE('',#876,0.01);
/*    900 */ #878=ORIENTED_EDGE('',*,*,#603,.F.);
/*    901 */ #879=ORIENTED_EDGE('',*,*,#749,.F.);
/*    902 */ #880=CARTESIAN_POINT('',(-0.49,-0.24,0.34));
/*    903 */ #881=DIRECTION('',(-1.0,0.0,0.0));
/*    904 */ #882=DIRECTION('',(0.0,-1.0,0.0));
/*    905 */ #883=AXIS2_PLACEMENT_3D('',#880,#881,#882);
/*    906 */ #884=CIRCLE('',#883,0.01);
/*    907 */ #885=EDGE_CURVE('',#824,#736,#884,.T.);
/*    908 */ #886=ORIENTED_EDGE('',*,*,#885,.F.);
/*    909 */ #887=ORIENTED_EDGE('',*,*,#860,.T.);
/*    910 */ #888=EDGE_LOOP('',(#878,#879,#886,#887));
/*    911 */ #889=FACE_BOUND('',#888,.T.);
/*    912 */ #890=ADVANCED_FACE('',(#889),#877,.T.);
/*    913 */ #891=CARTESIAN_POINT('',(-0.49,-0.24,0.34));
/*    914 */ #892=DIRECTION('',(0.0,-0.707106781186548,-0.707106781186548));
/*    915 */ #893=DIRECTION('',(0.0,-0.707106781186548,0.707106781186548));
/*    916 */ #894=AXIS2_PLACEMENT_3D('',#891,#892,#893);
/*    917 */ #895=SPHERICAL_SURFACE('',#894,0.01);
/*    918 */ #896=ORIENTED_EDGE('',*,*,#838,.T.);
/*    919 */ #897=ORIENTED_EDGE('',*,*,#885,.T.);
/*    920 */ #898=ORIENTED_EDGE('',*,*,#774,.T.);
/*    921 */ #899=EDGE_LOOP('',(#896,#897,#898));
/*    922 */ #900=FACE_BOUND('',#899,.T.);
/*    923 */ #901=ADVANCED_FACE('',(#900),#895,.T.);
/*    924 */ #902=CARTESIAN_POINT('',(0.0759,-0.24,0.01));
/*    925 */ #903=DIRECTION('',(-1.0,0.0,0.0));
/*    926 */ #904=DIRECTION('',(0.0,0.0,-1.0));
/*    927 */ #905=AXIS2_PLACEMENT_3D('',#902,#903,#904);
/*    928 */ #906=CYLINDRICAL_SURFACE('',#905,0.01);
/*    929 */ #907=ORIENTED_EDGE('',*,*,#586,.F.);
/*    930 */ #908=ORIENTED_EDGE('',*,*,#867,.T.);
/*    931 */ #909=CARTESIAN_POINT('',(-0.49,-0.24,0.0));
/*    932 */ #910=VERTEX_POINT('',#909);
/*    933 */ #911=CARTESIAN_POINT('',(-0.49,-0.24,0.01));
/*    934 */ #912=DIRECTION('',(-1.0,0.0,0.0));
/*    935 */ #913=DIRECTION('',(0.0,0.0,-1.0));
/*    936 */ #914=AXIS2_PLACEMENT_3D('',#911,#912,#913);
/*    937 */ #915=CIRCLE('',#914,0.01);
/*    938 */ #916=EDGE_CURVE('',#910,#826,#915,.T.);
/*    939 */ #917=ORIENTED_EDGE('',*,*,#916,.F.);
/*    940 */ #918=CARTESIAN_POINT('',(-0.25,-0.24,0.0));
/*    941 */ #919=DIRECTION('',(-1.0,0.0,0.0));
/*    942 */ #920=VECTOR('',#919,1.0);
/*    943 */ #921=LINE('',#918,#920);
/*    944 */ #922=EDGE_CURVE('',#572,#910,#921,.T.);
/*    945 */ #923=ORIENTED_EDGE('',*,*,#922,.F.);
/*    946 */ #924=EDGE_LOOP('',(#907,#908,#917,#923));
/*    947 */ #925=FACE_BOUND('',#924,.T.);
/*    948 */ #926=ADVANCED_FACE('',(#925),#906,.T.);
/*    949 */ #927=CARTESIAN_POINT('',(-0.25,0.0,0.0));
/*    950 */ #928=DIRECTION('',(0.0,0.0,1.0));
/*    951 */ #929=DIRECTION('',(-1.0,0.0,0.0));
/*    952 */ #930=AXIS2_PLACEMENT_3D('',#927,#928,#929);
/*    953 */ #931=PLANE('',#930);
/*    954 */ #932=ORIENTED_EDGE('',*,*,#661,.F.);
/*    955 */ #933=CARTESIAN_POINT('',(-0.49,-0.24,0.0));
/*    956 */ #934=DIRECTION('',(0.0,1.0,0.0));
/*    957 */ #935=VECTOR('',#934,1.0);
/*    958 */ #936=LINE('',#933,#935);
/*    959 */ #937=EDGE_CURVE('',#910,#656,#936,.T.);
/*    960 */ #938=ORIENTED_EDGE('',*,*,#937,.F.);
/*    961 */ #939=ORIENTED_EDGE('',*,*,#922,.F.);
/*    962 */ #940=ORIENTED_EDGE('',*,*,#577,.T.);
/*    963 */ #941=EDGE_LOOP('',(#932,#938,#939,#940));
/*    964 */ #942=FACE_BOUND('',#941,.F.);
/*    965 */ #943=ADVANCED_FACE('',(#942),#931,.F.);
/*    966 */ #944=CARTESIAN_POINT('',(-0.49,-0.9018,0.01));
/*    967 */ #945=DIRECTION('',(0.0,1.0,0.0));
/*    968 */ #946=DIRECTION('',(0.0,0.0,-1.0));
/*    969 */ #947=AXIS2_PLACEMENT_3D('',#944,#945,#946);
/*    970 */ #948=CYLINDRICAL_SURFACE('',#947,0.01);
/*    971 */ #949=ORIENTED_EDGE('',*,*,#937,.F.);
/*    972 */ #950=CARTESIAN_POINT('',(-0.49,-0.24,0.01));
/*    973 */ #951=DIRECTION('',(0.0,-1.0,0.0));
/*    974 */ #952=DIRECTION('',(-1.0,0.0,0.0));
/*    975 */ #953=AXIS2_PLACEMENT_3D('',#950,#951,#952);
/*    976 */ #954=CIRCLE('',#953,0.01);
/*    977 */ #955=EDGE_CURVE('',#794,#910,#954,.T.);
/*    978 */ #956=ORIENTED_EDGE('',*,*,#955,.F.);
/*    979 */ #957=ORIENTED_EDGE('',*,*,#807,.T.);
/*    980 */ #958=CARTESIAN_POINT('',(-0.49,0.24,0.01));
/*    981 */ #959=DIRECTION('',(0.0,1.0,0.0));
/*    982 */ #960=DIRECTION('',(0.0,0.0,-1.0));
/*    983 */ #961=AXIS2_PLACEMENT_3D('',#958,#959,#960);
/*    984 */ #962=CIRCLE('',#961,0.01);
/*    985 */ #963=EDGE_CURVE('',#656,#802,#962,.T.);
/*    986 */ #964=ORIENTED_EDGE('',*,*,#963,.F.);
/*    987 */ #965=EDGE_LOOP('',(#949,#956,#957,#964));
/*    988 */ #966=FACE_BOUND('',#965,.T.);
/*    989 */ #967=ADVANCED_FACE('',(#966),#948,.T.);
/*    990 */ #968=CARTESIAN_POINT('',(-0.49,0.24,0.01));
/*    991 */ #969=DIRECTION('',(-0.707106781186548,-0.707106781186548,0.0));
/*    992 */ #970=DIRECTION('',(-0.707106781186548,0.707106781186548,0.0));
/*    993 */ #971=AXIS2_PLACEMENT_3D('',#968,#969,#970);
/*    994 */ #972=SPHERICAL_SURFACE('',#971,0.01);
/*    995 */ #973=CARTESIAN_POINT('',(-0.49,0.24,0.01));
/*    996 */ #974=DIRECTION('',(0.0,0.0,-1.0));
/*    997 */ #975=DIRECTION('',(-1.0,0.0,0.0));
/*    998 */ #976=AXIS2_PLACEMENT_3D('',#973,#974,#975);
/*    999 */ #977=CIRCLE('',#976,0.01);
/*   1000 */ #978=EDGE_CURVE('',#802,#664,#977,.T.);
/*   1001 */ #979=ORIENTED_EDGE('',*,*,#978,.T.);
/*   1002 */ #980=ORIENTED_EDGE('',*,*,#670,.T.);
/*   1003 */ #981=ORIENTED_EDGE('',*,*,#963,.T.);
/*   1004 */ #982=EDGE_LOOP('',(#979,#980,#981));
/*   1005 */ #983=FACE_BOUND('',#982,.T.);
/*   1006 */ #984=ADVANCED_FACE('',(#983),#972,.T.);
/*   1007 */ #985=CARTESIAN_POINT('',(-0.49,0.24,0.80626));
/*   1008 */ #986=DIRECTION('',(0.0,0.0,-1.0));
/*   1009 */ #987=DIRECTION('',(-1.0,0.0,0.0));
/*   1010 */ #988=AXIS2_PLACEMENT_3D('',#985,#986,#987);
/*   1011 */ #989=CYLINDRICAL_SURFACE('',#988,0.01);
/*   1012 */ #990=ORIENTED_EDGE('',*,*,#813,.F.);
/*   1013 */ #991=CARTESIAN_POINT('',(-0.49,0.24,0.34));
/*   1014 */ #992=DIRECTION('',(0.0,-0.0,1.0));
/*   1015 */ #993=DIRECTION('',(0.0,1.0,0.0));
/*   1016 */ #994=AXIS2_PLACEMENT_3D('',#991,#992,#993);
/*   1017 */ #995=CIRCLE('',#994,0.01);
/*   1018 */ #996=EDGE_CURVE('',#689,#760,#995,.T.);
/*   1019 */ #997=ORIENTED_EDGE('',*,*,#996,.F.);
/*   1020 */ #998=ORIENTED_EDGE('',*,*,#700,.T.);
/*   1021 */ #999=ORIENTED_EDGE('',*,*,#978,.F.);
/*   1022 */ #1000=EDGE_LOOP('',(#990,#997,#998,#999));
/*   1023 */ #1001=FACE_BOUND('',#1000,.T.);
/*   1024 */ #1002=ADVANCED_FACE('',(#1001),#989,.T.);
/*   1025 */ #1003=CARTESIAN_POINT('',(-0.49,0.24,0.34));
/*   1026 */ #1004=DIRECTION('',(-0.707106781186548,0.0,-0.707106781186548));
/*   1027 */ #1005=DIRECTION('',(-0.707106781186548,0.0,0.707106781186548));
/*   1028 */ #1006=AXIS2_PLACEMENT_3D('',#1003,#1004,#1005);
/*   1029 */ #1007=SPHERICAL_SURFACE('',#1006,0.01);
/*   1030 */ #1008=ORIENTED_EDGE('',*,*,#719,.T.);
/*   1031 */ #1009=ORIENTED_EDGE('',*,*,#996,.T.);
/*   1032 */ #1010=ORIENTED_EDGE('',*,*,#782,.T.);
/*   1033 */ #1011=EDGE_LOOP('',(#1008,#1009,#1010));
/*   1034 */ #1012=FACE_BOUND('',#1011,.T.);
/*   1035 */ #1013=ADVANCED_FACE('',(#1012),#1007,.T.);
/*   1036 */ #1014=CARTESIAN_POINT('',(-0.49,-0.24,0.01));
/*   1037 */ #1015=DIRECTION('',(0.707106781186548,-0.707106781186548,0.0));
/*   1038 */ #1016=DIRECTION('',(-0.707106781186548,-0.707106781186548,0.0));
/*   1039 */ #1017=AXIS2_PLACEMENT_3D('',#1014,#1015,#1016);
/*   1040 */ #1018=SPHERICAL_SURFACE('',#1017,0.01);
/*   1041 */ #1019=ORIENTED_EDGE('',*,*,#955,.T.);
/*   1042 */ #1020=ORIENTED_EDGE('',*,*,#916,.T.);
/*   1043 */ #1021=ORIENTED_EDGE('',*,*,#846,.T.);
/*   1044 */ #1022=EDGE_LOOP('',(#1019,#1020,#1021));
/*   1045 */ #1023=FACE_BOUND('',#1022,.T.);
/*   1046 */ #1024=ADVANCED_FACE('',(#1023),#1018,.T.);
/*   1047 */ #1025=CARTESIAN_POINT('',(0.25,0.24,0.01));
/*   1048 */ #1026=DIRECTION('',(0.0,1.0,0.0));
/*   1049 */ #1027=DIRECTION('',(-1.0,0.0,0.0));
/*   1050 */ #1028=AXIS2_PLACEMENT_3D('',#1025,#1026,#1027);
/*   1051 */ #1029=PLANE('',#1028);
/*   1052 */ #1030=ORIENTED_EDGE('',*,*,#150,.T.);
/*   1053 */ #1031=CARTESIAN_POINT('',(0.25,0.24,0.34));
/*   1054 */ #1032=DIRECTION('',(-1.0,0.0,0.0));
/*   1055 */ #1033=VECTOR('',#1032,1.0);
/*   1056 */ #1034=LINE('',#1031,#1033);
/*   1057 */ #1035=EDGE_CURVE('',#139,#632,#1034,.T.);
/*   1058 */ #1036=ORIENTED_EDGE('',*,*,#1035,.T.);
/*   1059 */ #1037=ORIENTED_EDGE('',*,*,#637,.F.);
/*   1060 */ #1038=ORIENTED_EDGE('',*,*,#35,.F.);
/*   1061 */ #1039=EDGE_LOOP('',(#1030,#1036,#1037,#1038));
/*   1062 */ #1040=FACE_BOUND('',#1039,.F.);
/*   1063 */ #1041=ADVANCED_FACE('',(#1040),#1029,.T.);
/*   1064 */ #1042=CARTESIAN_POINT('',(0.0,0.0,0.34));
/*   1065 */ #1043=DIRECTION('',(0.0,0.0,1.0));
/*   1066 */ #1044=DIRECTION('',(1.0,0.0,-0.0));
/*   1067 */ #1045=AXIS2_PLACEMENT_3D('',#1042,#1043,#1044);
/*   1068 */ #1046=PLANE('',#1045);
/*   1069 */ #1047=ORIENTED_EDGE('',*,*,#144,.F.);
/*   1070 */ #1048=ORIENTED_EDGE('',*,*,#550,.F.);
/*   1071 */ #1049=ORIENTED_EDGE('',*,*,#643,.T.);
/*   1072 */ #1050=ORIENTED_EDGE('',*,*,#1035,.F.);
/*   1073 */ #1051=EDGE_LOOP('',(#1047,#1048,#1049,#1050));
/*   1074 */ #1052=FACE_BOUND('',#1051,.F.);
/*   1075 */ #1053=ADVANCED_FACE('',(#1052),#1046,.T.);
/*   1076 */ #1054=CLOSED_SHELL('',(#53,#154,#186,#210,#235,#259,#292,#323,#356,#378,#396,#407,
/*   1077 */      #432,#449,#473,#490,#508,#519,#530,#554,#648,#680,#704,#729,#753,#786,#817,
/*   1078 */      #850,#872,#890,#901,#926,#943,#967,#984,#1002,#1013,#1024,#1041,#1053));
/*   1079 */ #1055=MANIFOLD_SOLID_BREP('',#1054);
/*   1080 */ #1056=ADVANCED_BREP_SHAPE_REPRESENTATION('3d bound volume shape',(#1055,#1057),#1061);
/*   1081 */ #1057=AXIS2_PLACEMENT_3D('origin',#1058,#1059,#1060);
/*   1082 */ #1058=CARTESIAN_POINT('',(0.0,0.0,0.0));
/*   1083 */ #1059=DIRECTION('',(0.0,0.0,1.0));
/*   1084 */ #1060=DIRECTION('',(1.0,0.0,0.0));
/*   1085 */ #1061=(GEOMETRIC_REPRESENTATION_CONTEXT(3)GLOBAL_UNCERTAINTY_ASSIGNED_CONTEXT((#10,
/*   1086 */      #11,#12))GLOBAL_UNIT_ASSIGNED_CONTEXT((#2,#8,#9))REPRESENTATION_CONTEXT('unit_context3D',
/*   1087 */      'unit_context3D'));
/*   1088 */ #1062=PRODUCT_DEFINITION_CONTEXT('part definition',#1063,'');
/*   1089 */ #1063=APPLICATION_CONTEXT('package model');
/*   1090 */ #1064=APPLICATION_PROTOCOL_DEFINITION('','electronic_assembly_interconnect_and_packaging_design',
/*   1091 */      2009,#1063);
/*   1092 */ #1065=PRODUCT_DEFINITION_FORMATION('KOA_0402_1E_RK73B_single_solid product definition',
/*   1093 */      $,#1066);
/*   1094 */ #1066=PRODUCT('KOA_0402_1E_RK73B_single_solid','KOA_0402_1E_RK73B_single_solid',
/*   1095 */      $,(#1069));
/*   1096 */ #1068=PRODUCT_RELATED_PRODUCT_CATEGORY('part',$,(#1066));
/*   1097 */ #1069=PRODUCT_CONTEXT('',#1063,'');
/*   1098 */ #1070=REPRESENTATION_CONTEXT('parameter values','parameter');
/*   1099 */ #1071=PRODUCT_SPECIFIC_PARAMETER_VALUE_ASSIGNMENT('Category',$,'',$,(#1066));
/*   1100 */ #1072=PROPERTY_DEFINITION('Category','assigned parameter',#1071);
/*   1101 */ #1073=PARAMETER_ASSIGNMENT(#1074,#1073,'Category',(#1076),#1070);
/*   1102 */ #1074=MODEL_PARAMETER('','Category',$);
/*   1103 */ #1075=PROPERTY_DEFINITION_REPRESENTATION(#1072,#1073);
/*   1104 */ #1076=DESCRIPTIVE_REPRESENTATION_ITEM('text','');
/*   1105 */ #1079=REPRESENTATION_CONTEXT('description context','description');
/*   1106 */ #1080=SHAPE_REPRESENTATION('3d bound volume shape',(#1089,#1212),#1081);
/*   1107 */ #1081=(GEOMETRIC_REPRESENTATION_CONTEXT(3)GLOBAL_UNCERTAINTY_ASSIGNED_CONTEXT((#10,
/*   1108 */      #11,#12))GLOBAL_UNIT_ASSIGNED_CONTEXT((#2,#8,#9))REPRESENTATION_CONTEXT('unit_context3D',
/*   1109 */      'unit_context3D'));
/*   1110 */ #1082=PLACED_FEATURE('',$,#3,$);
/*   1111 */ #1083=PROPERTY_DEFINITION('un-assigned shape',$,#1082);
/*   1112 */ #1084=SHAPE_DEFINITION_REPRESENTATION(#1083,#1056);
/*   1113 */ #1085=CARTESIAN_POINT('',(0.0,0.0,0.0));
/*   1114 */ #1086=DIRECTION('',(0.0,0.0,1.0));
/*   1115 */ #1087=DIRECTION('',(1.0,0.0,-0.0));
/*   1116 */ #1088=AXIS2_PLACEMENT_3D('',#1085,#1086,#1087);
/*   1117 */ #1089=USAGE_CONCEPT_USAGE_RELATIONSHIP('',#1090,#1088,'',$,#1082,#1080,*);
/*   1118 */ #1090=REPRESENTATION_MAP(#1057,#1056);
/*   1119 */ #1091=DESCRIPTION_ATTRIBUTE('pu3dsm',#1080);
/*   1120 */ #1092=REPRESENTATION_RELATIONSHIP('',$,#1080,#1093);
/*   1121 */ #1093=REPRESENTATION('',(#1094),#1079);
/*   1122 */ #1094=DESCRIPTIVE_REPRESENTATION_ITEM('design','');
/*   1123 */ #1095=REPRESENTATION_RELATIONSHIP('shape environment',$,#1080,#1096);
/*   1124 */ #1096=REPRESENTATION('shape environment',(#1097),#1079);
/*   1125 */ #1097=DESCRIPTIVE_REPRESENTATION_ITEM('manufacturing','');
/*   1126 */ #1098=REPRESENTATION_RELATIONSHIP('shape extent',$,#1080,#1099);
/*   1127 */ #1099=REPRESENTATION('shape extent',(#1100),#1079);
/*   1128 */ #1100=DESCRIPTIVE_REPRESENTATION_ITEM('envelope','');
/*   1129 */ #1101=REPRESENTATION_RELATIONSHIP('shape material condition',$,#1080,#1102);
/*   1130 */ #1102=REPRESENTATION('shape material condition',(#1103),#1079);
/*   1131 */ #1103=DESCRIPTIVE_REPRESENTATION_ITEM('nominal_material_condition','');
/*   1132 */ #1104=REPRESENTATION_RELATIONSHIP('shape approximation level',$,#1080,#1105);
/*   1133 */ #1105=REPRESENTATION('shape approximation level',(#1106),#1079);
/*   1134 */ #1106=DESCRIPTIVE_REPRESENTATION_ITEM('is unknown','');
/*   1135 */ #1107=SHAPE_DEFINITION_REPRESENTATION(#3,#1080);
/*   1136 */ #1108=PACKAGE_BODY('Body','part generic feature',#3,.F.);
/*   1137 */ #1109=MATERIAL_DESIGNATION_WITH_CONDUCTIVITY_CLASSIFICATION('unknown non conductive material',
/*   1138 */      (#1108));
/*   1139 */ #1110=APPLIED_CLASSIFICATION_ASSIGNMENT(#1112,#1111,(#1109));
/*   1140 */ #1111=CLASSIFICATION_ROLE('conductive',$);
/*   1141 */ #1112=CLASS('electrical conductivity','non conductive');
/*   1142 */ #1113=ID_ATTRIBUTE('electrical conductivity',#1112);
/*   1143 */ #1114=ITEM_IDENTIFIED_REPRESENTATION_USAGE('',$,#1108,#1056,#1041);
/*   1144 */ #1115=ITEM_IDENTIFIED_REPRESENTATION_USAGE('',$,#1108,#1056,#1053);
/*   1145 */ #1116=ITEM_IDENTIFIED_REPRESENTATION_USAGE('',$,#1108,#1056,#554);
/*   1146 */ #1117=ITEM_IDENTIFIED_REPRESENTATION_USAGE('',$,#1108,#1056,#53);
/*   1147 */ #1118=PACKAGE_TERMINAL_TEMPLATE_DEFINITION('Rectangular End Cap',$,'Rectangular End Cap',
/*   1148 */      $);
/*   1149 */ #1119=PROPERTY_DEFINITION('custom lead form','Rectangular End Cap',#1118);
/*   1150 */ #1120=PROPERTY_DEFINITION('seating plane intersection','surface intersection',#1118);
/*   1151 */ #1121=MATERIAL_DESIGNATION_WITH_CONDUCTIVITY_CLASSIFICATION('unknown conductive material',
/*   1152 */      (#1118));
/*   1153 */ #1122=APPLIED_CLASSIFICATION_ASSIGNMENT(#1124,#1123,(#1121));
/*   1154 */ #1123=CLASSIFICATION_ROLE('terminal core material','terminal core material');
/*   1155 */ #1124=CLASS('conductive','terminal core material');
/*   1156 */ #1125=ID_ATTRIBUTE('conductive',#1124);
/*   1157 */ #1126=MATERIAL_DESIGNATION_WITH_CONDUCTIVITY_CLASSIFICATION('unknown conductive material',
/*   1158 */      (#1118));
/*   1159 */ #1127=APPLIED_CLASSIFICATION_ASSIGNMENT(#1129,#1128,(#1126));
/*   1160 */ #1128=CLASSIFICATION_ROLE('terminal surface material','terminal surface material');
/*   1161 */ #1129=CLASS('conductive','terminal surface material');
/*   1162 */ #1130=ID_ATTRIBUTE('conductive',#1129);
/*   1163 */ #1131=PACKAGE_TERMINAL('2','part generic feature',#3,.F.);
/*   1164 */ #1132=PROPERTY_DEFINITION('terminal definition',$,#1131);
/*   1165 */ #1133=PROPERTY_DEFINITION('terminal definition',$,#1118);
/*   1166 */ #1134=PROPERTY_DEFINITION_RELATIONSHIP('definition','',#1133,#1132);
/*   1167 */ #1135=ITEM_IDENTIFIED_REPRESENTATION_USAGE('',$,#1131,#1056,#396);
/*   1168 */ #1136=ITEM_IDENTIFIED_REPRESENTATION_USAGE('',$,#1131,#1056,#519);
/*   1169 */ #1137=ITEM_IDENTIFIED_REPRESENTATION_USAGE('',$,#1131,#1056,#235);
/*   1170 */ #1138=ITEM_IDENTIFIED_REPRESENTATION_USAGE('',$,#1131,#1056,#530);
/*   1171 */ #1139=ITEM_IDENTIFIED_REPRESENTATION_USAGE('',$,#1131,#1056,#473);
/*   1172 */ #1140=ITEM_IDENTIFIED_REPRESENTATION_USAGE('',$,#1131,#1056,#356);
/*   1173 */ #1141=ITEM_IDENTIFIED_REPRESENTATION_USAGE('',$,#1131,#1056,#292);
/*   1174 */ #1142=ITEM_IDENTIFIED_REPRESENTATION_USAGE('',$,#1131,#1056,#186);
/*   1175 */ #1143=ITEM_IDENTIFIED_REPRESENTATION_USAGE('',$,#1131,#1056,#508);
/*   1176 */ #1144=ITEM_IDENTIFIED_REPRESENTATION_USAGE('',$,#1131,#1056,#432);
/*   1177 */ #1145=ITEM_IDENTIFIED_REPRESENTATION_USAGE('',$,#1131,#1056,#490);
/*   1178 */ #1146=ITEM_IDENTIFIED_REPRESENTATION_USAGE('',$,#1131,#1056,#407);
/*   1179 */ #1147=ITEM_IDENTIFIED_REPRESENTATION_USAGE('',$,#1131,#1056,#323);
/*   1180 */ #1148=ITEM_IDENTIFIED_REPRESENTATION_USAGE('',$,#1131,#1056,#378);
/*   1181 */ #1149=ITEM_IDENTIFIED_REPRESENTATION_USAGE('',$,#1131,#1056,#449);
/*   1182 */ #1150=ITEM_IDENTIFIED_REPRESENTATION_USAGE('',$,#1131,#1056,#259);
/*   1183 */ #1151=ITEM_IDENTIFIED_REPRESENTATION_USAGE('',$,#1131,#1056,#210);
/*   1184 */ #1152=ITEM_IDENTIFIED_REPRESENTATION_USAGE('',$,#1131,#1056,#154);
/*   1185 */ #1153=PRIMARY_REFERENCE_TERMINAL('1','part generic feature',#3,.F.);
/*   1186 */ #1154=PROPERTY_DEFINITION('terminal definition',$,#1153);
/*   1187 */ #1155=PROPERTY_DEFINITION('terminal definition',$,#1118);
/*   1188 */ #1156=PROPERTY_DEFINITION_RELATIONSHIP('definition','',#1155,#1154);
/*   1189 */ #1157=ITEM_IDENTIFIED_REPRESENTATION_USAGE('',$,#1153,#1056,#943);
/*   1190 */ #1158=ITEM_IDENTIFIED_REPRESENTATION_USAGE('',$,#1153,#1056,#872);
/*   1191 */ #1159=ITEM_IDENTIFIED_REPRESENTATION_USAGE('',$,#1153,#1056,#817);
/*   1192 */ #1160=ITEM_IDENTIFIED_REPRESENTATION_USAGE('',$,#1153,#1056,#753);
/*   1193 */ #1161=ITEM_IDENTIFIED_REPRESENTATION_USAGE('',$,#1153,#1056,#680);
/*   1194 */ #1162=ITEM_IDENTIFIED_REPRESENTATION_USAGE('',$,#1153,#1056,#1002);
/*   1195 */ #1163=ITEM_IDENTIFIED_REPRESENTATION_USAGE('',$,#1153,#1056,#786);
/*   1196 */ #1164=ITEM_IDENTIFIED_REPRESENTATION_USAGE('',$,#1153,#1056,#704);
/*   1197 */ #1165=ITEM_IDENTIFIED_REPRESENTATION_USAGE('',$,#1153,#1056,#648);
/*   1198 */ #1166=ITEM_IDENTIFIED_REPRESENTATION_USAGE('',$,#1153,#1056,#850);
/*   1199 */ #1167=ITEM_IDENTIFIED_REPRESENTATION_USAGE('',$,#1153,#1056,#1024);
/*   1200 */ #1168=ITEM_IDENTIFIED_REPRESENTATION_USAGE('',$,#1153,#1056,#890);
/*   1201 */ #1169=ITEM_IDENTIFIED_REPRESENTATION_USAGE('',$,#1153,#1056,#1013);
/*   1202 */ #1170=ITEM_IDENTIFIED_REPRESENTATION_USAGE('',$,#1153,#1056,#926);
/*   1203 */ #1171=ITEM_IDENTIFIED_REPRESENTATION_USAGE('',$,#1153,#1056,#967);
/*   1204 */ #1172=ITEM_IDENTIFIED_REPRESENTATION_USAGE('',$,#1153,#1056,#729);
/*   1205 */ #1173=ITEM_IDENTIFIED_REPRESENTATION_USAGE('',$,#1153,#1056,#984);
/*   1206 */ #1174=ITEM_IDENTIFIED_REPRESENTATION_USAGE('',$,#1153,#1056,#901);
/*   1207 */ #1199=SEATING_PLANE('seating plane','seating plane feature',#3,.F.);
/*   1208 */ #1200=SHAPE_REPRESENTATION('',(#1205,#1209),#1081);
/*   1209 */ #1201=CARTESIAN_POINT('',(0.0,0.0,0.0));
/*   1210 */ #1202=DIRECTION('',(0.0,0.0,1.0));
/*   1211 */ #1203=DIRECTION('',(1.0,0.0,-0.0));
/*   1212 */ #1204=AXIS2_PLACEMENT_3D('',#1201,#1202,#1203);
/*   1213 */ #1205=PLANE('',#1204);
/*   1214 */ #1206=CARTESIAN_POINT('',(0.0,0.0,0.0));
/*   1215 */ #1207=DIRECTION('',(0.0,0.0,1.0));
/*   1216 */ #1208=DIRECTION('',(1.0,0.0,-0.0));
/*   1217 */ #1209=AXIS2_PLACEMENT_3D('',#1206,#1207,#1208);
/*   1218 */ #1210=PROPERTY_DEFINITION('shape for seating plane',$,#1199);
/*   1219 */ #1211=SHAPE_DEFINITION_REPRESENTATION(#1210,#1200);
/*   1220 */ #1212=USAGE_CONCEPT_USAGE_RELATIONSHIP('',#1213,#1057,'',$,#1199,#1080,*);
/*   1221 */ #1213=REPRESENTATION_MAP(#1209,#1200);
/*   1222 */ #1214=FOOTPRINT_DEFINITION('Footprint',$,#1219,#1215,'',$,*);
/*   1223 */ #1215=PRODUCT_DEFINITION_CONTEXT('part definition',#1063,'');
/*   1224 */ #1216=PRODUCT_DEFINITION_CONTEXT_ASSOCIATION(#1214,#1218,#1217);
/*   1225 */ #1217=PRODUCT_DEFINITION_CONTEXT_ROLE('part definition type',$);
/*   1226 */ #1218=PRODUCT_DEFINITION_CONTEXT('template definition',#1063,'');
/*   1227 */ #1219=PRODUCT_DEFINITION_FORMATION('1',$,#1220);
/*   1228 */ #1220=PRODUCT('Footprint','template',$,(#1222));
/*   1229 */ #1221=PRODUCT_RELATED_PRODUCT_CATEGORY('template model',$,(#1220));
/*   1230 */ #1222=PRODUCT_CONTEXT('template model',#1063,'');
/*   1231 */ #1223=PROPERTY_DEFINITION('location','top',#1214);
/*   1232 */ #1224=SHAPE_REPRESENTATION('ppsm',(#1226),#13);
/*   1233 */ #1225=DESCRIPTION_ATTRIBUTE('footprint definition shape model',#1224);
/*   1234 */ #1226=AXIS2_PLACEMENT_2D('origin',#1227,#1228);
/*   1235 */ #1227=CARTESIAN_POINT('',(0.0,0.0));
/*   1236 */ #1228=DIRECTION('',(1.0,0.0));
/*   1237 */ #1229=SHAPE_DEFINITION_REPRESENTATION(#1214,#1224);
/*   1238 */ #1230=PROPERTY_DEFINITION_RELATIONSHIP('reference package','',#3,#1214);
/*   1239 */ #1231=SHAPE_REPRESENTATION('ppsm',(#1232),#13);
/*   1240 */ #1232=AXIS2_PLACEMENT_2D('origin',#1233,#1234);
/*   1241 */ #1233=CARTESIAN_POINT('',(0.0,0.0));
/*   1242 */ #1234=DIRECTION('',(1.0,0.0));
/*   1243 */ #1250=DESCRIPTION_ATTRIBUTE('pupsm',#1231);
/*   1244 */ #1251=ID_ATTRIBUTE('contacts_representation',#1231);
/*   1245 */ #1252=SHAPE_DEFINITION_REPRESENTATION(#3,#1231);
/*   1246 */ #1253=REPRESENTATION_RELATIONSHIP('predefined shape purpose',$,#1231,#1254);
/*   1247 */ #1254=REPRESENTATION('predefined shape purpose',(#1255),#1079);
/*   1248 */ #1255=DESCRIPTIVE_REPRESENTATION_ITEM('physical extent','contacts');
/*   1249 */ #1256=REPRESENTATION_RELATIONSHIP('shape environment',$,#1231,#1257);
/*   1250 */ #1257=REPRESENTATION('shape environment',(#1258),#1079);
/*   1251 */ #1258=DESCRIPTIVE_REPRESENTATION_ITEM('manufacturing','');
/*   1252 */ #1259=REPRESENTATION_RELATIONSHIP('shape extent',$,#1231,#1260);
/*   1253 */ #1260=REPRESENTATION('shape extent',(#1261),#1079);
/*   1254 */ #1261=DESCRIPTIVE_REPRESENTATION_ITEM('envelope','');
/*   1255 */ #1262=REPRESENTATION_RELATIONSHIP('shape material condition',$,#1231,#1263);
/*   1256 */ #1263=REPRESENTATION('shape material condition',(#1264),#1079);
/*   1257 */ #1264=DESCRIPTIVE_REPRESENTATION_ITEM('nominal_material_condition','');
/*   1258 */ #1265=REPRESENTATION_RELATIONSHIP('shape approximation level',$,#1231,#1266);
/*   1259 */ #1266=REPRESENTATION('shape approximation level',(#1267),#1079);
/*   1260 */ #1267=DESCRIPTIVE_REPRESENTATION_ITEM('is unknown','');
/*   1261 */ #1268=COORDINATED_GEOMETRIC_RELATIONSHIP_WITH_2D_3D_PLACEMENT_TRANSFORMATION('',
/*   1262 */      $,#7,#1080,#1269);
/*   1263 */ #1269=AXIS_PLACEMENT_2D_3D_MAPPING('',$,#6,#1209);
/*   1264 */ #1270=PRODUCT_DEFINITION_CONTEXT('physical design usage',$,$);
/*   1265 */ #1271=PRODUCT_DEFINITION_CONTEXT_ASSOCIATION(#3,#1270,#1272);
/*   1266 */ #1272=PRODUCT_DEFINITION_CONTEXT_ROLE('part definition type',$);
/*   1267 */ #1273=SHAPE_ASPECT('',$,#3,.T.);
/*   1268 */ #1274=ID_ATTRIBUTE('terminal heel pin 2',#1273);
/*   1269 */ #1275=GEOMETRIC_ITEM_SPECIFIC_USAGE('terminal heel pin 2','',#1273,#1056,#154);
/*   1270 */ #1276=SHAPE_ASPECT('',$,#3,.T.);
/*   1271 */ #1277=ID_ATTRIBUTE('terminal width f2 pin 1',#1276);
/*   1272 */ #1278=GEOMETRIC_ITEM_SPECIFIC_USAGE('terminal width f2 pin 1','',#1276,#1056,#704);
/*   1273 */ #1279=SHAPE_ASPECT('',$,#3,.T.);
/*   1274 */ #1280=ID_ATTRIBUTE('terminal heel pin 1',#1279);
/*   1275 */ #1281=GEOMETRIC_ITEM_SPECIFIC_USAGE('terminal heel pin 1','',#1279,#1056,#648);
/*   1276 */ #1282=SHAPE_ASPECT('',$,#3,.T.);
/*   1277 */ #1283=ID_ATTRIBUTE('terminal bottom pin 2',#1282);
/*   1278 */ #1284=GEOMETRIC_ITEM_SPECIFIC_USAGE('terminal bottom pin 2','',#1282,#1056,#449);
/*   1279 */ #1285=SHAPE_ASPECT('',$,#3,.T.);
/*   1280 */ #1286=ID_ATTRIBUTE('terminal top pin 1',#1285);
/*   1281 */ #1287=GEOMETRIC_ITEM_SPECIFIC_USAGE('terminal top pin 1','',#1285,#1056,#753);
/*   1282 */ #1288=SHAPE_ASPECT('',$,#3,.T.);
/*   1283 */ #1289=ID_ATTRIBUTE('terminal width f1 pin 1',#1288);
/*   1284 */ #1290=GEOMETRIC_ITEM_SPECIFIC_USAGE('terminal width f1 pin 1','',#1288,#1056,#872);
/*   1285 */ #1291=SHAPE_ASPECT('',$,#3,.T.);
/*   1286 */ #1292=ID_ATTRIBUTE('terminal width f1 pin 2',#1291);
/*   1287 */ #1293=GEOMETRIC_ITEM_SPECIFIC_USAGE('terminal width f1 pin 2','',#1291,#1056,#210);
/*   1288 */ #1294=SHAPE_ASPECT('',$,#3,.T.);
/*   1289 */ #1295=ID_ATTRIBUTE('terminal bottom pin 1',#1294);
/*   1290 */ #1296=GEOMETRIC_ITEM_SPECIFIC_USAGE('terminal bottom pin 1','',#1294,#1056,#943);
/*   1291 */ #1297=SHAPE_ASPECT('',$,#3,.T.);
/*   1292 */ #1298=ID_ATTRIBUTE('terminal width f2 pin 2',#1297);
/*   1293 */ #1299=GEOMETRIC_ITEM_SPECIFIC_USAGE('terminal width f2 pin 2','',#1297,#1056,#378);
/*   1294 */ #1300=SHAPE_ASPECT('',$,#3,.T.);
/*   1295 */ #1301=ID_ATTRIBUTE('terminal top pin 2',#1300);
/*   1296 */ #1302=GEOMETRIC_ITEM_SPECIFIC_USAGE('terminal top pin 2','',#1300,#1056,#259);
/*   1297 */ #1303=SHAPE_ASPECT('',$,#3,.T.);
/*   1298 */ #1304=ID_ATTRIBUTE('terminal toe pin 2',#1303);
/*   1299 */ #1305=GEOMETRIC_ITEM_SPECIFIC_USAGE('terminal toe pin 2','',#1303,#1056,#323);
/*   1300 */ #1306=SHAPE_ASPECT('',$,#3,.T.);
/*   1301 */ #1307=ID_ATTRIBUTE('terminal toe pin 1',#1306);
/*   1302 */ #1308=GEOMETRIC_ITEM_SPECIFIC_USAGE('terminal toe pin 1','',#1306,#1056,#817);
/*   1303 */ #1309=(COMPOSITE_SHAPE_ASPECT()COMPOSITE_UNIT_SHAPE_ASPECT()SHAPE_ASPECT($,'feature of size',
/*   1304 */      #3,.T.)SYMMETRIC_SHAPE_ASPECT());
/*   1305 */ #1310=ID_ATTRIBUTE('pin 1 thickness feature of size',#1309);
/*   1306 */ #1311=SHAPE_ASPECT_RELATIONSHIP('',$,#1309,#1279);
/*   1307 */ #1312=SHAPE_ASPECT_RELATIONSHIP('',$,#1309,#1306);
/*   1308 */ #1313=(COMPOSITE_SHAPE_ASPECT()COMPOSITE_UNIT_SHAPE_ASPECT()SHAPE_ASPECT($,'feature of size',
/*   1309 */      #3,.T.)SYMMETRIC_SHAPE_ASPECT());
/*   1310 */ #1314=ID_ATTRIBUTE('pin 2 thickness feature of size',#1313);
/*   1311 */ #1315=SHAPE_ASPECT_RELATIONSHIP('',$,#1313,#1273);
/*   1312 */ #1316=SHAPE_ASPECT_RELATIONSHIP('',$,#1313,#1303);
/*   1313 */ #1317=COMPOSITE_GROUP_SHAPE_ASPECT('','multiple elements',#3,.T.);
/*   1314 */ #1318=ID_ATTRIBUTE('all pins thickness group',#1317);
/*   1315 */ #1319=SHAPE_ASPECT_RELATIONSHIP('',$,#1317,#1309);
/*   1316 */ #1320=SHAPE_ASPECT_RELATIONSHIP('',$,#1317,#1313);
/*   1317 */ #1321=DIMENSIONAL_SIZE(#1317,'length');
/*   1318 */ #1322=DIMENSIONAL_CHARACTERISTIC_REPRESENTATION(#1321,#1323);
/*   1319 */ #1323=SHAPE_DIMENSION_REPRESENTATION('',(#1326,#1329,#1331),#1324);
/*   1320 */ #1324=REPRESENTATION_CONTEXT('dimension context','dimension');
/*   1321 */ #1325=ID_ATTRIBUTE('d',#1323);
/*   1322 */ #1326=(LENGTH_MEASURE_WITH_UNIT()MEASURE_REPRESENTATION_ITEM()MEASURE_WITH_UNIT(LENGTH_MEASURE(
/*   1323 */      0.25),#1327)QUALIFIED_REPRESENTATION_ITEM((#1328))REPRESENTATION_ITEM(''));
/*   1324 */ #1327=(LENGTH_UNIT()NAMED_UNIT(*)SI_UNIT(.MILLI.,.METRE.));
/*   1325 */ #1328=TYPE_QUALIFIER('average');
/*   1326 */ #1329=(LENGTH_MEASURE_WITH_UNIT()MEASURE_REPRESENTATION_ITEM()MEASURE_WITH_UNIT(LENGTH_MEASURE(
/*   1327 */      0.3),#1327)QUALIFIED_REPRESENTATION_ITEM((#1330))REPRESENTATION_ITEM(''));
/*   1328 */ #1330=TYPE_QUALIFIER('maximum');
/*   1329 */ #1331=(LENGTH_MEASURE_WITH_UNIT()MEASURE_REPRESENTATION_ITEM()MEASURE_WITH_UNIT(LENGTH_MEASURE(
/*   1330 */      0.15),#1327)QUALIFIED_REPRESENTATION_ITEM((#1332))REPRESENTATION_ITEM(''));
/*   1331 */ #1332=TYPE_QUALIFIER('minimum');
/*   1332 */ #1333=(COMPOSITE_SHAPE_ASPECT()COMPOSITE_UNIT_SHAPE_ASPECT()SHAPE_ASPECT($,'feature of size',
/*   1333 */      #3,.T.)SYMMETRIC_SHAPE_ASPECT());
/*   1334 */ #1334=ID_ATTRIBUTE('pin 1 height feature of size',#1333);
/*   1335 */ #1335=SHAPE_ASPECT_RELATIONSHIP('',$,#1333,#1294);
/*   1336 */ #1336=SHAPE_ASPECT_RELATIONSHIP('',$,#1333,#1285);
/*   1337 */ #1337=(COMPOSITE_SHAPE_ASPECT()COMPOSITE_UNIT_SHAPE_ASPECT()SHAPE_ASPECT($,'feature of size',
/*   1338 */      #3,.T.)SYMMETRIC_SHAPE_ASPECT());
/*   1339 */ #1338=ID_ATTRIBUTE('pin 2 height feature of size',#1337);
/*   1340 */ #1339=SHAPE_ASPECT_RELATIONSHIP('',$,#1337,#1282);
/*   1341 */ #1340=SHAPE_ASPECT_RELATIONSHIP('',$,#1337,#1300);
/*   1342 */ #1341=COMPOSITE_GROUP_SHAPE_ASPECT('','multiple elements',#3,.T.);
/*   1343 */ #1342=ID_ATTRIBUTE('all pins height group',#1341);
/*   1344 */ #1343=SHAPE_ASPECT_RELATIONSHIP('',$,#1341,#1333);
/*   1345 */ #1344=SHAPE_ASPECT_RELATIONSHIP('',$,#1341,#1337);
/*   1346 */ #1345=DIMENSIONAL_SIZE(#1341,'length');
/*   1347 */ #1346=DIMENSIONAL_CHARACTERISTIC_REPRESENTATION(#1345,#1347);
/*   1348 */ #1347=SHAPE_DIMENSION_REPRESENTATION('',(#1349,#1351,#1353),#1324);
/*   1349 */ #1348=ID_ATTRIBUTE('t',#1347);
/*   1350 */ #1349=(LENGTH_MEASURE_WITH_UNIT()MEASURE_REPRESENTATION_ITEM()MEASURE_WITH_UNIT(LENGTH_MEASURE(
/*   1351 */      0.4),#1327)QUALIFIED_REPRESENTATION_ITEM((#1350))REPRESENTATION_ITEM(''));
/*   1352 */ #1350=TYPE_QUALIFIER('maximum');
/*   1353 */ #1351=(LENGTH_MEASURE_WITH_UNIT()MEASURE_REPRESENTATION_ITEM()MEASURE_WITH_UNIT(LENGTH_MEASURE(
/*   1354 */      0.35),#1327)QUALIFIED_REPRESENTATION_ITEM((#1352))REPRESENTATION_ITEM(''));
/*   1355 */ #1352=TYPE_QUALIFIER('average');
/*   1356 */ #1353=(LENGTH_MEASURE_WITH_UNIT()MEASURE_REPRESENTATION_ITEM()MEASURE_WITH_UNIT(LENGTH_MEASURE(
/*   1357 */      0.3),#1327)QUALIFIED_REPRESENTATION_ITEM((#1354))REPRESENTATION_ITEM(''));
/*   1358 */ #1354=TYPE_QUALIFIER('minimum');
/*   1359 */ #1355=DIMENSIONAL_LOCATION('linear distance',$,#1306,#1303);
/*   1360 */ #1356=DIMENSIONAL_CHARACTERISTIC_REPRESENTATION(#1355,#1357);
/*   1361 */ #1357=SHAPE_DIMENSION_REPRESENTATION('',(#1359,#1361,#1363),#1324);
/*   1362 */ #1358=ID_ATTRIBUTE('L',#1357);
/*   1363 */ #1359=(LENGTH_MEASURE_WITH_UNIT()MEASURE_REPRESENTATION_ITEM()MEASURE_WITH_UNIT(LENGTH_MEASURE(
/*   1364 */      0.95),#1327)QUALIFIED_REPRESENTATION_ITEM((#1360))REPRESENTATION_ITEM(''));
/*   1365 */ #1360=TYPE_QUALIFIER('minimum');
/*   1366 */ #1361=(LENGTH_MEASURE_WITH_UNIT()MEASURE_REPRESENTATION_ITEM()MEASURE_WITH_UNIT(LENGTH_MEASURE(
/*   1367 */      1.0),#1327)QUALIFIED_REPRESENTATION_ITEM((#1362))REPRESENTATION_ITEM(''));
/*   1368 */ #1362=TYPE_QUALIFIER('average');
/*   1369 */ #1363=(LENGTH_MEASURE_WITH_UNIT()MEASURE_REPRESENTATION_ITEM()MEASURE_WITH_UNIT(LENGTH_MEASURE(
/*   1370 */      1.1),#1327)QUALIFIED_REPRESENTATION_ITEM((#1364))REPRESENTATION_ITEM(''));
/*   1371 */ #1364=TYPE_QUALIFIER('maximum');
/*   1372 */ #1365=(COMPOSITE_SHAPE_ASPECT()COMPOSITE_UNIT_SHAPE_ASPECT()SHAPE_ASPECT($,'feature of size',
/*   1373 */      #3,.T.)SYMMETRIC_SHAPE_ASPECT());
/*   1374 */ #1366=ID_ATTRIBUTE('pin 1 width feature of size',#1365);
/*   1375 */ #1367=SHAPE_ASPECT_RELATIONSHIP('',$,#1365,#1288);
/*   1376 */ #1368=SHAPE_ASPECT_RELATIONSHIP('',$,#1365,#1276);
/*   1377 */ #1369=(COMPOSITE_SHAPE_ASPECT()COMPOSITE_UNIT_SHAPE_ASPECT()SHAPE_ASPECT($,'feature of size',
/*   1378 */      #3,.T.)SYMMETRIC_SHAPE_ASPECT());
/*   1379 */ #1370=ID_ATTRIBUTE('pin 2 width feature of size',#1369);
/*   1380 */ #1371=SHAPE_ASPECT_RELATIONSHIP('',$,#1369,#1297);
/*   1381 */ #1372=SHAPE_ASPECT_RELATIONSHIP('',$,#1369,#1291);
/*   1382 */ #1373=COMPOSITE_GROUP_SHAPE_ASPECT('','multiple elements',#3,.T.);
/*   1383 */ #1374=ID_ATTRIBUTE('all pins width group',#1373);
/*   1384 */ #1375=SHAPE_ASPECT_RELATIONSHIP('',$,#1373,#1369);
/*   1385 */ #1376=SHAPE_ASPECT_RELATIONSHIP('',$,#1373,#1365);
/*   1386 */ #1377=DIMENSIONAL_SIZE(#1373,'length');
/*   1387 */ #1378=DIMENSIONAL_CHARACTERISTIC_REPRESENTATION(#1377,#1379);
/*   1388 */ #1379=SHAPE_DIMENSION_REPRESENTATION('',(#1381,#1383,#1385),#1324);
/*   1389 */ #1380=ID_ATTRIBUTE('W',#1379);
/*   1390 */ #1381=(LENGTH_MEASURE_WITH_UNIT()MEASURE_REPRESENTATION_ITEM()MEASURE_WITH_UNIT(LENGTH_MEASURE(
/*   1391 */      0.45),#1327)QUALIFIED_REPRESENTATION_ITEM((#1382))REPRESENTATION_ITEM(''));
/*   1392 */ #1382=TYPE_QUALIFIER('minimum');
/*   1393 */ #1383=(LENGTH_MEASURE_WITH_UNIT()MEASURE_REPRESENTATION_ITEM()MEASURE_WITH_UNIT(LENGTH_MEASURE(
/*   1394 */      0.5),#1327)QUALIFIED_REPRESENTATION_ITEM((#1384))REPRESENTATION_ITEM(''));
/*   1395 */ #1384=TYPE_QUALIFIER('average');
/*   1396 */ #1385=(LENGTH_MEASURE_WITH_UNIT()MEASURE_REPRESENTATION_ITEM()MEASURE_WITH_UNIT(LENGTH_MEASURE(
/*   1397 */      0.55),#1327)QUALIFIED_REPRESENTATION_ITEM((#1386))REPRESENTATION_ITEM(''));
/*   1398 */ 

------------------------------------------------------------------------------------------------
 Operation terminated successfully.
------------------------------------------------------------------------------------------------

