

/******************************************************************************************
* ReadStepFile diagnostics.
* Date:                           Thu Jul 18 16:47:16 2013
* Produced by:                    The EXPRESS Data Manager Version 5.01.0100.103 : 1 Nov 2012
* Module:                         EDMstepFileFactory/EDMstandAlone
* Host:                           tom8dd8
* Database:                       C:\Temp\edm_2012\2012_08
* Database version:               5207
* Database creation date:         Fri Aug 10 08:09:20 2012
* Model to populate:              DataRepository.MO-211_AA_with_gdt_single_solid
* Header model to populate:       
* Step file name:                 Z:\Documents\2011\NIST AP210 GD&T Deliverables 9-30-11 - models and report\AP210 Package Models and JEDEC Documents_2013_june_update\MO-211_AA_with_gdt_single_solid.stp
* EDMuser:                        sdai-user
* EDMgroup:                       sdai-group
* License ID and type:            4858 : Education license. Expiry date: 14 Mar 2016
* EDMstepFileFactory options:     0201000100
******************************************************************************************/
/*      1 */ ISO-10303-21;
/*      2 */ HEADER;
/*      3 */ /* Generated by software containing
/*      4 */  * JSDAI (TM) from LKSoft (www.lksoft.com, www.jsdai.net)
/*      5 */  * JSDAI Runtime Version 4.0.0 (Build 270, 2010-02-16T15:19:10)
/*      6 */  */
/*      7 */ FILE_DESCRIPTION(
/*      8 */ /* description */ ('AP210 Package Model'),
/*      9 */ /* implementation_level */ '2;1');
/*     10 */ FILE_NAME(
/*     11 */ /* name */ 'MO-211_AA_single_solid_annotation.stp',
/*     12 */ /* time_stamp */ '2011-09-05T17:39:12',
/*     13 */ /* author */ (''),
/*     14 */ /* organization */ (''),
/*     15 */ /* preprocessor_version */ '',
/*     16 */ /* originating_system */ '',
/*     17 */ /* authorization */ '');
/*     18 */ FILE_SCHEMA(('AP210_ELECTRONIC_ASSEMBLY_INTERCONNECT_AND_PACKAGING_DESIGN_MIM_LF'));
/*     19 */ ENDSEC;
/*     20 */ DATA;
/*     21 */ #1=DIMENSIONAL_EXPONENTS(1.0,0.0,0.0,0.0,0.0,0.0,0.0);
/*     22 */ #2=(LENGTH_UNIT()NAMED_UNIT(*)SI_UNIT(.MILLI.,.METRE.));
/*     23 */ #3=PACKAGE('',$,#446,#443,'MO-211_AA_single_solid',$,*);
/*     24 */ #4=DIRECTION('',(1.0,0.0));
/*     25 */ #5=CARTESIAN_POINT('',(0.0,0.0));
/*     26 */ #6=AXIS2_PLACEMENT_2D('csys2d',#5,#4);
/*     27 */ #7=SHAPE_REPRESENTATION('global 2d representation',(#6),#13);
/*     28 */ #8=(NAMED_UNIT(*)SI_UNIT($,.STERADIAN.)SOLID_ANGLE_UNIT());
/*     29 */ #9=(NAMED_UNIT(*)PLANE_ANGLE_UNIT()SI_UNIT($,.RADIAN.));
/*     30 */ #10=UNCERTAINTY_MEASURE_WITH_UNIT(LENGTH_MEASURE(0.01),#2,'',$);
/*     31 */ #11=UNCERTAINTY_MEASURE_WITH_UNIT(SOLID_ANGLE_MEASURE(0.0010),#8,'',$);
/*     32 */ #12=UNCERTAINTY_MEASURE_WITH_UNIT(PLANE_ANGLE_MEASURE(0.0010),#9,'',$);
/*     33 */ #13=(GEOMETRIC_REPRESENTATION_CONTEXT(2)GLOBAL_UNCERTAINTY_ASSIGNED_CONTEXT((#10,
/*     34 */      #11,#12))GLOBAL_UNIT_ASSIGNED_CONTEXT((#2,#8,#9))REPRESENTATION_CONTEXT('unit_context2D',
/*     35 */      'unit_context2D'));
/*     36 */ #14=CARTESIAN_POINT('',(0.0,0.0,0.125));
/*     37 */ #15=DIRECTION('',(0.0,0.0,1.0));
/*     38 */ #16=DIRECTION('',(0.0,-1.0,0.0));
/*     39 */ #17=AXIS2_PLACEMENT_3D('',#14,#15,#16);
/*     40 */ #18=PLANE('',#17);
/*     41 */ #19=CARTESIAN_POINT('',(-0.475,0.45125,0.125));
/*     42 */ #20=VERTEX_POINT('',#19);
/*     43 */ #21=CARTESIAN_POINT('',(-0.45125,0.475,0.125));
/*     44 */ #22=VERTEX_POINT('',#21);
/*     45 */ #23=CARTESIAN_POINT('',(-0.475,0.45125,0.125));
/*     46 */ #24=DIRECTION('',(0.707106781186548,0.707106781186548,0.0));
/*     47 */ #25=VECTOR('',#24,1.0);
/*     48 */ #26=LINE('',#23,#25);
/*     49 */ #27=EDGE_CURVE('',#20,#22,#26,.T.);
/*     50 */ #28=ORIENTED_EDGE('',*,*,#27,.F.);
/*     51 */ #29=CARTESIAN_POINT('',(-0.475,-0.475,0.125));
/*     52 */ #30=VERTEX_POINT('',#29);
/*     53 */ #31=CARTESIAN_POINT('',(-0.475,0.45125,0.125));
/*     54 */ #32=DIRECTION('',(0.0,-1.0,0.0));
/*     55 */ #33=VECTOR('',#32,1.0);
/*     56 */ #34=LINE('',#31,#33);
/*     57 */ #35=EDGE_CURVE('',#20,#30,#34,.T.);
/*     58 */ #36=ORIENTED_EDGE('',*,*,#35,.T.);
/*     59 */ #37=CARTESIAN_POINT('',(0.475,-0.475,0.125));
/*     60 */ #38=VERTEX_POINT('',#37);
/*     61 */ #39=CARTESIAN_POINT('',(-0.475,-0.475,0.125));
/*     62 */ #40=DIRECTION('',(1.0,0.0,0.0));
/*     63 */ #41=VECTOR('',#40,1.0);
/*     64 */ #42=LINE('',#39,#41);
/*     65 */ #43=EDGE_CURVE('',#30,#38,#42,.T.);
/*     66 */ #44=ORIENTED_EDGE('',*,*,#43,.T.);
/*     67 */ #45=CARTESIAN_POINT('',(0.475,0.475,0.125));
/*     68 */ #46=VERTEX_POINT('',#45);
/*     69 */ #47=CARTESIAN_POINT('',(0.475,-0.475,0.125));
/*     70 */ #48=DIRECTION('',(0.0,1.0,0.0));
/*     71 */ #49=VECTOR('',#48,1.0);
/*     72 */ #50=LINE('',#47,#49);
/*     73 */ #51=EDGE_CURVE('',#38,#46,#50,.T.);
/*     74 */ #52=ORIENTED_EDGE('',*,*,#51,.T.);
/*     75 */ #53=CARTESIAN_POINT('',(0.475,0.475,0.125));
/*     76 */ #54=DIRECTION('',(-1.0,0.0,0.0));
/*     77 */ #55=VECTOR('',#54,1.0);
/*     78 */ #56=LINE('',#53,#55);
/*     79 */ #57=EDGE_CURVE('',#46,#22,#56,.T.);
/*     80 */ #58=ORIENTED_EDGE('',*,*,#57,.T.);
/*     81 */ #59=EDGE_LOOP('',(#28,#36,#44,#52,#58));
/*     82 */ #60=FACE_BOUND('',#59,.F.);
/*     83 */ #61=CARTESIAN_POINT('',(-0.2,-0.275,0.125));
/*     84 */ #62=VERTEX_POINT('',#61);
/*     85 */ #63=CARTESIAN_POINT('',(-0.2,-0.125,0.125));
/*     86 */ #64=VERTEX_POINT('',#63);
/*     87 */ #65=CARTESIAN_POINT('',(-0.2,-0.2,0.125));
/*     88 */ #66=DIRECTION('',(0.0,0.0,1.0));
/*     89 */ #67=DIRECTION('',(0.0,-1.0,0.0));
/*     90 */ #68=AXIS2_PLACEMENT_3D('',#65,#66,#67);
/*     91 */ #69=CIRCLE('',#68,0.075);
/*     92 */ #70=EDGE_CURVE('',#62,#64,#69,.T.);
/*     93 */ #71=ORIENTED_EDGE('',*,*,#70,.F.);
/*     94 */ #72=CARTESIAN_POINT('',(-0.2,-0.2,0.125));
/*     95 */ #73=DIRECTION('',(0.0,-0.0,1.0));
/*     96 */ #74=DIRECTION('',(0.0,1.0,0.0));
/*     97 */ #75=AXIS2_PLACEMENT_3D('',#72,#73,#74);
/*     98 */ #76=CIRCLE('',#75,0.075);
/*     99 */ #77=EDGE_CURVE('',#64,#62,#76,.T.);
/*    100 */ #78=ORIENTED_EDGE('',*,*,#77,.F.);
/*    101 */ #79=EDGE_LOOP('',(#71,#78));
/*    102 */ #80=FACE_BOUND('',#79,.F.);
/*    103 */ #81=CARTESIAN_POINT('',(0.2,-0.275,0.125));
/*    104 */ #82=VERTEX_POINT('',#81);
/*    105 */ #83=CARTESIAN_POINT('',(0.2,-0.125,0.125));
/*    106 */ #84=VERTEX_POINT('',#83);
/*    107 */ #85=CARTESIAN_POINT('',(0.2,-0.2,0.125));
/*    108 */ #86=DIRECTION('',(0.0,0.0,1.0));
/*    109 */ #87=DIRECTION('',(0.0,-1.0,0.0));
/*    110 */ #88=AXIS2_PLACEMENT_3D('',#85,#86,#87);
/*    111 */ #89=CIRCLE('',#88,0.075);
/*    112 */ #90=EDGE_CURVE('',#82,#84,#89,.T.);
/*    113 */ #91=ORIENTED_EDGE('',*,*,#90,.F.);
/*    114 */ #92=CARTESIAN_POINT('',(0.2,-0.2,0.125));
/*    115 */ #93=DIRECTION('',(0.0,-0.0,1.0));
/*    116 */ #94=DIRECTION('',(0.0,1.0,0.0));
/*    117 */ #95=AXIS2_PLACEMENT_3D('',#92,#93,#94);
/*    118 */ #96=CIRCLE('',#95,0.075);
/*    119 */ #97=EDGE_CURVE('',#84,#82,#96,.T.);
/*    120 */ #98=ORIENTED_EDGE('',*,*,#97,.F.);
/*    121 */ #99=EDGE_LOOP('',(#91,#98));
/*    122 */ #100=FACE_BOUND('',#99,.F.);
/*    123 */ #101=CARTESIAN_POINT('',(-0.2,0.125,0.125));
/*    124 */ #102=VERTEX_POINT('',#101);
/*    125 */ #103=CARTESIAN_POINT('',(-0.2,0.275,0.125));
/*    126 */ #104=VERTEX_POINT('',#103);
/*    127 */ #105=CARTESIAN_POINT('',(-0.2,0.2,0.125));
/*    128 */ #106=DIRECTION('',(0.0,0.0,1.0));
/*    129 */ #107=DIRECTION('',(0.0,-1.0,0.0));
/*    130 */ #108=AXIS2_PLACEMENT_3D('',#105,#106,#107);
/*    131 */ #109=CIRCLE('',#108,0.075);
/*    132 */ #110=EDGE_CURVE('',#102,#104,#109,.T.);
/*    133 */ #111=ORIENTED_EDGE('',*,*,#110,.F.);
/*    134 */ #112=CARTESIAN_POINT('',(-0.2,0.2,0.125));
/*    135 */ #113=DIRECTION('',(0.0,-0.0,1.0));
/*    136 */ #114=DIRECTION('',(0.0,1.0,0.0));
/*    137 */ #115=AXIS2_PLACEMENT_3D('',#112,#113,#114);
/*    138 */ #116=CIRCLE('',#115,0.075);
/*    139 */ #117=EDGE_CURVE('',#104,#102,#116,.T.);
/*    140 */ #118=ORIENTED_EDGE('',*,*,#117,.F.);
/*    141 */ #119=EDGE_LOOP('',(#111,#118));
/*    142 */ #120=FACE_BOUND('',#119,.F.);
/*    143 */ #121=CARTESIAN_POINT('',(0.2,0.125,0.125));
/*    144 */ #122=VERTEX_POINT('',#121);
/*    145 */ #123=CARTESIAN_POINT('',(0.2,0.275,0.125));
/*    146 */ #124=VERTEX_POINT('',#123);
/*    147 */ #125=CARTESIAN_POINT('',(0.2,0.2,0.125));
/*    148 */ #126=DIRECTION('',(0.0,0.0,1.0));
/*    149 */ #127=DIRECTION('',(0.0,-1.0,0.0));
/*    150 */ #128=AXIS2_PLACEMENT_3D('',#125,#126,#127);
/*    151 */ #129=CIRCLE('',#128,0.075);
/*    152 */ #130=EDGE_CURVE('',#122,#124,#129,.T.);
/*    153 */ #131=ORIENTED_EDGE('',*,*,#130,.F.);
/*    154 */ #132=CARTESIAN_POINT('',(0.2,0.2,0.125));
/*    155 */ #133=DIRECTION('',(0.0,-0.0,1.0));
/*    156 */ #134=DIRECTION('',(0.0,1.0,0.0));
/*    157 */ #135=AXIS2_PLACEMENT_3D('',#132,#133,#134);
/*    158 */ #136=CIRCLE('',#135,0.075);
/*    159 */ #137=EDGE_CURVE('',#124,#122,#136,.T.);
/*    160 */ #138=ORIENTED_EDGE('',*,*,#137,.F.);
/*    161 */ #139=EDGE_LOOP('',(#131,#138));
/*    162 */ #140=FACE_BOUND('',#139,.F.);
/*    163 */ #141=ADVANCED_FACE('',(#60,#80,#100,#120,#140),#18,.F.);
/*    164 */ #142=CARTESIAN_POINT('',(-0.463125,0.463125,0.6625));
/*    165 */ #143=DIRECTION('',(-0.707106781186548,0.707106781186548,0.0));
/*    166 */ #144=DIRECTION('',(0.707106781186548,0.707106781186548,0.0));
/*    167 */ #145=AXIS2_PLACEMENT_3D('',#142,#143,#144);
/*    168 */ #146=PLANE('',#145);
/*    169 */ #147=ORIENTED_EDGE('',*,*,#27,.T.);
/*    170 */ #148=CARTESIAN_POINT('',(-0.45125,0.475,1.2));
/*    171 */ #149=VERTEX_POINT('',#148);
/*    172 */ #150=CARTESIAN_POINT('',(-0.45125,0.475,1.2));
/*    173 */ #151=DIRECTION('',(0.0,0.0,-1.0));
/*    174 */ #152=VECTOR('',#151,1.0);
/*    175 */ #153=LINE('',#150,#152);
/*    176 */ #154=EDGE_CURVE('',#149,#22,#153,.T.);
/*    177 */ #155=ORIENTED_EDGE('',*,*,#154,.F.);
/*    178 */ #156=CARTESIAN_POINT('',(-0.475,0.45125,1.2));
/*    179 */ #157=VERTEX_POINT('',#156);
/*    180 */ #158=CARTESIAN_POINT('',(-0.45125,0.475,1.2));
/*    181 */ #159=DIRECTION('',(-0.707106781186548,-0.707106781186548,0.0));
/*    182 */ #160=VECTOR('',#159,1.0);
/*    183 */ #161=LINE('',#158,#160);
/*    184 */ #162=EDGE_CURVE('',#149,#157,#161,.T.);
/*    185 */ #163=ORIENTED_EDGE('',*,*,#162,.T.);
/*    186 */ #164=CARTESIAN_POINT('',(-0.475,0.45125,1.2));
/*    187 */ #165=DIRECTION('',(0.0,0.0,-1.0));
/*    188 */ #166=VECTOR('',#165,1.0);
/*    189 */ #167=LINE('',#164,#166);
/*    190 */ #168=EDGE_CURVE('',#157,#20,#167,.T.);
/*    191 */ #169=ORIENTED_EDGE('',*,*,#168,.T.);
/*    192 */ #170=EDGE_LOOP('',(#147,#155,#163,#169));
/*    193 */ #171=FACE_BOUND('',#170,.F.);
/*    194 */ #172=ADVANCED_FACE('',(#171),#146,.T.);
/*    195 */ #173=CARTESIAN_POINT('',(0.475,0.475,0.125));
/*    196 */ #174=DIRECTION('',(0.0,1.0,0.0));
/*    197 */ #175=DIRECTION('',(-1.0,0.0,0.0));
/*    198 */ #176=AXIS2_PLACEMENT_3D('',#173,#174,#175);
/*    199 */ #177=PLANE('',#176);
/*    200 */ #178=ORIENTED_EDGE('',*,*,#154,.T.);
/*    201 */ #179=ORIENTED_EDGE('',*,*,#57,.F.);
/*    202 */ #180=CARTESIAN_POINT('',(0.475,0.475,1.2));
/*    203 */ #181=VERTEX_POINT('',#180);
/*    204 */ #182=CARTESIAN_POINT('',(0.475,0.475,0.125));
/*    205 */ #183=DIRECTION('',(0.0,0.0,1.0));
/*    206 */ #184=VECTOR('',#183,1.0);
/*    207 */ #185=LINE('',#182,#184);
/*    208 */ #186=EDGE_CURVE('',#46,#181,#185,.T.);
/*    209 */ #187=ORIENTED_EDGE('',*,*,#186,.T.);
/*    210 */ #188=CARTESIAN_POINT('',(0.475,0.475,1.2));
/*    211 */ #189=DIRECTION('',(-1.0,0.0,0.0));
/*    212 */ #190=VECTOR('',#189,1.0);
/*    213 */ #191=LINE('',#188,#190);
/*    214 */ #192=EDGE_CURVE('',#181,#149,#191,.T.);
/*    215 */ #193=ORIENTED_EDGE('',*,*,#192,.T.);
/*    216 */ #194=EDGE_LOOP('',(#178,#179,#187,#193));
/*    217 */ #195=FACE_BOUND('',#194,.F.);
/*    218 */ #196=ADVANCED_FACE('',(#195),#177,.T.);
/*    219 */ #197=CARTESIAN_POINT('',(0.475,-0.475,0.125));
/*    220 */ #198=DIRECTION('',(1.0,0.0,0.0));
/*    221 */ #199=DIRECTION('',(-0.0,1.0,0.0));
/*    222 */ #200=AXIS2_PLACEMENT_3D('',#197,#198,#199);
/*    223 */ #201=PLANE('',#200);
/*    224 */ #202=ORIENTED_EDGE('',*,*,#51,.F.);
/*    225 */ #203=CARTESIAN_POINT('',(0.475,-0.475,1.2));
/*    226 */ #204=VERTEX_POINT('',#203);
/*    227 */ #205=CARTESIAN_POINT('',(0.475,-0.475,0.125));
/*    228 */ #206=DIRECTION('',(0.0,0.0,1.0));
/*    229 */ #207=VECTOR('',#206,1.0);
/*    230 */ #208=LINE('',#205,#207);
/*    231 */ #209=EDGE_CURVE('',#38,#204,#208,.T.);
/*    232 */ #210=ORIENTED_EDGE('',*,*,#209,.T.);
/*    233 */ #211=CARTESIAN_POINT('',(0.475,-0.475,1.2));
/*    234 */ #212=DIRECTION('',(0.0,1.0,0.0));
/*    235 */ #213=VECTOR('',#212,1.0);
/*    236 */ #214=LINE('',#211,#213);
/*    237 */ #215=EDGE_CURVE('',#204,#181,#214,.T.);
/*    238 */ #216=ORIENTED_EDGE('',*,*,#215,.T.);
/*    239 */ #217=ORIENTED_EDGE('',*,*,#186,.F.);
/*    240 */ #218=EDGE_LOOP('',(#202,#210,#216,#217));
/*    241 */ #219=FACE_BOUND('',#218,.F.);
/*    242 */ #220=ADVANCED_FACE('',(#219),#201,.T.);
/*    243 */ #221=CARTESIAN_POINT('',(-0.475,-0.475,0.125));
/*    244 */ #222=DIRECTION('',(0.0,-1.0,0.0));
/*    245 */ #223=DIRECTION('',(1.0,0.0,0.0));
/*    246 */ #224=AXIS2_PLACEMENT_3D('',#221,#222,#223);
/*    247 */ #225=PLANE('',#224);
/*    248 */ #226=ORIENTED_EDGE('',*,*,#43,.F.);
/*    249 */ #227=CARTESIAN_POINT('',(-0.475,-0.475,1.2));
/*    250 */ #228=VERTEX_POINT('',#227);
/*    251 */ #229=CARTESIAN_POINT('',(-0.475,-0.475,0.125));
/*    252 */ #230=DIRECTION('',(0.0,0.0,1.0));
/*    253 */ #231=VECTOR('',#230,1.0);
/*    254 */ #232=LINE('',#229,#231);
/*    255 */ #233=EDGE_CURVE('',#30,#228,#232,.T.);
/*    256 */ #234=ORIENTED_EDGE('',*,*,#233,.T.);
/*    257 */ #235=CARTESIAN_POINT('',(-0.475,-0.475,1.2));
/*    258 */ #236=DIRECTION('',(1.0,0.0,0.0));
/*    259 */ #237=VECTOR('',#236,1.0);
/*    260 */ #238=LINE('',#235,#237);
/*    261 */ #239=EDGE_CURVE('',#228,#204,#238,.T.);
/*    262 */ #240=ORIENTED_EDGE('',*,*,#239,.T.);
/*    263 */ #241=ORIENTED_EDGE('',*,*,#209,.F.);
/*    264 */ #242=EDGE_LOOP('',(#226,#234,#240,#241));
/*    265 */ #243=FACE_BOUND('',#242,.F.);
/*    266 */ #244=ADVANCED_FACE('',(#243),#225,.T.);
/*    267 */ #245=CARTESIAN_POINT('',(-0.475,0.475,0.125));
/*    268 */ #246=DIRECTION('',(-1.0,0.0,0.0));
/*    269 */ #247=DIRECTION('',(0.0,-1.0,0.0));
/*    270 */ #248=AXIS2_PLACEMENT_3D('',#245,#246,#247);
/*    271 */ #249=PLANE('',#248);
/*    272 */ #250=ORIENTED_EDGE('',*,*,#168,.F.);
/*    273 */ #251=CARTESIAN_POINT('',(-0.475,0.45125,1.2));
/*    274 */ #252=DIRECTION('',(0.0,-1.0,0.0));
/*    275 */ #253=VECTOR('',#252,1.0);
/*    276 */ #254=LINE('',#251,#253);
/*    277 */ #255=EDGE_CURVE('',#157,#228,#254,.T.);
/*    278 */ #256=ORIENTED_EDGE('',*,*,#255,.T.);
/*    279 */ #257=ORIENTED_EDGE('',*,*,#233,.F.);
/*    280 */ #258=ORIENTED_EDGE('',*,*,#35,.F.);
/*    281 */ #259=EDGE_LOOP('',(#250,#256,#257,#258));
/*    282 */ #260=FACE_BOUND('',#259,.F.);
/*    283 */ #261=ADVANCED_FACE('',(#260),#249,.T.);
/*    284 */ #262=CARTESIAN_POINT('',(0.0,0.0,1.2));
/*    285 */ #263=DIRECTION('',(0.0,0.0,1.0));
/*    286 */ #264=DIRECTION('',(0.0,-1.0,0.0));
/*    287 */ #265=AXIS2_PLACEMENT_3D('',#262,#263,#264);
/*    288 */ #266=PLANE('',#265);
/*    289 */ #267=ORIENTED_EDGE('',*,*,#162,.F.);
/*    290 */ #268=ORIENTED_EDGE('',*,*,#192,.F.);
/*    291 */ #269=ORIENTED_EDGE('',*,*,#215,.F.);
/*    292 */ #270=ORIENTED_EDGE('',*,*,#239,.F.);
/*    293 */ #271=ORIENTED_EDGE('',*,*,#255,.F.);
/*    294 */ #272=EDGE_LOOP('',(#267,#268,#269,#270,#271));
/*    295 */ #273=FACE_BOUND('',#272,.F.);
/*    296 */ #274=ADVANCED_FACE('',(#273),#266,.T.);
/*    297 */ #275=CARTESIAN_POINT('',(-0.2,-0.2,0.085));
/*    298 */ #276=DIRECTION('',(1.0,0.0,0.0));
/*    299 */ #277=DIRECTION('',(0.0,-1.0,0.0));
/*    300 */ #278=AXIS2_PLACEMENT_3D('',#275,#276,#277);
/*    301 */ #279=SPHERICAL_SURFACE('',#278,0.085);
/*    302 */ #280=CARTESIAN_POINT('',(-0.115,-0.2,0.085));
/*    303 */ #281=VERTEX_POINT('',#280);
/*    304 */ #282=CARTESIAN_POINT('',(-0.285,-0.2,0.085));
/*    305 */ #283=VERTEX_POINT('',#282);
/*    306 */ #284=CARTESIAN_POINT('',(-0.2,-0.2,0.085));
/*    307 */ #285=DIRECTION('',(0.0,0.0,1.0));
/*    308 */ #286=DIRECTION('',(1.0,0.0,-0.0));
/*    309 */ #287=AXIS2_PLACEMENT_3D('',#284,#285,#286);
/*    310 */ #288=CIRCLE('',#287,0.085);
/*    311 */ #289=EDGE_CURVE('',#281,#283,#288,.T.);
/*    312 */ #290=ORIENTED_EDGE('',*,*,#289,.T.);
/*    313 */ #291=CARTESIAN_POINT('',(-0.2,-0.2,0.085));
/*    314 */ #292=DIRECTION('',(0.0,0.0,-1.0));
/*    315 */ #293=DIRECTION('',(1.0,0.0,0.0));
/*    316 */ #294=AXIS2_PLACEMENT_3D('',#291,#292,#293);
/*    317 */ #295=CIRCLE('',#294,0.085);
/*    318 */ #296=EDGE_CURVE('',#281,#283,#295,.T.);
/*    319 */ #297=ORIENTED_EDGE('',*,*,#296,.F.);
/*    320 */ #298=EDGE_LOOP('',(#290,#297));
/*    321 */ #299=FACE_BOUND('',#298,.T.);
/*    322 */ #300=ORIENTED_EDGE('',*,*,#70,.F.);
/*    323 */ #301=ORIENTED_EDGE('',*,*,#77,.F.);
/*    324 */ #302=EDGE_LOOP('',(#300,#301));
/*    325 */ #303=FACE_BOUND('',#302,.T.);
/*    326 */ #304=ADVANCED_FACE('',(#299,#303),#279,.T.);
/*    327 */ #305=CARTESIAN_POINT('',(-0.2,-0.2,0.085));
/*    328 */ #306=DIRECTION('',(1.0,0.0,0.0));
/*    329 */ #307=DIRECTION('',(0.0,-1.0,0.0));
/*    330 */ #308=AXIS2_PLACEMENT_3D('',#305,#306,#307);
/*    331 */ #309=SPHERICAL_SURFACE('',#308,0.085);
/*    332 */ #310=ORIENTED_EDGE('',*,*,#289,.F.);
/*    333 */ #311=ORIENTED_EDGE('',*,*,#296,.T.);
/*    334 */ #312=EDGE_LOOP('',(#310,#311));
/*    335 */ #313=FACE_BOUND('',#312,.T.);
/*    336 */ #314=ADVANCED_FACE('',(#313),#309,.T.);
/*    337 */ #315=CARTESIAN_POINT('',(0.2,-0.2,0.085));
/*    338 */ #316=DIRECTION('',(1.0,0.0,0.0));
/*    339 */ #317=DIRECTION('',(0.0,-1.0,0.0));
/*    340 */ #318=AXIS2_PLACEMENT_3D('',#315,#316,#317);
/*    341 */ #319=SPHERICAL_SURFACE('',#318,0.085);
/*    342 */ #320=CARTESIAN_POINT('',(0.285,-0.2,0.085));
/*    343 */ #321=VERTEX_POINT('',#320);
/*    344 */ #322=CARTESIAN_POINT('',(0.115,-0.2,0.085));
/*    345 */ #323=VERTEX_POINT('',#322);
/*    346 */ #324=CARTESIAN_POINT('',(0.2,-0.2,0.085));
/*    347 */ #325=DIRECTION('',(0.0,0.0,1.0));
/*    348 */ #326=DIRECTION('',(1.0,0.0,-0.0));
/*    349 */ #327=AXIS2_PLACEMENT_3D('',#324,#325,#326);
/*    350 */ #328=CIRCLE('',#327,0.085);
/*    351 */ #329=EDGE_CURVE('',#321,#323,#328,.T.);
/*    352 */ #330=ORIENTED_EDGE('',*,*,#329,.T.);
/*    353 */ #331=CARTESIAN_POINT('',(0.2,-0.2,0.085));
/*    354 */ #332=DIRECTION('',(0.0,0.0,-1.0));
/*    355 */ #333=DIRECTION('',(1.0,0.0,0.0));
/*    356 */ #334=AXIS2_PLACEMENT_3D('',#331,#332,#333);
/*    357 */ #335=CIRCLE('',#334,0.085);
/*    358 */ #336=EDGE_CURVE('',#321,#323,#335,.T.);
/*    359 */ #337=ORIENTED_EDGE('',*,*,#336,.F.);
/*    360 */ #338=EDGE_LOOP('',(#330,#337));
/*    361 */ #339=FACE_BOUND('',#338,.T.);
/*    362 */ #340=ORIENTED_EDGE('',*,*,#90,.F.);
/*    363 */ #341=ORIENTED_EDGE('',*,*,#97,.F.);
/*    364 */ #342=EDGE_LOOP('',(#340,#341));
/*    365 */ #343=FACE_BOUND('',#342,.T.);
/*    366 */ #344=ADVANCED_FACE('',(#339,#343),#319,.T.);
/*    367 */ #345=CARTESIAN_POINT('',(0.2,-0.2,0.085));
/*    368 */ #346=DIRECTION('',(1.0,0.0,0.0));
/*    369 */ #347=DIRECTION('',(0.0,-1.0,0.0));
/*    370 */ #348=AXIS2_PLACEMENT_3D('',#345,#346,#347);
/*    371 */ #349=SPHERICAL_SURFACE('',#348,0.085);
/*    372 */ #350=ORIENTED_EDGE('',*,*,#329,.F.);
/*    373 */ #351=ORIENTED_EDGE('',*,*,#336,.T.);
/*    374 */ #352=EDGE_LOOP('',(#350,#351));
/*    375 */ #353=FACE_BOUND('',#352,.T.);
/*    376 */ #354=ADVANCED_FACE('',(#353),#349,.T.);
/*    377 */ #355=CARTESIAN_POINT('',(-0.2,0.2,0.085));
/*    378 */ #356=DIRECTION('',(1.0,0.0,0.0));
/*    379 */ #357=DIRECTION('',(0.0,-1.0,0.0));
/*    380 */ #358=AXIS2_PLACEMENT_3D('',#355,#356,#357);
/*    381 */ #359=SPHERICAL_SURFACE('',#358,0.085);
/*    382 */ #360=CARTESIAN_POINT('',(-0.115,0.2,0.085));
/*    383 */ #361=VERTEX_POINT('',#360);
/*    384 */ #362=CARTESIAN_POINT('',(-0.285,0.2,0.085));
/*    385 */ #363=VERTEX_POINT('',#362);
/*    386 */ #364=CARTESIAN_POINT('',(-0.2,0.2,0.085));
/*    387 */ #365=DIRECTION('',(0.0,0.0,1.0));
/*    388 */ #366=DIRECTION('',(1.0,0.0,-0.0));
/*    389 */ #367=AXIS2_PLACEMENT_3D('',#364,#365,#366);
/*    390 */ #368=CIRCLE('',#367,0.085);
/*    391 */ #369=EDGE_CURVE('',#361,#363,#368,.T.);
/*    392 */ #370=ORIENTED_EDGE('',*,*,#369,.T.);
/*    393 */ #371=CARTESIAN_POINT('',(-0.2,0.2,0.085));
/*    394 */ #372=DIRECTION('',(0.0,0.0,-1.0));
/*    395 */ #373=DIRECTION('',(1.0,0.0,0.0));
/*    396 */ #374=AXIS2_PLACEMENT_3D('',#371,#372,#373);
/*    397 */ #375=CIRCLE('',#374,0.085);
/*    398 */ #376=EDGE_CURVE('',#361,#363,#375,.T.);
/*    399 */ #377=ORIENTED_EDGE('',*,*,#376,.F.);
/*    400 */ #378=EDGE_LOOP('',(#370,#377));
/*    401 */ #379=FACE_BOUND('',#378,.T.);
/*    402 */ #380=ORIENTED_EDGE('',*,*,#110,.F.);
/*    403 */ #381=ORIENTED_EDGE('',*,*,#117,.F.);
/*    404 */ #382=EDGE_LOOP('',(#380,#381));
/*    405 */ #383=FACE_BOUND('',#382,.T.);
/*    406 */ #384=ADVANCED_FACE('',(#379,#383),#359,.T.);
/*    407 */ #385=CARTESIAN_POINT('',(-0.2,0.2,0.085));
/*    408 */ #386=DIRECTION('',(1.0,0.0,0.0));
/*    409 */ #387=DIRECTION('',(0.0,-1.0,0.0));
/*    410 */ #388=AXIS2_PLACEMENT_3D('',#385,#386,#387);
/*    411 */ #389=SPHERICAL_SURFACE('',#388,0.085);
/*    412 */ #390=ORIENTED_EDGE('',*,*,#369,.F.);
/*    413 */ #391=ORIENTED_EDGE('',*,*,#376,.T.);
/*    414 */ #392=EDGE_LOOP('',(#390,#391));
/*    415 */ #393=FACE_BOUND('',#392,.T.);
/*    416 */ #394=ADVANCED_FACE('',(#393),#389,.T.);
/*    417 */ #395=CARTESIAN_POINT('',(0.2,0.2,0.085));
/*    418 */ #396=DIRECTION('',(1.0,0.0,0.0));
/*    419 */ #397=DIRECTION('',(0.0,-1.0,0.0));
/*    420 */ #398=AXIS2_PLACEMENT_3D('',#395,#396,#397);
/*    421 */ #399=SPHERICAL_SURFACE('',#398,0.085);
/*    422 */ #400=CARTESIAN_POINT('',(0.285,0.2,0.085));
/*    423 */ #401=VERTEX_POINT('',#400);
/*    424 */ #402=CARTESIAN_POINT('',(0.115,0.2,0.085));
/*    425 */ #403=VERTEX_POINT('',#402);
/*    426 */ #404=CARTESIAN_POINT('',(0.2,0.2,0.085));
/*    427 */ #405=DIRECTION('',(0.0,0.0,1.0));
/*    428 */ #406=DIRECTION('',(1.0,0.0,-0.0));
/*    429 */ #407=AXIS2_PLACEMENT_3D('',#404,#405,#406);
/*    430 */ #408=CIRCLE('',#407,0.085);
/*    431 */ #409=EDGE_CURVE('',#401,#403,#408,.T.);
/*    432 */ #410=ORIENTED_EDGE('',*,*,#409,.T.);
/*    433 */ #411=CARTESIAN_POINT('',(0.2,0.2,0.085));
/*    434 */ #412=DIRECTION('',(0.0,0.0,-1.0));
/*    435 */ #413=DIRECTION('',(1.0,0.0,0.0));
/*    436 */ #414=AXIS2_PLACEMENT_3D('',#411,#412,#413);
/*    437 */ #415=CIRCLE('',#414,0.085);
/*    438 */ #416=EDGE_CURVE('',#401,#403,#415,.T.);
/*    439 */ #417=ORIENTED_EDGE('',*,*,#416,.F.);
/*    440 */ #418=EDGE_LOOP('',(#410,#417));
/*    441 */ #419=FACE_BOUND('',#418,.T.);
/*    442 */ #420=ORIENTED_EDGE('',*,*,#130,.F.);
/*    443 */ #421=ORIENTED_EDGE('',*,*,#137,.F.);
/*    444 */ #422=EDGE_LOOP('',(#420,#421));
/*    445 */ #423=FACE_BOUND('',#422,.T.);
/*    446 */ #424=ADVANCED_FACE('',(#419,#423),#399,.T.);
/*    447 */ #425=CARTESIAN_POINT('',(0.2,0.2,0.085));
/*    448 */ #426=DIRECTION('',(1.0,0.0,0.0));
/*    449 */ #427=DIRECTION('',(0.0,-1.0,0.0));
/*    450 */ #428=AXIS2_PLACEMENT_3D('',#425,#426,#427);
/*    451 */ #429=SPHERICAL_SURFACE('',#428,0.085);
/*    452 */ #430=ORIENTED_EDGE('',*,*,#409,.F.);
/*    453 */ #431=ORIENTED_EDGE('',*,*,#416,.T.);
/*    454 */ #432=EDGE_LOOP('',(#430,#431));
/*    455 */ #433=FACE_BOUND('',#432,.T.);
/*    456 */ #434=ADVANCED_FACE('',(#433),#429,.T.);
/*    457 */ #435=CLOSED_SHELL('',(#141,#172,#196,#220,#244,#261,#274,#304,#314,#344,#354,#384,
/*    458 */      #394,#424,#434));
/*    459 */ #436=MANIFOLD_SOLID_BREP('',#435);
/*    460 */ #437=ADVANCED_BREP_SHAPE_REPRESENTATION('3d bound volume shape',(#436,#438),#442);
/*    461 */ #438=AXIS2_PLACEMENT_3D('origin',#439,#440,#441);
/*    462 */ #439=CARTESIAN_POINT('',(0.0,0.0,0.0));
/*    463 */ #440=DIRECTION('',(0.0,0.0,1.0));
/*    464 */ #441=DIRECTION('',(1.0,0.0,0.0));
/*    465 */ #442=(GEOMETRIC_REPRESENTATION_CONTEXT(3)GLOBAL_UNCERTAINTY_ASSIGNED_CONTEXT((#10,
/*    466 */      #11,#12))GLOBAL_UNIT_ASSIGNED_CONTEXT((#2,#8,#9))REPRESENTATION_CONTEXT('unit_context3D',
/*    467 */      'unit_context3D'));
/*    468 */ #443=PRODUCT_DEFINITION_CONTEXT('part definition',#444,'');
/*    469 */ #444=APPLICATION_CONTEXT('package model');
/*    470 */ #445=APPLICATION_PROTOCOL_DEFINITION('','electronic_assembly_interconnect_and_packaging_design',
/*    471 */      2009,#444);
/*    472 */ #446=PRODUCT_DEFINITION_FORMATION('MO-211_AA_single_solid product definition',$,
/*    473 */      #447);
/*    474 */ #447=PRODUCT('MO-211_AA_single_solid','MO-211_AA_single_solid',$,(#450));
/*    475 */ #449=PRODUCT_RELATED_PRODUCT_CATEGORY('part',$,(#447));
/*    476 */ #450=PRODUCT_CONTEXT('',#444,'');
/*    477 */ #451=REPRESENTATION_CONTEXT('parameter values','parameter');
/*    478 */ #452=PRODUCT_SPECIFIC_PARAMETER_VALUE_ASSIGNMENT('Category',$,'',$,(#447));
/*    479 */ #453=PROPERTY_DEFINITION('Category','assigned parameter',#452);
/*    480 */ #454=PARAMETER_ASSIGNMENT(#455,#454,'Category',(#457),#451);
/*    481 */ #455=MODEL_PARAMETER('','Category',$);
/*    482 */ #456=PROPERTY_DEFINITION_REPRESENTATION(#453,#454);
/*    483 */ #457=DESCRIPTIVE_REPRESENTATION_ITEM('text','');
/*    484 */ #460=REPRESENTATION_CONTEXT('description context','description');
/*    485 */ #461=SHAPE_REPRESENTATION('3d bound volume shape',(#470,#580),#462);
/*    486 */ #462=(GEOMETRIC_REPRESENTATION_CONTEXT(3)GLOBAL_UNCERTAINTY_ASSIGNED_CONTEXT((#10,
/*    487 */      #11,#12))GLOBAL_UNIT_ASSIGNED_CONTEXT((#2,#8,#9))REPRESENTATION_CONTEXT('unit_context3D',
/*    488 */      'unit_context3D'));
/*    489 */ #463=PLACED_FEATURE('',$,#3,$);
/*    490 */ #464=PROPERTY_DEFINITION('un-assigned shape',$,#463);
/*    491 */ #465=SHAPE_DEFINITION_REPRESENTATION(#464,#437);
/*    492 */ #466=CARTESIAN_POINT('',(0.0,0.0,0.0));
/*    493 */ #467=DIRECTION('',(0.0,0.0,1.0));
/*    494 */ #468=DIRECTION('',(1.0,0.0,-0.0));
/*    495 */ #469=AXIS2_PLACEMENT_3D('',#466,#467,#468);
/*    496 */ #470=USAGE_CONCEPT_USAGE_RELATIONSHIP('',#471,#469,'',$,#463,#461,*);
/*    497 */ #471=REPRESENTATION_MAP(#438,#437);
/*    498 */ #472=DESCRIPTION_ATTRIBUTE('pu3dsm',#461);
/*    499 */ #473=REPRESENTATION_RELATIONSHIP('',$,#461,#474);
/*    500 */ #474=REPRESENTATION('',(#475),#460);
/*    501 */ #475=DESCRIPTIVE_REPRESENTATION_ITEM('design','');
/*    502 */ #476=REPRESENTATION_RELATIONSHIP('shape environment',$,#461,#477);
/*    503 */ #477=REPRESENTATION('shape environment',(#478),#460);
/*    504 */ #478=DESCRIPTIVE_REPRESENTATION_ITEM('manufacturing','');
/*    505 */ #479=REPRESENTATION_RELATIONSHIP('shape extent',$,#461,#480);
/*    506 */ #480=REPRESENTATION('shape extent',(#481),#460);
/*    507 */ #481=DESCRIPTIVE_REPRESENTATION_ITEM('envelope','');
/*    508 */ #482=REPRESENTATION_RELATIONSHIP('shape material condition',$,#461,#483);
/*    509 */ #483=REPRESENTATION('shape material condition',(#484),#460);
/*    510 */ #484=DESCRIPTIVE_REPRESENTATION_ITEM('nominal_material_condition','');
/*    511 */ #485=REPRESENTATION_RELATIONSHIP('shape approximation level',$,#461,#486);
/*    512 */ #486=REPRESENTATION('shape approximation level',(#487),#460);
/*    513 */ #487=DESCRIPTIVE_REPRESENTATION_ITEM('is unknown','');
/*    514 */ #488=SHAPE_DEFINITION_REPRESENTATION(#3,#461);
/*    515 */ #489=PACKAGE_BODY('Body','part generic feature',#3,.F.);
/*    516 */ #490=MATERIAL_DESIGNATION_WITH_CONDUCTIVITY_CLASSIFICATION('unknown non conductive material',
/*    517 */      (#489));
/*    518 */ #491=APPLIED_CLASSIFICATION_ASSIGNMENT(#493,#492,(#490));
/*    519 */ #492=CLASSIFICATION_ROLE('conductive',$);
/*    520 */ #493=CLASS('electrical conductivity','non conductive');
/*    521 */ #494=ID_ATTRIBUTE('electrical conductivity',#493);
/*    522 */ #495=ITEM_IDENTIFIED_REPRESENTATION_USAGE('',$,#489,#437,#141);
/*    523 */ #496=ITEM_IDENTIFIED_REPRESENTATION_USAGE('',$,#489,#437,#172);
/*    524 */ #497=ITEM_IDENTIFIED_REPRESENTATION_USAGE('',$,#489,#437,#196);
/*    525 */ #498=ITEM_IDENTIFIED_REPRESENTATION_USAGE('',$,#489,#437,#220);
/*    526 */ #499=ITEM_IDENTIFIED_REPRESENTATION_USAGE('',$,#489,#437,#244);
/*    527 */ #500=ITEM_IDENTIFIED_REPRESENTATION_USAGE('',$,#489,#437,#261);
/*    528 */ #501=ITEM_IDENTIFIED_REPRESENTATION_USAGE('',$,#489,#437,#274);
/*    529 */ #502=PACKAGE_TERMINAL_TEMPLATE_DEFINITION('Ball',$,'Ball',$);
/*    530 */ #503=PROPERTY_DEFINITION('custom lead form','Ball',#502);
/*    531 */ #504=PROPERTY_DEFINITION('seating plane intersection','surface intersection',#502);
/*    532 */ #505=MATERIAL_DESIGNATION_WITH_CONDUCTIVITY_CLASSIFICATION('unknown conductive material',
/*    533 */      (#502));
/*    534 */ #506=APPLIED_CLASSIFICATION_ASSIGNMENT(#508,#507,(#505));
/*    535 */ #507=CLASSIFICATION_ROLE('terminal core material','terminal core material');
/*    536 */ #508=CLASS('conductive','terminal core material');
/*    537 */ #509=ID_ATTRIBUTE('conductive',#508);
/*    538 */ #510=MATERIAL_DESIGNATION_WITH_CONDUCTIVITY_CLASSIFICATION('unknown conductive material',
/*    539 */      (#502));
/*    540 */ #511=APPLIED_CLASSIFICATION_ASSIGNMENT(#513,#512,(#510));
/*    541 */ #512=CLASSIFICATION_ROLE('terminal surface material','terminal surface material');
/*    542 */ #513=CLASS('conductive','terminal surface material');
/*    543 */ #514=ID_ATTRIBUTE('conductive',#513);
/*    544 */ #515=PACKAGE_TERMINAL('A2','part generic feature',#3,.F.);
/*    545 */ #516=PROPERTY_DEFINITION('terminal definition',$,#515);
/*    546 */ #517=PROPERTY_DEFINITION('terminal definition',$,#502);
/*    547 */ #518=PROPERTY_DEFINITION_RELATIONSHIP('definition','',#517,#516);
/*    548 */ #519=ITEM_IDENTIFIED_REPRESENTATION_USAGE('',$,#515,#437,#424);
/*    549 */ #520=ITEM_IDENTIFIED_REPRESENTATION_USAGE('',$,#515,#437,#434);
/*    550 */ #521=PRIMARY_REFERENCE_TERMINAL('A1','part generic feature',#3,.F.);
/*    551 */ #522=PROPERTY_DEFINITION('terminal definition',$,#521);
/*    552 */ #523=PROPERTY_DEFINITION('terminal definition',$,#502);
/*    553 */ #524=PROPERTY_DEFINITION_RELATIONSHIP('definition','',#523,#522);
/*    554 */ #525=ITEM_IDENTIFIED_REPRESENTATION_USAGE('',$,#521,#437,#384);
/*    555 */ #526=ITEM_IDENTIFIED_REPRESENTATION_USAGE('',$,#521,#437,#394);
/*    556 */ #527=PACKAGE_TERMINAL('B1','part generic feature',#3,.F.);
/*    557 */ #528=PROPERTY_DEFINITION('terminal definition',$,#527);
/*    558 */ #529=PROPERTY_DEFINITION('terminal definition',$,#502);
/*    559 */ #530=PROPERTY_DEFINITION_RELATIONSHIP('definition','',#529,#528);
/*    560 */ #531=ITEM_IDENTIFIED_REPRESENTATION_USAGE('',$,#527,#437,#314);
/*    561 */ #532=ITEM_IDENTIFIED_REPRESENTATION_USAGE('',$,#527,#437,#304);
/*    562 */ #533=PACKAGE_TERMINAL('B2','part generic feature',#3,.F.);
/*    563 */ #534=PROPERTY_DEFINITION('terminal definition',$,#533);
/*    564 */ #535=PROPERTY_DEFINITION('terminal definition',$,#502);
/*    565 */ #536=PROPERTY_DEFINITION_RELATIONSHIP('definition','',#535,#534);
/*    566 */ #537=ITEM_IDENTIFIED_REPRESENTATION_USAGE('',$,#533,#437,#344);
/*    567 */ #538=ITEM_IDENTIFIED_REPRESENTATION_USAGE('',$,#533,#437,#354);
/*    568 */ #567=SEATING_PLANE('seating plane','seating plane feature',#3,.F.);
/*    569 */ #568=SHAPE_REPRESENTATION('',(#573,#577),#462);
/*    570 */ #569=CARTESIAN_POINT('',(0.0,0.0,0.0));
/*    571 */ #570=DIRECTION('',(0.0,0.0,1.0));
/*    572 */ #571=DIRECTION('',(1.0,0.0,-0.0));
/*    573 */ #572=AXIS2_PLACEMENT_3D('',#569,#570,#571);
/*    574 */ #573=PLANE('',#572);
/*    575 */ #574=CARTESIAN_POINT('',(0.0,0.0,0.0));
/*    576 */ #575=DIRECTION('',(0.0,0.0,1.0));
/*    577 */ #576=DIRECTION('',(1.0,0.0,-0.0));
/*    578 */ #577=AXIS2_PLACEMENT_3D('',#574,#575,#576);
/*    579 */ #578=PROPERTY_DEFINITION('shape for seating plane',$,#567);
/*    580 */ #579=SHAPE_DEFINITION_REPRESENTATION(#578,#568);
/*    581 */ #580=USAGE_CONCEPT_USAGE_RELATIONSHIP('',#581,#438,'',$,#567,#461,*);
/*    582 */ #581=REPRESENTATION_MAP(#577,#568);
/*    583 */ #582=FOOTPRINT_DEFINITION('Footprint',$,#587,#583,'',$,*);
/*    584 */ #583=PRODUCT_DEFINITION_CONTEXT('part definition',#444,'');
/*    585 */ #584=PRODUCT_DEFINITION_CONTEXT_ASSOCIATION(#582,#586,#585);
/*    586 */ #585=PRODUCT_DEFINITION_CONTEXT_ROLE('part definition type',$);
/*    587 */ #586=PRODUCT_DEFINITION_CONTEXT('template definition',#444,'');
/*    588 */ #587=PRODUCT_DEFINITION_FORMATION('1',$,#588);
/*    589 */ #588=PRODUCT('Footprint','template',$,(#590));
/*    590 */ #589=PRODUCT_RELATED_PRODUCT_CATEGORY('template model',$,(#588));
/*    591 */ #590=PRODUCT_CONTEXT('template model',#444,'');
/*    592 */ #591=PROPERTY_DEFINITION('location','top',#582);
/*    593 */ #592=SHAPE_REPRESENTATION('ppsm',(#594),#13);
/*    594 */ #593=DESCRIPTION_ATTRIBUTE('footprint definition shape model',#592);
/*    595 */ #594=AXIS2_PLACEMENT_2D('origin',#595,#596);
/*    596 */ #595=CARTESIAN_POINT('',(0.0,0.0));
/*    597 */ #596=DIRECTION('',(1.0,0.0));
/*    598 */ #597=SHAPE_DEFINITION_REPRESENTATION(#582,#592);
/*    599 */ #598=PROPERTY_DEFINITION_RELATIONSHIP('reference package','',#3,#582);
/*    600 */ #599=SHAPE_REPRESENTATION('ppsm',(#600,#626,#636,#646,#656),#13);
/*    601 */ #600=AXIS2_PLACEMENT_2D('origin',#601,#602);
/*    602 */ #601=CARTESIAN_POINT('',(0.0,0.0));
/*    603 */ #602=DIRECTION('',(1.0,0.0));
/*    604 */ #618=(GEOMETRIC_REPRESENTATION_CONTEXT(2)GLOBAL_UNCERTAINTY_ASSIGNED_CONTEXT((#10,
/*    605 */      #11,#12))GLOBAL_UNIT_ASSIGNED_CONTEXT((#2,#8,#9))REPRESENTATION_CONTEXT('unit_context2D',
/*    606 */      'unit_context2D'));
/*    607 */ #619=CSG_SOLID_2D('',#620);
/*    608 */ #620=CIRCULAR_AREA('',#621,0.0850000512409);
/*    609 */ #621=CARTESIAN_POINT('',(0.2,0.2));
/*    610 */ #622=SINGLE_BOUNDARY_CSG_2D_SHAPE_REPRESENTATION('ppsm',(#625,#619),#618);
/*    611 */ #623=CARTESIAN_POINT('',(0.0,0.0));
/*    612 */ #624=DIRECTION('',(1.0,0.0));
/*    613 */ #625=AXIS2_PLACEMENT_2D('',#623,#624);
/*    614 */ #626=USAGE_CONCEPT_USAGE_RELATIONSHIP('',#627,#600,'',$,#515,#599,*);
/*    615 */ #627=REPRESENTATION_MAP(#625,#622);
/*    616 */ #628=(GEOMETRIC_REPRESENTATION_CONTEXT(2)GLOBAL_UNCERTAINTY_ASSIGNED_CONTEXT((#10,
/*    617 */      #11,#12))GLOBAL_UNIT_ASSIGNED_CONTEXT((#2,#8,#9))REPRESENTATION_CONTEXT('unit_context2D',
/*    618 */      'unit_context2D'));
/*    619 */ #629=CSG_SOLID_2D('',#630);
/*    620 */ #630=CIRCULAR_AREA('',#631,0.0850000512409);
/*    621 */ #631=CARTESIAN_POINT('',(-0.2,0.2));
/*    622 */ #632=SINGLE_BOUNDARY_CSG_2D_SHAPE_REPRESENTATION('ppsm',(#635,#629),#628);
/*    623 */ #633=CARTESIAN_POINT('',(0.0,0.0));
/*    624 */ #634=DIRECTION('',(1.0,0.0));
/*    625 */ #635=AXIS2_PLACEMENT_2D('',#633,#634);
/*    626 */ #636=USAGE_CONCEPT_USAGE_RELATIONSHIP('',#637,#600,'',$,#521,#599,*);
/*    627 */ #637=REPRESENTATION_MAP(#635,#632);
/*    628 */ #638=(GEOMETRIC_REPRESENTATION_CONTEXT(2)GLOBAL_UNCERTAINTY_ASSIGNED_CONTEXT((#10,
/*    629 */      #11,#12))GLOBAL_UNIT_ASSIGNED_CONTEXT((#2,#8,#9))REPRESENTATION_CONTEXT('unit_context2D',
/*    630 */      'unit_context2D'));
/*    631 */ #639=CSG_SOLID_2D('',#640);
/*    632 */ #640=CIRCULAR_AREA('',#641,0.0850000512409);
/*    633 */ #641=CARTESIAN_POINT('',(-0.2,-0.2));
/*    634 */ #642=SINGLE_BOUNDARY_CSG_2D_SHAPE_REPRESENTATION('ppsm',(#645,#639),#638);
/*    635 */ #643=CARTESIAN_POINT('',(0.0,0.0));
/*    636 */ #644=DIRECTION('',(1.0,0.0));
/*    637 */ #645=AXIS2_PLACEMENT_2D('',#643,#644);
/*    638 */ #646=USAGE_CONCEPT_USAGE_RELATIONSHIP('',#647,#600,'',$,#527,#599,*);
/*    639 */ #647=REPRESENTATION_MAP(#645,#642);
/*    640 */ #648=(GEOMETRIC_REPRESENTATION_CONTEXT(2)GLOBAL_UNCERTAINTY_ASSIGNED_CONTEXT((#10,
/*    641 */      #11,#12))GLOBAL_UNIT_ASSIGNED_CONTEXT((#2,#8,#9))REPRESENTATION_CONTEXT('unit_context2D',
/*    642 */      'unit_context2D'));
/*    643 */ #649=CSG_SOLID_2D('',#650);
/*    644 */ #650=CIRCULAR_AREA('',#651,0.0850000512409);
/*    645 */ #651=CARTESIAN_POINT('',(0.2,-0.2));
/*    646 */ #652=SINGLE_BOUNDARY_CSG_2D_SHAPE_REPRESENTATION('ppsm',(#655,#649),#648);
/*    647 */ #653=CARTESIAN_POINT('',(0.0,0.0));
/*    648 */ #654=DIRECTION('',(1.0,0.0));
/*    649 */ #655=AXIS2_PLACEMENT_2D('',#653,#654);
/*    650 */ #656=USAGE_CONCEPT_USAGE_RELATIONSHIP('',#657,#600,'',$,#533,#599,*);
/*    651 */ #657=REPRESENTATION_MAP(#655,#652);
/*    652 */ #658=DESCRIPTION_ATTRIBUTE('pupsm',#599);
/*    653 */ #659=ID_ATTRIBUTE('contacts_representation',#599);
/*    654 */ #660=SHAPE_DEFINITION_REPRESENTATION(#3,#599);
/*    655 */ #661=REPRESENTATION_RELATIONSHIP('predefined shape purpose',$,#599,#662);
/*    656 */ #662=REPRESENTATION('predefined shape purpose',(#663),#460);
/*    657 */ #663=DESCRIPTIVE_REPRESENTATION_ITEM('physical extent','contacts');
/*    658 */ #664=REPRESENTATION_RELATIONSHIP('shape environment',$,#599,#665);
/*    659 */ #665=REPRESENTATION('shape environment',(#666),#460);
/*    660 */ #666=DESCRIPTIVE_REPRESENTATION_ITEM('manufacturing','');
/*    661 */ #667=REPRESENTATION_RELATIONSHIP('shape extent',$,#599,#668);
/*    662 */ #668=REPRESENTATION('shape extent',(#669),#460);
/*    663 */ #669=DESCRIPTIVE_REPRESENTATION_ITEM('envelope','');
/*    664 */ #670=REPRESENTATION_RELATIONSHIP('shape material condition',$,#599,#671);
/*    665 */ #671=REPRESENTATION('shape material condition',(#672),#460);
/*    666 */ #672=DESCRIPTIVE_REPRESENTATION_ITEM('nominal_material_condition','');
/*    667 */ #673=REPRESENTATION_RELATIONSHIP('shape approximation level',$,#599,#674);
/*    668 */ #674=REPRESENTATION('shape approximation level',(#675),#460);
/*    669 */ #675=DESCRIPTIVE_REPRESENTATION_ITEM('is unknown','');
/*    670 */ #676=COORDINATED_GEOMETRIC_RELATIONSHIP_WITH_2D_3D_PLACEMENT_TRANSFORMATION('',$,
/*    671 */      #7,#461,#677);
/*    672 */ #677=AXIS_PLACEMENT_2D_3D_MAPPING('',$,#6,#577);
/*    673 */ #678=PRODUCT_DEFINITION_CONTEXT('physical design usage',$,$);
/*    674 */ #679=PRODUCT_DEFINITION_CONTEXT_ASSOCIATION(#3,#678,#680);
/*    675 */ #680=PRODUCT_DEFINITION_CONTEXT_ROLE('part definition type',$);
/*    676 */ #681=SHAPE_ASPECT('',$,#3,.T.);
/*    677 */ #682=ID_ATTRIBUTE('terminal f1 pin A1',#681);
/*    678 */ #683=GEOMETRIC_ITEM_SPECIFIC_USAGE('terminal f1 pin A1','',#681,#437,#384);
/*    679 */ #684=SHAPE_ASPECT('',$,#3,.T.);
/*    680 */ #685=ID_ATTRIBUTE('terminal f1 pin B2',#684);
/*    681 */ #686=GEOMETRIC_ITEM_SPECIFIC_USAGE('terminal f1 pin B2','',#684,#437,#344);
/*    682 */ #687=SHAPE_ASPECT('',$,#3,.T.);
/*    683 */ #688=ID_ATTRIBUTE('terminal f1 pin A2',#687);
/*    684 */ #689=GEOMETRIC_ITEM_SPECIFIC_USAGE('terminal f1 pin A2','',#687,#437,#424);
/*    685 */ #690=SHAPE_ASPECT('',$,#3,.T.);
/*    686 */ #691=ID_ATTRIBUTE('terminal f1 pin B1',#690);
/*    687 */ #692=GEOMETRIC_ITEM_SPECIFIC_USAGE('terminal f1 pin B1','',#690,#437,#314);
/*    688 */ #693=SHAPE_ASPECT('',$,#3,.T.);
/*    689 */ #694=ID_ATTRIBUTE('terminal f2 pin A2',#693);
/*    690 */ #695=GEOMETRIC_ITEM_SPECIFIC_USAGE('terminal f2 pin A2','',#693,#437,#434);
/*    691 */ #696=SHAPE_ASPECT('',$,#3,.T.);
/*    692 */ #697=ID_ATTRIBUTE('terminal f2 pin B1',#696);
/*    693 */ #698=GEOMETRIC_ITEM_SPECIFIC_USAGE('terminal f2 pin B1','',#696,#437,#304);
/*    694 */ #699=SHAPE_ASPECT('',$,#3,.T.);
/*    695 */ #700=ID_ATTRIBUTE('terminal f2 pin A1',#699);
/*    696 */ #701=GEOMETRIC_ITEM_SPECIFIC_USAGE('terminal f2 pin A1','',#699,#437,#394);
/*    697 */ #702=SHAPE_ASPECT('',$,#3,.T.);
/*    698 */ #703=ID_ATTRIBUTE('terminal f2 pin B2',#702);
/*    699 */ #704=GEOMETRIC_ITEM_SPECIFIC_USAGE('terminal f2 pin B2','',#702,#437,#354);
/*    700 */ #705=SHAPE_ASPECT('',$,#3,.T.);
/*    701 */ #706=ID_ATTRIBUTE('body bottom',#705);
/*    702 */ #707=GEOMETRIC_ITEM_SPECIFIC_USAGE('body bottom','',#705,#437,#141);
/*    703 */ #708=SHAPE_ASPECT('',$,#3,.T.);
/*    704 */ #709=ID_ATTRIBUTE('body df A f1',#708);
/*    705 */ #710=GEOMETRIC_ITEM_SPECIFIC_USAGE('body df A f1','',#708,#437,#196);
/*    706 */ #711=SHAPE_ASPECT('',$,#3,.T.);
/*    707 */ #712=ID_ATTRIBUTE('body df B f1',#711);
/*    708 */ #713=GEOMETRIC_ITEM_SPECIFIC_USAGE('body df B f1','',#711,#437,#220);
/*    709 */ #714=SHAPE_ASPECT('',$,#3,.T.);
/*    710 */ #715=ID_ATTRIBUTE('body df A f2',#714);
/*    711 */ #716=GEOMETRIC_ITEM_SPECIFIC_USAGE('body df A f2','',#714,#437,#244);
/*    712 */ #717=SHAPE_ASPECT('',$,#3,.T.);
/*    713 */ #718=ID_ATTRIBUTE('body df B f2',#717);
/*    714 */ #719=GEOMETRIC_ITEM_SPECIFIC_USAGE('body df B f2','',#717,#437,#261);
/*    715 */ #720=SHAPE_ASPECT('',$,#3,.T.);
/*    716 */ #721=ID_ATTRIBUTE('body top',#720);
/*    717 */ #722=GEOMETRIC_ITEM_SPECIFIC_USAGE('body top','',#720,#437,#274);
/*    718 */ #723=(COMPOSITE_SHAPE_ASPECT()COMPOSITE_UNIT_SHAPE_ASPECT()DATUM_FEATURE()
/*    719 */      DIMENSIONAL_SIZE(#723,'length')DIMENSIONAL_SIZE_WITH_DATUM_FEATURE()
/*    720 */      SHAPE_ASPECT($,'feature of size',#3,.T.)SYMMETRIC_SHAPE_ASPECT());
/*    721 */ #724=ID_ATTRIBUTE('dimension D and datum feature A',#723);
/*    722 */ #725=SHAPE_ASPECT_RELATIONSHIP('',$,#723,#714);
/*    723 */ #726=SHAPE_ASPECT_RELATIONSHIP('',$,#723,#708);
/*    724 */ #727=DIMENSIONAL_CHARACTERISTIC_REPRESENTATION(#723,#728);
/*    725 */ #728=SHAPE_DIMENSION_REPRESENTATION('',(#731,#733),#729);
/*    726 */ #729=REPRESENTATION_CONTEXT('dimension context','dimension');
/*    727 */ #730=ID_ATTRIBUTE('D',#728);
/*    728 */ #731=(LENGTH_MEASURE_WITH_UNIT()MEASURE_REPRESENTATION_ITEM()MEASURE_WITH_UNIT(LENGTH_MEASURE(
/*    729 */      0.95),#732)REPRESENTATION_ITEM(''));
/*    730 */ #732=(LENGTH_UNIT()NAMED_UNIT(*)SI_UNIT(.MILLI.,.METRE.));
/*    731 */ #733=DESCRIPTIVE_REPRESENTATION_ITEM('dimensional note','theoretical');
/*    732 */ #734=DATUM('','plane',#3,.F.,'A');
/*    733 */ #735=SHAPE_ASPECT_RELATIONSHIP('',$,#723,#734);
/*    734 */ #736=(COMPOSITE_SHAPE_ASPECT()COMPOSITE_UNIT_SHAPE_ASPECT()DATUM_FEATURE()
/*    735 */      DIMENSIONAL_SIZE(#736,'length')DIMENSIONAL_SIZE_WITH_DATUM_FEATURE()
/*    736 */      SHAPE_ASPECT($,'feature of size',#3,.T.)SYMMETRIC_SHAPE_ASPECT());
/*    737 */ #737=ID_ATTRIBUTE('dimension E and datum feature B',#736);
/*    738 */ #738=SHAPE_ASPECT_RELATIONSHIP('',$,#736,#711);
/*    739 */ #739=SHAPE_ASPECT_RELATIONSHIP('',$,#736,#717);
/*    740 */ #740=DIMENSIONAL_CHARACTERISTIC_REPRESENTATION(#736,#741);
/*    741 */ #741=SHAPE_DIMENSION_REPRESENTATION('',(#743,#744),#729);
/*    742 */ #742=ID_ATTRIBUTE('E',#741);
/*    743 */ #743=(LENGTH_MEASURE_WITH_UNIT()MEASURE_REPRESENTATION_ITEM()MEASURE_WITH_UNIT(LENGTH_MEASURE(
/*    744 */      0.95),#732)REPRESENTATION_ITEM(''));
/*    745 */ #744=DESCRIPTIVE_REPRESENTATION_ITEM('dimensional note','theoretical');
/*    746 */ #745=DATUM('','plane',#3,.F.,'B');
/*    747 */ #746=SHAPE_ASPECT_RELATIONSHIP('',$,#736,#745);
/*    748 */ #747=(COMPOSITE_SHAPE_ASPECT()COMPOSITE_UNIT_SHAPE_ASPECT()DATUM_FEATURE()
/*    749 */      SHAPE_ASPECT($,$,#3,.T.));
/*    750 */ #748=ID_ATTRIBUTE('bottom all pins',#747);
/*    751 */ #749=SHAPE_ASPECT_RELATIONSHIP('',$,#747,#681);
/*    752 */ #750=SHAPE_ASPECT_RELATIONSHIP('',$,#747,#687);
/*    753 */ #751=SHAPE_ASPECT_RELATIONSHIP('',$,#747,#684);
/*    754 */ #752=SHAPE_ASPECT_RELATIONSHIP('',$,#747,#690);
/*    755 */ #753=(DERIVED_SHAPE_ASPECT()SEATING_PLANE()SHAPE_ASPECT('tangent plane',$,#3,.T.)
/*    756 */      TANGENT());
/*    757 */ #754=ID_ATTRIBUTE('tangent to datum feature C',#753);
/*    758 */ #755=PLANE('',#756);
/*    759 */ #756=AXIS2_PLACEMENT_3D('',#757,#758,#759);
/*    760 */ #757=CARTESIAN_POINT('',(0.0,0.0,0.0));
/*    761 */ #758=DIRECTION('',(0.0,0.0,1.0));
/*    762 */ #759=DIRECTION('',(1.0,0.0,0.0));
/*    763 */ #760=CONSTRUCTIVE_GEOMETRY_REPRESENTATION('',(#755,#771,#779,#787,#795),#462);
/*    764 */ #761=CONSTRUCTIVE_GEOMETRY_REPRESENTATION_RELATIONSHIP('',$,#461,#760);
/*    765 */ #762=GEOMETRIC_ITEM_SPECIFIC_USAGE('',$,#753,#760,#755);
/*    766 */ #763=SHAPE_ASPECT_DERIVING_RELATIONSHIP('',$,#753,#747);
/*    767 */ #764=DATUM('','plane',#3,.F.,'C');
/*    768 */ #765=SHAPE_ASPECT_RELATIONSHIP('',$,#747,#764);
/*    769 */ #766=(COMPOSITE_SHAPE_ASPECT()COMPOSITE_UNIT_SHAPE_ASPECT()SHAPE_ASPECT($,'feature of size',
/*    770 */      #3,.T.)SYMMETRIC_SHAPE_ASPECT());
/*    771 */ #767=ID_ATTRIBUTE('pin A2 feature of size',#766);
/*    772 */ #768=SHAPE_ASPECT_RELATIONSHIP('',$,#766,#693);
/*    773 */ #769=SHAPE_ASPECT_RELATIONSHIP('',$,#766,#687);
/*    774 */ #770=CENTRE_OF_SYMMETRY('centre point','pin A2 centre_of_symmetry',#3,.F.);
/*    775 */ #771=CARTESIAN_POINT('',(0.2,0.2,0.085));
/*    776 */ #772=GEOMETRIC_ITEM_SPECIFIC_USAGE('',$,#770,#760,#771);
/*    777 */ #773=SHAPE_ASPECT_DERIVING_RELATIONSHIP('',$,#770,#766);
/*    778 */ #774=(COMPOSITE_SHAPE_ASPECT()COMPOSITE_UNIT_SHAPE_ASPECT()SHAPE_ASPECT($,'feature of size',
/*    779 */      #3,.T.)SYMMETRIC_SHAPE_ASPECT());
/*    780 */ #775=ID_ATTRIBUTE('pin B1 feature of size',#774);
/*    781 */ #776=SHAPE_ASPECT_RELATIONSHIP('',$,#774,#696);
/*    782 */ #777=SHAPE_ASPECT_RELATIONSHIP('',$,#774,#690);
/*    783 */ #778=CENTRE_OF_SYMMETRY('centre point','pin B1 centre_of_symmetry',#3,.F.);
/*    784 */ #779=CARTESIAN_POINT('',(-0.2,-0.2,0.085));
/*    785 */ #780=GEOMETRIC_ITEM_SPECIFIC_USAGE('',$,#778,#760,#779);
/*    786 */ #781=SHAPE_ASPECT_DERIVING_RELATIONSHIP('',$,#778,#774);
/*    787 */ #782=(COMPOSITE_SHAPE_ASPECT()COMPOSITE_UNIT_SHAPE_ASPECT()SHAPE_ASPECT($,'feature of size',
/*    788 */      #3,.T.)SYMMETRIC_SHAPE_ASPECT());
/*    789 */ #783=ID_ATTRIBUTE('pin B2 feature of size',#782);
/*    790 */ #784=SHAPE_ASPECT_RELATIONSHIP('',$,#782,#702);
/*    791 */ #785=SHAPE_ASPECT_RELATIONSHIP('',$,#782,#684);
/*    792 */ #786=CENTRE_OF_SYMMETRY('centre point','pin B2 centre_of_symmetry',#3,.F.);
/*    793 */ #787=CARTESIAN_POINT('',(0.2,-0.2,0.085));
/*    794 */ #788=GEOMETRIC_ITEM_SPECIFIC_USAGE('',$,#786,#760,#787);
/*    795 */ #789=SHAPE_ASPECT_DERIVING_RELATIONSHIP('',$,#786,#782);
/*    796 */ #790=(COMPOSITE_SHAPE_ASPECT()COMPOSITE_UNIT_SHAPE_ASPECT()SHAPE_ASPECT($,'feature of size',
/*    797 */      #3,.T.)SYMMETRIC_SHAPE_ASPECT());
/*    798 */ #791=ID_ATTRIBUTE('pin A1 feature of size',#790);
/*    799 */ #792=SHAPE_ASPECT_RELATIONSHIP('',$,#790,#699);
/*    800 */ #793=SHAPE_ASPECT_RELATIONSHIP('',$,#790,#681);
/*    801 */ #794=CENTRE_OF_SYMMETRY('centre point','pin A1 centre_of_symmetry',#3,.F.);
/*    802 */ #795=CARTESIAN_POINT('',(-0.2,0.2,0.085));
/*    803 */ #796=GEOMETRIC_ITEM_SPECIFIC_USAGE('',$,#794,#760,#795);
/*    804 */ #797=SHAPE_ASPECT_DERIVING_RELATIONSHIP('',$,#794,#790);
/*    805 */ #798=COMPOSITE_GROUP_SHAPE_ASPECT('','multiple elements',#3,.T.);
/*    806 */ #799=ID_ATTRIBUTE('all pins feature of size',#798);
/*    807 */ #800=SHAPE_ASPECT_RELATIONSHIP('',$,#798,#790);
/*    808 */ #801=SHAPE_ASPECT_RELATIONSHIP('',$,#798,#782);
/*    809 */ #802=SHAPE_ASPECT_RELATIONSHIP('',$,#798,#774);
/*    810 */ #803=SHAPE_ASPECT_RELATIONSHIP('',$,#798,#766);
/*    811 */ #804=DIMENSIONAL_SIZE(#798,'length');
/*    812 */ #805=DIMENSIONAL_CHARACTERISTIC_REPRESENTATION(#804,#806);
/*    813 */ #806=SHAPE_DIMENSION_REPRESENTATION('',(#808,#810,#812,#814),#729);
/*    814 */ #807=ID_ATTRIBUTE('b',#806);
/*    815 */ #808=(LENGTH_MEASURE_WITH_UNIT()MEASURE_REPRESENTATION_ITEM()MEASURE_WITH_UNIT(LENGTH_MEASURE(
/*    816 */      0.15),#732)QUALIFIED_REPRESENTATION_ITEM((#809))REPRESENTATION_ITEM(''));
/*    817 */ #809=TYPE_QUALIFIER('minimum');
/*    818 */ #810=(LENGTH_MEASURE_WITH_UNIT()MEASURE_REPRESENTATION_ITEM()MEASURE_WITH_UNIT(LENGTH_MEASURE(
/*    819 */      0.17),#732)QUALIFIED_REPRESENTATION_ITEM((#811))REPRESENTATION_ITEM(''));
/*    820 */ #811=TYPE_QUALIFIER('average');
/*    821 */ #812=(LENGTH_MEASURE_WITH_UNIT()MEASURE_REPRESENTATION_ITEM()MEASURE_WITH_UNIT(LENGTH_MEASURE(
/*    822 */      0.19),#732)QUALIFIED_REPRESENTATION_ITEM((#813))REPRESENTATION_ITEM(''));
/*    823 */ #813=TYPE_QUALIFIER('maximum');
/*    824 */ #814=DESCRIPTIVE_REPRESENTATION_ITEM('dimensional note','diameter');
/*    825 */ #815=COMPOSITE_GROUP_SHAPE_ASPECT('','multiple elements',#3,.T.);
/*    826 */ #816=ID_ATTRIBUTE('all pins centres',#815);
/*    827 */ #817=SHAPE_ASPECT_RELATIONSHIP('',$,#815,#786);
/*    828 */ #818=SHAPE_ASPECT_RELATIONSHIP('',$,#815,#770);
/*    829 */ #819=SHAPE_ASPECT_RELATIONSHIP('',$,#815,#794);
/*    830 */ #820=SHAPE_ASPECT_RELATIONSHIP('',$,#815,#778);
/*    831 */ #821=(GEOMETRIC_TOLERANCE('terminal centre position',$,#826,#815)
/*    832 */      GEOMETRIC_TOLERANCE_WITH_DATUM_REFERENCE((#822))
/*    833 */      MODIFIED_GEOMETRIC_TOLERANCE(.LEAST_MATERIAL_CONDITION.)
/*    834 */      POSITION_TOLERANCE());
/*    835 */ #822=DATUM_SYSTEM('datum system of terminal centre position',$,#3,.F.,(#823,#824,
/*    836 */      #825));
/*    837 */ #823=DATUM_REFERENCE_COMPARTMENT('terminal centre position C',$,#3,.F.,#764,$);
/*    838 */ #824=DATUM_REFERENCE_COMPARTMENT('terminal centre position A',$,#3,.F.,#734,$);
/*    839 */ #825=DATUM_REFERENCE_COMPARTMENT('terminal centre position B',$,#3,.F.,#745,$);
/*    840 */ #826=LENGTH_MEASURE_WITH_UNIT(LENGTH_MEASURE(0.05),#732);
/*    841 */ #827=PARALLELISM_TOLERANCE('body top parallelism',$,#830,#720,(#828));
/*    842 */ #828=DATUM_SYSTEM('datum system of body top parallelism',$,#3,.F.,(#829));
/*    843 */ #829=DATUM_REFERENCE_COMPARTMENT('body top parallelism C',$,#3,.F.,#764,$);
/*    844 */ #830=LENGTH_MEASURE_WITH_UNIT(LENGTH_MEASURE(0.1),#732);
/*    845 */ #831=COMPOSITE_GROUP_SHAPE_ASPECT('','multiple elements',#3,.T.);
/*    846 */ #832=ID_ATTRIBUTE('all body sides',#831);
/*    847 */ #833=SHAPE_ASPECT_RELATIONSHIP('',$,#831,#714);
/*    848 */ #834=SHAPE_ASPECT_RELATIONSHIP('',$,#831,#708);
/*    849 */ #835=SHAPE_ASPECT_RELATIONSHIP('',$,#831,#711);
/*    850 */ #836=SHAPE_ASPECT_RELATIONSHIP('',$,#831,#717);
/*    851 */ #837=(GEOMETRIC_TOLERANCE('body side profile',$,#840,#831)
/*    852 */      GEOMETRIC_TOLERANCE_WITH_DATUM_REFERENCE((#838))SURFACE_PROFILE_TOLERANCE());
/*    853 */ #838=DATUM_SYSTEM('datum system of body side profile',$,#3,.F.,(#839));
/*    854 */ #839=DATUM_REFERENCE_COMPARTMENT('body side profile C',$,#3,.F.,#764,$);
/*    855 */ #840=LENGTH_MEASURE_WITH_UNIT(LENGTH_MEASURE(0.25),

------------------------------------------------------------------------------------------------
 Operation terminated successfully.
------------------------------------------------------------------------------------------------

