Loaded symbols for 'C:\WINDOWS\SYSTEM\MFCO42D.DLL'
Loaded symbols for 'C:\WINDOWS\SYSTEM\MSVCRTD.DLL'
Loaded symbols for 'C:\WINDOWS\SYSTEM\MFC42D.DLL'
Loaded 'C:\WINDOWS\SYSTEM\MSVCRT.DLL', no matching symbolic information found.
Loaded 'C:\WINDOWS\SYSTEM\WINMM.DLL', no matching symbolic information found.
Loaded 'D:\AP210Viewer\AP210Viewer\Debug\GLUT32.DLL', no matching symbolic information found.
Loaded 'C:\WINDOWS\SYSTEM\DCIMAN32.DLL', no matching symbolic information found.
Loaded 'C:\WINDOWS\SYSTEM\USER32.DLL', no matching symbolic information found.
Loaded 'D:\AP210Viewer\AP210Viewer\Debug\GLU32.DLL', no matching symbolic information found.
Loaded 'C:\WINDOWS\SYSTEM\GDI32.DLL', no matching symbolic information found.
Loaded 'C:\WINDOWS\SYSTEM\ADVAPI32.DLL', no matching symbolic information found.
Loaded 'C:\WINDOWS\SYSTEM\KERNEL32.DLL', no matching symbolic information found.
Loaded 'C:\WINDOWS\SYSTEM\CRTDLL.DLL', no matching symbolic information found.
Loaded 'D:\AP210Viewer\AP210Viewer\Debug\OPENGL32.DLL', no matching symbolic information found.
CMainFrame::OnCreate()
Loaded 'C:\WINDOWS\SYSTEM\COMCTL32.DLL', no matching symbolic information found.
Leaving CMainFrame::OnCreate()
Loaded 'C:\WINDOWS\SYSTEM\SHLWAPI.DLL', no matching symbolic information found.
Loaded 'C:\WINDOWS\SYSTEM\SHELL32.DLL', no matching symbolic information found.
Setting registry key.
SOFTWARE\STEP Tools, Inc.\ST-Developer\7.0
SOFTWARE\EMPilot\AP210 Viewer\0.1
                                  ST-DEVELOPER
                               System Release v7
                                        
                           Copyright (c) 1991-1999 by
                        STEP Tools Inc., Troy, New York
                              All Rights Reserved

                   -----------------------------------------
Open Session
Open Repository
Loaded 'C:\WINDOWS\SYSTEM\VERSION.DLL', no matching symbolic information found.
Loaded 'C:\Program Files\Network Associates\McAfee VirusScan\Wbhook32.dll', no matching symbolic information found.
Loaded 'C:\WINDOWS\SYSTEM\COMDLG32.DLL', no matching symbolic information found.
MRU: open file (1) 'D:\AP210Viewer\StepFiles\Flasher.stp'.
CAP210ViewerDoc
CAP210ViewerView::PreCreateWindow
CAP210ViewerView::OnCreate
Pixel Format 3
About to CreateRGBPalete
Checking palette
Creating palette
Done With CreateRGBPalete
CAP210ViewerView::OnSize
CAP210ViewerView::OnSize
CAP210ViewerDoc::OnOpenDocument: D:\AP210Viewer\StepFiles\Flasher.stp
Reading: D:\AP210Viewer\StepFiles\Flasher.stp
Reading: C:\Program Files\EMPilot\Schemas\header_section_schema.rose
Reading: C:\Program Files\EMPilot\Schemas\ELECTRONIC_ASSEMBLY_INTERCONNECT_AND_PACKAGING_DESIGN.rose
Reading: C:\Program Files\EMPilot\Schemas\ELECTRONIC_ASSEMBLY_INTERCONNECT_AND_PACKAGING_DESIGN_EXPX.rose
Found PWB PU: #140 a physical_unit  Value = 0-0 
1 ELMID added
2 ELMID added
3 ELMID added
4 ELMID added
5 ELMID added
6 ELMID added
7 ELMID added
8 ELMID added
9 ELMID added
10 ELMID added
11 ELMID added
12 ELMID added
13 ELMID added
14 ELMID added
15 ELMID added
16 ELMID added
17 ELMID added
18 ELMID added
19 ELMID added
20 ELMID added
21 ELMID added
22 ELMID added
23 ELMID added
24 ELMID added
25 ELMID added
26 ELMID added
elmcount: 25
23 ELMID
27 ELMID added
elmcount: 25
24 ELMID
28 ELMID added
elmcount: 25
25 ELMID
29 ELMID added
elmcount: 25
22 ELMID
30 ELMID added
31 ELMID added
32 ELMID added
33 ELMID added
elmcount: 28
26 ELMID
elmcount: 27
27 ELMID
elmcount: 26
28 ELMID
elmcount: 25
29 ELMID
34 ELMID added
35 ELMID added
36 ELMID added
37 ELMID added
refdes: C1
elmcount: 28
6 ELMID
elmcount: 27
11 ELMID
elmcount: 26
16 ELMID
elmcount: 25
20 ELMID
38 ELMID added
39 ELMID added
40 ELMID added
41 ELMID added
42 ELMID added
43 ELMID added
44 ELMID added
45 ELMID added
46 ELMID added
47 ELMID added
48 ELMID added
49 ELMID added
50 ELMID added
51 ELMID added
52 ELMID added
53 ELMID added
54 ELMID added
55 ELMID added
56 ELMID added
57 ELMID added
58 ELMID added
59 ELMID added
60 ELMID added
61 ELMID added
62 ELMID added
63 ELMID added
elmcount: 50
59 ELMID
64 ELMID added
elmcount: 50
62 ELMID
65 ELMID added
elmcount: 50
61 ELMID
66 ELMID added
elmcount: 50
60 ELMID
67 ELMID added
68 ELMID added
69 ELMID added
70 ELMID added
elmcount: 53
63 ELMID
elmcount: 52
64 ELMID
elmcount: 51
65 ELMID
elmcount: 50
66 ELMID
71 ELMID added
72 ELMID added
73 ELMID added
74 ELMID added
SDAI Error: sdaiAI_NEXS.
75 ELMID added
refdes: C2
elmcount: 54
43 ELMID
elmcount: 53
48 ELMID
elmcount: 52
53 ELMID
elmcount: 51
57 ELMID
76 ELMID added
77 ELMID added
78 ELMID added
79 ELMID added
80 ELMID added
81 ELMID added
82 ELMID added
83 ELMID added
84 ELMID added
85 ELMID added
86 ELMID added
87 ELMID added
88 ELMID added
89 ELMID added
90 ELMID added
91 ELMID added
92 ELMID added
93 ELMID added
94 ELMID added
95 ELMID added
96 ELMID added
97 ELMID added
98 ELMID added
99 ELMID added
100 ELMID added
101 ELMID added
102 ELMID added
103 ELMID added
104 ELMID added
105 ELMID added
106 ELMID added
107 ELMID added
elmcount: 82
102 ELMID
108 ELMID added
elmcount: 82
106 ELMID
109 ELMID added
elmcount: 82
105 ELMID
110 ELMID added
elmcount: 82
104 ELMID
111 ELMID added
elmcount: 82
103 ELMID
112 ELMID added
113 ELMID added
114 ELMID added
115 ELMID added
116 ELMID added
elmcount: 86
107 ELMID
elmcount: 85
108 ELMID
elmcount: 84
109 ELMID
elmcount: 83
110 ELMID
elmcount: 82
111 ELMID
117 ELMID added
118 ELMID added
119 ELMID added
120 ELMID added
121 ELMID added
SDAI Error: sdaiAI_NEXS.
122 ELMID added
refdes: E1
elmcount: 87
81 ELMID
elmcount: 86
86 ELMID
elmcount: 85
91 ELMID
elmcount: 84
96 ELMID
elmcount: 83
100 ELMID
123 ELMID added
124 ELMID added
125 ELMID added
126 ELMID added
127 ELMID added
128 ELMID added
129 ELMID added
130 ELMID added
131 ELMID added
132 ELMID added
133 ELMID added
134 ELMID added
135 ELMID added
136 ELMID added
137 ELMID added
138 ELMID added
139 ELMID added
140 ELMID added
141 ELMID added
142 ELMID added
143 ELMID added
144 ELMID added
145 ELMID added
146 ELMID added
147 ELMID added
148 ELMID added
149 ELMID added
150 ELMID added
151 ELMID added
152 ELMID added
153 ELMID added
154 ELMID added
155 ELMID added
156 ELMID added
157 ELMID added
158 ELMID added
159 ELMID added
160 ELMID added
161 ELMID added
162 ELMID added
163 ELMID added
164 ELMID added
165 ELMID added
166 ELMID added
167 ELMID added
168 ELMID added
169 ELMID added
170 ELMID added
171 ELMID added
172 ELMID added
elmcount: 132
164 ELMID
173 ELMID added
elmcount: 132
165 ELMID
174 ELMID added
elmcount: 132
166 ELMID
175 ELMID added
elmcount: 132
167 ELMID
176 ELMID added
elmcount: 132
168 ELMID
177 ELMID added
elmcount: 132
169 ELMID
178 ELMID added
elmcount: 132
170 ELMID
179 ELMID added
elmcount: 132
171 ELMID
180 ELMID added
181 ELMID added
182 ELMID added
183 ELMID added
184 ELMID added
185 ELMID added
186 ELMID added
187 ELMID added
elmcount: 139
172 ELMID
elmcount: 138
173 ELMID
elmcount: 137
174 ELMID
elmcount: 136
175 ELMID
elmcount: 135
176 ELMID
elmcount: 134
177 ELMID
elmcount: 133
178 ELMID
elmcount: 132
179 ELMID
188 ELMID added
189 ELMID added
190 ELMID added
191 ELMID added
192 ELMID added
193 ELMID added
194 ELMID added
195 ELMID added
SDAI Error: sdaiAI_NEXS.
WARNING: Component Height of 0.0
196 ELMID added
refdes: E2
elmcount: 140
128 ELMID
elmcount: 139
133 ELMID
elmcount: 138
138 ELMID
elmcount: 137
143 ELMID
elmcount: 136
148 ELMID
elmcount: 135
153 ELMID
elmcount: 134
158 ELMID
elmcount: 133
162 ELMID
197 ELMID added
198 ELMID added
199 ELMID added
200 ELMID added
201 ELMID added
202 ELMID added
203 ELMID added
204 ELMID added
205 ELMID added
206 ELMID added
207 ELMID added
208 ELMID added
209 ELMID added
210 ELMID added
211 ELMID added
212 ELMID added
213 ELMID added
214 ELMID added
215 ELMID added
216 ELMID added
217 ELMID added
218 ELMID added
219 ELMID added
220 ELMID added
221 ELMID added
222 ELMID added
223 ELMID added
224 ELMID added
225 ELMID added
226 ELMID added
227 ELMID added
228 ELMID added
229 ELMID added
230 ELMID added
231 ELMID added
232 ELMID added
233 ELMID added
234 ELMID added
235 ELMID added
236 ELMID added
237 ELMID added
238 ELMID added
239 ELMID added
240 ELMID added
241 ELMID added
242 ELMID added
243 ELMID added
244 ELMID added
245 ELMID added
246 ELMID added
elmcount: 182
238 ELMID
247 ELMID added
elmcount: 182
239 ELMID
248 ELMID added
elmcount: 182
240 ELMID
249 ELMID added
elmcount: 182
241 ELMID
250 ELMID added
elmcount: 182
242 ELMID
251 ELMID added
elmcount: 182
243 ELMID
252 ELMID added
elmcount: 182
244 ELMID
253 ELMID added
elmcount: 182
245 ELMID
254 ELMID added
255 ELMID added
256 ELMID added
257 ELMID added
258 ELMID added
259 ELMID added
260 ELMID added
261 ELMID added
elmcount: 189
246 ELMID
elmcount: 188
247 ELMID
elmcount: 187
248 ELMID
elmcount: 186
249 ELMID
elmcount: 185
250 ELMID
elmcount: 184
251 ELMID
elmcount: 183
252 ELMID
elmcount: 182
253 ELMID
262 ELMID added
263 ELMID added
264 ELMID added
265 ELMID added
266 ELMID added
267 ELMID added
268 ELMID added
269 ELMID added
SDAI Error: sdaiAI_NEXS.
WARNING: Component Height of 0.0
270 ELMID added
refdes: E3
elmcount: 190
202 ELMID
elmcount: 189
207 ELMID
elmcount: 188
212 ELMID
elmcount: 187
217 ELMID
elmcount: 186
222 ELMID
elmcount: 185
227 ELMID
elmcount: 184
232 ELMID
elmcount: 183
236 ELMID
271 ELMID added
272 ELMID added
273 ELMID added
274 ELMID added
275 ELMID added
276 ELMID added
277 ELMID added
278 ELMID added
279 ELMID added
280 ELMID added
281 ELMID added
282 ELMID added
283 ELMID added
284 ELMID added
285 ELMID added
286 ELMID added
287 ELMID added
288 ELMID added
289 ELMID added
290 ELMID added
291 ELMID added
292 ELMID added
293 ELMID added
294 ELMID added
295 ELMID added
296 ELMID added
297 ELMID added
298 ELMID added
299 ELMID added
300 ELMID added
301 ELMID added
302 ELMID added
303 ELMID added
304 ELMID added
305 ELMID added
306 ELMID added
307 ELMID added
308 ELMID added
309 ELMID added
310 ELMID added
311 ELMID added
312 ELMID added
313 ELMID added
314 ELMID added
315 ELMID added
elmcount: 227
307 ELMID
316 ELMID added
elmcount: 227
308 ELMID
317 ELMID added
elmcount: 227
309 ELMID
318 ELMID added
elmcount: 227
310 ELMID
319 ELMID added
elmcount: 227
311 ELMID
320 ELMID added
elmcount: 227
312 ELMID
321 ELMID added
elmcount: 227
313 ELMID
322 ELMID added
elmcount: 227
314 ELMID
323 ELMID added
324 ELMID added
325 ELMID added
326 ELMID added
327 ELMID added
328 ELMID added
329 ELMID added
330 ELMID added
elmcount: 234
315 ELMID
elmcount: 233
316 ELMID
elmcount: 232
317 ELMID
elmcount: 231
318 ELMID
elmcount: 230
319 ELMID
elmcount: 229
320 ELMID
elmcount: 228
321 ELMID
elmcount: 227
322 ELMID
331 ELMID added
332 ELMID added
333 ELMID added
334 ELMID added
335 ELMID added
336 ELMID added
337 ELMID added
338 ELMID added
SDAI Error: sdaiAI_NEXS.
WARNING: Component Height of 0.0
339 ELMID added
refdes: E4
elmcount: 235
271 ELMID
elmcount: 234
276 ELMID
elmcount: 233
281 ELMID
elmcount: 232
286 ELMID
elmcount: 231
291 ELMID
elmcount: 230
296 ELMID
elmcount: 229
301 ELMID
elmcount: 228
305 ELMID
340 ELMID added
341 ELMID added
342 ELMID added
343 ELMID added
344 ELMID added
345 ELMID added
346 ELMID added
347 ELMID added
348 ELMID added
349 ELMID added
350 ELMID added
351 ELMID added
352 ELMID added
353 ELMID added
354 ELMID added
355 ELMID added
356 ELMID added
357 ELMID added
358 ELMID added
359 ELMID added
360 ELMID added
361 ELMID added
362 ELMID added
363 ELMID added
364 ELMID added
365 ELMID added
366 ELMID added
367 ELMID added
368 ELMID added
369 ELMID added
370 ELMID added
371 ELMID added
372 ELMID added
373 ELMID added
374 ELMID added
375 ELMID added
376 ELMID added
377 ELMID added
378 ELMID added
379 ELMID added
380 ELMID added
381 ELMID added
382 ELMID added
383 ELMID added
384 ELMID added
385 ELMID added
386 ELMID added
387 ELMID added
388 ELMID added
389 ELMID added
elmcount: 277
381 ELMID
390 ELMID added
elmcount: 277
382 ELMID
391 ELMID added
elmcount: 277
383 ELMID
392 ELMID added
elmcount: 277
384 ELMID
393 ELMID added
elmcount: 277
385 ELMID
394 ELMID added
elmcount: 277
386 ELMID
395 ELMID added
elmcount: 277
387 ELMID
396 ELMID added
elmcount: 277
388 ELMID
397 ELMID added
398 ELMID added
399 ELMID added
400 ELMID added
401 ELMID added
402 ELMID added
403 ELMID added
404 ELMID added
elmcount: 284
389 ELMID
elmcount: 283
390 ELMID
elmcount: 282
391 ELMID
elmcount: 281
392 ELMID
elmcount: 280
393 ELMID
elmcount: 279
394 ELMID
elmcount: 278
395 ELMID
elmcount: 277
396 ELMID
405 ELMID added
406 ELMID added
407 ELMID added
408 ELMID added
409 ELMID added
410 ELMID added
411 ELMID added
412 ELMID added
SDAI Error: sdaiAI_NEXS.
WARNING: Component Height of 0.0
413 ELMID added
refdes: E5
elmcount: 285
345 ELMID
elmcount: 284
350 ELMID
elmcount: 283
355 ELMID
elmcount: 282
360 ELMID
elmcount: 281
365 ELMID
elmcount: 280
370 ELMID
elmcount: 279
375 ELMID
elmcount: 278
379 ELMID
414 ELMID added
415 ELMID added
416 ELMID added
417 ELMID added
418 ELMID added
419 ELMID added
420 ELMID added
421 ELMID added
422 ELMID added
423 ELMID added
424 ELMID added
425 ELMID added
426 ELMID added
427 ELMID added
428 ELMID added
429 ELMID added
430 ELMID added
431 ELMID added
432 ELMID added
433 ELMID added
434 ELMID added
435 ELMID added
436 ELMID added
437 ELMID added
438 ELMID added
439 ELMID added
440 ELMID added
441 ELMID added
442 ELMID added
443 ELMID added
444 ELMID added
445 ELMID added
446 ELMID added
447 ELMID added
448 ELMID added
449 ELMID added
450 ELMID added
451 ELMID added
452 ELMID added
453 ELMID added
454 ELMID added
455 ELMID added
456 ELMID added
457 ELMID added
458 ELMID added
459 ELMID added
460 ELMID added
461 ELMID added
462 ELMID added
elmcount: 326
454 ELMID
463 ELMID added
elmcount: 326
455 ELMID
464 ELMID added
elmcount: 326
456 ELMID
465 ELMID added
elmcount: 326
457 ELMID
466 ELMID added
elmcount: 326
458 ELMID
467 ELMID added
elmcount: 326
459 ELMID
468 ELMID added
elmcount: 326
460 ELMID
469 ELMID added
elmcount: 326
461 ELMID
470 ELMID added
471 ELMID added
472 ELMID added
473 ELMID added
474 ELMID added
475 ELMID added
476 ELMID added
477 ELMID added
elmcount: 333
462 ELMID
elmcount: 332
463 ELMID
elmcount: 331
464 ELMID
elmcount: 330
465 ELMID
elmcount: 329
466 ELMID
elmcount: 328
467 ELMID
elmcount: 327
468 ELMID
elmcount: 326
469 ELMID
478 ELMID added
479 ELMID added
480 ELMID added
481 ELMID added
482 ELMID added
483 ELMID added
484 ELMID added
485 ELMID added
SDAI Error: sdaiAI_NEXS.
WARNING: Component Height of 0.0
486 ELMID added
refdes: E6
elmcount: 334
419 ELMID
elmcount: 333
424 ELMID
elmcount: 332
429 ELMID
elmcount: 331
434 ELMID
elmcount: 330
439 ELMID
elmcount: 329
444 ELMID
elmcount: 328
448 ELMID
elmcount: 327
452 ELMID
487 ELMID added
488 ELMID added
489 ELMID added
490 ELMID added
491 ELMID added
492 ELMID added
493 ELMID added
494 ELMID added
495 ELMID added
496 ELMID added
497 ELMID added
498 ELMID added
499 ELMID added
500 ELMID added
501 ELMID added
502 ELMID added
503 ELMID added
504 ELMID added
505 ELMID added
506 ELMID added
507 ELMID added
508 ELMID added
509 ELMID added
510 ELMID added
511 ELMID added
512 ELMID added
513 ELMID added
514 ELMID added
515 ELMID added
516 ELMID added
517 ELMID added
518 ELMID added
519 ELMID added
520 ELMID added
521 ELMID added
522 ELMID added
523 ELMID added
524 ELMID added
525 ELMID added
526 ELMID added
527 ELMID added
528 ELMID added
529 ELMID added
530 ELMID added
531 ELMID added
elmcount: 371
523 ELMID
532 ELMID added
elmcount: 371
524 ELMID
533 ELMID added
elmcount: 371
525 ELMID
534 ELMID added
elmcount: 371
526 ELMID
535 ELMID added
elmcount: 371
527 ELMID
536 ELMID added
elmcount: 371
528 ELMID
537 ELMID added
elmcount: 371
529 ELMID
538 ELMID added
elmcount: 371
530 ELMID
539 ELMID added
540 ELMID added
541 ELMID added
542 ELMID added
543 ELMID added
544 ELMID added
545 ELMID added
546 ELMID added
elmcount: 378
531 ELMID
elmcount: 377
532 ELMID
elmcount: 376
533 ELMID
elmcount: 375
534 ELMID
elmcount: 374
535 ELMID
elmcount: 373
536 ELMID
elmcount: 372
537 ELMID
elmcount: 371
538 ELMID
547 ELMID added
548 ELMID added
549 ELMID added
550 ELMID added
551 ELMID added
552 ELMID added
553 ELMID added
554 ELMID added
SDAI Error: sdaiAI_NEXS.
WARNING: Component Height of 0.0
555 ELMID added
refdes: E7
elmcount: 379
487 ELMID
elmcount: 378
492 ELMID
elmcount: 377
497 ELMID
elmcount: 376
502 ELMID
elmcount: 375
507 ELMID
elmcount: 374
512 ELMID
elmcount: 373
517 ELMID
elmcount: 372
521 ELMID
556 ELMID added
557 ELMID added
558 ELMID added
559 ELMID added
560 ELMID added
561 ELMID added
562 ELMID added
563 ELMID added
564 ELMID added
565 ELMID added
566 ELMID added
567 ELMID added
568 ELMID added
569 ELMID added
570 ELMID added
571 ELMID added
572 ELMID added
573 ELMID added
574 ELMID added
575 ELMID added
576 ELMID added
577 ELMID added
578 ELMID added
579 ELMID added
580 ELMID added
581 ELMID added
582 ELMID added
583 ELMID added
584 ELMID added
585 ELMID added
586 ELMID added
587 ELMID added
588 ELMID added
589 ELMID added
590 ELMID added
591 ELMID added
592 ELMID added
593 ELMID added
594 ELMID added
595 ELMID added
596 ELMID added
597 ELMID added
598 ELMID added
599 ELMID added
600 ELMID added
601 ELMID added
602 ELMID added
603 ELMID added
604 ELMID added
605 ELMID added
elmcount: 421
597 ELMID
606 ELMID added
elmcount: 421
598 ELMID
607 ELMID added
elmcount: 421
599 ELMID
608 ELMID added
elmcount: 421
600 ELMID
609 ELMID added
elmcount: 421
601 ELMID
610 ELMID added
elmcount: 421
602 ELMID
611 ELMID added
elmcount: 421
603 ELMID
612 ELMID added
elmcount: 421
604 ELMID
613 ELMID added
614 ELMID added
615 ELMID added
616 ELMID added
617 ELMID added
618 ELMID added
619 ELMID added
620 ELMID added
elmcount: 428
605 ELMID
elmcount: 427
606 ELMID
elmcount: 426
607 ELMID
elmcount: 425
608 ELMID
elmcount: 424
609 ELMID
elmcount: 423
610 ELMID
elmcount: 422
611 ELMID
elmcount: 421
612 ELMID
621 ELMID added
622 ELMID added
623 ELMID added
624 ELMID added
625 ELMID added
626 ELMID added
627 ELMID added
628 ELMID added
SDAI Error: sdaiAI_NEXS.
WARNING: Component Height of 0.0
629 ELMID added
refdes: R1
elmcount: 429
561 ELMID
elmcount: 428
566 ELMID
elmcount: 427
571 ELMID
elmcount: 426
576 ELMID
elmcount: 425
581 ELMID
elmcount: 424
586 ELMID
elmcount: 423
591 ELMID
elmcount: 422
595 ELMID
630 ELMID added
631 ELMID added
632 ELMID added
633 ELMID added
634 ELMID added
635 ELMID added
636 ELMID added
637 ELMID added
638 ELMID added
639 ELMID added
640 ELMID added
641 ELMID added
642 ELMID added
643 ELMID added
644 ELMID added
645 ELMID added
646 ELMID added
647 ELMID added
648 ELMID added
649 ELMID added
650 ELMID added
651 ELMID added
652 ELMID added
653 ELMID added
654 ELMID added
655 ELMID added
656 ELMID added
657 ELMID added
658 ELMID added
659 ELMID added
660 ELMID added
661 ELMID added
662 ELMID added
663 ELMID added
664 ELMID added
665 ELMID added
666 ELMID added
667 ELMID added
668 ELMID added
669 ELMID added
670 ELMID added
671 ELMID added
672 ELMID added
673 ELMID added
674 ELMID added
675 ELMID added
676 ELMID added
677 ELMID added
678 ELMID added
679 ELMID added
680 ELMID added
681 ELMID added
682 ELMID added
683 ELMID added
684 ELMID added
685 ELMID added
686 ELMID added
687 ELMID added
688 ELMID added
689 ELMID added
690 ELMID added
691 ELMID added
692 ELMID added
693 ELMID added
694 ELMID added
695 ELMID added
696 ELMID added
697 ELMID added
698 ELMID added
699 ELMID added
700 ELMID added
701 ELMID added
702 ELMID added
703 ELMID added
704 ELMID added
705 ELMID added
706 ELMID added
707 ELMID added
708 ELMID added
709 ELMID added
710 ELMID added
711 ELMID added
712 ELMID added
713 ELMID added
714 ELMID added
715 ELMID added
716 ELMID added
717 ELMID added
718 ELMID added
719 ELMID added
720 ELMID added
721 ELMID added
722 ELMID added
723 ELMID added
724 ELMID added
725 ELMID added
726 ELMID added
727 ELMID added
elmcount: 519
711 ELMID
728 ELMID added
elmcount: 519
712 ELMID
729 ELMID added
elmcount: 519
713 ELMID
730 ELMID added
elmcount: 519
714 ELMID
731 ELMID added
elmcount: 519
715 ELMID
732 ELMID added
elmcount: 519
716 ELMID
733 ELMID added
elmcount: 519
717 ELMID
734 ELMID added
elmcount: 519
718 ELMID
735 ELMID added
elmcount: 519
719 ELMID
736 ELMID added
elmcount: 519
720 ELMID
737 ELMID added
elmcount: 519
721 ELMID
738 ELMID added
elmcount: 519
722 ELMID
739 ELMID added
elmcount: 519
723 ELMID
740 ELMID added
elmcount: 519
724 ELMID
741 ELMID added
elmcount: 519
725 ELMID
742 ELMID added
elmcount: 519
726 ELMID
743 ELMID added
744 ELMID added
745 ELMID added
746 ELMID added
747 ELMID added
748 ELMID added
749 ELMID added
750 ELMID added
751 ELMID added
752 ELMID added
753 ELMID added
754 ELMID added
755 ELMID added
756 ELMID added
757 ELMID added
758 ELMID added
elmcount: 534
727 ELMID
elmcount: 533
728 ELMID
elmcount: 532
729 ELMID
elmcount: 531
730 ELMID
elmcount: 530
731 ELMID
elmcount: 529
732 ELMID
elmcount: 528
733 ELMID
elmcount: 527
734 ELMID
elmcount: 526
735 ELMID
elmcount: 525
736 ELMID
elmcount: 524
737 ELMID
elmcount: 523
738 ELMID
elmcount: 522
739 ELMID
elmcount: 521
740 ELMID
elmcount: 520
741 ELMID
elmcount: 519
742 ELMID
759 ELMID added
760 ELMID added
761 ELMID added
762 ELMID added
763 ELMID added
764 ELMID added
765 ELMID added
766 ELMID added
767 ELMID added
768 ELMID added
769 ELMID added
770 ELMID added
771 ELMID added
772 ELMID added
773 ELMID added
774 ELMID added
SDAI Error: sdaiAI_NEXS.
775 ELMID added
refdes: R2
elmcount: 535
635 ELMID
elmcount: 534
640 ELMID
elmcount: 533
645 ELMID
elmcount: 532
650 ELMID
elmcount: 531
655 ELMID
elmcount: 530
660 ELMID
elmcount: 529
665 ELMID
elmcount: 528
670 ELMID
elmcount: 527
675 ELMID
elmcount: 526
680 ELMID
elmcount: 525
685 ELMID
elmcount: 524
690 ELMID
elmcount: 523
695 ELMID
elmcount: 522
700 ELMID
elmcount: 521
705 ELMID
elmcount: 520
709 ELMID
776 ELMID added
777 ELMID added
778 ELMID added
779 ELMID added
780 ELMID added
781 ELMID added
782 ELMID added
783 ELMID added
784 ELMID added
785 ELMID added
786 ELMID added
787 ELMID added
788 ELMID added
789 ELMID added
790 ELMID added
791 ELMID added
792 ELMID added
793 ELMID added
794 ELMID added
795 ELMID added
796 ELMID added
797 ELMID added
798 ELMID added
799 ELMID added
800 ELMID added
801 ELMID added
802 ELMID added
803 ELMID added
804 ELMID added
805 ELMID added
806 ELMID added
807 ELMID added
808 ELMID added
809 ELMID added
810 ELMID added
811 ELMID added
812 ELMID added
813 ELMID added
814 ELMID added
815 ELMID added
816 ELMID added
817 ELMID added
818 ELMID added
819 ELMID added
820 ELMID added
821 ELMID added
822 ELMID added
823 ELMID added
824 ELMID added
825 ELMID added
826 ELMID added
827 ELMID added
828 ELMID added
829 ELMID added
830 ELMID added
831 ELMID added
832 ELMID added
833 ELMID added
834 ELMID added
835 ELMID added
836 ELMID added
837 ELMID added
838 ELMID added
839 ELMID added
840 ELMID added
841 ELMID added
842 ELMID added
843 ELMID added
844 ELMID added
845 ELMID added
846 ELMID added
847 ELMID added
848 ELMID added
849 ELMID added
850 ELMID added
851 ELMID added
852 ELMID added
853 ELMID added
854 ELMID added
855 ELMID added
856 ELMID added
857 ELMID added
858 ELMID added
859 ELMID added
860 ELMID added
861 ELMID added
862 ELMID added
863 ELMID added
864 ELMID added
865 ELMID added
866 ELMID added
867 ELMID added
868 ELMID added
elmcount: 612
858 ELMID
869 ELMID added
elmcount: 612
859 ELMID
870 ELMID added
elmcount: 612
860 ELMID
871 ELMID added
elmcount: 612
861 ELMID
872 ELMID added
elmcount: 612
862 ELMID
873 ELMID added
elmcount: 612
863 ELMID
874 ELMID added
elmcount: 612
864 ELMID
875 ELMID added
elmcount: 612
865 ELMID
876 ELMID added
elmcount: 612
866 ELMID
877 ELMID added
elmcount: 612
867 ELMID
878 ELMID added
elmcount: 612
852 ELMID
879 ELMID added
elmcount: 612
853 ELMID
880 ELMID added
elmcount: 612
854 ELMID
881 ELMID added
elmcount: 612
855 ELMID
882 ELMID added
elmcount: 612
856 ELMID
883 ELMID added
elmcount: 612
857 ELMID
884 ELMID added
885 ELMID added
886 ELMID added
887 ELMID added
888 ELMID added
889 ELMID added
890 ELMID added
891 ELMID added
892 ELMID added
893 ELMID added
894 ELMID added
895 ELMID added
896 ELMID added
897 ELMID added
898 ELMID added
899 ELMID added
elmcount: 627
868 ELMID
elmcount: 626
869 ELMID
elmcount: 625
870 ELMID
elmcount: 624
871 ELMID
elmcount: 623
872 ELMID
elmcount: 622
873 ELMID
elmcount: 621
874 ELMID
elmcount: 620
875 ELMID
elmcount: 619
876 ELMID
elmcount: 618
877 ELMID
elmcount: 617
878 ELMID
elmcount: 616
879 ELMID
elmcount: 615
880 ELMID
elmcount: 614
881 ELMID
elmcount: 613
882 ELMID
elmcount: 612
883 ELMID
900 ELMID added
901 ELMID added
902 ELMID added
903 ELMID added
904 ELMID added
905 ELMID added
906 ELMID added
907 ELMID added
908 ELMID added
909 ELMID added
910 ELMID added
911 ELMID added
912 ELMID added
913 ELMID added
914 ELMID added
915 ELMID added
SDAI Error: sdaiAI_NEXS.
916 ELMID added
refdes: R3
elmcount: 628
781 ELMID
elmcount: 627
786 ELMID
elmcount: 626
790 ELMID
elmcount: 625
791 ELMID
elmcount: 624
796 ELMID
elmcount: 623
801 ELMID
elmcount: 622
806 ELMID
elmcount: 621
811 ELMID
elmcount: 620
816 ELMID
elmcount: 619
821 ELMID
elmcount: 618
826 ELMID
elmcount: 617
831 ELMID
elmcount: 616
836 ELMID
elmcount: 615
841 ELMID
elmcount: 614
846 ELMID
elmcount: 613
850 ELMID
917 ELMID added
918 ELMID added
919 ELMID added
920 ELMID added
921 ELMID added
922 ELMID added
923 ELMID added
924 ELMID added
925 ELMID added
926 ELMID added
927 ELMID added
928 ELMID added
929 ELMID added
930 ELMID added
931 ELMID added
932 ELMID added
933 ELMID added
934 ELMID added
935 ELMID added
936 ELMID added
937 ELMID added
938 ELMID added
939 ELMID added
940 ELMID added
941 ELMID added
942 ELMID added
943 ELMID added
944 ELMID added
945 ELMID added
946 ELMID added
947 ELMID added
948 ELMID added
949 ELMID added
950 ELMID added
951 ELMID added
952 ELMID added
953 ELMID added
954 ELMID added
955 ELMID added
956 ELMID added
957 ELMID added
958 ELMID added
959 ELMID added
960 ELMID added
961 ELMID added
962 ELMID added
963 ELMID added
964 ELMID added
965 ELMID added
966 ELMID added
967 ELMID added
968 ELMID added
969 ELMID added
970 ELMID added
971 ELMID added
972 ELMID added
973 ELMID added
974 ELMID added
975 ELMID added
976 ELMID added
977 ELMID added
978 ELMID added
979 ELMID added
980 ELMID added
981 ELMID added
982 ELMID added
983 ELMID added
984 ELMID added
985 ELMID added
986 ELMID added
987 ELMID added
988 ELMID added
989 ELMID added
990 ELMID added
991 ELMID added
992 ELMID added
993 ELMID added
994 ELMID added
995 ELMID added
996 ELMID added
997 ELMID added
998 ELMID added
999 ELMID added
1000 ELMID added
1001 ELMID added
1002 ELMID added
1003 ELMID added
1004 ELMID added
1005 ELMID added
1006 ELMID added
1007 ELMID added
1008 ELMID added
1009 ELMID added
1010 ELMID added
1011 ELMID added
1012 ELMID added
1013 ELMID added
1014 ELMID added
elmcount: 710
1012 ELMID
1015 ELMID added
elmcount: 710
1013 ELMID
1016 ELMID added
elmcount: 710
998 ELMID
1017 ELMID added
elmcount: 710
999 ELMID
1018 ELMID added
elmcount: 710
1000 ELMID
1019 ELMID added
elmcount: 710
1001 ELMID
1020 ELMID added
elmcount: 710
1002 ELMID
1021 ELMID added
elmcount: 710
1003 ELMID
1022 ELMID added
elmcount: 710
1004 ELMID
1023 ELMID added
elmcount: 710
1005 ELMID
1024 ELMID added
elmcount: 710
1006 ELMID
1025 ELMID added
elmcount: 710
1007 ELMID
1026 ELMID added
elmcount: 710
1008 ELMID
1027 ELMID added
elmcount: 710
1009 ELMID
1028 ELMID added
elmcount: 710
1010 ELMID
1029 ELMID added
elmcount: 710
1011 ELMID
1030 ELMID added
1031 ELMID added
1032 ELMID added
1033 ELMID added
1034 ELMID added
1035 ELMID added
1036 ELMID added
1037 ELMID added
1038 ELMID added
1039 ELMID added
1040 ELMID added
1041 ELMID added
1042 ELMID added
1043 ELMID added
1044 ELMID added
1045 ELMID added
elmcount: 725
1014 ELMID
elmcount: 724
1015 ELMID
elmcount: 723
1016 ELMID
elmcount: 722
1017 ELMID
elmcount: 721
1018 ELMID
elmcount: 720
1019 ELMID
elmcount: 719
1020 ELMID
elmcount: 718
1021 ELMID
elmcount: 717
1022 ELMID
elmcount: 716
1023 ELMID
elmcount: 715
1024 ELMID
elmcount: 714
1025 ELMID
elmcount: 713
1026 ELMID
elmcount: 712
1027 ELMID
elmcount: 711
1028 ELMID
elmcount: 710
1029 ELMID
1046 ELMID added
1047 ELMID added
1048 ELMID added
1049 ELMID added
1050 ELMID added
1051 ELMID added
1052 ELMID added
1053 ELMID added
1054 ELMID added
1055 ELMID added
1056 ELMID added
1057 ELMID added
1058 ELMID added
1059 ELMID added
1060 ELMID added
1061 ELMID added
SDAI Error: sdaiAI_NEXS.
1062 ELMID added
refdes: R4
elmcount: 726
922 ELMID
elmcount: 725
927 ELMID
elmcount: 724
932 ELMID
elmcount: 723
937 ELMID
elmcount: 722
942 ELMID
elmcount: 721
947 ELMID
elmcount: 720
952 ELMID
elmcount: 719
957 ELMID
elmcount: 718
962 ELMID
elmcount: 717
967 ELMID
elmcount: 716
972 ELMID
elmcount: 715
977 ELMID
elmcount: 714
982 ELMID
elmcount: 713
987 ELMID
elmcount: 712
992 ELMID
elmcount: 711
996 ELMID
1063 ELMID added
1064 ELMID added
1065 ELMID added
1066 ELMID added
1067 ELMID added
1068 ELMID added
1069 ELMID added
1070 ELMID added
1071 ELMID added
1072 ELMID added
1073 ELMID added
1074 ELMID added
1075 ELMID added
1076 ELMID added
1077 ELMID added
1078 ELMID added
1079 ELMID added
1080 ELMID added
1081 ELMID added
1082 ELMID added
1083 ELMID added
1084 ELMID added
1085 ELMID added
1086 ELMID added
1087 ELMID added
1088 ELMID added
1089 ELMID added
1090 ELMID added
1091 ELMID added
1092 ELMID added
1093 ELMID added
1094 ELMID added
1095 ELMID added
1096 ELMID added
1097 ELMID added
1098 ELMID added
1099 ELMID added
1100 ELMID added
1101 ELMID added
1102 ELMID added
1103 ELMID added
1104 ELMID added
1105 ELMID added
1106 ELMID added
1107 ELMID added
1108 ELMID added
1109 ELMID added
1110 ELMID added
1111 ELMID added
1112 ELMID added
1113 ELMID added
1114 ELMID added
1115 ELMID added
1116 ELMID added
1117 ELMID added
1118 ELMID added
1119 ELMID added
1120 ELMID added
1121 ELMID added
1122 ELMID added
1123 ELMID added
1124 ELMID added
1125 ELMID added
1126 ELMID added
1127 ELMID added
1128 ELMID added
1129 ELMID added
1130 ELMID added
1131 ELMID added
1132 ELMID added
1133 ELMID added
1134 ELMID added
1135 ELMID added
1136 ELMID added
1137 ELMID added
1138 ELMID added
1139 ELMID added
1140 ELMID added
1141 ELMID added
1142 ELMID added
1143 ELMID added
1144 ELMID added
1145 ELMID added
1146 ELMID added
1147 ELMID added
1148 ELMID added
1149 ELMID added
1150 ELMID added
1151 ELMID added
1152 ELMID added
1153 ELMID added
1154 ELMID added
1155 ELMID added
elmcount: 803
1153 ELMID
1156 ELMID added
elmcount: 803
1154 ELMID
1157 ELMID added
elmcount: 803
1139 ELMID
1158 ELMID added
elmcount: 803
1140 ELMID
1159 ELMID added
elmcount: 803
1141 ELMID
1160 ELMID added
elmcount: 803
1142 ELMID
1161 ELMID added
elmcount: 803
1143 ELMID
1162 ELMID added
elmcount: 803
1144 ELMID
1163 ELMID added
elmcount: 803
1145 ELMID
1164 ELMID added
elmcount: 803
1146 ELMID
1165 ELMID added
elmcount: 803
1147 ELMID
1166 ELMID added
elmcount: 803
1148 ELMID
1167 ELMID added
elmcount: 803
1149 ELMID
1168 ELMID added
elmcount: 803
1150 ELMID
1169 ELMID added
elmcount: 803
1151 ELMID
1170 ELMID added
elmcount: 803
1152 ELMID
1171 ELMID added
1172 ELMID added
1173 ELMID added
1174 ELMID added
1175 ELMID added
1176 ELMID added
1177 ELMID added
1178 ELMID added
1179 ELMID added
1180 ELMID added
1181 ELMID added
1182 ELMID added
1183 ELMID added
1184 ELMID added
1185 ELMID added
1186 ELMID added
elmcount: 818
1155 ELMID
elmcount: 817
1156 ELMID
elmcount: 816
1157 ELMID
elmcount: 815
1158 ELMID
elmcount: 814
1159 ELMID
elmcount: 813
1160 ELMID
elmcount: 812
1161 ELMID
elmcount: 811
1162 ELMID
elmcount: 810
1163 ELMID
elmcount: 809
1164 ELMID
elmcount: 808
1165 ELMID
elmcount: 807
1166 ELMID
elmcount: 806
1167 ELMID
elmcount: 805
1168 ELMID
elmcount: 804
1169 ELMID
elmcount: 803
1170 ELMID
1187 ELMID added
1188 ELMID added
1189 ELMID added
1190 ELMID added
1191 ELMID added
1192 ELMID added
1193 ELMID added
1194 ELMID added
1195 ELMID added
1196 ELMID added
1197 ELMID added
1198 ELMID added
1199 ELMID added
1200 ELMID added
1201 ELMID added
1202 ELMID added
SDAI Error: sdaiAI_NEXS.
1203 ELMID added
refdes: R5
elmcount: 819
1068 ELMID
elmcount: 818
1073 ELMID
elmcount: 817
1078 ELMID
elmcount: 816
1083 ELMID
elmcount: 815
1088 ELMID
elmcount: 814
1093 ELMID
elmcount: 813
1098 ELMID
elmcount: 812
1103 ELMID
elmcount: 811
1108 ELMID
elmcount: 810
1113 ELMID
elmcount: 809
1117 ELMID
elmcount: 808
1118 ELMID
elmcount: 807
1123 ELMID
elmcount: 806
1128 ELMID
elmcount: 805
1133 ELMID
elmcount: 804
1137 ELMID
1204 ELMID added
1205 ELMID added
1206 ELMID added
1207 ELMID added
1208 ELMID added
1209 ELMID added
1210 ELMID added
1211 ELMID added
1212 ELMID added
1213 ELMID added
1214 ELMID added
1215 ELMID added
1216 ELMID added
1217 ELMID added
1218 ELMID added
1219 ELMID added
1220 ELMID added
1221 ELMID added
1222 ELMID added
1223 ELMID added
1224 ELMID added
1225 ELMID added
1226 ELMID added
1227 ELMID added
1228 ELMID added
1229 ELMID added
1230 ELMID added
1231 ELMID added
1232 ELMID added
1233 ELMID added
1234 ELMID added
1235 ELMID added
1236 ELMID added
1237 ELMID added
1250 ELMID added
1251 ELMID added
1252 ELMID added
1253 ELMID added
1254 ELMID added
1255 ELMID added
1256 ELMID added
1257 ELMID added
1258 ELMID added
1259 ELMID added
1260 ELMID added
1261 ELMID added
1262 ELMID added
1263 ELMID added
1264 ELMID added
1265 ELMID added
1270 ELMID added
1271 ELMID added
1272 ELMID added
1273 ELMID added
1274 ELMID added
1275 ELMID added
1276 ELMID added
1277 ELMID added
1278 ELMID added
1279 ELMID added
1280 ELMID added
1281 ELMID added
1282 ELMID added
1283 ELMID added
1284 ELMID added
1285 ELMID added
1286 ELMID added
1287 ELMID added
1288 ELMID added
1289 ELMID added
1290 ELMID added
1291 ELMID added
1292 ELMID added
1293 ELMID added
1294 ELMID added
1295 ELMID added
1296 ELMID added
1297 ELMID added
1298 ELMID added
1299 ELMID added
1300 ELMID added
1301 ELMID added
elmcount: 901
1299 ELMID
1302 ELMID added
elmcount: 901
1300 ELMID
1303 ELMID added
elmcount: 901
1285 ELMID
1304 ELMID added
elmcount: 901
1286 ELMID
1305 ELMID added
elmcount: 901
1287 ELMID
1306 ELMID added
elmcount: 901
1288 ELMID
1307 ELMID added
elmcount: 901
1289 ELMID
1308 ELMID added
elmcount: 901
1290 ELMID
1309 ELMID added
elmcount: 901
1291 ELMID
1310 ELMID added
elmcount: 901
1292 ELMID
1311 ELMID added
elmcount: 901
1293 ELMID
1312 ELMID added
elmcount: 901
1294 ELMID
1313 ELMID added
elmcount: 901
1295 ELMID
1314 ELMID added
elmcount: 901
1296 ELMID
1315 ELMID added
elmcount: 901
1297 ELMID
1316 ELMID added
elmcount: 901
1298 ELMID
1317 ELMID added
1318 ELMID added
1319 ELMID added
1320 ELMID added
1321 ELMID added
1322 ELMID added
1323 ELMID added
1324 ELMID added
1325 ELMID added
1326 ELMID added
1327 ELMID added
1328 ELMID added
1329 ELMID added
1330 ELMID added
1331 ELMID added
1332 ELMID added
elmcount: 916
1301 ELMID
elmcount: 915
1302 ELMID
elmcount: 914
1303 ELMID
elmcount: 913
1304 ELMID
elmcount: 912
1305 ELMID
elmcount: 911
1306 ELMID
elmcount: 910
1307 ELMID
elmcount: 909
1308 ELMID
elmcount: 908
1309 ELMID
elmcount: 907
1310 ELMID
elmcount: 906
1311 ELMID
elmcount: 905
1312 ELMID
elmcount: 904
1313 ELMID
elmcount: 903
1314 ELMID
elmcount: 902
1315 ELMID
elmcount: 901
1316 ELMID
1333 ELMID added
1334 ELMID added
1335 ELMID added
1336 ELMID added
1337 ELMID added
1338 ELMID added
1339 ELMID added
1340 ELMID added
1341 ELMID added
1342 ELMID added
1343 ELMID added
1344 ELMID added
1345 ELMID added
1346 ELMID added
1347 ELMID added
1348 ELMID added
SDAI Error: sdaiAI_NEXS.
1349 ELMID added
refdes: R6
elmcount: 917
1209 ELMID
elmcount: 916
1214 ELMID
elmcount: 915
1219 ELMID
elmcount: 914
1224 ELMID
elmcount: 913
1229 ELMID
elmcount: 912
1234 ELMID
elmcount: 911
1239 ELMID
elmcount: 910
1244 ELMID
elmcount: 909
1249 ELMID
elmcount: 908
1254 ELMID
elmcount: 907
1259 ELMID
elmcount: 906
1264 ELMID
elmcount: 905
1269 ELMID
elmcount: 904
1274 ELMID
elmcount: 903
1456 ELMID added
elmcount: 994
1438 ELMID
1457 ELMID added
elmcount: 994
1439 ELMID
1458 ELMID added
1459 ELMID added
1460 ELMID added
1461 ELMID added
1462 ELMID added
1463 ELMID added
1464 ELMID added
1465 ELMID added
1466 ELMID added
1467 ELMID added
1468 ELMID added
1469 ELMID added
1470 ELMID added
1471 ELMID added
1472 ELMID added
1473 ELMID added
elmcount: 1009
1442 ELMID
elmcount: 1008
1443 ELMID
elmcount: 1007
1444 ELMID
elmcount: 1006
1445 ELMID
elmcount: 1005
1446 ELMID
elmcount: 1004
1447 ELMID
elmcount: 1003
1448 ELMID
elmcount: 1002
1449 ELMID
elmcount: 1001
1450 ELMID
elmcount: 1000
1451 ELMID
elmcount: 999
1452 ELMID
elmcount: 998
1453 ELMID
elmcount: 997
1454 ELMID
elmcount: 996
1455 ELMID
elmcount: 995
1456 ELMID
elmcount: 994
1457 ELMID
1474 ELMID added
1475 ELMID added
1476 ELMID added
1477 ELMID added
1478 ELMID added
1479 ELMID added
1480 ELMID added
1481 ELMID added
1482 ELMID added
1483 ELMID added
1484 ELMID added
1485 ELMID added
1486 ELMID added
1487 ELMID added
1488 ELMID added
1489 ELMID added
SDAI Error: sdaiAI_NEXS.
1490 ELMID added
refdes: U1
elmcount: 1010
1355 ELMID
elmcount: 1009
1360 ELMID
elmcount: 1008
1365 ELMID
elmcount: 1007
1370 ELMID
elmcount: 1006
1375 ELMID
elmcount: 1005
1380 ELMID
elmcount: 1004
1385 ELMID
elmcount: 1003
1390 ELMID
elmcount: 1002
1395 ELMID
elmcount: 1001
1400 ELMID
elmcount: 1000
1404 ELMID
elmcount: 999
1405 ELMID
elmcount: 998
1410 ELMID
elmcount: 997
1415 ELMID
elmcount: 996
1420 ELMID
elmcount: 995
1424 ELMID
1491 ELMID added
1492 ELMID added
1493 ELMID added
1494 ELMID added
1495 ELMID added
1496 ELMID added
1497 ELMID added
1498 ELMID added
1499 ELMID added
1500 ELMID added
1501 ELMID added
1502 ELMID added
1503 ELMID added
1504 ELMID added
1505 ELMID added
1506 ELMID added
1507 ELMID added
1508 ELMID added
1509 ELMID added
1510 ELMID added
1511 ELMID added
1512 ELMID added
1513 ELMID added
1514 ELMID added
1515 ELMID added
1516 ELMID added
1517 ELMID added
1518 ELMID added
1519 ELMID added
1520 ELMID added
1521 ELMID added
1522 ELMID added
1523 ELMID added
1524 ELMID added
1525 ELMID added
1526 ELMID added
1527 ELMID added
1528 ELMID added
1529 ELMID added
1530 ELMID added
1531 ELMID added
1532 ELMID added
1533 ELMID added
1534 ELMID added
1535 ELMID added
1536 ELMID added
1537 ELMID added
1538 ELMID added
1539 ELMID added
1540 ELMID added
1541 ELMID added
1542 ELMID added
1543 ELMID added
1544 ELMID added
1545 ELMID added
1546 ELMID added
1547 ELMID added
1548 ELMID added
1549 ELMID added
1550 ELMID added
1551 ELMID added
1552 ELMID added
1553 ELMID added
1554 ELMID added
1555 ELMID added
1556 ELMID added
1557 ELMID added
1558 ELMID added
1559 ELMID added
1560 ELMID added
1561 ELMID added
1562 ELMID added
1563 ELMID added
1564 ELMID added
1565 ELMID added
1566 ELMID added
1567 ELMID added
1568 ELMID added
1569 ELMID added
1570 ELMID added
1571 ELMID added
1572 ELMID added
1573 ELMID added
1574 ELMID added
1575 ELMID added
1576 ELMID added
1577 ELMID added
1578 ELMID added
1579 ELMID added
1580 ELMID added
1581 ELMID added
1582 ELMID added
1583 ELMID added
1584 ELMID added
1585 ELMID added
1586 ELMID added
1587 ELMID added
elmcount: 1091
1573 ELMID
1588 ELMID added
elmcount: 1091
1574 ELMID
1589 ELMID added
elmcount: 1091
1575 ELMID
1590 ELMID added
elmcount: 1091
1576 ELMID
1591 ELMID added
elmcount: 1091
1577 ELMID
1592 ELMID added
elmcount: 1091
1578 ELMID
1593 ELMID added
elmcount: 1091
1579 ELMID
1594 ELMID added
elmcount: 1091
1580 ELMID
1595 ELMID added
elmcount: 1091
1581 ELMID
1596 ELMID added
elmcount: 1091
1582 ELMID
1597 ELMID added
elmcount: 1091
1583 ELMID
1598 ELMID added
elmcount: 1091
1584 ELMID
1599 ELMID added
elmcount: 1091
1585 ELMID
1600 ELMID added
elmcount: 1091
1586 ELMID
1601 ELMID added
elmcount: 1091
1571 ELMID
1602 ELMID added
elmcount: 1091
1572 ELMID
1603 ELMID added
1604 ELMID added
1605 ELMID added
1606 ELMID added
1607 ELMID added
1608 ELMID added
1609 ELMID added
1610 ELMID added
1611 ELMID added
1612 ELMID added
1613 ELMID added
1614 ELMID added
1615 ELMID added
1616 ELMID added
1617 ELMID added
1618 ELMID added
elmcount: 1106
1587 ELMID
elmcount: 1105
1588 ELMID
elmcount: 1104
1589 ELMID
elmcount: 1103
1590 ELMID
elmcount: 1102
1591 ELMID
elmcount: 1101
1592 ELMID
elmcount: 1100
1593 ELMID
elmcount: 1099
1594 ELMID
elmcount: 1098
1595 ELMID
elmcount: 1097
1596 ELMID
elmcount: 1096
1597 ELMID
elmcount: 1095
1598 ELMID
elmcount: 1094
1599 ELMID
elmcount: 1093
1600 ELMID
elmcount: 1092
1601 ELMID
elmcount: 1091
1602 ELMID
1619 ELMID added
1620 ELMID added
1621 ELMID added
1622 ELMID added
1623 ELMID added
1624 ELMID added
1625 ELMID added
1626 ELMID added
1627 ELMID added
1628 ELMID added
1629 ELMID added
1630 ELMID added
1631 ELMID added
1632 ELMID added
1633 ELMID added
1634 ELMID added
SDAI Error: sdaiAI_NEXS.
1635 ELMID added
CAP210ViewerView::OnInitialUpdate
CAP210ViewerView::PrepareScene()
About to init display mode
About to create Select Buffer
CAP210ViewerView::DrawScene()
Name Stack Depth: 0
name: 3
CAP210ViewerDoc::OnCloseDocument()
elmcount: 1107
75 ELMID
elmcount: 1106
67 ELMID
elmcount: 1105
68 ELMID
elmcount: 1104
69 ELMID
elmcount: 1103
70 ELMID
elmcount: 1102
71 ELMID
elmcount: 1101
72 ELMID
elmcount: 1100
73 ELMID
elmcount: 1099
74 ELMID
elmcount: 1098
58 ELMID
elmcount: 1097
122 ELMID
elmcount: 1096
112 ELMID
elmcount: 1095
113 ELMID
elmcount: 1094
114 ELMID
elmcount: 1093
115 ELMID
elmcount: 1092
116 ELMID
elmcount: 1091
117 ELMID
elmcount: 1090
118 ELMID
elmcount: 1089
119 ELMID
elmcount: 1088
120 ELMID
elmcount: 1087
121 ELMID
elmcount: 1086
101 ELMID
elmcount: 1085
196 ELMID
elmcount: 1084
180 ELMID
elmcount: 1083
181 ELMID
elmcount: 1082
182 ELMID
elmcount: 1081
183 ELMID
elmcount: 1080
184 ELMID
elmcount: 1079
185 ELMID
elmcount: 1078
186 ELMID
elmcount: 1077
187 ELMID
elmcount: 1076
188 ELMID
elmcount: 1075
189 ELMID
elmcount: 1074
190 ELMID
elmcount: 1073
191 ELMID
elmcount: 1072
192 ELMID
elmcount: 1071
193 ELMID
elmcount: 1070
194 ELMID
elmcount: 1069
195 ELMID
elmcount: 1068
163 ELMID
elmcount: 1067
270 ELMID
elmcount: 1066
254 ELMID
elmcount: 1065
255 ELMID
elmcount: 1064
256 ELMID
elmcount: 1063
257 ELMID
elmcount: 1062
258 ELMID
elmcount: 1061
259 ELMID
elmcount: 1060
260 ELMID
elmcount: 1059
261 ELMID
elmcount: 1058
262 ELMID
elmcount: 1057
263 ELMID
elmcount: 1056
264 ELMID
elmcount: 1055
265 ELMID
elmcount: 1054
266 ELMID
elmcount: 1053
267 ELMID
elmcount: 1052
268 ELMID
elmcount: 1051
269 ELMID
elmcount: 1050
237 ELMID
elmcount: 1049
339 ELMID
elmcount: 1048
323 ELMID
elmcount: 1047
324 ELMID
elmcount: 1046
325 ELMID
elmcount: 1045
326 ELMID
elmcount: 1044
327 ELMID
elmcount: 1043
328 ELMID
elmcount: 1042
329 ELMID
elmcount: 1041
330 ELMID
elmcount: 1040
331 ELMID
elmcount: 1039
332 ELMID
elmcount: 1038
333 ELMID
elmcount: 1037
334 ELMID
elmcount: 1036
335 ELMID
elmcount: 1035
336 ELMID
elmcount: 1034
337 ELMID
elmcount: 1033
338 ELMID
elmcount: 1032
306 ELMID
elmcount: 1031
413 ELMID
elmcount: 1030
397 ELMID
elmcount: 1029
398 ELMID
elmcount: 1028
399 ELMID
elmcount: 1027
400 ELMID
elmcount: 1026
401 ELMID
elmcount: 1025
402 ELMID
elmcount: 1024
403 ELMID
elmcount: 1023
404 ELMID
elmcount: 1022
405 ELMID
elmcount: 1021
406 ELMID
elmcount: 1020
407 ELMID
elmcount: 1019
408 ELMID
elmcount: 1018
409 ELMID
elmcount: 1017
410 ELMID
elmcount: 1016
411 ELMID
elmcount: 1015
412 ELMID
elmcount: 1014
380 ELMID
elmcount: 1013
486 ELMID
elmcount: 1012
470 ELMID
elmcount: 1011
471 ELMID
elmcount: 1010
472 ELMID
elmcount: 1009
473 ELMID
elmcount: 1008
474 ELMID
elmcount: 1007
475 ELMID
elmcount: 1006
476 ELMID
elmcount: 1005
477 ELMID
elmcount: 1004
478 ELMID
elmcount: 1003
479 ELMID
elmcount: 1002
480 ELMID
elmcount: 1001
481 ELMID
elmcount: 1000
482 ELMID
elmcount: 999
483 ELMID
elmcount: 998
484 ELMID
elmcount: 997
485 ELMID
elmcount: 996
453 ELMID
elmcount: 995
555 ELMID
elmcount: 994
539 ELMID
elmcount: 993
540 ELMID
elmcount: 992
541 ELMID
elmcount: 991
542 ELMID
elmcount: 990
543 ELMID
elmcount: 989
544 ELMID
elmcount: 988
545 ELMID
elmcount: 987
546 ELMID
elmcount: 986
547 ELMID
elmcount: 985
548 ELMID
elmcount: 984
549 ELMID
elmcount: 983
550 ELMID
elmcount: 982
551 ELMID
elmcount: 981
552 ELMID
elmcount: 980
553 ELMID
elmcount: 979
554 ELMID
elmcount: 978
522 ELMID
elmcount: 977
629 ELMID
elmcount: 976
613 ELMID
elmcount: 975
614 ELMID
elmcount: 974
615 ELMID
elmcount: 973
616 ELMID
elmcount: 972
617 ELMID
elmcount: 971
618 ELMID
elmcount: 970
619 ELMID
elmcount: 969
620 ELMID
elmcount: 968
621 ELMID
elmcount: 967
622 ELMID
elmcount: 966
623 ELMID
elmcount: 965
624 ELMID
elmcount: 964
625 ELMID
elmcount: 963
626 ELMID
elmcount: 962
627 ELMID
elmcount: 961
628 ELMID
elmcount: 960
596 ELMID
elmcount: 959
775 ELMID
elmcount: 958
743 ELMID
elmcount: 957
744 ELMID
elmcount: 956
745 ELMID
elmcount: 955
746 ELMID
elmcount: 954
747 ELMID
elmcount: 953
748 ELMID
elmcount: 952
749 ELMID
elmcount: 951
750 ELMID
elmcount: 950
751 ELMID
elmcount: 949
752 ELMID
elmcount: 948
753 ELMID
elmcount: 947
754 ELMID
elmcount: 946
755 ELMID
elmcount: 945
756 ELMID
elmcount: 944
757 ELMID
elmcount: 943
758 ELMID
elmcount: 942
759 ELMID
elmcount: 941
760 ELMID
elmcount: 940
761 ELMID
elmcount: 939
762 ELMID
elmcount: 938
763 ELMID
elmcount: 937
764 ELMID
elmcount: 936
765 ELMID
elmcount: 935
766 ELMID
elmcount: 934
767 ELMID
elmcount: 933
768 ELMID
elmcount: 932
769 ELMID
elmcount: 931
770 ELMID
elmcount: 930
771 ELMID
elmcount: 929
772 ELMID
elmcount: 928
773 ELMID
elmcount: 927
774 ELMID
elmcount: 926
710 ELMID
elmcount: 925
916 ELMID
elmcount: 924
884 ELMID
elmcount: 923
885 ELMID
elmcount: 922
886 ELMID
elmcount: 921
887 ELMID
elmcount: 920
888 ELMID
elmcount: 919
889 ELMID
elmcount: 918
890 ELMID
elmcount: 917
891 ELMID
elmcount: 916
892 ELMID
elmcount: 915
893 ELMID
elmcount: 914
894 ELMID
elmcount: 913
895 ELMID
elmcount: 912
896 ELMID
elmcount: 911
897 ELMID
elmcount: 910
898 ELMID
elmcount: 909
899 ELMID
elmcount: 908
900 ELMID
elmcount: 907
901 ELMID
elmcount: 906
902 ELMID
elmcount: 905
903 ELMID
elmcount: 904
904 ELMID
elmcount: 903
905 ELMID
elmcount: 902
906 ELMID
elmcount: 901
907 ELMID
elmcount: 900
908 ELMID
elmcount: 899
909 ELMID
elmcount: 898
910 ELMID
elmcount: 897
911 ELMID
elmcount: 896
912 ELMID
elmcount: 895
913 ELMID
elmcount: 894
914 ELMID
elmcount: 893
915 ELMID
elmcount: 892
851 ELMID
elmcount: 891
1062 ELMID
elmcount: 890
1030 ELMID
elmcount: 889
1031 ELMID
elmcount: 888
1032 ELMID
elmcount: 887
1033 ELMID
elmcount: 886
1034 ELMID
elmcount: 885
1035 ELMID
elmcount: 884
1036 ELMID
elmcount: 883
1037 ELMID
elmcount: 882
1038 ELMID
elmcount: 881
1039 ELMID
elmcount: 880
1040 ELMID
elmcount: 879
1041 ELMID
elmcount: 878
1042 ELMID
elmcount: 877
1043 ELMID
elmcount: 876
1044 ELMID
elmcount: 875
1045 ELMID
elmcount: 874
1046 ELMID
elmcount: 873
1047 ELMID
elmcount: 872
1048 ELMID
elmcount: 871
1049 ELMID
elmcount: 870
1050 ELMID
elmcount: 869
1051 ELMID
elmcount: 868
1052 ELMID
elmcount: 867
1053 ELMID
elmcount: 866
1054 ELMID
elmcount: 865
1055 ELMID
elmcount: 864
1056 ELMID
elmcount: 863
1057 ELMID
elmcount: 862
1058 ELMID
elmcount: 861
1059 ELMID
elmcount: 860
1060 ELMID
elmcount: 859
1061 ELMID
elmcount: 858
997 ELMID
elmcount: 857
1203 ELMID
elmcount: 856
1171 ELMID
elmcount: 855
1172 ELMID
elmcount: 854
1173 ELMID
elmcount: 853
1174 ELMID
elmcount: 852
1175 ELMID
elmcount: 851
1176 ELMID
elmcount: 850
1177 ELMID
elmcount: 849
1178 ELMID
elmcount: 848
1179 ELMID
elmcount: 847
1180 ELMID
elmcount: 846
1181 ELMID
elmcount: 845
1182 ELMID
elmcount: 844
1183 ELMID
elmcount: 843
1184 ELMID
elmcount: 842
1185 ELMID
elmcount: 841
1186 ELMID
elmcount: 840
1187 ELMID
elmcount: 839
1188 ELMID
elmcount: 838
1189 ELMID
elmcount: 837
1190 ELMID
elmcount: 836
1191 ELMID
elmcount: 835
1192 ELMID
elmcount: 834
1193 ELMID
elmcount: 833
1194 ELMID
elmcount: 832
1195 ELMID
elmcount: 831
1196 ELMID
elmcount: 830
1197 ELMID
elmcount: 829
1198 ELMID
elmcount: 828
1199 ELMID
elmcount: 827
1200 ELMID
elmcount: 826
1201 ELMID
elmcount: 825
1202 ELMID
elmcount: 824
1138 ELMID
elmcount: 823
1349 ELMID
elmcount: 822
1317 ELMID
elmcount: 821
1318 ELMID
elmcount: 820
1319 ELMID
elmcount: 819
1320 ELMID
elmcount: 818
1321 ELMID
elmcount: 817
1322 ELMID
elmcount: 816
1323 ELMID
elmcount: 815
1324 ELMID
elmcount: 814
1325 ELMID
elmcount: 813
1326 ELMID
elmcount: 812
1327 ELMID
elmcount: 811
1328 ELMID
elmcount: 810
1329 ELMID
elmcount: 809
1330 ELMID
elmcount: 808
1331 ELMID
elmcount: 807
1332 ELMID
elmcount: 806
1333 ELMID
elmcount: 805
1334 ELMID
elmcount: 804
1335 ELMID
elmcount: 803
1336 ELMID
elmcount: 802
1337 ELMID
elmcount: 801
1338 ELMID
elmcount: 800
1339 ELMID
elmcount: 799
1340 ELMID
elmcount: 798
1341 ELMID
elmcount: 797
1342 ELMID
elmcount: 796
1343 ELMID
elmcount: 795
1344 ELMID
elmcount: 794
1345 ELMID
elmcount: 793
1346 ELMID
elmcount: 792
1347 ELMID
elmcount: 791
1348 ELMID
elmcount: 790
1284 ELMID
elmcount: 789
1490 ELMID
elmcount: 788
1458 ELMID
elmcount: 787
1459 ELMID
elmcount: 786
1460 ELMID
elmcount: 785
1461 ELMID
elmcount: 784
1462 ELMID
elmcount: 783
1463 ELMID
elmcount: 782
1464 ELMID
elmcount: 781
1465 ELMID
elmcount: 780
1466 ELMID
elmcount: 779
1467 ELMID
elmcount: 778
1468 ELMID
elmcount: 777
1469 ELMID
elmcount: 776
1470 ELMID
elmcount: 775
1471 ELMID
elmcount: 774
1472 ELMID
elmcount: 773
1473 ELMID
elmcount: 772
1474 ELMID
elmcount: 771
1475 ELMID
elmcount: 770
1476 ELMID
elmcount: 769
1477 ELMID
elmcount: 768
1478 ELMID
elmcount: 767
1479 ELMID
elmcount: 766
1480 ELMID
elmcount: 765
1481 ELMID
elmcount: 764
1482 ELMID
elmcount: 763
1483 ELMID
elmcount: 762
1484 ELMID
elmcount: 761
1485 ELMID
elmcount: 760
1486 ELMID
elmcount: 759
1487 ELMID
elmcount: 758
1488 ELMID
elmcount: 757
1489 ELMID
elmcount: 756
1425 ELMID
elmcount: 755
1635 ELMID
elmcount: 754
1603 ELMID
elmcount: 753
1604 ELMID
elmcount: 752
1605 ELMID
elmcount: 751
1606 ELMID
elmcount: 750
1607 ELMID
8 ELMID
elmcount: 707
12 ELMID
elmcount: 706
13 ELMID
elmcount: 705
17 ELMID
elmcount: 704
38 ELMID
elmcount: 703
39 ELMID
elmcount: 702
40 ELMID
elmcount: 701
44 ELMID
elmcount: 700
45 ELMID
elmcount: 699
49 ELMID
elmcount: 698
50 ELMID
elmcount: 697
54 ELMID
elmcount: 696
76 ELMID
elmcount: 695
77 ELMID
elmcount: 694
78 ELMID
elmcount: 693
82 ELMID
elmcount: 692
83 ELMID
elmcount: 691
87 ELMID
elmcount: 690
88 ELMID
elmcount: 689
92 ELMID
elmcount: 688
93 ELMID
elmcount: 687
97 ELMID
elmcount: 686
123 ELMID
elmcount: 685
124 ELMID
elmcount: 684
125 ELMID
elmcount: 683
129 ELMID
elmcount: 682
130 ELMID
elmcount: 681
134 ELMID
elmcount: 680
135 ELMID
elmcount: 679
139 ELMID
elmcount: 678
140 ELMID
elmcount: 677
144 ELMID
elmcount: 676
145 ELMID
elmcount: 675
149 ELMID
elmcount: 674
150 ELMID
elmcount: 673
154 ELMID
elmcount: 672
155 ELMID
elmcount: 671
159 ELMID
elmcount: 670
197 ELMID
elmcount: 669
198 ELMID
elmcount: 668
199 ELMID
elmcount: 667
203 ELMID
elmcount: 666
204 ELMID
elmcount: 665
208 ELMID
elmcount: 664
209 ELMID
elmcount: 663
213 ELMID
elmcount: 662
214 ELMID
elmcount: 661
218 ELMID
elmcount: 660
219 ELMID
elmcount: 659
223 ELMID
elmcount: 658
224 ELMID
elmcount: 657
228 ELMID
elmcount: 656
229 ELMID
elmcount: 655
233 ELMID
elmcount: 654
272 ELMID
elmcount: 653
273 ELMID
elmcount: 652
277 ELMID
elmcount: 651
278 ELMID
elmcount: 650
282 ELMID
elmcount: 649
283 ELMID
elmcount: 648
287 ELMID
elmcount: 647
288 ELMID
elmcount: 646
292 ELMID
elmcount: 645
293 ELMID
elmcount: 644
297 ELMID
elmcount: 643
298 ELMID
elmcount: 642
302 ELMID
elmcount: 641
340 ELMID
elmcount: 640
341 ELMID
elmcount: 639
342 ELMID
elmcount: 638
346 ELMID
elmcount: 637
347 ELMID
elmcount: 636
351 ELMID
elmcount: 635
352 ELMID
elmcount: 634
356 ELMID
elmcount: 633
357 ELMID
elmcount: 632
361 ELMID
elmcount: 631
362 ELMID
elmcount: 630
366 ELMID
elmcount: 629
367 ELMID
elmcount: 628
371 ELMID
elmcount: 627
372 ELMID
elmcount: 626
376 ELMID
elmcount: 625
414 ELMID
elmcount: 624
415 ELMID
elmcount: 623
416 ELMID
elmcount: 622
420 ELMID
elmcount: 621
421 ELMID
elmcount: 620
425 ELMID
elmcount: 619
426 ELMID
elmcount: 618
430 ELMID
elmcount: 617
431 ELMID
elmcount: 616
435 ELMID
elmcount: 615
436 ELMID
elmcount: 614
440 ELMID
elmcount: 613
441 ELMID
elmcount: 612
445 ELMID
elmcount: 611
449 ELMID
elmcount: 610
488 ELMID
elmcount: 609
489 ELMID
elmcount: 608
493 ELMID
elmcount: 607
494 ELMID
elmcount: 606
498 ELMID
elmcount: 605
499 ELMID
elmcount: 604
503 ELMID
elmcount: 603
504 ELMID
elmcount: 602
508 ELMID
elmcount: 601
509 ELMID
elmcount: 600
513 ELMID
elmcount: 599
514 ELMID
elmcount: 598
518 ELMID
elmcount: 597
556 ELMID
elmcount: 596
557 ELMID
elmcount: 595
558 ELMID
elmcount: 594
562 ELMID
elmcount: 593
563 ELMID
elmcount: 567
662 ELMID
elmcount: 566
666 ELMID
elmcount: 565
667 ELMID
elmcount: 564
671 ELMID
elmcount: 563
672 ELMID
elmcount: 562
676 ELMID
elmcount: 561
677 ELMID
elmcount: 560
681 ELMID
elmcount: 559
682 ELMID
elmcount: 558
686 ELMID
elmcount: 557
687 ELMID
elmcount: 556
691 ELMID
elmcount: 555
692 ELMID
elmcount: 554
696 ELMID
elmcount: 553
697 ELMID
elmcount: 552
701 ELMID
elmcount: 551
702 ELMID
elmcount: 550
706 ELMID
elmcount: 549
776 ELMID
elmcount: 548
777 ELMID
elmcount: 547
778 ELMID
elmcount: 546
782 ELMID
elmcount: 545
783 ELMID
elmcount: 544
787 ELMID
elmcount: 543
792 ELMID
elmcount: 542
793 ELMID
elmcount: 541
797 ELMID
elmcount: 540
798 ELMID
elmcount: 539
802 ELMID
elmcount: 538
803 ELMID
elmcount: 537
807 ELMID
elmcount: 536
808 ELMID
elmcount: 535
812 ELMID
elmcount: 534
813 ELMID
elmcount: 533
817 ELMID
elmcount: 532
818 ELMID
elmcount: 531
822 ELMID
elmcount: 530
823 ELMID
elmcount: 529
827 ELMID
elmcount: 528
828 ELMID
elmcount: 527
832 ELMID
elmcount: 526
833 ELMID
elmcount: 525
837 ELMID
elmcount: 524
838 ELMID
elmcount: 523
842 ELMID
elmcount: 522
843 ELMID
elmcount: 521
847 ELMID
elmcount: 520
917 ELMID
elmcount: 519
918 ELMID
elmcount: 518
919 ELMID
elmcount: 517
923 ELMID
elmcount: 516
924 ELMID
elmcount: 515
928 ELMID
elmcount: 514
929 ELMID
elmcount: 513
933 ELMID
elmcount: 512
934 ELMID
elmcount: 511
938 ELMID
elmcount: 510
939 ELMID
elmcount: 509
943 ELMID
elmcount: 508
944 ELMID
elmcount: 507
948 ELMID
elmcount: 506
949 ELMID
elmcount: 505
953 ELMID
elmcount: 504
954 ELMID
elmcount: 503
958 ELMID
elmcount: 502
959 ELMID
elmcount: 501
963 ELMID
elmcount: 500
964 ELMID
elmcount: 499
968 ELMID
elmcount: 498
969 ELMID
elmcount: 497
973 ELMID
elmcount: 496
974 ELMID
elmcount: 495
978 ELMID
elmcount: 494
979 ELMID
elmcount: 493
983 ELMID
elmcount: 492
984 ELMID
elmcount: 491
988 ELMID
elmcount: 490
989 ELMID
elmcount: 489
993 ELMID
elmcount: 488
1063 ELMID
elmcount: 487
1064 ELMID
elmcount: 486
1065 ELMID
elmcount: 485
1069 ELMID
elmcount: 484
1070 ELMID
elmcount: 483
1074 ELMID
elmcount: 482
1075 ELMID
elmcount: 481
1079 ELMID
elmcount: 480
1080 ELMID
elmcount: 479
1084 ELMID
elmcount: 478
1085 ELMID
elmcount: 477
1089 ELMID
elmcount: 476
1090 ELMID
elmcount: 475
1094 ELMID
elmcount: 474
1095 ELMID
elmcount: 473
1099 ELMID
elmcount: 472
1100 ELMID
elmcount: 471
1104 ELMID
elmcount: 470
1105 ELMID
elmcount: 469
1109 ELMID
elmcount: 468
1110 ELMID
elmcount: 467
1114 ELMID
elmcount: 466
1119 ELMID
elmcount: 465
1120 ELMID
elmcount: 464
1124 ELMID
elmcount: 463
1125 ELMID
elmcount: 462
1129 ELMID
elmcount: 461
1130 ELMID
elmcount: 460
1134 ELMID
elmcount: 459
1204 ELMID
elmcount: 458
1205 ELMID
elmcount: 457
1206 ELMID
elmcount: 456
1210 ELMID
elmcount: 455
1211 ELMID
elmcount: 454
1215 ELMID
elmcount: 453
1216 ELMID
elmcount: 452
1280 ELMID
elmcount: 427
1350 ELMID
elmcount: 426
1351 ELMID
elmcount: 425
1352 ELMID
elmcount: 424
1356 ELMID
elmcount: 423
1357 ELMID
elmcount: 422
1361 ELMID
elmcount: 421
1362 ELMID
elmcount: 420
1366 ELMID
elmcount: 419
1367 ELMID
elmcount: 418
1371 ELMID
elmcount: 417
1372 ELMID
elmcount: 416
1376 ELMID
elmcount: 415
1377 ELMID
elmcount: 414
1381 ELMID
elmcount: 413
1382 ELMID
elmcount: 412
1386 ELMID
elmcount: 411
1387 ELMID
elmcount: 410
1391 ELMID
elmcount: 409
1392 ELMID
elmcount: 408
1396 ELMID
elmcount: 407
1397 ELMID
elmcount: 406
1401 ELMID
elmcount: 405
1406 ELMID
elmcount: 404
1407 ELMID
elmcount: 403
1411 ELMID
elmcount: 402
1412 ELMID
elmcount: 401
1416 ELMID
elmcount: 400
1417 ELMID
elmcount: 399
1421 ELMID
elmcount: 398
1491 ELMID
elmcount: 397
1492 ELMID
elmcount: 396
1493 ELMID
elmcount: 395
1497 ELMID
elmcount: 394
1501 ELMID
elmcount: 393
1502 ELMID
elmcount: 392
1506 ELMID
elmcount: 391
1507 ELMID
elmcount: 390
1511 ELMID
elmcount: 389
1512 ELMID
elmcount: 388
1516 ELMID
elmcount: 387
1517 ELMID
elmcount: 386
1521 ELMID
elmcount: 385
1522 ELMID
elmcount: 384
1526 ELMID
elmcount: 383
1527 ELMID
elmcount: 382
1531 ELMID
elmcount: 381
1532 ELMID
elmcount: 380
1536 ELMID
elmcount: 379
1537 ELMID
elmcount: 378
1541 ELMID
elmcount: 377
1542 ELMID
elmcount: 376
1546 ELMID
elmcount: 375
1547 ELMID
elmcount: 374
1551 ELMID
elmcount: 373
1552 ELMID
elmcount: 372
1556 ELMID
elmcount: 371
1557 ELMID
elmcount: 370
1561 ELMID
elmcount: 369
1562 ELMID
elmcount: 368
1566 ELMID
elmcount: 367
1496 ELMID
elmcount: 366
1500 ELMID
elmcount: 365
1505 ELMID
elmcount: 364
1510 ELMID
elmcount: 363
1515 ELMID
elmcount: 362
1520 ELMID
elmcount: 361
1525 ELMID
elmcount: 360
1530 ELMID
elmcount: 359
1535 ELMID
elmcount: 358
1540 ELMID
elmcount: 357
1545 ELMID
elmcount: 356
1550 ELMID
elmcount: 355
1555 ELMID
elmcount: 354
1560 ELMID
elmcount: 353
1565 ELMID
elmcount: 352
1569 ELMID
Close Repository
Close Session
Detected memory leaks!
Dumping objects ->
{262698} normal block at 0x02DE67D0, 26 bytes long.
 Data: <sdai_dis_schema_> 73 64 61 69 5F 64 69 73 5F 73 63 68 65 6D 61 5F 
{262697} normal block at 0x02DE67A0, 12 bytes long.
 Data: < g          > D0 67 DE 02 1A 00 00 00 00 00 00 00 
{262694} normal block at 0x02DE6FC0, 8 bytes long.
 Data: <Flasher > 46 6C 61 73 68 65 72 00 
{262693} normal block at 0x02DE6E80, 12 bytes long.
 Data: < o          > C0 6F DE 02 08 00 00 00 00 00 00 00 
{262622} normal block at 0x02DE6620, 24 bytes long.
 Data: <HF >    l 0  ( ?> 48 46 9B 3E 96 99 B9 BF 6C 16 30 AE E9 28 BC 3F 
{262621} normal block at 0x02DE65E0, 24 bytes long.
 Data: <  @     l 0  ( ?> F8 19 40 8D B5 1E C5 BF 6C 16 30 AE E9 28 BC 3F 
{262620} normal block at 0x02DE65A0, 24 bytes long.
 Data: <  O`    l 0  ( ?> 00 A1 4F 60 11 AE C7 BF 6C 16 30 AE E9 28 BC 3F 
{262619} normal block at 0x02DE6560, 24 bytes long.
 Data: <  O`      9 r   > 00 A1 4F 60 11 AE C7 BF 1C 17 39 BE 72 14 CE BF 
{262618} normal block at 0x02DE6520, 24 bytes long.
 Data: <  @      ?      > F8 19 40 8D B5 1E C5 BF F2 3F 06 C3 D2 A3 D0 BF 
{262617} normal block at 0x02DE64E0, 24 bytes long.
 Data: <HF >     ?      > 48 46 9B 3E 96 99 B9 BF F2 3F 06 C3 D2 A3 D0 BF 
{262616} normal block at 0x02DE64A0, 24 bytes long.
 Data: <HF >    ]{      > 48 46 9B 3E 96 99 B9 BF 5D 7B FF F9 C7 CC D4 BF 
{262615} normal block at 0x02DE6460, 24 bytes long.
 Data: <<F >   ?]{      > 3C 46 9B 3E 96 99 B9 3F 5D 7B FF F9 C7 CC D4 BF 
{262614} normal block at 0x02DE6420, 24 bytes long.
 Data: <<F >   ? ?      > 3C 46 9B 3E 96 99 B9 3F F2 3F 06 C3 D2 A3 D0 BF 
{262613} normal block at 0x02DE63E0, 24 bytes long.
 Data: < c )   ? ?      > 12 63 C5 29 AD 1E C5 3F F2 3F 06 C3 D2 A3 D0 BF 
{262612} normal block at 0x02DE63A0, 24 bytes long.
 Data: <       ?  9 r   > 1A EA D4 FC 08 AE C7 3F 1C 17 39 BE 72 14 CE BF 
{262611} normal block at 0x02DE6360, 24 bytes long.
 Data: <       ?\   2  ?> 1A EA D4 FC 08 AE C7 3F 5C 08 11 08 32 0A B7 3F 
{262610} normal block at 0x02DE6320, 24 bytes long.
 Data: < c )   ?l 0  ( ?> 12 63 C5 29 AD 1E C5 3F 6C 16 30 AE E9 28 BC 3F 
{262609} normal block at 0x02DE62E0, 24 bytes long.
 Data: <<F >   ?l 0  ( ?> 3C 46 9B 3E 96 99 B9 3F 6C 16 30 AE E9 28 BC 3F 
{262608} normal block at 0x02DE62A0, 24 bytes long.
 Data: <<F >   ?   E_f ?> 3C 46 9B 3E 96 99 B9 3F 0C 82 0A 45 5F 66 C6 3F 
{262607} normal block at 0x02DE6260, 24 bytes long.
 Data: <DF >       E_f ?> 44 46 9B 3E 96 99 B9 BF 0A 82 0A 45 5F 66 C6 3F 
{262606} normal block at 0x02DE6220, 24 bytes long.
 Data: <HF >    l 0  ( ?> 48 46 9B 3E 96 99 B9 BF 6C 16 30 AE E9 28 BC 3F 
{262605} normal block at 0x02DE61E0, 24 bytes long.
 Data: <  @     l 0  ( ?> F8 19 40 8D B5 1E C5 BF 6C 16 30 AE E9 28 BC 3F 
{262604} normal block at 0x02DE61A0, 24 bytes long.
 Data: <  O`    l 0  ( ?> 00 A1 4F 60 11 AE C7 BF 6C 16 30 AE E9 28 BC 3F 
{262603} normal block at 0x02DE6160, 24 bytes long.
 Data: <  O`      9 r   > 00 A1 4F 60 11 AE C7 BF 1C 17 39 BE 72 14 CE BF 
{262602} normal block at 0x02DE6120, 24 bytes long.
 Data: <  @      ?      > F8 19 40 8D B5 1E C5 BF F2 3F 06 C3 D2 A3 D0 BF 
{262601} normal block at 0x02DE5FE0, 24 bytes long.
 Data: <HF >     ?      > 48 46 9B 3E 96 99 B9 BF F2 3F 06 C3 D2 A3 D0 BF 
{262600} normal block at 0x02DE5FA0, 24 bytes long.
 Data: <HF >    ]{      > 48 46 9B 3E 96 99 B9 BF 5D 7B FF F9 C7 CC D4 BF 
{262599} normal block at 0x02DE5F60, 24 bytes long.
 Data: <<F >   ?]{      > 3C 46 9B 3E 96 99 B9 3F 5D 7B FF F9 C7 CC D4 BF 
{262598} normal block at 0x02DE5F20, 24 bytes long.
 Data: <<F >   ? ?      > 3C 46 9B 3E 96 99 B9 3F F2 3F 06 C3 D2 A3 D0 BF 
{262597} normal block at 0x02DE5EE0, 24 bytes long.
 Data: < c )   ? ?      > 12 63 C5 29 AD 1E C5 3F F2 3F 06 C3 D2 A3 D0 BF 
{262596} normal block at 0x02DE5EA0, 24 bytes long.
 Data: <       ?  9 r   > 1A EA D4 FC 08 AE C7 3F 1C 17 39 BE 72 14 CE BF 
{262595} normal block at 0x02DE5E60, 24 bytes long.
 Data: <       ?\   2  ?> 1A EA D4 FC 08 AE C7 3F 5C 08 11 08 32 0A B7 3F 
{262594} normal block at 0x02DE5E20, 24 bytes long.
 Data: < c )   ?l 0  ( ?> 12 63 C5 29 AD 1E C5 3F 6C 16 30 AE E9 28 BC 3F 
{262593} normal block at 0x02DE5DE0, 24 bytes long.
 Data: <<F >   ?l 0  ( ?> 3C 46 9B 3E 96 99 B9 3F 6C 16 30 AE E9 28 BC 3F 
{262592} normal block at 0x02DE5DA0, 24 bytes long.
 Data: <<F >   ?   E_f ?> 3C 46 9B 3E 96 99 B9 3F 0C 82 0A 45 5F 66 C6 3F 
{262591} normal block at 0x02DE5D60, 24 bytes long.
 Data: <DF >       E_f ?> 44 46 9B 3E 96 99 B9 BF 0A 82 0A 45 5F 66 C6 3F 
{262590} normal block at 0x02DE5D20, 24 bytes long.
 Data: <  .m G ?M'V# Q  > 8A 18 2E 6D A3 47 C1 3F 4D 27 56 23 E4 51 C8 BF 
{262589} normal block at 0x02DE5CE0, 24 bytes long.
 Data: < 6jx   ?   E_f  > CA 36 6A 78 CC A3 C0 3F 08 82 0A 45 5F 66 C6 BF 
{262588} normal block at 0x02DE5CA0, 24 bytes long.
 Data: <           E_f  > AA ED E4 DB D4 A3 C0 BF 07 82 0A 45 5F 66 C6 BF 
{262587} normal block at 0x02DE5C60, 24 bytes long.
 Data: <l    G  L'V# Q  > 6C CF A8 D0 AB 47 C1 BF 4C 27 56 23 E4 51 C8 BF 
{262586} normal block at 0x02DE5C20, 24 bytes long.
 Data: <  FV    K'V# Q  > 8B DE 46 56 C0 F5 D0 BF 4B 27 56 23 E4 51 C8 BF 
{262585} normal block at 0x02DE5BE0, 24 bytes long.
 Data: <   ?n=  R e ?   > 0F A2 CE 3F 6E 3D D2 BF 52 AE 65 F6 3F E1 CA BF 
{262584} normal block at 0x02DE5BA0, 24 bytes long.
 Data: <   ?n=      I   > 0F A2 CE 3F 6E 3D D2 BF DC F8 FC B2 49 B8 CE BF 
{262583} normal block at 0x02DE5B60, 24 bytes long.
 Data: <  FV     ?      > 8B DE 46 56 C0 F5 D0 BF F1 3F 06 C3 D2 A3 D0 BF 
{262582} normal block at 0x02DE5B20, 24 bytes long.
 Data: <l    G   ?      > 6C CF A8 D0 AB 47 C1 BF F2 3F 06 C3 D2 A3 D0 BF 
{262581} normal block at 0x02DE5AE0, 24 bytes long.
 Data: <          ,2    > AA ED E4 DB D4 A3 C0 BF 94 12 2C 32 95 99 D1 BF 
{262580} normal block at 0x02DE5AA0, 24 bytes long.
 Data: < 6jx   ?  ,2    > CA 36 6A 78 CC A3 C0 3F 95 12 2C 32 95 99 D1 BF 
{262579} normal block at 0x02DE5A60, 24 bytes long.
 Data: <  .m G ? ?      > 8A 18 2E 6D A3 47 C1 3F F2 3F 06 C3 D2 A3 D0 BF 
{262578} normal block at 0x02DE5A20, 24 bytes long.
 Data: <   $   ? ?      > 1B 83 89 24 BC F5 D0 3F F2 3F 06 C3 D2 A3 D0 BF 
{262577} normal block at 0x02DE59E0, 24 bytes long.
 Data: < F  j= ?    I   > 9F 46 11 0E 6A 3D D2 3F DE F8 FC B2 49 B8 CE BF 
{262576} normal block at 0x02DE59A0, 24 bytes long.
 Data: < F  j= ?T e ?   > 9F 46 11 0E 6A 3D D2 3F 54 AE 65 F6 3F E1 CA BF 
{262575} normal block at 0x02DE5960, 24 bytes long.
 Data: <   $   ?M'V# Q  > 1B 83 89 24 BC F5 D0 3F 4D 27 56 23 E4 51 C8 BF 
{262574} normal block at 0x02DE5920, 24 bytes long.
 Data: <  .m G ?M'V# Q  > 8A 18 2E 6D A3 47 C1 3F 4D 27 56 23 E4 51 C8 BF 
{262573} normal block at 0x02DE58E0, 24 bytes long.
 Data: < 6jx   ?   E_f  > CA 36 6A 78 CC A3 C0 3F 08 82 0A 45 5F 66 C6 BF 
{262572} normal block at 0x02DE58A0, 24 bytes long.
 Data: <           E_f  > AA ED E4 DB D4 A3 C0 BF 07 82 0A 45 5F 66 C6 BF 
{262571} normal block at 0x02DE5860, 24 bytes long.
 Data: <l    G  L'V# Q  > 6C CF A8 D0 AB 47 C1 BF 4C 27 56 23 E4 51 C8 BF 
{262570} normal block at 0x02DE5820, 24 bytes long.
 Data: <  FV    K'V# Q  > 8B DE 46 56 C0 F5 D0 BF 4B 27 56 23 E4 51 C8 BF 
{262569} normal block at 0x02DE57E0, 24 bytes long.
 Data: <   ?n=  R e ?   > 0F A2 CE 3F 6E 3D D2 BF 52 AE 65 F6 3F E1 CA BF 
{262568} normal block at 0x02DE57A0, 24 bytes long.
 Data: <   ?n=      I   > 0F A2 CE 3F 6E 3D D2 BF DC F8 FC B2 49 B8 CE BF 
{262567} normal block at 0x02DE5760, 24 bytes long.
 Data: <  FV     ?      > 8B DE 46 56 C0 F5 D0 BF F1 3F 06 C3 D2 A3 D0 BF 
{262566} normal block at 0x02DE5720, 24 bytes long.
 Data: <l    G   ?      > 6C CF A8 D0 AB 47 C1 BF F2 3F 06 C3 D2 A3 D0 BF 
{262565} normal block at 0x02DE56E0, 24 bytes long.
 Data: <          ,2    > AA ED E4 DB D4 A3 C0 BF 94 12 2C 32 95 99 D1 BF 
{262564} normal block at 0x02DE56A0, 24 bytes long.
 Data: < 6jx   ?  ,2    > CA 36 6A 78 CC A3 C0 3F 95 12 2C 32 95 99 D1 BF 
{262563} normal block at 0x02DE5660, 24 bytes long.
 Data: <  .m G ? ?      > 8A 18 2E 6D A3 47 C1 3F F2 3F 06 C3 D2 A3 D0 BF 
{262562} normal block at 0x02DE5620, 24 bytes long.
 Data: <   $   ? ?      > 1B 83 89 24 BC F5 D0 3F F2 3F 06 C3 D2 A3 D0 BF 
{262561} normal block at 0x02DE55E0, 24 bytes long.
 Data: < F  j= ?    I   > 9F 46 11 0E 6A 3D D2 3F DE F8 FC B2 49 B8 CE BF 
{262560} normal block at 0x02DE55A0, 24 bytes long.
 Data: < F  j= ?T e ?   > 9F 46 11 0E 6A 3D D2 3F 54 AE 65 F6 3F E1 CA BF 
{262559} normal block at 0x02DE5560, 24 bytes long.
 Data: <   $   ?M'V# Q  > 1B 83 89 24 BC F5 D0 3F 4D 27 56 23 E4 51 C8 BF 
{262558} normal block at 0x02DE5520, 24 bytes long.
 Data: <  .m G ?X   2   > 8A 18 2E 6D A3 47 C1 3F 58 08 11 08 32 0A B7 BF 
{262557} normal block at 0x02DE54E0, 24 bytes long.
 Data: < 6jx   ?  yK(3  > CA 36 6A 78 CC A3 C0 3F CE BD 79 4B 28 33 B3 BF 
{262556} normal block at 0x02DE54A0, 24 bytes long.
 Data: <          yK(3  > AA ED E4 DB D4 A3 C0 BF CC BD 79 4B 28 33 B3 BF 
{262555} normal block at 0x02DE5460, 24 bytes long.
 Data: <l    G  T   2   > 6C CF A8 D0 AB 47 C1 BF 54 08 11 08 32 0A B7 BF 
{262554} normal block at 0x02DE5420, 24 bytes long.
 Data: <  FV    T   2   > 8B DE 46 56 C0 F5 D0 BF 54 08 11 08 32 0A B7 BF 
{262553} normal block at 0x02DE53E0, 24 bytes long.
 Data: <   ?n=  b 0  (  > 0F A2 CE 3F 6E 3D D2 BF 62 16 30 AE E9 28 BC BF 
{262552} normal block at 0x02DE53A0, 24 bytes long.
 Data: <   ?n=   U  ~   > 0F A2 CE 3F 6E 3D D2 BF BB 55 AF 93 7E EB C1 BF 
{262551} normal block at 0x02DE5360, 24 bytes long.
 Data: <  FV       f z  > 8B DE 46 56 C0 F5 D0 BF C2 DC BE 66 DA 7A C4 BF 
{262550} normal block at 0x02DE5320, 24 bytes long.
 Data: <l    G     f z  > 6C CF A8 D0 AB 47 C1 BF C2 DC BE 66 DA 7A C4 BF 
{262549} normal block at 0x02DE52E0, 24 bytes long.
 Data: <           E_f  > AA ED E4 DB D4 A3 C0 BF 07 82 0A 45 5F 66 C6 BF 
{262548} normal block at 0x02DE52A0, 24 bytes long.
 Data: < 6jx   ?   E_f  > CA 36 6A 78 CC A3 C0 3F 08 82 0A 45 5F 66 C6 BF 
{262547} normal block at 0x02DE5260, 24 bytes long.
 Data: <  .m G ?   f z  > 8A 18 2E 6D A3 47 C1 3F C3 DC BE 66 DA 7A C4 BF 
{262546} normal block at 0x02DE5220, 24 bytes long.
 Data: <   $   ?   f z  > 1B 83 89 24 BC F5 D0 3F C4 DC BE 66 DA 7A C4 BF 
{262545} normal block at 0x02DE51E0, 24 bytes long.
 Data: < F  j= ? U  ~   > 9F 46 11 0E 6A 3D D2 3F BD 55 AF 93 7E EB C1 BF 
{262544} normal block at 0x02DE51A0, 24 bytes long.
 Data: < F  j= ?f 0  (  > 9F 46 11 0E 6A 3D D2 3F 66 16 30 AE E9 28 BC BF 
{262543} normal block at 0x02DE5160, 24 bytes long.
 Data: <   $   ?X   2   > 1B 83 89 24 BC F5 D0 3F 58 08 11 08 32 0A B7 BF 
{262542} normal block at 0x02DE5120, 24 bytes long.
 Data: <  .m G ?X   2   > 8A 18 2E 6D A3 47 C1 3F 58 08 11 08 32 0A B7 BF 
{262541} normal block at 0x02DE4FE0, 24 bytes long.
 Data: < 6jx   ?  yK(3  > CA 36 6A 78 CC A3 C0 3F CE BD 79 4B 28 33 B3 BF 
{262540} normal block at 0x02DE4FA0, 24 bytes long.
 Data: <          yK(3  > AA ED E4 DB D4 A3 C0 BF CC BD 79 4B 28 33 B3 BF 
{262539} normal block at 0x02DE4F60, 24 bytes long.
 Data: <l    G  T   2   > 6C CF A8 D0 AB 47 C1 BF 54 08 11 08 32 0A B7 BF 
{262538} normal block at 0x02DE4F20, 24 bytes long.
 Data: <  FV    T   2   > 8B DE 46 56 C0 F5 D0 BF 54 08 11 08 32 0A B7 BF 
{262537} normal block at 0x02DE4EE0, 24 bytes long.
 Data: <   ?n=  b 0  (  > 0F A2 CE 3F 6E 3D D2 BF 62 16 30 AE E9 28 BC BF 
{262536} normal block at 0x02DE4EA0, 24 bytes long.
 Data: <   ?n=   U  ~   > 0F A2 CE 3F 6E 3D D2 BF BB 55 AF 93 7E EB C1 BF 
{262535} normal block at 0x02DE4E60, 24 bytes long.
 Data: <  FV       f z  > 8B DE 46 56 C0 F5 D0 BF C2 DC BE 66 DA 7A C4 BF 
{262534} normal block at 0x02DE4E20, 24 bytes long.
 Data: <l    G     f z  > 6C CF A8 D0 AB 47 C1 BF C2 DC BE 66 DA 7A C4 BF 
{262533} normal block at 0x02DE4DE0, 24 bytes long.
 Data: <           E_f  > AA ED E4 DB D4 A3 C0 BF 07 82 0A 45 5F 66 C6 BF 
{262532} normal block at 0x02DE4DA0, 24 bytes long.
 Data: < 6jx   ?   E_f  > CA 36 6A 78 CC A3 C0 3F 08 82 0A 45 5F 66 C6 BF 
{262531} normal block at 0x02DE4D60, 24 bytes long.
 Data: <  .m G ?   f z  > 8A 18 2E 6D A3 47 C1 3F C3 DC BE 66 DA 7A C4 BF 
{262530} normal block at 0x02DE4D20, 24 bytes long.
 Data: <   $   ?   f z  > 1B 83 89 24 BC F5 D0 3F C4 DC BE 66 DA 7A C4 BF 
{262529} normal block at 0x02DE4CE0, 24 bytes long.
 Data: < F  j= ? U  ~   > 9F 46 11 0E 6A 3D D2 3F BD 55 AF 93 7E EB C1 BF 
{262528} normal block at 0x02DE4CA0, 24 bytes long.
 Data: < F  j= ?f 0  (  > 9F 46 11 0E 6A 3D D2 3F 66 16 30 AE E9 28 BC BF 
{262527} normal block at 0x02DE4C60, 24 bytes long.
 Data: <   $   ?X   2   > 1B 83 89 24 BC F5 D0 3F 58 08 11 08 32 0A B7 BF 
{262526} normal block at 0x02DE4C20, 24 bytes long.
 Data: <  .m G ?@  | z ?> 8A 18 2E 6D A3 47 C1 3F 40 81 A6 7C 9B 7A 84 3F 
{262525} normal block at 0x02DE4BE0, 24 bytes long.
 Data: < 6jx   ? j  t  ?> CA 36 6A 78 CC A3 C0 3F D0 6A B0 B0 74 99 99 3F 
{262524} normal block at 0x02DE4BA0, 24 bytes long.
 Data: <         j  t  ?> AA ED E4 DB D4 A3 C0 BF D0 6A B0 B0 74 99 99 3F 
{262523} normal block at 0x02DE4B60, 24 bytes long.
 Data: <l    G  `  | z ?> 6C CF A8 D0 AB 47 C1 BF 60 81 A6 7C 9B 7A 84 3F 
{262522} normal block at 0x02DE4B20, 24 bytes long.
 Data: <  FV    `  | z ?> 8B DE 46 56 C0 F5 D0 BF 60 81 A6 7C 9B 7A 84 3F 
{262521} normal block at 0x02DE4AE0, 24 bytes long.
 Data: <   ?n=    Q !{  > 0F A2 CE 3F 6E 3D D2 BF 00 EF 51 B4 21 7B 84 BF 
{262520} normal block at 0x02DE4AA0, 24 bytes long.
 Data: <   ?n=    q_ z  > 0F A2 CE 3F 6E 3D D2 BF E8 A5 71 5F EF 7A A4 BF 
{262519} normal block at 0x02DE4A60, 24 bytes long.
 Data: <  FV        ^   > 8B DE 46 56 C0 F5 D0 BF 08 C2 AF AB 5E B8 AE BF 
{262518} normal block at 0x02DE4A20, 24 bytes long.
 Data: <l    G      ^   > 6C CF A8 D0 AB 47 C1 BF 08 C2 AF AB 5E B8 AE BF 
{262517} normal block at 0x02DE49E0, 24 bytes long.
 Data: <         +o 93  > AA ED E4 DB D4 A3 C0 BF 8E 2B 6F 12 39 33 B3 BF 
{262516} normal block at 0x02DE49A0, 24 bytes long.
 Data: < 6jx   ? +o 93  > CA 36 6A 78 CC A3 C0 3F 90 2B 6F 12 39 33 B3 BF 
{262515} normal block at 0x02DE4960, 24 bytes long.
 Data: <  .m G ?    ^   > 8A 18 2E 6D A3 47 C1 3F 0C C2 AF AB 5E B8 AE BF 
{262514} normal block at 0x02DE4920, 24 bytes long.
 Data: <   $   ?    ^   > 1B 83 89 24 BC F5 D0 3F 10 C2 AF AB 5E B8 AE BF 
{262513} normal block at 0x02DE48E0, 24 bytes long.
 Data: < F  j= ?  q_ z  > 9F 46 11 0E 6A 3D D2 3F F8 A5 71 5F EF 7A A4 BF 
{262512} normal block at 0x02DE48A0, 24 bytes long.
 Data: < F  j= ?@ Q !{  > 9F 46 11 0E 6A 3D D2 3F 40 EF 51 B4 21 7B 84 BF 
{262511} normal block at 0x02DE4860, 24 bytes long.
 Data: <   $   ?@  | z ?> 1B 83 89 24 BC F5 D0 3F 40 81 A6 7C 9B 7A 84 3F 
{262510} normal block at 0x02DE4820, 24 bytes long.
 Data: <  .m G ?@  | z ?> 8A 18 2E 6D A3 47 C1 3F 40 81 A6 7C 9B 7A 84 3F 
{262509} normal block at 0x02DE47E0, 24 bytes long.
 Data: < 6jx   ? j  t  ?> CA 36 6A 78 CC A3 C0 3F D0 6A B0 B0 74 99 99 3F 
{262508} normal block at 0x02DE47A0, 24 bytes long.
 Data: <         j  t  ?> AA ED E4 DB D4 A3 C0 BF D0 6A B0 B0 74 99 99 3F 
{262507} normal block at 0x02DE4760, 24 bytes long.
 Data: <l    G  `  | z ?> 6C CF A8 D0 AB 47 C1 BF 60 81 A6 7C 9B 7A 84 3F 
{262506} normal block at 0x02DE4720, 24 bytes long.
 Data: <  FV    `  | z ?> 8B DE 46 56 C0 F5 D0 BF 60 81 A6 7C 9B 7A 84 3F 
{262505} normal block at 0x02DE46E0, 24 bytes long.
 Data: <   ?n=    Q !{  > 0F A2 CE 3F 6E 3D D2 BF 00 EF 51 B4 21 7B 84 BF 
{262504} normal block at 0x02DE46A0, 24 bytes long.
 Data: <   ?n=    q_ z  > 0F A2 CE 3F 6E 3D D2 BF E8 A5 71 5F EF 7A A4 BF 
{262503} normal block at 0x02DE4660, 24 bytes long.
 Data: <  FV        ^   > 8B DE 46 56 C0 F5 D0 BF 08 C2 AF AB 5E B8 AE BF 
{262502} normal block at 0x02DE4620, 24 bytes long.
 Data: <l    G      ^   > 6C CF A8 D0 AB 47 C1 BF 08 C2 AF AB 5E B8 AE BF 
{262501} normal block at 0x02DE45E0, 24 bytes long.
 Data: <         +o 93  > AA ED E4 DB D4 A3 C0 BF 8E 2B 6F 12 39 33 B3 BF 
{262500} normal block at 0x02DE45A0, 24 bytes long.
 Data: < 6jx   ? +o 93  > CA 36 6A 78 CC A3 C0 3F 90 2B 6F 12 39 33 B3 BF 
{262499} normal block at 0x02DE4560, 24 bytes long.
 Data: <  .m G ?    ^   > 8A 18 2E 6D A3 47 C1 3F 0C C2 AF AB 5E B8 AE BF 
{262498} normal block at 0x02DE4520, 24 bytes long.
 Data: <   $   ?    ^   > 1B 83 89 24 BC F5 D0 3F 10 C2 AF AB 5E B8 AE BF 
{262497} normal block at 0x02DE44E0, 24 bytes long.
 Data: < F  j= ?  q_ z  > 9F 46 11 0E 6A 3D D2 3F F8 A5 71 5F EF 7A A4 BF 
{262496} normal block at 0x02DE44A0, 24 bytes long.
 Data: < F  j= ?@ Q !{  > 9F 46 11 0E 6A 3D D2 3F 40 EF 51 B4 21 7B 84 BF 
{262495} normal block at 0x02DE4460, 24 bytes long.
 Data: <   $   ?@  | z ?> 1B 83 89 24 BC F5 D0 3F 40 81 A6 7C 9B 7A 84 3F 
{262494} normal block at 0x02DE4420, 24 bytes long.
 Data: <  .m G ?l 0  ( ?> 8A 18 2E 6D A3 47 C1 3F 6C 16 30 AE E9 28 BC 3F 
{262493} normal block at 0x02DE43E0, 24 bytes long.
 Data: < 6jx   ? ` j   ?> CA 36 6A 78 CC A3 C0 3F F8 60 C7 6A F3 FF BF 3F 
{262492} normal block at 0x02DE43A0, 24 bytes long.
 Data: <         ` j   ?> AA ED E4 DB D4 A3 C0 BF F8 60 C7 6A F3 FF BF 3F 
{262491} normal block at 0x02DE4360, 24 bytes long.
 Data: <l    G  p 0  ( ?> 6C CF A8 D0 AB 47 C1 BF 70 16 30 AE E9 28 BC 3F 
{262490} normal block at 0x02DE4320, 24 bytes long.
 Data: <  FV    p 0  ( ?> 8B DE 46 56 C0 F5 D0 BF 70 16 30 AE E9 28 BC 3F 
{262489} normal block at 0x02DE42E0, 24 bytes long.
 Data: <   ?n=  d   2  ?> 0F A2 CE 3F 6E 3D D2 BF 64 08 11 08 32 0A B7 3F 
{262488} normal block at 0x02DE42A0, 24 bytes long.
 Data: <   ?n=      =  ?> 0F A2 CE 3F 6E 3D D2 BF A0 E6 C4 1D 3D B8 AE 3F 
{262487} normal block at 0x02DE4260, 24 bytes long.
 Data: <  FV         z ?> 8B DE 46 56 C0 F5 D0 BF 80 CA 86 D1 CD 7A A4 3F 
{262486} normal block at 0x02DE4220, 24 bytes long.
 Data: <l    G       z ?> 6C CF A8 D0 AB 47 C1 BF 80 CA 86 D1 CD 7A A4 3F 
{262485} normal block at 0x02DE41E0, 24 bytes long.
 Data: <         j  t  ?> AA ED E4 DB D4 A3 C0 BF D0 6A B0 B0 74 99 99 3F 
{262484} normal block at 0x02DE41A0, 24 bytes long.
 Data: < 6jx   ? j  t  ?> CA 36 6A 78 CC A3 C0 3F D0 6A B0 B0 74 99 99 3F 
{262483} normal block at 0x02DE4160, 24 bytes long.
 Data: <  .m G ?x    z ?> 8A 18 2E 6D A3 47 C1 3F 78 CA 86 D1 CD 7A A4 3F 
{262482} normal block at 0x02DE4120, 24 bytes long.
 Data: <   $   ?x    z ?> 1B 83 89 24 BC F5 D0 3F 78 CA 86 D1 CD 7A A4 3F 
{262481} normal block at 0x02DE3FE0, 24 bytes long.
 Data: < F  j= ?    =  ?> 9F 46 11 0E 6A 3D D2 3F 90 E6 C4 1D 3D B8 AE 3F 
{262480} normal block at 0x02DE3FA0, 24 bytes long.
 Data: < F  j= ?\   2  ?> 9F 46 11 0E 6A 3D D2 3F 5C 08 11 08 32 0A B7 3F 
{262479} normal block at 0x02DE3F60, 24 bytes long.
 Data: <   $   ?l 0  ( ?> 1B 83 89 24 BC F5 D0 3F 6C 16 30 AE E9 28 BC 3F 
{262478} normal block at 0x02DE3F20, 24 bytes long.
 Data: <  .m G ?l 0  ( ?> 8A 18 2E 6D A3 47 C1 3F 6C 16 30 AE E9 28 BC 3F 
{262477} normal block at 0x02DE3EE0, 24 bytes long.
 Data: < 6jx   ? ` j   ?> CA 36 6A 78 CC A3 C0 3F F8 60 C7 6A F3 FF BF 3F 
{262476} normal block at 0x02DE3EA0, 24 bytes long.
 Data: <         ` j   ?> AA ED E4 DB D4 A3 C0 BF F8 60 C7 6A F3 FF BF 3F 
{262475} normal block at 0x02DE3E60, 24 bytes long.
 Data: <l    G  p 0  ( ?> 6C CF A8 D0 AB 47 C1 BF 70 16 30 AE E9 28 BC 3F 
{262474} normal block at 0x02DE3E20, 24 bytes long.
 Data: <  FV    p 0  ( ?> 8B DE 46 56 C0 F5 D0 BF 70 16 30 AE E9 28 BC 3F 
{262473} normal block at 0x02DE3DE0, 24 bytes long.
 Data: <   ?n=  d   2  ?> 0F A2 CE 3F 6E 3D D2 BF 64 08 11 08 32 0A B7 3F 
{262472} normal block at 0x02DE3DA0, 24 bytes long.
 Data: <   ?n=      =  ?> 0F A2 CE 3F 6E 3D D2 BF A0 E6 C4 1D 3D B8 AE 3F 
{262471} normal block at 0x02DE2C20, 24 bytes long.
 Data: < T0 !\ ? ?      > A9 54 30 B4 21 5C D7 3F F3 3F 06 C3 D2 A3 D0 BF 
{262405} normal block at 0x02DE2BE0, 24 bytes long.
 Data: <-      ?    I   > 2D 18 B8 9D CF A3 D8 3F DE F8 FC B2 49 B8 CE BF 
{262404} normal block at 0x02DE2BA0, 24 bytes long.
 Data: <-      ? s   G  > 2D 18 B8 9D CF A3 D8 3F FC 73 EB 9E A7 47 C1 BF 
{262403} normal block at 0x02DE2B60, 24 bytes long.
 Data: <       ?: '     > D1 EA DD 0C 92 99 D9 3F 3A 92 27 AA D0 A3 C0 BF 
{262402} normal block at 0x02DE2B20, 24 bytes long.
 Data: <       ?: '    ?> D1 EA DD 0C 92 99 D9 3F 3A 92 27 AA D0 A3 C0 3F 
{262401} normal block at 0x02DE2AE0, 24 bytes long.
 Data: </      ? s   G ?> 2F 18 B8 9D CF A3 D8 3F FC 73 EB 9E A7 47 C1 3F 
{262400} normal block at 0x02DE2AA0, 24 bytes long.
 Data: </      ?    I  ?> 2F 18 B8 9D CF A3 D8 3F DE F8 FC B2 49 B8 CE 3F 
{262399} normal block at 0x02DE2A60, 24 bytes long.
 Data: < T0 !\ ? ?     ?> AB 54 30 B4 21 5C D7 3F F3 3F 06 C3 D2 A3 D0 3F 
{262398} normal block at 0x02DE2A20, 24 bytes long.
 Data: <c       b      ?> 63 BC 84 9C F7 FF DF BF 62 BC 84 9C F7 FF CF 3F 
{262397} normal block at 0x02DE29E0, 24 bytes long.
 Data: <c              ?> 63 BC 84 9C F7 FF DF BF D2 EA DD 0C 92 99 C9 3F 
{262396} normal block at 0x02DE29A0, 24 bytes long.
 Data: <   8^f     E_f ?> FF 07 9B 38 5E 66 DE BF 0A 82 0A 45 5F 66 C6 3F 
{262395} normal block at 0x02DE2960, 24 bytes long.
 Data: <6  p+3     E_f ?> 36 9F C7 70 2B 33 DB BF 0A 82 0A 45 5F 66 C6 3F 
{262394} normal block at 0x02DE2920, 24 bytes long.
 Data: <               ?> D2 EA DD 0C 92 99 D9 BF D2 EA DD 0C 92 99 C9 3F 
{262393} normal block at 0x02DE28E0, 24 bytes long.
 Data: <        b      ?> D2 EA DD 0C 92 99 D9 BF 62 BC 84 9C F7 FF CF 3F 
{262392} normal block at 0x02DE28A0, 24 bytes long.
 Data: <6  p+3    ,2   ?> 36 9F C7 70 2B 33 DB BF 95 12 2C 32 95 99 D1 3F 
{262391} normal block at 0x02DE2860, 24 bytes long.
 Data: <   8^f    ,2   ?> FF 07 9B 38 5E 66 DE BF 95 12 2C 32 95 99 D1 3F 
{262390} normal block at 0x02DE2820, 24 bytes long.
 Data: <c       b      ?> 63 BC 84 9C F7 FF DF BF 62 BC 84 9C F7 FF CF 3F 
{262389} normal block at 0x02DE27E0, 24 bytes long.
 Data: <c              ?> 63 BC 84 9C F7 FF DF BF D2 EA DD 0C 92 99 C9 3F 
{262388} normal block at 0x02DE27A0, 24 bytes long.
 Data: <   8^f     E_f ?> FF 07 9B 38 5E 66 DE BF 0A 82 0A 45 5F 66 C6 3F 
{262387} normal block at 0x02DE2760, 24 bytes long.
 Data: <6  p+3     E_f ?> 36 9F C7 70 2B 33 DB BF 0A 82 0A 45 5F 66 C6 3F 
{262386} normal block at 0x02DE2720, 24 bytes long.
 Data: <               ?> D2 EA DD 0C 92 99 D9 BF D2 EA DD 0C 92 99 C9 3F 
{262385} normal block at 0x02DE26E0, 24 bytes long.
 Data: <        b      ?> D2 EA DD 0C 92 99 D9 BF 62 BC 84 9C F7 FF CF 3F 
{262384} normal block at 0x02DE26A0, 24 bytes long.
 Data: <6  p+3    ,2   ?> 36 9F C7 70 2B 33 DB BF 95 12 2C 32 95 99 D1 3F 
{262383} normal block at 0x02DE2660, 24 bytes long.
 Data: <   8^f    ,2   ?> FF 07 9B 38 5E 66 DE BF 95 12 2C 32 95 99 D1 3F 
The program 'D:\AP210Viewer\AP210Viewer\Debug\AP210Viewer.exe' has exited with code 0 (0x0).
